2024-01-24 20:00:26.975 [info] Log level: Info
2024-01-24 20:00:26.975 [info] Validating found git in: "git"
2024-01-24 20:00:26.975 [info] Using git "2.39.2" from "git"
2024-01-24 20:00:26.975 [info] > git rev-parse --show-toplevel [5ms]
2024-01-24 20:00:26.975 [info] fatal: not a git repository (or any of the parent directories): .git
2024-01-24 20:00:26.975 [info] > git rev-parse --show-toplevel [34ms]
2024-01-24 20:00:26.975 [info] fatal: not a git repository (or any of the parent directories): .git
2024-01-24 20:00:26.975 [info] > git rev-parse --show-toplevel [9ms]
2024-01-24 20:00:26.975 [info] fatal: not a git repository (or any of the parent directories): .git
2024-01-24 20:00:27.039 [info] > git rev-parse --show-toplevel [18ms]
2024-01-24 20:00:27.039 [info] fatal: not a git repository (or any of the parent directories): .git
2024-01-24 20:00:27.328 [info] > git rev-parse --show-toplevel [6ms]
2024-01-24 20:00:27.328 [info] fatal: not a git repository (or any of the parent directories): .git
2024-01-24 20:00:27.479 [info] > git rev-parse --show-toplevel [4ms]
2024-01-24 20:00:27.479 [info] fatal: not a git repository (or any of the parent directories): .git
2024-01-24 20:00:28.639 [info] > git rev-parse --show-toplevel [2ms]
2024-01-24 20:00:28.640 [info] fatal: not a git repository (or any of the parent directories): .git
2024-01-29 14:24:30.096 [info] > git rev-parse --show-toplevel [6ms]
2024-01-29 14:24:30.096 [info] fatal: not a git repository (or any of the parent directories): .git
2024-01-29 14:24:36.737 [info] > git rev-parse --show-toplevel [3ms]
2024-01-29 14:24:36.737 [info] fatal: not a git repository (or any of the parent directories): .git
2024-01-29 14:24:37.568 [info] > git rev-parse --show-toplevel [3ms]
2024-01-29 14:24:37.568 [info] fatal: not a git repository (or any of the parent directories): .git
2024-01-29 14:24:40.114 [info] > git rev-parse --show-toplevel [2ms]
2024-01-29 14:24:40.114 [info] fatal: not a git repository (or any of the parent directories): .git
2024-01-29 14:24:41.934 [info] > git rev-parse --show-toplevel [8ms]
2024-01-29 14:24:41.934 [info] fatal: not a git repository (or any of the parent directories): .git
2024-01-29 14:28:08.189 [info] > git rev-parse --show-toplevel [16ms]
2024-01-29 14:28:08.189 [info] fatal: not a git repository (or any of the parent directories): .git
2024-01-29 14:28:58.718 [info] > git rev-parse --show-toplevel [7ms]
2024-01-29 14:28:58.718 [info] fatal: not a git repository (or any of the parent directories): .git
2024-01-29 14:29:01.021 [info] > git rev-parse --show-toplevel [1ms]
2024-01-29 14:29:01.021 [info] fatal: not a git repository (or any of the parent directories): .git
