2024-02-21 22:51:58.486 [info] Reading sessions from keychain...
2024-02-21 22:51:58.486 [info] Getting sessions for all scopes...
2024-02-21 22:51:58.486 [info] Got stored sessions!
2024-02-21 22:51:58.486 [info] Got 1 verified sessions.
2024-02-21 22:51:58.486 [info] Got 1 sessions for ...
2024-02-21 22:51:58.486 [info] Getting sessions for all scopes...
2024-02-21 22:51:58.486 [info] Got 1 sessions for ...
2024-02-21 22:51:58.486 [info] Getting sessions for read:user,repo,user:email,workflow...
2024-02-21 22:51:58.486 [info] Got 1 sessions for read:user,repo,user:email,workflow...
2024-02-21 22:52:01.742 [info] Reading sessions from keychain...
2024-02-21 22:52:01.742 [info] Getting sessions for all scopes...
2024-02-21 22:52:01.742 [info] Got stored sessions!
2024-02-21 22:52:01.742 [info] Got 1 verified sessions.
2024-02-21 22:52:01.742 [info] Got 1 sessions for ...
2024-02-21 22:52:01.742 [info] Getting sessions for read:user,repo,user:email,workflow...
2024-02-21 22:52:01.742 [info] Got 1 sessions for read:user,repo,user:email,workflow...
2024-02-21 22:52:02.947 [info] Getting sessions for all scopes...
2024-02-21 22:52:02.949 [info] Got 1 sessions for ...
2024-02-21 22:52:02.953 [info] Getting sessions for all scopes...
2024-02-21 22:52:02.953 [info] Got 1 sessions for ...
