2024-02-21 22:54:57.759 [info] Reading sessions from keychain...
2024-02-21 22:54:57.759 [info] Getting sessions for all scopes...
2024-02-21 22:54:57.759 [info] Got stored sessions!
2024-02-21 22:54:57.759 [info] Got 1 verified sessions.
2024-02-21 22:54:57.759 [info] Got 1 sessions for ...
2024-02-21 22:54:57.759 [info] Getting sessions for all scopes...
2024-02-21 22:54:57.759 [info] Got 1 sessions for ...
2024-02-21 22:54:57.759 [info] Getting sessions for read:user,repo,user:email,workflow...
2024-02-21 22:54:57.759 [info] Got 1 sessions for read:user,repo,user:email,workflow...
2024-02-21 22:55:12.454 [info] Reading sessions from keychain...
2024-02-21 22:55:12.454 [info] Getting sessions for all scopes...
2024-02-21 22:55:12.454 [info] Getting sessions for all scopes...
2024-02-21 22:55:12.454 [info] Getting sessions for read:user,repo,user:email,workflow...
2024-02-21 22:55:12.454 [info] Got stored sessions!
2024-02-21 22:55:12.454 [info] Got 1 verified sessions.
2024-02-21 22:55:12.454 [info] Got 1 sessions for ...
2024-02-21 22:55:12.454 [info] Got 1 sessions for ...
2024-02-21 22:55:12.454 [info] Got 1 sessions for read:user,repo,user:email,workflow...
2024-02-21 22:55:13.002 [info] Getting sessions for read:user,repo,user:email,workflow...
2024-02-21 22:55:13.002 [info] Got 1 sessions for read:user,repo,user:email,workflow...
2024-02-21 22:55:13.454 [info] Getting sessions for read:user,repo,user:email,workflow...
2024-02-21 22:55:13.454 [info] Got 1 sessions for read:user,repo,user:email,workflow...
