2024-01-24 11:00:17.492 [info] Started initializing default profile extensions in extensions installation folder. file:///home/simgabrob/.vscode/extensions
2024-01-24 11:00:17.647 [error] [uncaught exception in sharedProcess]: Error: ENOENT: no such file or directory, stat '/home/simgabrob/.vscode/extensions/extensions.json.vsctmp': EntryNotFound (FileSystemError): Error: ENOENT: no such file or directory, stat '/home/simgabrob/.vscode/extensions/extensions.json.vsctmp'
    at r.create (/usr/share/code/resources/app/out/vs/code/node/sharedProcess/sharedProcessMain.js:51:30056)
    at a (/usr/share/code/resources/app/out/vs/code/node/sharedProcess/sharedProcessMain.js:51:30170)
    at s.fb (/usr/share/code/resources/app/out/vs/code/node/sharedProcess/sharedProcessMain.js:56:36175)
    at s.stat (/usr/share/code/resources/app/out/vs/code/node/sharedProcess/sharedProcessMain.js:56:28621)
    at async E.stat (/usr/share/code/resources/app/out/vs/code/node/sharedProcess/sharedProcessMain.js:56:15732)
    at async Y.tb (/usr/share/code/resources/app/out/vs/code/node/sharedProcess/sharedProcessMain.js:100:111319)
2024-01-24 11:00:17.715 [warning] Failed to create default profile extensions manifest in extensions installation folder. file:///home/simgabrob/.vscode/extensions Unable to create file 'vscode-userdata:/home/simgabrob/.vscode/extensions/extensions.json' that already exists when overwrite flag is not set
2024-01-24 11:00:17.715 [info] Completed initializing default profile extensions in extensions installation folder. file:///home/simgabrob/.vscode/extensions
2024-01-24 11:12:28.357 [info] Getting Manifest... yandeu.five-server
2024-01-24 11:12:28.372 [info] Installing extension: yandeu.five-server
2024-01-24 11:12:42.904 [info] Extension signature is verified: yandeu.five-server
2024-01-24 11:12:43.268 [info] Extracted extension to file:///home/simgabrob/.vscode/extensions/yandeu.five-server-0.3.1: yandeu.five-server
2024-01-24 11:12:43.280 [info] Renamed to /home/simgabrob/.vscode/extensions/yandeu.five-server-0.3.1
2024-01-24 11:12:43.283 [info] Extracting extension completed. yandeu.five-server
2024-01-24 11:12:43.301 [info] Extension installed successfully: yandeu.five-server
2024-01-24 11:12:43.384 [error] [uncaught exception in sharedProcess]: Error: ENOENT: no such file or directory, stat '/home/simgabrob/.vscode/extensions/extensions.json.vsctmp': EntryNotFound (FileSystemError): Error: ENOENT: no such file or directory, stat '/home/simgabrob/.vscode/extensions/extensions.json.vsctmp'
    at r.create (/usr/share/code/resources/app/out/vs/code/node/sharedProcess/sharedProcessMain.js:51:30056)
    at a (/usr/share/code/resources/app/out/vs/code/node/sharedProcess/sharedProcessMain.js:51:30170)
    at s.fb (/usr/share/code/resources/app/out/vs/code/node/sharedProcess/sharedProcessMain.js:56:36175)
    at s.stat (/usr/share/code/resources/app/out/vs/code/node/sharedProcess/sharedProcessMain.js:56:28621)
    at async E.stat (/usr/share/code/resources/app/out/vs/code/node/sharedProcess/sharedProcessMain.js:56:15732)
    at async Y.tb (/usr/share/code/resources/app/out/vs/code/node/sharedProcess/sharedProcessMain.js:100:111319)
