2024-02-25 14:11:41.960 [info] Reading sessions from keychain...
2024-02-25 14:11:41.960 [info] Getting sessions for all scopes...
2024-02-25 14:11:41.960 [info] Got stored sessions!
2024-02-25 14:11:41.960 [info] Got 1 verified sessions.
2024-02-25 14:11:41.960 [info] Got 1 sessions for ...
2024-02-25 14:11:41.960 [info] Getting sessions for read:user,repo,user:email,workflow...
2024-02-25 14:11:41.960 [info] Got 1 sessions for read:user,repo,user:email,workflow...
2024-02-25 14:11:41.960 [info] Getting sessions for all scopes...
2024-02-25 14:11:41.960 [info] Got 1 sessions for ...
2024-02-25 14:11:41.960 [info] Getting sessions for all scopes...
2024-02-25 14:11:41.960 [info] Got 1 sessions for ...
2024-02-25 14:11:42.406 [info] Getting sessions for read:user,repo,user:email,workflow...
2024-02-25 14:11:42.406 [info] Got 1 sessions for read:user,repo,user:email,workflow...
2024-02-25 14:11:42.518 [info] Getting sessions for read:user,repo,user:email,workflow...
2024-02-25 14:11:42.519 [info] Got 1 sessions for read:user,repo,user:email,workflow...
2024-02-25 15:50:21.589 [info] Reading sessions from keychain...
2024-02-25 15:50:21.590 [info] Getting sessions for all scopes...
2024-02-25 15:50:21.641 [info] Getting sessions for read:user,repo,user:email,workflow...
2024-02-25 15:50:21.757 [info] Got stored sessions!
2024-02-25 15:50:21.757 [info] Got 1 verified sessions.
2024-02-25 15:50:21.757 [info] Got 1 sessions for ...
2024-02-25 15:50:21.757 [info] Got 1 sessions for read:user,repo,user:email,workflow...
2024-02-25 15:50:21.983 [info] Getting sessions for all scopes...
2024-02-25 15:50:21.983 [info] Got 1 sessions for ...
2024-02-25 15:50:22.185 [info] Getting sessions for read:user,repo,user:email,workflow...
2024-02-25 15:50:22.185 [info] Got 1 sessions for read:user,repo,user:email,workflow...
2024-02-25 15:50:22.485 [info] Getting sessions for read:user,repo,user:email,workflow...
2024-02-25 15:50:22.485 [info] Got 1 sessions for read:user,repo,user:email,workflow...
2024-02-25 17:08:03.087 [info] Getting sessions for read:user,repo,user:email,workflow...
2024-02-25 17:08:03.087 [info] Got 1 sessions for read:user,repo,user:email,workflow...
2024-02-25 17:10:59.279 [info] Getting sessions for read:user,repo,user:email,workflow...
2024-02-25 17:10:59.279 [info] Got 1 sessions for read:user,repo,user:email,workflow...
