2024-01-24 11:00:15.854 [warning] Via 'product.json#extensionEnabledApiProposals' extension 'ms-python.python' wants API proposal 'registerIssueDataProvider' but that proposal DOES NOT EXIST. Likely, the proposal has been finalized (check 'vscode.d.ts') or was abandoned.
2024-01-24 11:00:16.385 [info] Started local extension host with pid 1823.
2024-01-24 11:00:16.709 [info] Started initializing default profile extensions in extensions installation folder. file:///home/simgabrob/.vscode/extensions
2024-01-24 11:00:17.542 [info] Completed initializing default profile extensions in extensions installation folder. file:///home/simgabrob/.vscode/extensions
2024-01-24 11:00:20.677 [info] [perf] Render performance baseline is 122ms
2024-01-24 11:08:11.175 [warning] Via 'product.json#extensionEnabledApiProposals' extension 'ms-python.python' wants API proposal 'registerIssueDataProvider' but that proposal DOES NOT EXIST. Likely, the proposal has been finalized (check 'vscode.d.ts') or was abandoned.
2024-01-24 11:08:11.559 [info] Started local extension host with pid 2026.
2024-01-24 11:08:14.350 [info] [perf] Render performance baseline is 46ms
2024-01-24 12:59:47.209 [info] Started local extension host with pid 3585.
2024-01-24 13:06:35.974 [error] Error: The editor could not be opened because the file was not found.
    at M.fc (vscode-file://vscode-app/usr/share/code/resources/app/out/vs/workbench/workbench.desktop.main.js:2148:25082)
    at async M.setInput (vscode-file://vscode-app/usr/share/code/resources/app/out/vs/workbench/workbench.desktop.main.js:2148:24168)
    at async b.S (vscode-file://vscode-app/usr/share/code/resources/app/out/vs/workbench/workbench.desktop.main.js:2146:23046)
    at async b.L (vscode-file://vscode-app/usr/share/code/resources/app/out/vs/workbench/workbench.desktop.main.js:2146:21637)
    at async b.openEditor (vscode-file://vscode-app/usr/share/code/resources/app/out/vs/workbench/workbench.desktop.main.js:2146:20603)
    at async vscode-file://vscode-app/usr/share/code/resources/app/out/vs/workbench/workbench.desktop.main.js:2275:23005
    at async v.M (vscode-file://vscode-app/usr/share/code/resources/app/out/vs/workbench/workbench.desktop.main.js:1184:80268)
    at async v.openCodeEditor (vscode-file://vscode-app/usr/share/code/resources/app/out/vs/workbench/workbench.desktop.main.js:720:4538)
    at async o.open (vscode-file://vscode-app/usr/share/code/resources/app/out/vs/workbench/workbench.desktop.main.js:645:43427)
    at async f.open (vscode-file://vscode-app/usr/share/code/resources/app/out/vs/workbench/workbench.desktop.main.js:645:44557)
    at async i (vscode-file://vscode-app/usr/share/code/resources/app/out/vs/workbench/workbench.desktop.main.js:664:3866)
