2024-01-24 11:00:16.209 [info] Added views:workbench.panel.markers.view in workbench.panel.markers
2024-01-24 11:00:16.209 [info] Added views:workbench.panel.output in workbench.panel.output
2024-01-24 11:00:16.209 [info] Added views:terminal in terminal
2024-01-24 11:00:16.209 [info] Added views:outline in workbench.view.explorer
2024-01-24 11:00:16.209 [info] Added views:workbench.scm in workbench.view.scm
2024-01-24 11:00:16.209 [info] Added views:workbench.view.search in workbench.view.search
2024-01-24 11:00:16.209 [info] Added views:timeline in workbench.view.explorer
2024-01-24 11:00:16.209 [info] Added views:workbench.explorer.emptyView in workbench.view.explorer
2024-01-24 11:00:17.326 [info] Added views:workbench.debug.variablesView,workbench.debug.watchExpressionsView,workbench.debug.callStackView,workbench.debug.breakPointsView in workbench.view.debug
2024-01-24 11:00:18.339 [info] Added views:~remote.forwardedPorts in ~remote.forwardedPortsContainer
2024-01-24 11:00:18.631 [info] Added views:workbench.panel.repl.view in workbench.panel.repl
2024-01-24 11:00:18.634 [info] Removed views:workbench.debug.breakPointsView,workbench.debug.callStackView,workbench.debug.watchExpressionsView,workbench.debug.variablesView from workbench.view.debug
2024-01-24 11:00:18.634 [info] Added views:workbench.debug.welcome in workbench.view.debug
2024-01-24 11:08:11.399 [info] Added views:workbench.panel.markers.view in workbench.panel.markers
2024-01-24 11:08:11.399 [info] Added views:workbench.panel.output in workbench.panel.output
2024-01-24 11:08:11.399 [info] Added views:terminal in terminal
2024-01-24 11:08:11.399 [info] Added views:outline in workbench.view.explorer
2024-01-24 11:08:11.399 [info] Added views:workbench.scm in workbench.view.scm
2024-01-24 11:08:11.399 [info] Added views:workbench.view.search in workbench.view.search
2024-01-24 11:08:11.399 [info] Added views:timeline in workbench.view.explorer
2024-01-24 11:08:11.399 [info] Added views:workbench.explorer.fileView in workbench.view.explorer
2024-01-24 11:08:12.125 [info] Added views:workbench.debug.variablesView,workbench.debug.watchExpressionsView,workbench.debug.callStackView,workbench.debug.breakPointsView in workbench.view.debug
2024-01-24 11:08:12.247 [info] Added views:~remote.forwardedPorts in ~remote.forwardedPortsContainer
2024-01-24 11:08:12.808 [info] Added views:workbench.panel.repl.view in workbench.panel.repl
2024-01-24 11:08:12.813 [info] Removed views:workbench.debug.breakPointsView,workbench.debug.callStackView,workbench.debug.watchExpressionsView,workbench.debug.variablesView from workbench.view.debug
2024-01-24 11:08:12.815 [info] Added views:workbench.debug.welcome in workbench.view.debug
2024-01-24 11:11:56.855 [info] Added views:workbench.views.extensions.installed,workbench.views.extensions.popular,extensions.recommendedList in workbench.view.extensions
2024-01-24 11:11:56.866 [info] Removed views:workbench.views.extensions.popular from workbench.view.extensions
2024-01-24 11:11:57.368 [info] Added views:workbench.views.extensions.popular in workbench.view.extensions
2024-01-24 11:11:59.605 [info] Removed views:extensions.recommendedList,workbench.views.extensions.popular,workbench.views.extensions.installed from workbench.view.extensions
2024-01-24 11:11:59.643 [info] Added views:workbench.views.extensions.marketplace in workbench.view.extensions
2024-01-24 12:59:47.657 [info] Removed views:workbench.panel.repl.view from workbench.panel.repl
2024-01-24 12:59:47.819 [info] Added views:workbench.panel.repl.view in workbench.panel.repl
2024-01-24 13:11:59.907 [info] Added views:workbench.debug.breakPointsView in workbench.view.debug
