2024-02-25 14:11:37.536 [info] Log level: Info
2024-02-25 14:11:37.537 [info] Validating found git in: "git"
2024-02-25 14:11:37.537 [info] Using git "2.39.2" from "git"
2024-02-25 14:11:37.537 [info] > git rev-parse --show-toplevel [14ms]
2024-02-25 14:11:37.578 [info] > git rev-parse --git-dir --git-common-dir [14ms]
2024-02-25 14:11:37.628 [info] Open repository: /home/simgabrob
2024-02-25 14:11:37.736 [info] > git rev-parse --show-toplevel [38ms]
2024-02-25 14:11:37.768 [info] > git config --get commit.template [96ms]
2024-02-25 14:11:37.852 [info] > git rev-parse --git-dir --git-common-dir [18ms]
2024-02-25 14:11:37.878 [info] Open repository: /home/simgabrob/Hackathon/hackathonOne
2024-02-25 14:11:37.915 [info] > git for-each-ref --format=%(refname)%00%(upstream:short)%00%(objectname)%00%(upstream:track)%00%(upstream:remotename)%00%(upstream:remoteref) refs/heads/simon refs/remotes/simon [96ms]
2024-02-25 14:11:37.940 [info] > git config --get commit.template [25ms]
2024-02-25 14:11:38.162 [info] > git for-each-ref --format=%(refname)%00%(upstream:short)%00%(objectname)%00%(upstream:track)%00%(upstream:remotename)%00%(upstream:remoteref) refs/heads/main refs/remotes/main [42ms]
2024-02-25 14:11:38.293 [warning] ENOENT: no such file or directory, open '/home/simgabrob/Hackathon/hackathonOne/.git/refs/remotes/origin/main'
2024-02-25 14:11:38.305 [info] > git rev-parse refs/remotes/origin/main [12ms]
2024-02-25 14:11:39.448 [info] > git status -z -uall [1310ms]
2024-02-25 14:11:39.448 [info] > git status -z -uall [1100ms]
2024-02-25 14:11:39.451 [info] > git check-ignore -v -z --stdin [59ms]
2024-02-25 14:11:40.555 [info] > git config --get commit.template [111ms]
2024-02-25 14:11:40.556 [info] > git config --get commit.template [121ms]
2024-02-25 14:11:40.605 [info] > git for-each-ref --format=%(refname)%00%(upstream:short)%00%(objectname)%00%(upstream:track)%00%(upstream:remotename)%00%(upstream:remoteref) refs/heads/simon refs/remotes/simon [30ms]
2024-02-25 14:11:40.622 [info] > git for-each-ref --format=%(refname)%00%(upstream:short)%00%(objectname)%00%(upstream:track)%00%(upstream:remotename)%00%(upstream:remoteref) refs/heads/main refs/remotes/main [25ms]
2024-02-25 14:11:40.641 [warning] ENOENT: no such file or directory, open '/home/simgabrob/Hackathon/hackathonOne/.git/refs/remotes/origin/main'
2024-02-25 14:11:40.646 [info] > git rev-parse refs/remotes/origin/main [5ms]
2024-02-25 14:11:40.674 [info] > git status -z -uall [3ms]
2024-02-25 14:11:41.080 [info] > git status -z -uall [459ms]
2024-02-25 14:11:42.118 [info] > git show --textconv :script.js [25ms]
2024-02-25 14:11:42.141 [info] > git ls-files --stage -- /home/simgabrob/Hackathon/hackathonOne/script.js [36ms]
2024-02-25 14:11:43.907 [info] > git config --get commit.template [18ms]
2024-02-25 14:11:43.909 [info] > git for-each-ref --format=%(refname)%00%(upstream:short)%00%(objectname)%00%(upstream:track)%00%(upstream:remotename)%00%(upstream:remoteref) refs/heads/simon refs/remotes/simon [4ms]
2024-02-25 14:11:44.002 [info] > git status -z -uall [85ms]
2024-02-25 14:11:49.109 [info] > git config --get commit.template [3ms]
2024-02-25 14:11:49.139 [info] > git for-each-ref --format=%(refname)%00%(upstream:short)%00%(objectname)%00%(upstream:track)%00%(upstream:remotename)%00%(upstream:remoteref) refs/heads/simon refs/remotes/simon [4ms]
2024-02-25 14:11:49.242 [info] > git status -z -uall [90ms]
2024-02-25 14:12:01.073 [info] > git config --get commit.template [15ms]
2024-02-25 14:12:01.074 [info] > git for-each-ref --format=%(refname)%00%(upstream:short)%00%(objectname)%00%(upstream:track)%00%(upstream:remotename)%00%(upstream:remoteref) refs/heads/simon refs/remotes/simon [3ms]
2024-02-25 14:12:01.240 [info] > git status -z -uall [153ms]
2024-02-25 14:12:03.394 [info] > git show --textconv :index.html [1ms]
2024-02-25 14:12:03.488 [info] > git ls-files --stage -- /home/simgabrob/Hackathon/hackathonOne/index.html [13ms]
2024-02-25 14:12:03.509 [info] > git cat-file -s d01f779ffe857c350a556704ae244cec10844ce0 [10ms]
2024-02-25 14:12:06.359 [info] > git config --get commit.template [38ms]
2024-02-25 14:12:06.365 [info] > git for-each-ref --format=%(refname)%00%(upstream:short)%00%(objectname)%00%(upstream:track)%00%(upstream:remotename)%00%(upstream:remoteref) refs/heads/simon refs/remotes/simon [13ms]
2024-02-25 14:12:06.548 [info] > git status -z -uall [157ms]
2024-02-25 14:12:14.341 [info] > git config --get commit.template [19ms]
2024-02-25 14:12:14.342 [info] > git for-each-ref --format=%(refname)%00%(upstream:short)%00%(objectname)%00%(upstream:track)%00%(upstream:remotename)%00%(upstream:remoteref) refs/heads/simon refs/remotes/simon [2ms]
2024-02-25 14:12:14.504 [info] > git status -z -uall [139ms]
2024-02-25 14:12:16.075 [info] > git show --textconv :style.css [47ms]
2024-02-25 14:12:16.082 [info] > git ls-files --stage -- /home/simgabrob/Hackathon/hackathonOne/style.css [8ms]
2024-02-25 15:49:59.106 [info] > git config --get commit.template [15ms]
2024-02-25 15:49:59.113 [info] > git for-each-ref --format=%(refname)%00%(upstream:short)%00%(objectname)%00%(upstream:track)%00%(upstream:remotename)%00%(upstream:remoteref) refs/heads/simon refs/remotes/simon [8ms]
2024-02-25 15:49:59.369 [info] > git status -z -uall [236ms]
2024-02-25 15:50:04.480 [info] > git config --get commit.template [16ms]
2024-02-25 15:50:04.529 [info] > git for-each-ref --format=%(refname)%00%(upstream:short)%00%(objectname)%00%(upstream:track)%00%(upstream:remotename)%00%(upstream:remoteref) refs/heads/simon refs/remotes/simon [1ms]
2024-02-25 15:50:04.758 [info] > git status -z -uall [210ms]
2024-02-25 15:50:07.419 [info] > git log --format=%H%n%aN%n%aE%n%at%n%ct%n%P%n%D%n%B -z -n120 -- /home/simgabrob/Hackathon/hackathonOne/style.css [7ms]
2024-02-25 15:50:07.972 [info] > git check-ignore -v -z --stdin [4ms]
2024-02-25 15:50:09.932 [info] > git config --get commit.template [34ms]
2024-02-25 15:50:09.937 [info] > git for-each-ref --format=%(refname)%00%(upstream:short)%00%(objectname)%00%(upstream:track)%00%(upstream:remotename)%00%(upstream:remoteref) refs/heads/simon refs/remotes/simon [7ms]
2024-02-25 15:50:10.085 [info] > git status -z -uall [123ms]
2024-02-25 15:50:16.861 [info] > git config --get commit.template [10ms]
2024-02-25 15:50:16.862 [info] > git for-each-ref --format=%(refname)%00%(upstream:short)%00%(objectname)%00%(upstream:track)%00%(upstream:remotename)%00%(upstream:remoteref) refs/heads/simon refs/remotes/simon [2ms]
2024-02-25 15:50:20.399 [info] Log level: Info
2024-02-25 15:50:20.399 [info] Validating found git in: "git"
2024-02-25 15:50:20.399 [info] Using git "2.39.2" from "git"
2024-02-25 15:50:20.410 [info] > git rev-parse --show-toplevel [24ms]
2024-02-25 15:50:20.621 [info] > git rev-parse --git-dir --git-common-dir [195ms]
2024-02-25 15:50:20.653 [info] Open repository: /home/simgabrob/Bootcamp
2024-02-25 15:50:20.722 [info] > git rev-parse --show-toplevel [11ms]
2024-02-25 15:50:20.723 [info] > git config --get commit.template [20ms]
2024-02-25 15:50:20.765 [info] > git rev-parse --show-toplevel [25ms]
2024-02-25 15:50:20.776 [info] > git for-each-ref --format=%(refname)%00%(upstream:short)%00%(objectname)%00%(upstream:track)%00%(upstream:remotename)%00%(upstream:remoteref) refs/heads/main refs/remotes/main [14ms]
2024-02-25 15:50:20.779 [info] > git rev-parse --show-toplevel [4ms]
2024-02-25 15:50:21.065 [info] > git rev-parse --show-toplevel [273ms]
2024-02-25 15:50:21.158 [info] > git status -z -uall [20ms]
2024-02-25 15:50:21.158 [info] > git rev-parse --show-toplevel [5ms]
2024-02-25 15:50:21.202 [info] > git rev-parse --show-toplevel [18ms]
2024-02-25 15:50:21.225 [info] > git rev-parse --show-toplevel [12ms]
2024-02-25 15:50:21.226 [info] > git config --get commit.template [24ms]
2024-02-25 15:50:21.244 [info] > git rev-parse --show-toplevel [3ms]
2024-02-25 15:50:21.245 [info] > git for-each-ref --format=%(refname)%00%(upstream:short)%00%(objectname)%00%(upstream:track)%00%(upstream:remotename)%00%(upstream:remoteref) refs/heads/main refs/remotes/main [21ms]
2024-02-25 15:50:21.335 [info] > git check-ignore -v -z --stdin [25ms]
2024-02-25 15:50:21.336 [info] > git rev-parse --show-toplevel [80ms]
2024-02-25 15:50:21.404 [info] > git status -z -uall [50ms]
2024-02-25 15:50:21.405 [info] > git rev-parse --show-toplevel [4ms]
2024-02-25 15:50:21.435 [info] > git show --textconv :Week 4/Hackathon/index.html [18ms]
2024-02-25 15:50:21.435 [info] > git ls-files --stage -- /home/simgabrob/Bootcamp/Week 4/Hackathon/index.html [7ms]
2024-02-25 15:50:21.459 [info] > git cat-file -s e65b81d2c25d16a07a77db16de54ee735319239e [13ms]
2024-02-25 15:50:37.754 [info] > git show --textconv :index.html [12ms]
2024-02-25 15:50:37.756 [info] > git ls-files --stage -- /home/simgabrob/Bootcamp/index.html [3ms]
2024-02-25 15:50:38.011 [info] > git check-ignore -v -z --stdin [7ms]
2024-02-25 15:50:38.526 [info] > git config --get commit.template [22ms]
2024-02-25 15:50:38.529 [info] > git for-each-ref --format=%(refname)%00%(upstream:short)%00%(objectname)%00%(upstream:track)%00%(upstream:remotename)%00%(upstream:remoteref) refs/heads/main refs/remotes/main [5ms]
2024-02-25 15:50:38.557 [info] > git status -z -uall [8ms]
2024-02-25 15:50:41.449 [info] > git show --textconv :Week 4/Hackathon/index.html [10ms]
2024-02-25 15:50:41.451 [info] > git ls-files --stage -- /home/simgabrob/Bootcamp/Week 4/Hackathon/index.html [2ms]
2024-02-25 15:50:41.458 [info] > git cat-file -s e65b81d2c25d16a07a77db16de54ee735319239e [1ms]
2024-02-25 15:50:42.937 [info] > git check-ignore -v -z --stdin [9ms]
2024-02-25 15:50:43.597 [info] > git config --get commit.template [14ms]
2024-02-25 15:50:43.599 [info] > git for-each-ref --format=%(refname)%00%(upstream:short)%00%(objectname)%00%(upstream:track)%00%(upstream:remotename)%00%(upstream:remoteref) refs/heads/main refs/remotes/main [3ms]
2024-02-25 15:50:43.619 [info] > git status -z -uall [5ms]
2024-02-25 15:50:50.223 [info] > git check-ignore -v -z --stdin [5ms]
2024-02-25 15:50:50.781 [info] > git config --get commit.template [10ms]
2024-02-25 15:50:50.783 [info] > git for-each-ref --format=%(refname)%00%(upstream:short)%00%(objectname)%00%(upstream:track)%00%(upstream:remotename)%00%(upstream:remoteref) refs/heads/main refs/remotes/main [2ms]
2024-02-25 15:50:50.795 [info] > git status -z -uall [3ms]
2024-02-25 15:50:51.844 [info] > git check-ignore -v -z --stdin [2ms]
2024-02-25 15:50:55.857 [info] > git config --get commit.template [7ms]
2024-02-25 15:50:55.915 [info] > git for-each-ref --format=%(refname)%00%(upstream:short)%00%(objectname)%00%(upstream:track)%00%(upstream:remotename)%00%(upstream:remoteref) refs/heads/main refs/remotes/main [22ms]
2024-02-25 15:50:55.926 [info] > git check-ignore -v -z --stdin [13ms]
2024-02-25 15:50:55.931 [info] > git status -z -uall [6ms]
2024-02-25 15:51:01.002 [info] > git config --get commit.template [15ms]
2024-02-25 15:51:01.003 [info] > git for-each-ref --format=%(refname)%00%(upstream:short)%00%(objectname)%00%(upstream:track)%00%(upstream:remotename)%00%(upstream:remoteref) refs/heads/main refs/remotes/main [2ms]
2024-02-25 15:51:01.015 [info] > git status -z -uall [3ms]
2024-02-25 15:51:12.857 [info] > git show --textconv :Week 5/index.html [8ms]
2024-02-25 15:51:12.859 [info] > git ls-files --stage -- /home/simgabrob/Bootcamp/Week 5/index.html [2ms]
2024-02-25 15:51:13.131 [info] > git check-ignore -v -z --stdin [4ms]
2024-02-25 15:51:13.701 [info] > git config --get commit.template [20ms]
2024-02-25 15:51:13.705 [info] > git for-each-ref --format=%(refname)%00%(upstream:short)%00%(objectname)%00%(upstream:track)%00%(upstream:remotename)%00%(upstream:remoteref) refs/heads/main refs/remotes/main [6ms]
2024-02-25 15:51:13.726 [info] > git status -z -uall [3ms]
2024-02-25 15:51:33.189 [info] > git config --get commit.template [41ms]
2024-02-25 15:51:33.194 [info] > git for-each-ref --format=%(refname)%00%(upstream:short)%00%(objectname)%00%(upstream:track)%00%(upstream:remotename)%00%(upstream:remoteref) refs/heads/main refs/remotes/main [12ms]
2024-02-25 15:51:33.231 [info] > git status -z -uall [5ms]
2024-02-25 15:51:39.734 [info] > git config --get commit.template [17ms]
2024-02-25 15:51:39.735 [info] > git for-each-ref --format=%(refname)%00%(upstream:short)%00%(objectname)%00%(upstream:track)%00%(upstream:remotename)%00%(upstream:remoteref) refs/heads/main refs/remotes/main [5ms]
2024-02-25 15:51:39.756 [info] > git status -z -uall [6ms]
2024-02-25 15:52:16.061 [info] > git config --get commit.template [20ms]
2024-02-25 15:52:16.068 [info] > git for-each-ref --format=%(refname)%00%(upstream:short)%00%(objectname)%00%(upstream:track)%00%(upstream:remotename)%00%(upstream:remoteref) refs/heads/main refs/remotes/main [8ms]
2024-02-25 15:52:16.082 [info] > git status -z -uall [4ms]
2024-02-25 15:52:21.128 [info] > git config --get commit.template [6ms]
2024-02-25 15:52:21.162 [info] > git for-each-ref --format=%(refname)%00%(upstream:short)%00%(objectname)%00%(upstream:track)%00%(upstream:remotename)%00%(upstream:remoteref) refs/heads/main refs/remotes/main [7ms]
2024-02-25 15:52:21.201 [info] > git status -z -uall [11ms]
2024-02-25 15:52:26.240 [info] > git config --get commit.template [10ms]
2024-02-25 15:52:26.242 [info] > git for-each-ref --format=%(refname)%00%(upstream:short)%00%(objectname)%00%(upstream:track)%00%(upstream:remotename)%00%(upstream:remoteref) refs/heads/main refs/remotes/main [3ms]
2024-02-25 15:52:26.255 [info] > git status -z -uall [3ms]
2024-02-25 15:52:31.325 [info] > git config --get commit.template [33ms]
2024-02-25 15:52:31.332 [info] > git for-each-ref --format=%(refname)%00%(upstream:short)%00%(objectname)%00%(upstream:track)%00%(upstream:remotename)%00%(upstream:remoteref) refs/heads/main refs/remotes/main [9ms]
2024-02-25 15:52:31.370 [info] > git status -z -uall [13ms]
2024-02-25 15:52:36.415 [info] > git config --get commit.template [13ms]
2024-02-25 15:52:36.418 [info] > git for-each-ref --format=%(refname)%00%(upstream:short)%00%(objectname)%00%(upstream:track)%00%(upstream:remotename)%00%(upstream:remoteref) refs/heads/main refs/remotes/main [4ms]
2024-02-25 15:52:36.441 [info] > git status -z -uall [7ms]
2024-02-25 15:52:41.461 [info] > git config --get commit.template [2ms]
2024-02-25 15:52:41.470 [info] > git for-each-ref --format=%(refname)%00%(upstream:short)%00%(objectname)%00%(upstream:track)%00%(upstream:remotename)%00%(upstream:remoteref) refs/heads/main refs/remotes/main [1ms]
2024-02-25 15:52:41.478 [info] > git status -z -uall [3ms]
2024-02-25 15:52:46.567 [info] > git config --get commit.template [45ms]
2024-02-25 15:52:46.571 [info] > git for-each-ref --format=%(refname)%00%(upstream:short)%00%(objectname)%00%(upstream:track)%00%(upstream:remotename)%00%(upstream:remoteref) refs/heads/main refs/remotes/main [6ms]
2024-02-25 15:52:46.587 [info] > git status -z -uall [5ms]
2024-02-25 15:52:51.644 [info] > git config --get commit.template [25ms]
2024-02-25 15:52:51.648 [info] > git for-each-ref --format=%(refname)%00%(upstream:short)%00%(objectname)%00%(upstream:track)%00%(upstream:remotename)%00%(upstream:remoteref) refs/heads/main refs/remotes/main [7ms]
2024-02-25 15:52:51.684 [info] > git status -z -uall [11ms]
2024-02-25 15:52:56.751 [info] > git config --get commit.template [11ms]
2024-02-25 15:52:56.772 [info] > git for-each-ref --format=%(refname)%00%(upstream:short)%00%(objectname)%00%(upstream:track)%00%(upstream:remotename)%00%(upstream:remoteref) refs/heads/main refs/remotes/main [4ms]
2024-02-25 15:52:56.784 [info] > git status -z -uall [4ms]
2024-02-25 15:53:01.802 [info] > git config --get commit.template [7ms]
2024-02-25 15:53:01.802 [info] > git for-each-ref --format=%(refname)%00%(upstream:short)%00%(objectname)%00%(upstream:track)%00%(upstream:remotename)%00%(upstream:remoteref) refs/heads/main refs/remotes/main [1ms]
2024-02-25 15:53:01.811 [info] > git status -z -uall [3ms]
2024-02-25 15:53:06.850 [info] > git config --get commit.template [6ms]
2024-02-25 15:53:06.869 [info] > git for-each-ref --format=%(refname)%00%(upstream:short)%00%(objectname)%00%(upstream:track)%00%(upstream:remotename)%00%(upstream:remoteref) refs/heads/main refs/remotes/main [4ms]
2024-02-25 15:53:06.882 [info] > git status -z -uall [2ms]
2024-02-25 15:53:11.930 [info] > git config --get commit.template [24ms]
2024-02-25 15:53:11.933 [info] > git for-each-ref --format=%(refname)%00%(upstream:short)%00%(objectname)%00%(upstream:track)%00%(upstream:remotename)%00%(upstream:remoteref) refs/heads/main refs/remotes/main [6ms]
2024-02-25 15:53:11.964 [info] > git status -z -uall [12ms]
2024-02-25 15:53:17.037 [info] > git config --get commit.template [17ms]
2024-02-25 15:53:17.038 [info] > git for-each-ref --format=%(refname)%00%(upstream:short)%00%(objectname)%00%(upstream:track)%00%(upstream:remotename)%00%(upstream:remoteref) refs/heads/main refs/remotes/main [3ms]
2024-02-25 15:53:17.065 [info] > git status -z -uall [6ms]
2024-02-25 15:54:56.019 [info] > git config --get commit.template [25ms]
2024-02-25 15:54:56.027 [info] > git for-each-ref --format=%(refname)%00%(upstream:short)%00%(objectname)%00%(upstream:track)%00%(upstream:remotename)%00%(upstream:remoteref) refs/heads/main refs/remotes/main [10ms]
2024-02-25 15:54:56.057 [info] > git status -z -uall [5ms]
2024-02-25 15:55:01.093 [info] > git config --get commit.template [10ms]
2024-02-25 15:55:01.094 [info] > git for-each-ref --format=%(refname)%00%(upstream:short)%00%(objectname)%00%(upstream:track)%00%(upstream:remotename)%00%(upstream:remoteref) refs/heads/main refs/remotes/main [2ms]
2024-02-25 15:55:01.104 [info] > git status -z -uall [2ms]
2024-02-25 15:55:06.151 [info] > git config --get commit.template [22ms]
2024-02-25 15:55:06.154 [info] > git for-each-ref --format=%(refname)%00%(upstream:short)%00%(objectname)%00%(upstream:track)%00%(upstream:remotename)%00%(upstream:remoteref) refs/heads/main refs/remotes/main [4ms]
2024-02-25 15:55:06.166 [info] > git status -z -uall [3ms]
2024-02-25 15:55:11.912 [info] > git config --get commit.template [10ms]
2024-02-25 15:55:11.913 [info] > git for-each-ref --format=%(refname)%00%(upstream:short)%00%(objectname)%00%(upstream:track)%00%(upstream:remotename)%00%(upstream:remoteref) refs/heads/main refs/remotes/main [2ms]
2024-02-25 15:55:11.925 [info] > git status -z -uall [3ms]
2024-02-25 15:55:16.990 [info] > git config --get commit.template [32ms]
2024-02-25 15:55:16.993 [info] > git for-each-ref --format=%(refname)%00%(upstream:short)%00%(objectname)%00%(upstream:track)%00%(upstream:remotename)%00%(upstream:remoteref) refs/heads/main refs/remotes/main [6ms]
2024-02-25 15:55:17.029 [info] > git status -z -uall [10ms]
2024-02-25 15:55:22.105 [info] > git config --get commit.template [26ms]
2024-02-25 15:55:22.109 [info] > git for-each-ref --format=%(refname)%00%(upstream:short)%00%(objectname)%00%(upstream:track)%00%(upstream:remotename)%00%(upstream:remoteref) refs/heads/main refs/remotes/main [7ms]
2024-02-25 15:55:22.128 [info] > git status -z -uall [4ms]
2024-02-25 15:55:27.169 [info] > git config --get commit.template [16ms]
2024-02-25 15:55:27.171 [info] > git for-each-ref --format=%(refname)%00%(upstream:short)%00%(objectname)%00%(upstream:track)%00%(upstream:remotename)%00%(upstream:remoteref) refs/heads/main refs/remotes/main [3ms]
2024-02-25 15:55:27.190 [info] > git status -z -uall [4ms]
2024-02-25 15:55:32.251 [info] > git config --get commit.template [24ms]
2024-02-25 15:55:32.255 [info] > git for-each-ref --format=%(refname)%00%(upstream:short)%00%(objectname)%00%(upstream:track)%00%(upstream:remotename)%00%(upstream:remoteref) refs/heads/main refs/remotes/main [5ms]
2024-02-25 15:55:32.292 [info] > git status -z -uall [11ms]
2024-02-25 15:55:37.336 [info] > git config --get commit.template [11ms]
2024-02-25 15:55:37.339 [info] > git for-each-ref --format=%(refname)%00%(upstream:short)%00%(objectname)%00%(upstream:track)%00%(upstream:remotename)%00%(upstream:remoteref) refs/heads/main refs/remotes/main [5ms]
2024-02-25 15:55:37.360 [info] > git status -z -uall [9ms]
2024-02-25 15:55:42.429 [info] > git config --get commit.template [30ms]
2024-02-25 15:55:42.435 [info] > git for-each-ref --format=%(refname)%00%(upstream:short)%00%(objectname)%00%(upstream:track)%00%(upstream:remotename)%00%(upstream:remoteref) refs/heads/main refs/remotes/main [9ms]
2024-02-25 15:55:42.473 [info] > git status -z -uall [12ms]
2024-02-25 15:55:48.122 [info] > git config --get commit.template [10ms]
2024-02-25 15:55:48.123 [info] > git for-each-ref --format=%(refname)%00%(upstream:short)%00%(objectname)%00%(upstream:track)%00%(upstream:remotename)%00%(upstream:remoteref) refs/heads/main refs/remotes/main [2ms]
2024-02-25 15:55:48.132 [info] > git status -z -uall [2ms]
2024-02-25 15:55:53.180 [info] > git config --get commit.template [20ms]
2024-02-25 15:55:53.182 [info] > git for-each-ref --format=%(refname)%00%(upstream:short)%00%(objectname)%00%(upstream:track)%00%(upstream:remotename)%00%(upstream:remoteref) refs/heads/main refs/remotes/main [3ms]
2024-02-25 15:55:53.194 [info] > git status -z -uall [3ms]
2024-02-25 15:55:58.250 [info] > git config --get commit.template [26ms]
2024-02-25 15:55:58.253 [info] > git for-each-ref --format=%(refname)%00%(upstream:short)%00%(objectname)%00%(upstream:track)%00%(upstream:remotename)%00%(upstream:remoteref) refs/heads/main refs/remotes/main [6ms]
2024-02-25 15:55:58.270 [info] > git status -z -uall [3ms]
2024-02-25 15:56:03.294 [info] > git config --get commit.template [5ms]
2024-02-25 15:56:03.322 [info] > git for-each-ref --format=%(refname)%00%(upstream:short)%00%(objectname)%00%(upstream:track)%00%(upstream:remotename)%00%(upstream:remoteref) refs/heads/main refs/remotes/main [2ms]
2024-02-25 15:56:03.336 [info] > git status -z -uall [4ms]
2024-02-25 15:56:08.393 [info] > git config --get commit.template [24ms]
2024-02-25 15:56:08.397 [info] > git for-each-ref --format=%(refname)%00%(upstream:short)%00%(objectname)%00%(upstream:track)%00%(upstream:remotename)%00%(upstream:remoteref) refs/heads/main refs/remotes/main [6ms]
2024-02-25 15:56:08.420 [info] > git status -z -uall [5ms]
2024-02-25 15:56:13.475 [info] > git config --get commit.template [24ms]
2024-02-25 15:56:13.479 [info] > git for-each-ref --format=%(refname)%00%(upstream:short)%00%(objectname)%00%(upstream:track)%00%(upstream:remotename)%00%(upstream:remoteref) refs/heads/main refs/remotes/main [6ms]
2024-02-25 15:56:13.508 [info] > git status -z -uall [6ms]
2024-02-25 15:56:18.533 [info] > git config --get commit.template [8ms]
2024-02-25 15:56:18.534 [info] > git for-each-ref --format=%(refname)%00%(upstream:short)%00%(objectname)%00%(upstream:track)%00%(upstream:remotename)%00%(upstream:remoteref) refs/heads/main refs/remotes/main [2ms]
2024-02-25 15:56:18.545 [info] > git status -z -uall [2ms]
2024-02-25 15:56:23.597 [info] > git config --get commit.template [23ms]
2024-02-25 15:56:23.602 [info] > git for-each-ref --format=%(refname)%00%(upstream:short)%00%(objectname)%00%(upstream:track)%00%(upstream:remotename)%00%(upstream:remoteref) refs/heads/main refs/remotes/main [7ms]
2024-02-25 15:56:23.632 [info] > git status -z -uall [8ms]
2024-02-25 15:56:28.704 [info] > git config --get commit.template [26ms]
2024-02-25 15:56:28.708 [info] > git for-each-ref --format=%(refname)%00%(upstream:short)%00%(objectname)%00%(upstream:track)%00%(upstream:remotename)%00%(upstream:remoteref) refs/heads/main refs/remotes/main [6ms]
2024-02-25 15:56:28.740 [info] > git status -z -uall [10ms]
2024-02-25 15:56:33.821 [info] > git for-each-ref --format=%(refname)%00%(upstream:short)%00%(objectname)%00%(upstream:track)%00%(upstream:remotename)%00%(upstream:remoteref) refs/heads/main refs/remotes/main [14ms]
2024-02-25 15:56:33.822 [info] > git config --get commit.template [42ms]
2024-02-25 15:56:33.863 [info] > git status -z -uall [12ms]
2024-02-25 15:56:40.704 [info] > git config --get commit.template [23ms]
2024-02-25 15:56:40.708 [info] > git for-each-ref --format=%(refname)%00%(upstream:short)%00%(objectname)%00%(upstream:track)%00%(upstream:remotename)%00%(upstream:remoteref) refs/heads/main refs/remotes/main [6ms]
2024-02-25 15:56:40.734 [info] > git status -z -uall [7ms]
2024-02-25 15:57:52.797 [info] > git config --get commit.template [27ms]
2024-02-25 15:57:52.800 [info] > git for-each-ref --format=%(refname)%00%(upstream:short)%00%(objectname)%00%(upstream:track)%00%(upstream:remotename)%00%(upstream:remoteref) refs/heads/main refs/remotes/main [7ms]
2024-02-25 15:57:52.843 [info] > git status -z -uall [11ms]
2024-02-25 15:57:59.779 [info] > git config --get commit.template [20ms]
2024-02-25 15:57:59.780 [info] > git for-each-ref --format=%(refname)%00%(upstream:short)%00%(objectname)%00%(upstream:track)%00%(upstream:remotename)%00%(upstream:remoteref) refs/heads/main refs/remotes/main [3ms]
2024-02-25 15:57:59.793 [info] > git status -z -uall [3ms]
2024-02-25 16:08:50.303 [info] > git config --get commit.template [21ms]
2024-02-25 16:08:50.304 [info] > git for-each-ref --format=%(refname)%00%(upstream:short)%00%(objectname)%00%(upstream:track)%00%(upstream:remotename)%00%(upstream:remoteref) refs/heads/main refs/remotes/main [3ms]
2024-02-25 16:08:50.318 [info] > git status -z -uall [3ms]
2024-02-25 16:24:24.137 [info] > git config --get commit.template [20ms]
2024-02-25 16:24:24.139 [info] > git for-each-ref --format=%(refname)%00%(upstream:short)%00%(objectname)%00%(upstream:track)%00%(upstream:remotename)%00%(upstream:remoteref) refs/heads/main refs/remotes/main [8ms]
2024-02-25 16:24:24.161 [info] > git status -z -uall [7ms]
2024-02-25 16:24:29.218 [info] > git config --get commit.template [24ms]
2024-02-25 16:24:29.224 [info] > git for-each-ref --format=%(refname)%00%(upstream:short)%00%(objectname)%00%(upstream:track)%00%(upstream:remotename)%00%(upstream:remoteref) refs/heads/main refs/remotes/main [8ms]
2024-02-25 16:24:29.261 [info] > git status -z -uall [6ms]
2024-02-25 16:24:43.439 [info] > git config --get commit.template [1ms]
2024-02-25 16:24:43.458 [info] > git for-each-ref --format=%(refname)%00%(upstream:short)%00%(objectname)%00%(upstream:track)%00%(upstream:remotename)%00%(upstream:remoteref) refs/heads/main refs/remotes/main [3ms]
2024-02-25 16:24:43.474 [info] > git status -z -uall [5ms]
2024-02-25 16:24:48.527 [info] > git config --get commit.template [22ms]
2024-02-25 16:24:48.528 [info] > git for-each-ref --format=%(refname)%00%(upstream:short)%00%(objectname)%00%(upstream:track)%00%(upstream:remotename)%00%(upstream:remoteref) refs/heads/main refs/remotes/main [2ms]
2024-02-25 16:24:48.539 [info] > git status -z -uall [2ms]
2024-02-25 16:24:53.586 [info] > git config --get commit.template [12ms]
2024-02-25 16:24:53.587 [info] > git for-each-ref --format=%(refname)%00%(upstream:short)%00%(objectname)%00%(upstream:track)%00%(upstream:remotename)%00%(upstream:remoteref) refs/heads/main refs/remotes/main [2ms]
2024-02-25 16:24:53.597 [info] > git status -z -uall [3ms]
2024-02-25 16:48:40.216 [info] > git check-ignore -v -z --stdin [10ms]
2024-02-25 16:48:40.767 [info] > git config --get commit.template [9ms]
2024-02-25 16:48:40.767 [info] > git for-each-ref --format=%(refname)%00%(upstream:short)%00%(objectname)%00%(upstream:track)%00%(upstream:remotename)%00%(upstream:remoteref) refs/heads/main refs/remotes/main [1ms]
2024-02-25 16:48:40.777 [info] > git status -z -uall [3ms]
2024-02-25 16:48:54.227 [info] > git show --textconv :Week 5/Day1/XP1.html [29ms]
2024-02-25 16:48:54.236 [info] > git ls-files --stage -- /home/simgabrob/Bootcamp/Week 5/Day1/XP1.html [12ms]
2024-02-25 16:48:54.396 [info] > git check-ignore -v -z --stdin [3ms]
2024-02-25 16:48:55.029 [info] > git config --get commit.template [17ms]
2024-02-25 16:48:55.035 [info] > git for-each-ref --format=%(refname)%00%(upstream:short)%00%(objectname)%00%(upstream:track)%00%(upstream:remotename)%00%(upstream:remoteref) refs/heads/main refs/remotes/main [8ms]
2024-02-25 16:48:55.058 [info] > git status -z -uall [7ms]
2024-02-25 16:49:04.333 [info] > git show --textconv :Week 5/Day1/DC1.html [26ms]
2024-02-25 16:49:04.337 [info] > git ls-files --stage -- /home/simgabrob/Bootcamp/Week 5/Day1/DC1.html [6ms]
2024-02-25 16:49:04.554 [info] > git check-ignore -v -z --stdin [1ms]
2024-02-25 16:49:05.135 [info] > git config --get commit.template [19ms]
2024-02-25 16:49:05.137 [info] > git for-each-ref --format=%(refname)%00%(upstream:short)%00%(objectname)%00%(upstream:track)%00%(upstream:remotename)%00%(upstream:remoteref) refs/heads/main refs/remotes/main [5ms]
2024-02-25 16:49:05.151 [info] > git status -z -uall [4ms]
2024-02-25 16:49:05.536 [info] > git show --textconv :Week 5/Day1/XP1.html [42ms]
2024-02-25 16:49:05.543 [info] > git ls-files --stage -- /home/simgabrob/Bootcamp/Week 5/Day1/XP1.html [10ms]
2024-02-25 16:49:32.442 [info] > git show --textconv :Week 5/Day1/DC1.html [7ms]
2024-02-25 16:49:32.444 [info] > git ls-files --stage -- /home/simgabrob/Bootcamp/Week 5/Day1/DC1.html [3ms]
2024-02-25 16:49:36.904 [info] > git config --get commit.template [25ms]
2024-02-25 16:49:36.907 [info] > git for-each-ref --format=%(refname)%00%(upstream:short)%00%(objectname)%00%(upstream:track)%00%(upstream:remotename)%00%(upstream:remoteref) refs/heads/main refs/remotes/main [7ms]
2024-02-25 16:49:36.953 [info] > git status -z -uall [14ms]
2024-02-25 16:49:42.024 [info] > git config --get commit.template [28ms]
2024-02-25 16:49:42.029 [info] > git for-each-ref --format=%(refname)%00%(upstream:short)%00%(objectname)%00%(upstream:track)%00%(upstream:remotename)%00%(upstream:remoteref) refs/heads/main refs/remotes/main [10ms]
2024-02-25 16:49:42.064 [info] > git status -z -uall [12ms]
2024-02-25 16:49:55.076 [info] > git config --get commit.template [11ms]
2024-02-25 16:49:55.079 [info] > git for-each-ref --format=%(refname)%00%(upstream:short)%00%(objectname)%00%(upstream:track)%00%(upstream:remotename)%00%(upstream:remoteref) refs/heads/main refs/remotes/main [5ms]
2024-02-25 16:49:55.091 [info] > git status -z -uall [3ms]
2024-02-25 16:50:00.141 [info] > git config --get commit.template [17ms]
2024-02-25 16:50:00.143 [info] > git for-each-ref --format=%(refname)%00%(upstream:short)%00%(objectname)%00%(upstream:track)%00%(upstream:remotename)%00%(upstream:remoteref) refs/heads/main refs/remotes/main [3ms]
2024-02-25 16:50:00.155 [info] > git status -z -uall [3ms]
2024-02-25 16:50:13.044 [info] > git config --get commit.template [24ms]
2024-02-25 16:50:13.047 [info] > git for-each-ref --format=%(refname)%00%(upstream:short)%00%(objectname)%00%(upstream:track)%00%(upstream:remotename)%00%(upstream:remoteref) refs/heads/main refs/remotes/main [6ms]
2024-02-25 16:50:13.070 [info] > git status -z -uall [5ms]
2024-02-25 16:50:20.029 [info] > git config --get commit.template [12ms]
2024-02-25 16:50:20.030 [info] > git for-each-ref --format=%(refname)%00%(upstream:short)%00%(objectname)%00%(upstream:track)%00%(upstream:remotename)%00%(upstream:remoteref) refs/heads/main refs/remotes/main [3ms]
2024-02-25 16:50:20.042 [info] > git status -z -uall [2ms]
2024-02-25 16:51:02.131 [info] > git config --get commit.template [17ms]
2024-02-25 16:51:02.133 [info] > git for-each-ref --format=%(refname)%00%(upstream:short)%00%(objectname)%00%(upstream:track)%00%(upstream:remotename)%00%(upstream:remoteref) refs/heads/main refs/remotes/main [3ms]
2024-02-25 16:51:02.147 [info] > git status -z -uall [4ms]
2024-02-25 16:51:54.247 [info] > git config --get commit.template [15ms]
2024-02-25 16:51:54.247 [info] > git for-each-ref --format=%(refname)%00%(upstream:short)%00%(objectname)%00%(upstream:track)%00%(upstream:remotename)%00%(upstream:remoteref) refs/heads/main refs/remotes/main [2ms]
2024-02-25 16:51:54.260 [info] > git status -z -uall [4ms]
2024-02-25 16:52:46.003 [info] > git config --get commit.template [24ms]
2024-02-25 16:52:46.006 [info] > git for-each-ref --format=%(refname)%00%(upstream:short)%00%(objectname)%00%(upstream:track)%00%(upstream:remotename)%00%(upstream:remoteref) refs/heads/main refs/remotes/main [4ms]
2024-02-25 16:52:46.018 [info] > git status -z -uall [3ms]
2024-02-25 16:52:51.063 [info] > git config --get commit.template [17ms]
2024-02-25 16:52:51.064 [info] > git for-each-ref --format=%(refname)%00%(upstream:short)%00%(objectname)%00%(upstream:track)%00%(upstream:remotename)%00%(upstream:remoteref) refs/heads/main refs/remotes/main [3ms]
2024-02-25 16:52:51.075 [info] > git status -z -uall [2ms]
2024-02-25 16:54:20.889 [info] > git show --textconv :Week 5/Day1/XP1.html [11ms]
2024-02-25 16:54:20.893 [info] > git ls-files --stage -- /home/simgabrob/Bootcamp/Week 5/Day1/XP1.html [5ms]
2024-02-25 16:54:24.558 [info] > git show --textconv :Week 5/Day1/DC1.html [9ms]
2024-02-25 16:54:24.559 [info] > git ls-files --stage -- /home/simgabrob/Bootcamp/Week 5/Day1/DC1.html [2ms]
2024-02-25 16:54:41.440 [info] > git show --textconv :Week 5/Day1/XP1.html [56ms]
2024-02-25 16:54:41.449 [info] > git ls-files --stage -- /home/simgabrob/Bootcamp/Week 5/Day1/XP1.html [11ms]
2024-02-25 16:54:45.890 [info] > git config --get commit.template [23ms]
2024-02-25 16:54:45.891 [info] > git for-each-ref --format=%(refname)%00%(upstream:short)%00%(objectname)%00%(upstream:track)%00%(upstream:remotename)%00%(upstream:remoteref) refs/heads/main refs/remotes/main [3ms]
2024-02-25 16:54:45.906 [info] > git status -z -uall [3ms]
2024-02-25 16:54:50.961 [info] > git config --get commit.template [25ms]
2024-02-25 16:54:50.964 [info] > git for-each-ref --format=%(refname)%00%(upstream:short)%00%(objectname)%00%(upstream:track)%00%(upstream:remotename)%00%(upstream:remoteref) refs/heads/main refs/remotes/main [6ms]
2024-02-25 16:54:50.995 [info] > git status -z -uall [6ms]
2024-02-25 16:54:56.044 [info] > git config --get commit.template [18ms]
2024-02-25 16:54:56.048 [info] > git for-each-ref --format=%(refname)%00%(upstream:short)%00%(objectname)%00%(upstream:track)%00%(upstream:remotename)%00%(upstream:remoteref) refs/heads/main refs/remotes/main [6ms]
2024-02-25 16:54:56.066 [info] > git status -z -uall [3ms]
2024-02-25 16:55:01.137 [info] > git config --get commit.template [29ms]
2024-02-25 16:55:01.142 [info] > git for-each-ref --format=%(refname)%00%(upstream:short)%00%(objectname)%00%(upstream:track)%00%(upstream:remotename)%00%(upstream:remoteref) refs/heads/main refs/remotes/main [10ms]
2024-02-25 16:55:01.184 [info] > git status -z -uall [10ms]
2024-02-25 16:55:13.085 [info] > git config --get commit.template [18ms]
2024-02-25 16:55:13.087 [info] > git for-each-ref --format=%(refname)%00%(upstream:short)%00%(objectname)%00%(upstream:track)%00%(upstream:remotename)%00%(upstream:remoteref) refs/heads/main refs/remotes/main [2ms]
2024-02-25 16:55:13.105 [info] > git status -z -uall [6ms]
2024-02-25 16:55:28.870 [info] > git config --get commit.template [5ms]
2024-02-25 16:55:28.886 [info] > git for-each-ref --format=%(refname)%00%(upstream:short)%00%(objectname)%00%(upstream:track)%00%(upstream:remotename)%00%(upstream:remoteref) refs/heads/main refs/remotes/main [2ms]
2024-02-25 16:55:28.902 [info] > git status -z -uall [8ms]
2024-02-25 16:55:48.384 [info] > git config --get commit.template [39ms]
2024-02-25 16:55:48.402 [info] > git for-each-ref --format=%(refname)%00%(upstream:short)%00%(objectname)%00%(upstream:track)%00%(upstream:remotename)%00%(upstream:remoteref) refs/heads/main refs/remotes/main [22ms]
2024-02-25 16:55:48.447 [info] > git status -z -uall [12ms]
2024-02-25 16:55:53.537 [info] > git config --get commit.template [41ms]
2024-02-25 16:55:53.545 [info] > git for-each-ref --format=%(refname)%00%(upstream:short)%00%(objectname)%00%(upstream:track)%00%(upstream:remotename)%00%(upstream:remoteref) refs/heads/main refs/remotes/main [9ms]
2024-02-25 16:55:53.567 [info] > git status -z -uall [5ms]
2024-02-25 16:55:58.652 [info] > git config --get commit.template [48ms]
2024-02-25 16:55:58.655 [info] > git for-each-ref --format=%(refname)%00%(upstream:short)%00%(objectname)%00%(upstream:track)%00%(upstream:remotename)%00%(upstream:remoteref) refs/heads/main refs/remotes/main [15ms]
2024-02-25 16:55:58.689 [info] > git status -z -uall [8ms]
2024-02-25 16:56:10.153 [info] > git config --get commit.template [23ms]
2024-02-25 16:56:10.155 [info] > git for-each-ref --format=%(refname)%00%(upstream:short)%00%(objectname)%00%(upstream:track)%00%(upstream:remotename)%00%(upstream:remoteref) refs/heads/main refs/remotes/main [4ms]
2024-02-25 16:56:10.169 [info] > git status -z -uall [3ms]
2024-02-25 16:56:15.235 [info] > git config --get commit.template [32ms]
2024-02-25 16:56:15.236 [info] > git for-each-ref --format=%(refname)%00%(upstream:short)%00%(objectname)%00%(upstream:track)%00%(upstream:remotename)%00%(upstream:remoteref) refs/heads/main refs/remotes/main [7ms]
2024-02-25 16:56:15.252 [info] > git status -z -uall [3ms]
2024-02-25 16:56:20.310 [info] > git config --get commit.template [16ms]
2024-02-25 16:56:20.311 [info] > git for-each-ref --format=%(refname)%00%(upstream:short)%00%(objectname)%00%(upstream:track)%00%(upstream:remotename)%00%(upstream:remoteref) refs/heads/main refs/remotes/main [2ms]
2024-02-25 16:56:20.334 [info] > git status -z -uall [2ms]
2024-02-25 16:56:25.413 [info] > git config --get commit.template [39ms]
2024-02-25 16:56:25.419 [info] > git for-each-ref --format=%(refname)%00%(upstream:short)%00%(objectname)%00%(upstream:track)%00%(upstream:remotename)%00%(upstream:remoteref) refs/heads/main refs/remotes/main [9ms]
2024-02-25 16:56:25.452 [info] > git status -z -uall [7ms]
2024-02-25 16:56:30.536 [info] > git config --get commit.template [41ms]
2024-02-25 16:56:30.541 [info] > git for-each-ref --format=%(refname)%00%(upstream:short)%00%(objectname)%00%(upstream:track)%00%(upstream:remotename)%00%(upstream:remoteref) refs/heads/main refs/remotes/main [9ms]
2024-02-25 16:56:30.571 [info] > git status -z -uall [6ms]
2024-02-25 16:56:35.649 [info] > git config --get commit.template [6ms]
2024-02-25 16:56:35.680 [info] > git for-each-ref --format=%(refname)%00%(upstream:short)%00%(objectname)%00%(upstream:track)%00%(upstream:remotename)%00%(upstream:remoteref) refs/heads/main refs/remotes/main [4ms]
2024-02-25 16:56:35.694 [info] > git status -z -uall [4ms]
2024-02-25 16:57:36.523 [info] > git config --get commit.template [30ms]
2024-02-25 16:57:36.526 [info] > git for-each-ref --format=%(refname)%00%(upstream:short)%00%(objectname)%00%(upstream:track)%00%(upstream:remotename)%00%(upstream:remoteref) refs/heads/main refs/remotes/main [6ms]
2024-02-25 16:57:36.546 [info] > git status -z -uall [6ms]
2024-02-25 16:58:13.857 [info] > git config --get commit.template [11ms]
2024-02-25 16:58:13.858 [info] > git for-each-ref --format=%(refname)%00%(upstream:short)%00%(objectname)%00%(upstream:track)%00%(upstream:remotename)%00%(upstream:remoteref) refs/heads/main refs/remotes/main [1ms]
2024-02-25 16:58:13.870 [info] > git status -z -uall [3ms]
2024-02-25 16:58:29.081 [info] > git config --get commit.template [14ms]
2024-02-25 16:58:29.082 [info] > git for-each-ref --format=%(refname)%00%(upstream:short)%00%(objectname)%00%(upstream:track)%00%(upstream:remotename)%00%(upstream:remoteref) refs/heads/main refs/remotes/main [3ms]
2024-02-25 16:58:29.094 [info] > git status -z -uall [3ms]
2024-02-25 16:58:34.176 [info] > git config --get commit.template [47ms]
2024-02-25 16:58:34.189 [info] > git for-each-ref --format=%(refname)%00%(upstream:short)%00%(objectname)%00%(upstream:track)%00%(upstream:remotename)%00%(upstream:remoteref) refs/heads/main refs/remotes/main [14ms]
2024-02-25 16:58:34.213 [info] > git status -z -uall [5ms]
2024-02-25 16:58:43.293 [info] > git config --get commit.template [14ms]
2024-02-25 16:58:43.294 [info] > git for-each-ref --format=%(refname)%00%(upstream:short)%00%(objectname)%00%(upstream:track)%00%(upstream:remotename)%00%(upstream:remoteref) refs/heads/main refs/remotes/main [2ms]
2024-02-25 16:58:43.306 [info] > git status -z -uall [3ms]
2024-02-25 16:59:12.177 [info] > git config --get commit.template [8ms]
2024-02-25 16:59:12.178 [info] > git for-each-ref --format=%(refname)%00%(upstream:short)%00%(objectname)%00%(upstream:track)%00%(upstream:remotename)%00%(upstream:remoteref) refs/heads/main refs/remotes/main [2ms]
2024-02-25 16:59:12.190 [info] > git status -z -uall [5ms]
2024-02-25 16:59:17.893 [info] > git config --get commit.template [24ms]
2024-02-25 16:59:17.895 [info] > git for-each-ref --format=%(refname)%00%(upstream:short)%00%(objectname)%00%(upstream:track)%00%(upstream:remotename)%00%(upstream:remoteref) refs/heads/main refs/remotes/main [4ms]
2024-02-25 16:59:17.910 [info] > git status -z -uall [3ms]
2024-02-25 16:59:33.427 [info] > git config --get commit.template [31ms]
2024-02-25 16:59:33.430 [info] > git for-each-ref --format=%(refname)%00%(upstream:short)%00%(objectname)%00%(upstream:track)%00%(upstream:remotename)%00%(upstream:remoteref) refs/heads/main refs/remotes/main [5ms]
2024-02-25 16:59:33.465 [info] > git status -z -uall [9ms]
2024-02-25 16:59:38.488 [info] > git config --get commit.template [2ms]
2024-02-25 16:59:38.504 [info] > git for-each-ref --format=%(refname)%00%(upstream:short)%00%(objectname)%00%(upstream:track)%00%(upstream:remotename)%00%(upstream:remoteref) refs/heads/main refs/remotes/main [5ms]
2024-02-25 16:59:38.522 [info] > git status -z -uall [4ms]
2024-02-25 16:59:43.876 [info] > git config --get commit.template [29ms]
2024-02-25 16:59:43.881 [info] > git for-each-ref --format=%(refname)%00%(upstream:short)%00%(objectname)%00%(upstream:track)%00%(upstream:remotename)%00%(upstream:remoteref) refs/heads/main refs/remotes/main [7ms]
2024-02-25 16:59:43.928 [info] > git status -z -uall [13ms]
2024-02-25 16:59:49.107 [info] > git config --get commit.template [28ms]
2024-02-25 16:59:49.113 [info] > git for-each-ref --format=%(refname)%00%(upstream:short)%00%(objectname)%00%(upstream:track)%00%(upstream:remotename)%00%(upstream:remoteref) refs/heads/main refs/remotes/main [9ms]
2024-02-25 16:59:49.136 [info] > git status -z -uall [5ms]
2024-02-25 17:00:20.515 [info] > git config --get commit.template [16ms]
2024-02-25 17:00:20.518 [info] > git for-each-ref --format=%(refname)%00%(upstream:short)%00%(objectname)%00%(upstream:track)%00%(upstream:remotename)%00%(upstream:remoteref) refs/heads/main refs/remotes/main [4ms]
2024-02-25 17:00:20.533 [info] > git status -z -uall [3ms]
2024-02-25 17:00:25.620 [info] > git config --get commit.template [34ms]
2024-02-25 17:00:25.622 [info] > git for-each-ref --format=%(refname)%00%(upstream:short)%00%(objectname)%00%(upstream:track)%00%(upstream:remotename)%00%(upstream:remoteref) refs/heads/main refs/remotes/main [5ms]
2024-02-25 17:00:25.644 [info] > git status -z -uall [7ms]
2024-02-25 17:00:30.659 [info] > git config --get commit.template [2ms]
2024-02-25 17:00:30.679 [info] > git for-each-ref --format=%(refname)%00%(upstream:short)%00%(objectname)%00%(upstream:track)%00%(upstream:remotename)%00%(upstream:remoteref) refs/heads/main refs/remotes/main [3ms]
2024-02-25 17:00:30.696 [info] > git status -z -uall [4ms]
2024-02-25 17:01:01.715 [info] > git config --get commit.template [9ms]
2024-02-25 17:01:01.769 [info] > git for-each-ref --format=%(refname)%00%(upstream:short)%00%(objectname)%00%(upstream:track)%00%(upstream:remotename)%00%(upstream:remoteref) refs/heads/main refs/remotes/main [10ms]
2024-02-25 17:01:01.804 [info] > git status -z -uall [8ms]
2024-02-25 17:01:07.435 [info] > git config --get commit.template [8ms]
2024-02-25 17:01:07.437 [info] > git for-each-ref --format=%(refname)%00%(upstream:short)%00%(objectname)%00%(upstream:track)%00%(upstream:remotename)%00%(upstream:remoteref) refs/heads/main refs/remotes/main [2ms]
2024-02-25 17:01:07.454 [info] > git status -z -uall [5ms]
2024-02-25 17:01:34.450 [info] > git config --get commit.template [47ms]
2024-02-25 17:01:34.454 [info] > git for-each-ref --format=%(refname)%00%(upstream:short)%00%(objectname)%00%(upstream:track)%00%(upstream:remotename)%00%(upstream:remoteref) refs/heads/main refs/remotes/main [10ms]
2024-02-25 17:01:34.496 [info] > git status -z -uall [7ms]
2024-02-25 17:01:44.112 [info] > git config --get commit.template [17ms]
2024-02-25 17:01:44.113 [info] > git for-each-ref --format=%(refname)%00%(upstream:short)%00%(objectname)%00%(upstream:track)%00%(upstream:remotename)%00%(upstream:remoteref) refs/heads/main refs/remotes/main [2ms]
2024-02-25 17:01:44.127 [info] > git status -z -uall [5ms]
2024-02-25 17:01:49.169 [info] > git config --get commit.template [18ms]
2024-02-25 17:01:49.169 [info] > git for-each-ref --format=%(refname)%00%(upstream:short)%00%(objectname)%00%(upstream:track)%00%(upstream:remotename)%00%(upstream:remoteref) refs/heads/main refs/remotes/main [2ms]
2024-02-25 17:01:49.189 [info] > git status -z -uall [3ms]
2024-02-25 17:01:54.266 [info] > git config --get commit.template [27ms]
2024-02-25 17:01:54.270 [info] > git for-each-ref --format=%(refname)%00%(upstream:short)%00%(objectname)%00%(upstream:track)%00%(upstream:remotename)%00%(upstream:remoteref) refs/heads/main refs/remotes/main [5ms]
2024-02-25 17:01:54.288 [info] > git status -z -uall [3ms]
2024-02-25 17:02:39.944 [info] > git config --get commit.template [14ms]
2024-02-25 17:02:39.945 [info] > git for-each-ref --format=%(refname)%00%(upstream:short)%00%(objectname)%00%(upstream:track)%00%(upstream:remotename)%00%(upstream:remoteref) refs/heads/main refs/remotes/main [2ms]
2024-02-25 17:02:39.964 [info] > git status -z -uall [4ms]
2024-02-25 17:06:45.388 [info] > git config --get commit.template [12ms]
2024-02-25 17:06:45.389 [info] > git for-each-ref --format=%(refname)%00%(upstream:short)%00%(objectname)%00%(upstream:track)%00%(upstream:remotename)%00%(upstream:remoteref) refs/heads/main refs/remotes/main [1ms]
2024-02-25 17:06:45.402 [info] > git status -z -uall [2ms]
2024-02-25 17:06:50.434 [info] > git config --get commit.template [9ms]
2024-02-25 17:06:50.434 [info] > git for-each-ref --format=%(refname)%00%(upstream:short)%00%(objectname)%00%(upstream:track)%00%(upstream:remotename)%00%(upstream:remoteref) refs/heads/main refs/remotes/main [1ms]
2024-02-25 17:06:50.445 [info] > git status -z -uall [2ms]
2024-02-25 17:06:55.458 [info] > git config --get commit.template [3ms]
2024-02-25 17:06:55.468 [info] > git for-each-ref --format=%(refname)%00%(upstream:short)%00%(objectname)%00%(upstream:track)%00%(upstream:remotename)%00%(upstream:remoteref) refs/heads/main refs/remotes/main [1ms]
2024-02-25 17:06:55.477 [info] > git status -z -uall [2ms]
2024-02-25 17:07:02.567 [info] > git config --get commit.template [38ms]
2024-02-25 17:07:02.576 [info] > git for-each-ref --format=%(refname)%00%(upstream:short)%00%(objectname)%00%(upstream:track)%00%(upstream:remotename)%00%(upstream:remoteref) refs/heads/main refs/remotes/main [12ms]
2024-02-25 17:07:02.619 [info] > git status -z -uall [7ms]
2024-02-25 17:07:07.648 [info] > git config --get commit.template [11ms]
2024-02-25 17:07:07.649 [info] > git for-each-ref --format=%(refname)%00%(upstream:short)%00%(objectname)%00%(upstream:track)%00%(upstream:remotename)%00%(upstream:remoteref) refs/heads/main refs/remotes/main [2ms]
2024-02-25 17:07:07.662 [info] > git status -z -uall [3ms]
2024-02-25 17:07:47.223 [info] > git config --get commit.template [12ms]
2024-02-25 17:07:47.224 [info] > git for-each-ref --format=%(refname)%00%(upstream:short)%00%(objectname)%00%(upstream:track)%00%(upstream:remotename)%00%(upstream:remoteref) refs/heads/main refs/remotes/main [3ms]
2024-02-25 17:07:47.234 [info] > git status -z -uall [2ms]
2024-02-25 17:07:50.483 [info] > git show --textconv :Week 5/Day1/DC1.html [16ms]
2024-02-25 17:07:50.491 [info] > git ls-files --stage -- /home/simgabrob/Bootcamp/Week 5/Day1/DC1.html [9ms]
2024-02-25 17:07:52.306 [info] > git config --get commit.template [32ms]
2024-02-25 17:07:52.314 [info] > git for-each-ref --format=%(refname)%00%(upstream:short)%00%(objectname)%00%(upstream:track)%00%(upstream:remotename)%00%(upstream:remoteref) refs/heads/main refs/remotes/main [11ms]
2024-02-25 17:07:52.349 [info] > git status -z -uall [7ms]
2024-02-25 17:07:53.370 [info] > git merge-base refs/heads/main refs/remotes/origin/main [3ms]
2024-02-25 17:07:53.388 [info] > git rev-list --count --left-right refs/heads/main...refs/remotes/origin/main [5ms]
2024-02-25 17:07:53.867 [info] > git check-ignore -v -z --stdin [4ms]
2024-02-25 17:07:54.342 [info] > git add -A -- . [10ms]
2024-02-25 17:07:54.981 [info] > git show --textconv :.git/COMMIT_EDITMSG [28ms]
2024-02-25 17:07:54.984 [info] > git ls-files --stage -- /home/simgabrob/Bootcamp/.git/COMMIT_EDITMSG [6ms]
2024-02-25 17:07:55.245 [info] > git check-ignore -v -z --stdin [5ms]
2024-02-25 17:07:55.643 [info] > git ls-files --stage -- /home/simgabrob/Bootcamp/.git/COMMIT_EDITMSG [3ms]
2024-02-25 17:07:55.661 [info] > git show --textconv :.git/COMMIT_EDITMSG [1ms]
2024-02-25 17:07:57.064 [info] > git -c user.useConfigOnly=true commit --quiet [2713ms]
2024-02-25 17:07:57.064 [info] Aborting commit due to empty commit message.
2024-02-25 17:07:57.094 [info] > git config --get commit.template [14ms]
2024-02-25 17:07:57.096 [info] > git for-each-ref --format=%(refname)%00%(upstream:short)%00%(objectname)%00%(upstream:track)%00%(upstream:remotename)%00%(upstream:remoteref) refs/heads/main refs/remotes/main [3ms]
2024-02-25 17:07:57.117 [info] > git status -z -uall [9ms]
2024-02-25 17:07:57.535 [info] > git show --textconv :Week 5/Day1/DC1.html [13ms]
2024-02-25 17:07:57.537 [info] > git ls-files --stage -- /home/simgabrob/Bootcamp/Week 5/Day1/DC1.html [2ms]
2024-02-25 17:07:57.548 [info] > git cat-file -s eaf5bf8b6b749d281c7e26f985f00d51cec7f443 [2ms]
2024-02-25 17:07:59.969 [info] > git -c user.useConfigOnly=true commit --quiet --allow-empty-message --file - [25ms]
2024-02-25 17:07:59.988 [info] > git config --get commit.template [3ms]
2024-02-25 17:08:00.029 [info] > git config --get commit.template [10ms]
2024-02-25 17:08:00.031 [info] > git for-each-ref --format=%(refname)%00%(upstream:short)%00%(objectname)%00%(upstream:track)%00%(upstream:remotename)%00%(upstream:remoteref) refs/heads/main refs/remotes/main [4ms]
2024-02-25 17:08:00.050 [info] > git status -z -uall [4ms]
2024-02-25 17:08:00.187 [info] > git config --get commit.template [28ms]
2024-02-25 17:08:00.210 [info] > git merge-base refs/heads/main refs/remotes/origin/main [25ms]
2024-02-25 17:08:00.238 [info] > git for-each-ref --format=%(refname)%00%(upstream:short)%00%(objectname)%00%(upstream:track)%00%(upstream:remotename)%00%(upstream:remoteref) refs/heads/main refs/remotes/main [29ms]
2024-02-25 17:08:00.250 [info] > git rev-list --count --left-right refs/heads/main...refs/remotes/origin/main [13ms]
2024-02-25 17:08:00.251 [info] > git status -z -uall [2ms]
2024-02-25 17:08:01.216 [info] > git ls-files --stage -- /home/simgabrob/Bootcamp/Week 5/Day1/DC1.html [8ms]
2024-02-25 17:08:01.243 [info] > git cat-file -s eaf5bf8b6b749d281c7e26f985f00d51cec7f443 [3ms]
2024-02-25 17:08:01.275 [info] > git show --textconv :Week 5/Day1/DC1.html [3ms]
2024-02-25 17:08:01.741 [info] > git log --oneline --cherry main...main@{upstream} -- [13ms]
2024-02-25 17:08:02.427 [info] > git pull --tags origin main [652ms]
2024-02-25 17:08:02.427 [info] From https://github.com/simongrobbins/DIbootcamp
 * branch            main       -> FETCH_HEAD
2024-02-25 17:08:04.032 [info] > git push origin main:main [1570ms]
2024-02-25 17:08:04.032 [info] To https://github.com/simongrobbins/DIbootcamp.git
   32c67fd..392b702  main -> main
2024-02-25 17:08:04.128 [info] > git config --get commit.template [23ms]
2024-02-25 17:08:04.151 [info] > git for-each-ref --format=%(refname)%00%(upstream:short)%00%(objectname)%00%(upstream:track)%00%(upstream:remotename)%00%(upstream:remoteref) refs/heads/main refs/remotes/main [4ms]
2024-02-25 17:08:04.165 [info] > git status -z -uall [3ms]
2024-02-25 17:08:04.202 [info] > git merge-base refs/heads/main refs/remotes/origin/main [3ms]
2024-02-25 17:08:04.215 [info] > git rev-list --count --left-right refs/heads/main...refs/remotes/origin/main [2ms]
2024-02-25 17:08:54.327 [info] > git ls-files --stage -- /home/simgabrob/Bootcamp/Week 5/Day1/DC1.html [2ms]
2024-02-25 17:08:54.335 [info] > git cat-file -s eaf5bf8b6b749d281c7e26f985f00d51cec7f443 [1ms]
2024-02-25 17:08:54.346 [info] > git show --textconv :Week 5/Day1/DC1.html [2ms]
2024-02-25 17:09:23.961 [info] > git config --get commit.template [16ms]
2024-02-25 17:09:23.964 [info] > git for-each-ref --format=%(refname)%00%(upstream:short)%00%(objectname)%00%(upstream:track)%00%(upstream:remotename)%00%(upstream:remoteref) refs/heads/main refs/remotes/main [5ms]
2024-02-25 17:09:23.979 [info] > git status -z -uall [3ms]
2024-02-25 17:09:29.016 [info] > git config --get commit.template [12ms]
2024-02-25 17:09:29.017 [info] > git for-each-ref --format=%(refname)%00%(upstream:short)%00%(objectname)%00%(upstream:track)%00%(upstream:remotename)%00%(upstream:remoteref) refs/heads/main refs/remotes/main [2ms]
2024-02-25 17:09:29.029 [info] > git status -z -uall [3ms]
2024-02-25 17:09:59.677 [info] > git config --get commit.template [34ms]
2024-02-25 17:09:59.677 [info] > git for-each-ref --format=%(refname)%00%(upstream:short)%00%(objectname)%00%(upstream:track)%00%(upstream:remotename)%00%(upstream:remoteref) refs/heads/main refs/remotes/main [3ms]
2024-02-25 17:09:59.695 [info] > git status -z -uall [3ms]
2024-02-25 17:10:15.248 [info] > git config --get commit.template [12ms]
2024-02-25 17:10:15.250 [info] > git for-each-ref --format=%(refname)%00%(upstream:short)%00%(objectname)%00%(upstream:track)%00%(upstream:remotename)%00%(upstream:remoteref) refs/heads/main refs/remotes/main [4ms]
2024-02-25 17:10:15.264 [info] > git status -z -uall [3ms]
2024-02-25 17:10:20.461 [info] > git config --get commit.template [15ms]
2024-02-25 17:10:20.462 [info] > git for-each-ref --format=%(refname)%00%(upstream:short)%00%(objectname)%00%(upstream:track)%00%(upstream:remotename)%00%(upstream:remoteref) refs/heads/main refs/remotes/main [2ms]
2024-02-25 17:10:20.474 [info] > git status -z -uall [2ms]
2024-02-25 17:10:25.527 [info] > git config --get commit.template [12ms]
2024-02-25 17:10:25.573 [info] > git for-each-ref --format=%(refname)%00%(upstream:short)%00%(objectname)%00%(upstream:track)%00%(upstream:remotename)%00%(upstream:remoteref) refs/heads/main refs/remotes/main [10ms]
2024-02-25 17:10:25.618 [info] > git status -z -uall [9ms]
2024-02-25 17:10:44.151 [info] > git config --get commit.template [10ms]
2024-02-25 17:10:44.152 [info] > git for-each-ref --format=%(refname)%00%(upstream:short)%00%(objectname)%00%(upstream:track)%00%(upstream:remotename)%00%(upstream:remoteref) refs/heads/main refs/remotes/main [2ms]
2024-02-25 17:10:44.163 [info] > git status -z -uall [2ms]
2024-02-25 17:10:49.196 [info] > git config --get commit.template [15ms]
2024-02-25 17:10:49.199 [info] > git for-each-ref --format=%(refname)%00%(upstream:short)%00%(objectname)%00%(upstream:track)%00%(upstream:remotename)%00%(upstream:remoteref) refs/heads/main refs/remotes/main [4ms]
2024-02-25 17:10:49.220 [info] > git status -z -uall [6ms]
2024-02-25 17:10:54.313 [info] > git config --get commit.template [47ms]
2024-02-25 17:10:54.314 [info] > git for-each-ref --format=%(refname)%00%(upstream:short)%00%(objectname)%00%(upstream:track)%00%(upstream:remotename)%00%(upstream:remoteref) refs/heads/main refs/remotes/main [4ms]
2024-02-25 17:10:54.336 [info] > git status -z -uall [4ms]
2024-02-25 17:10:55.817 [info] > git add -A -- . [7ms]
2024-02-25 17:10:55.846 [info] > git -c user.useConfigOnly=true commit --quiet --allow-empty-message --file - [15ms]
2024-02-25 17:10:55.866 [info] > git config --get commit.template [2ms]
2024-02-25 17:10:55.913 [info] > git config --get commit.template [22ms]
2024-02-25 17:10:55.915 [info] > git for-each-ref --format=%(refname)%00%(upstream:short)%00%(objectname)%00%(upstream:track)%00%(upstream:remotename)%00%(upstream:remoteref) refs/heads/main refs/remotes/main [3ms]
2024-02-25 17:10:55.930 [info] > git status -z -uall [3ms]
2024-02-25 17:10:55.993 [info] > git merge-base refs/heads/main refs/remotes/origin/main [15ms]
2024-02-25 17:10:56.003 [info] > git config --get commit.template [11ms]
2024-02-25 17:10:56.013 [info] > git rev-list --count --left-right refs/heads/main...refs/remotes/origin/main [10ms]
2024-02-25 17:10:56.016 [info] > git for-each-ref --format=%(refname)%00%(upstream:short)%00%(objectname)%00%(upstream:track)%00%(upstream:remotename)%00%(upstream:remoteref) refs/heads/main refs/remotes/main [4ms]
2024-02-25 17:10:56.029 [info] > git status -z -uall [3ms]
2024-02-25 17:10:57.146 [info] > git ls-files --stage -- /home/simgabrob/Bootcamp/Week 5/Day1/DC1.html [5ms]
2024-02-25 17:10:57.163 [info] > git cat-file -s 52e0cd884dbc72f954cfc9848796a56907a0acd8 [2ms]
2024-02-25 17:10:57.179 [info] > git show --textconv :Week 5/Day1/DC1.html [2ms]
2024-02-25 17:10:57.873 [info] > git log --oneline --cherry main...main@{upstream} -- [52ms]
2024-02-25 17:10:58.541 [info] > git pull --tags origin main [647ms]
2024-02-25 17:10:58.541 [info] From https://github.com/simongrobbins/DIbootcamp
 * branch            main       -> FETCH_HEAD
2024-02-25 17:11:00.489 [info] > git push origin main:main [1932ms]
2024-02-25 17:11:00.489 [info] To https://github.com/simongrobbins/DIbootcamp.git
   392b702..8da575c  main -> main
2024-02-25 17:11:00.523 [info] > git config --get commit.template [13ms]
2024-02-25 17:11:00.524 [info] > git for-each-ref --format=%(refname)%00%(upstream:short)%00%(objectname)%00%(upstream:track)%00%(upstream:remotename)%00%(upstream:remoteref) refs/heads/main refs/remotes/main [2ms]
2024-02-25 17:11:00.543 [info] > git status -z -uall [5ms]
2024-02-25 17:11:00.591 [info] > git merge-base refs/heads/main refs/remotes/origin/main [4ms]
2024-02-25 17:11:00.646 [info] > git rev-list --count --left-right refs/heads/main...refs/remotes/origin/main [5ms]
2024-02-25 17:11:22.621 [info] > git ls-files --stage -- /home/simgabrob/Bootcamp/Week 5/Day1/DC1.html [3ms]
2024-02-25 17:11:22.638 [info] > git cat-file -s 52e0cd884dbc72f954cfc9848796a56907a0acd8 [5ms]
2024-02-25 17:11:22.655 [info] > git show --textconv :Week 5/Day1/DC1.html [4ms]
