2024-02-04 17:31:06.444 [info] Log level: Info
2024-02-04 17:31:06.444 [info] Validating found git in: "git"
2024-02-04 17:31:06.444 [info] Using git "2.39.2" from "git"
2024-02-04 17:31:06.444 [info] > git rev-parse --show-toplevel [401ms]
2024-02-04 17:31:06.457 [info] > git rev-parse --show-toplevel [13ms]
2024-02-04 17:31:06.512 [info] > git rev-parse --show-toplevel [3ms]
2024-02-04 17:31:08.317 [info] > git rev-parse --show-toplevel [7ms]
2024-02-04 17:31:08.601 [info] > git rev-parse --show-toplevel [14ms]
2024-02-04 17:31:09.086 [info] > git rev-parse --show-toplevel [4ms]
2024-02-04 17:40:09.320 [info] > git rev-parse --show-toplevel [4ms]
2024-02-04 17:40:09.331 [info] > git rev-parse --git-dir --git-common-dir [2ms]
2024-02-04 17:40:09.362 [info] Open repository: /home/simgabrob
2024-02-04 17:40:09.391 [info] No remotes found in the git config file.
2024-02-04 17:40:09.398 [info] > git config --get commit.template [9ms]
2024-02-04 17:40:09.418 [info] > git for-each-ref --format=%(refname)%00%(upstream:short)%00%(objectname)%00%(upstream:track)%00%(upstream:remotename)%00%(upstream:remoteref) refs/heads/master refs/remotes/master [21ms]
2024-02-04 17:40:09.663 [info] > git status -z -uall [226ms]
2024-02-04 17:40:10.895 [info] > git config --get commit.template [33ms]
2024-02-04 17:40:10.905 [info] > git check-ignore -v -z --stdin [12ms]
2024-02-04 17:40:10.925 [info] No remotes found in the git config file.
2024-02-04 17:40:10.963 [info] > git for-each-ref --format=%(refname)%00%(upstream:short)%00%(objectname)%00%(upstream:track)%00%(upstream:remotename)%00%(upstream:remoteref) refs/heads/master refs/remotes/master [39ms]
2024-02-04 17:40:11.138 [info] > git status -z -uall [136ms]
2024-02-04 17:40:12.381 [info] > git show --textconv :Javascript/xp.js [13ms]
2024-02-04 17:40:12.381 [info] > git ls-files --stage -- /home/simgabrob/Javascript/xp.js [6ms]
2024-02-04 17:40:12.863 [info] > git check-ignore -v -z --stdin [2ms]
2024-02-04 17:40:13.399 [info] No remotes found in the git config file.
2024-02-04 17:40:13.400 [info] > git config --get commit.template [9ms]
2024-02-04 17:40:13.401 [info] > git for-each-ref --format=%(refname)%00%(upstream:short)%00%(objectname)%00%(upstream:track)%00%(upstream:remotename)%00%(upstream:remoteref) refs/heads/master refs/remotes/master [2ms]
2024-02-04 17:40:13.476 [info] > git status -z -uall [63ms]
2024-02-04 17:40:18.605 [info] No remotes found in the git config file.
2024-02-04 17:40:18.606 [info] > git config --get commit.template [12ms]
2024-02-04 17:40:18.607 [info] > git for-each-ref --format=%(refname)%00%(upstream:short)%00%(objectname)%00%(upstream:track)%00%(upstream:remotename)%00%(upstream:remoteref) refs/heads/master refs/remotes/master [2ms]
2024-02-04 17:40:18.667 [info] > git status -z -uall [52ms]
2024-02-04 17:40:23.771 [info] > git config --get commit.template [3ms]
2024-02-04 17:40:23.782 [info] No remotes found in the git config file.
2024-02-04 17:40:23.784 [info] > git for-each-ref --format=%(refname)%00%(upstream:short)%00%(objectname)%00%(upstream:track)%00%(upstream:remotename)%00%(upstream:remoteref) refs/heads/master refs/remotes/master [2ms]
2024-02-04 17:40:23.846 [info] > git status -z -uall [53ms]
2024-02-04 17:40:26.652 [info] > git -c user.useConfigOnly=true commit --quiet --allow-empty-message --file - [144ms]
2024-02-04 17:40:26.661 [info] > git config --get commit.template [1ms]
2024-02-04 17:40:26.685 [info] No remotes found in the git config file.
2024-02-04 17:40:26.686 [info] > git for-each-ref --format=%(refname)%00%(upstream:short)%00%(objectname)%00%(upstream:track)%00%(upstream:remotename)%00%(upstream:remoteref) refs/heads/master refs/remotes/master [1ms]
2024-02-04 17:40:26.687 [info] > git config --get commit.template [17ms]
2024-02-04 17:40:26.745 [info] > git status -z -uall [51ms]
2024-02-04 17:40:27.395 [info] > git for-each-ref --format=%(refname)%00%(upstream:short)%00%(objectname)%00%(upstream:track)%00%(upstream:remotename)%00%(upstream:remoteref) refs/heads/master [19ms]
2024-02-04 17:40:27.404 [info] > git config --get commit.template [12ms]
2024-02-04 17:40:27.405 [info] > git config --local branch.master.vscode-merge-base [2ms]
2024-02-04 17:40:27.423 [info] No remotes found in the git config file.
2024-02-04 17:40:27.424 [info] > git reflog refs/heads/master --grep-reflog=branch: Created from *. [11ms]
2024-02-04 17:40:27.431 [info] > git for-each-ref --format=%(refname)%00%(upstream:short)%00%(objectname)%00%(upstream:track)%00%(upstream:remotename)%00%(upstream:remoteref) refs/heads/master refs/remotes/master [8ms]
2024-02-04 17:40:27.441 [info] > git symbolic-ref --short refs/remotes/origin/HEAD [11ms]
2024-02-04 17:40:27.441 [info] fatal: ref refs/remotes/origin/HEAD is not a symbolic ref
2024-02-04 17:40:27.533 [info] > git status -z -uall [92ms]
2024-02-04 17:40:28.529 [info] > git ls-files --stage -- /home/simgabrob/Javascript/xp.js [4ms]
2024-02-04 17:40:28.543 [info] > git show --textconv :Javascript/xp.js [2ms]
2024-02-04 17:40:28.650 [info] > git check-ignore -v -z --stdin [5ms]
2024-02-04 17:40:28.988 [info] No remotes found in the git config file.
2024-02-04 17:40:28.990 [info] > git config --get commit.template [31ms]
2024-02-04 17:40:28.997 [info] > git for-each-ref --format=%(refname)%00%(upstream:short)%00%(objectname)%00%(upstream:track)%00%(upstream:remotename)%00%(upstream:remoteref) refs/heads/master refs/remotes/master [9ms]
2024-02-04 17:40:29.146 [info] > git status -z -uall [124ms]
2024-02-04 17:40:34.256 [info] No remotes found in the git config file.
2024-02-04 17:40:34.257 [info] > git config --get commit.template [14ms]
2024-02-04 17:40:34.258 [info] > git for-each-ref --format=%(refname)%00%(upstream:short)%00%(objectname)%00%(upstream:track)%00%(upstream:remotename)%00%(upstream:remoteref) refs/heads/master refs/remotes/master [2ms]
2024-02-04 17:40:34.318 [info] > git status -z -uall [52ms]
2024-02-04 17:40:39.412 [info] No remotes found in the git config file.
2024-02-04 17:40:39.412 [info] > git config --get commit.template [10ms]
2024-02-04 17:40:39.413 [info] > git for-each-ref --format=%(refname)%00%(upstream:short)%00%(objectname)%00%(upstream:track)%00%(upstream:remotename)%00%(upstream:remoteref) refs/heads/master refs/remotes/master [2ms]
2024-02-04 17:40:39.474 [info] > git status -z -uall [52ms]
2024-02-04 17:40:44.617 [info] No remotes found in the git config file.
2024-02-04 17:40:44.622 [info] > git config --get commit.template [42ms]
2024-02-04 17:40:44.625 [info] > git for-each-ref --format=%(refname)%00%(upstream:short)%00%(objectname)%00%(upstream:track)%00%(upstream:remotename)%00%(upstream:remoteref) refs/heads/master refs/remotes/master [9ms]
2024-02-04 17:40:44.714 [info] > git status -z -uall [64ms]
2024-02-04 17:41:38.432 [info] > git check-ignore -v -z --stdin [7ms]
2024-02-04 17:41:40.713 [info] > git check-ignore -v -z --stdin [21ms]
2024-02-04 17:41:42.316 [info] No remotes found in the git config file.
2024-02-04 17:41:42.318 [info] > git for-each-ref --format=%(refname)%00%(upstream:short)%00%(objectname)%00%(upstream:track)%00%(upstream:remotename)%00%(upstream:remoteref) refs/heads/master refs/remotes/master [2ms]
2024-02-04 17:41:42.318 [info] > git config --get commit.template [22ms]
2024-02-04 17:41:42.403 [info] > git status -z -uall [74ms]
2024-02-04 17:41:47.520 [info] > git config --get commit.template [2ms]
2024-02-04 17:41:47.529 [info] No remotes found in the git config file.
2024-02-04 17:41:47.530 [info] > git for-each-ref --format=%(refname)%00%(upstream:short)%00%(objectname)%00%(upstream:track)%00%(upstream:remotename)%00%(upstream:remoteref) refs/heads/master refs/remotes/master [1ms]
2024-02-04 17:41:47.599 [info] > git status -z -uall [62ms]
2024-02-04 17:41:52.691 [info] No remotes found in the git config file.
2024-02-04 17:41:52.692 [info] > git config --get commit.template [10ms]
2024-02-04 17:41:52.693 [info] > git for-each-ref --format=%(refname)%00%(upstream:short)%00%(objectname)%00%(upstream:track)%00%(upstream:remotename)%00%(upstream:remoteref) refs/heads/master refs/remotes/master [2ms]
2024-02-04 17:41:52.754 [info] > git status -z -uall [53ms]
2024-02-04 17:41:57.830 [info] > git config --get commit.template [2ms]
2024-02-04 17:41:57.840 [info] No remotes found in the git config file.
2024-02-04 17:41:57.841 [info] > git for-each-ref --format=%(refname)%00%(upstream:short)%00%(objectname)%00%(upstream:track)%00%(upstream:remotename)%00%(upstream:remoteref) refs/heads/master refs/remotes/master [1ms]
2024-02-04 17:41:57.903 [info] > git status -z -uall [55ms]
2024-02-04 17:42:03.013 [info] No remotes found in the git config file.
2024-02-04 17:42:03.014 [info] > git config --get commit.template [19ms]
2024-02-04 17:42:03.015 [info] > git for-each-ref --format=%(refname)%00%(upstream:short)%00%(objectname)%00%(upstream:track)%00%(upstream:remotename)%00%(upstream:remoteref) refs/heads/master refs/remotes/master [2ms]
2024-02-04 17:42:03.075 [info] > git status -z -uall [52ms]
2024-02-04 17:42:08.225 [info] No remotes found in the git config file.
2024-02-04 17:42:08.228 [info] > git config --get commit.template [45ms]
2024-02-04 17:42:08.231 [info] > git for-each-ref --format=%(refname)%00%(upstream:short)%00%(objectname)%00%(upstream:track)%00%(upstream:remotename)%00%(upstream:remoteref) refs/heads/master refs/remotes/master [7ms]
2024-02-04 17:42:08.372 [info] > git status -z -uall [124ms]
2024-02-04 17:42:13.512 [info] No remotes found in the git config file.
2024-02-04 17:42:13.513 [info] > git config --get commit.template [19ms]
2024-02-04 17:42:13.514 [info] > git for-each-ref --format=%(refname)%00%(upstream:short)%00%(objectname)%00%(upstream:track)%00%(upstream:remotename)%00%(upstream:remoteref) refs/heads/master refs/remotes/master [2ms]
2024-02-04 17:42:13.578 [info] > git status -z -uall [54ms]
2024-02-04 17:43:27.985 [info] > git config --get commit.template [1ms]
2024-02-04 17:43:27.999 [info] No remotes found in the git config file.
2024-02-04 17:43:28.004 [info] > git for-each-ref --format=%(refname)%00%(upstream:short)%00%(objectname)%00%(upstream:track)%00%(upstream:remotename)%00%(upstream:remoteref) refs/heads/master refs/remotes/master [4ms]
2024-02-04 17:43:28.152 [info] > git status -z -uall [139ms]
2024-02-04 17:43:28.780 [info] > git check-ignore -v -z --stdin [3ms]
2024-02-04 17:43:33.307 [info] No remotes found in the git config file.
2024-02-04 17:43:33.314 [info] > git config --get commit.template [8ms]
2024-02-04 17:43:33.315 [info] > git for-each-ref --format=%(refname)%00%(upstream:short)%00%(objectname)%00%(upstream:track)%00%(upstream:remotename)%00%(upstream:remoteref) refs/heads/master refs/remotes/master [2ms]
2024-02-04 17:43:33.370 [info] > git status -z -uall [49ms]
2024-02-04 17:44:00.438 [info] No remotes found in the git config file.
2024-02-04 17:44:00.439 [info] > git config --get commit.template [11ms]
2024-02-04 17:44:00.439 [info] > git for-each-ref --format=%(refname)%00%(upstream:short)%00%(objectname)%00%(upstream:track)%00%(upstream:remotename)%00%(upstream:remoteref) refs/heads/master refs/remotes/master [1ms]
2024-02-04 17:44:00.500 [info] > git status -z -uall [54ms]
2024-02-05 10:14:18.779 [info] No remotes found in the git config file.
2024-02-05 10:14:18.780 [info] > git config --get commit.template [10ms]
2024-02-05 10:14:18.780 [info] > git for-each-ref --format=%(refname)%00%(upstream:short)%00%(objectname)%00%(upstream:track)%00%(upstream:remotename)%00%(upstream:remoteref) refs/heads/master refs/remotes/master [2ms]
2024-02-05 10:14:18.852 [info] > git status -z -uall [65ms]
2024-02-05 10:14:23.967 [info] No remotes found in the git config file.
2024-02-05 10:14:23.989 [info] > git config --get commit.template [25ms]
2024-02-05 10:14:23.990 [info] > git for-each-ref --format=%(refname)%00%(upstream:short)%00%(objectname)%00%(upstream:track)%00%(upstream:remotename)%00%(upstream:remoteref) refs/heads/master refs/remotes/master [3ms]
2024-02-05 10:14:24.054 [info] > git status -z -uall [53ms]
2024-02-05 10:14:29.132 [info] No remotes found in the git config file.
2024-02-05 10:14:29.133 [info] > git config --get commit.template [7ms]
2024-02-05 10:14:29.134 [info] > git for-each-ref --format=%(refname)%00%(upstream:short)%00%(objectname)%00%(upstream:track)%00%(upstream:remotename)%00%(upstream:remoteref) refs/heads/master refs/remotes/master [1ms]
2024-02-05 10:14:29.187 [info] > git status -z -uall [47ms]
2024-02-05 10:14:34.273 [info] No remotes found in the git config file.
2024-02-05 10:14:34.274 [info] > git config --get commit.template [9ms]
2024-02-05 10:14:34.275 [info] > git for-each-ref --format=%(refname)%00%(upstream:short)%00%(objectname)%00%(upstream:track)%00%(upstream:remotename)%00%(upstream:remoteref) refs/heads/master refs/remotes/master [1ms]
2024-02-05 10:14:34.340 [info] > git status -z -uall [58ms]
2024-02-05 10:14:39.439 [info] No remotes found in the git config file.
2024-02-05 10:14:39.441 [info] > git config --get commit.template [19ms]
2024-02-05 10:14:39.442 [info] > git for-each-ref --format=%(refname)%00%(upstream:short)%00%(objectname)%00%(upstream:track)%00%(upstream:remotename)%00%(upstream:remoteref) refs/heads/master refs/remotes/master [3ms]
2024-02-05 10:14:39.498 [info] > git status -z -uall [48ms]
2024-02-05 10:14:44.572 [info] > git config --get commit.template [2ms]
2024-02-05 10:14:44.580 [info] No remotes found in the git config file.
2024-02-05 10:14:44.581 [info] > git for-each-ref --format=%(refname)%00%(upstream:short)%00%(objectname)%00%(upstream:track)%00%(upstream:remotename)%00%(upstream:remoteref) refs/heads/master refs/remotes/master [1ms]
2024-02-05 10:14:44.638 [info] > git status -z -uall [50ms]
2024-02-05 10:14:49.745 [info] No remotes found in the git config file.
2024-02-05 10:14:49.747 [info] > git config --get commit.template [26ms]
2024-02-05 10:14:49.750 [info] > git for-each-ref --format=%(refname)%00%(upstream:short)%00%(objectname)%00%(upstream:track)%00%(upstream:remotename)%00%(upstream:remoteref) refs/heads/master refs/remotes/master [5ms]
2024-02-05 10:14:49.817 [info] > git status -z -uall [53ms]
2024-02-05 10:14:54.917 [info] No remotes found in the git config file.
2024-02-05 10:14:54.918 [info] > git config --get commit.template [18ms]
2024-02-05 10:14:54.919 [info] > git for-each-ref --format=%(refname)%00%(upstream:short)%00%(objectname)%00%(upstream:track)%00%(upstream:remotename)%00%(upstream:remoteref) refs/heads/master refs/remotes/master [3ms]
2024-02-05 10:14:54.983 [info] > git status -z -uall [55ms]
2024-02-05 10:15:00.083 [info] No remotes found in the git config file.
2024-02-05 10:15:00.084 [info] > git config --get commit.template [15ms]
2024-02-05 10:15:00.085 [info] > git for-each-ref --format=%(refname)%00%(upstream:short)%00%(objectname)%00%(upstream:track)%00%(upstream:remotename)%00%(upstream:remoteref) refs/heads/master refs/remotes/master [2ms]
2024-02-05 10:15:00.140 [info] > git status -z -uall [47ms]
2024-02-05 10:15:05.212 [info] No remotes found in the git config file.
2024-02-05 10:15:05.220 [info] > git config --get commit.template [9ms]
2024-02-05 10:15:05.221 [info] > git for-each-ref --format=%(refname)%00%(upstream:short)%00%(objectname)%00%(upstream:track)%00%(upstream:remotename)%00%(upstream:remoteref) refs/heads/master refs/remotes/master [2ms]
2024-02-05 10:15:05.275 [info] > git status -z -uall [47ms]
2024-02-05 10:15:10.352 [info] No remotes found in the git config file.
2024-02-05 10:15:10.353 [info] > git config --get commit.template [10ms]
2024-02-05 10:15:10.354 [info] > git for-each-ref --format=%(refname)%00%(upstream:short)%00%(objectname)%00%(upstream:track)%00%(upstream:remotename)%00%(upstream:remoteref) refs/heads/master refs/remotes/master [2ms]
2024-02-05 10:15:10.413 [info] > git status -z -uall [51ms]
2024-02-05 10:15:15.499 [info] No remotes found in the git config file.
2024-02-05 10:15:15.500 [info] > git config --get commit.template [10ms]
2024-02-05 10:15:15.500 [info] > git for-each-ref --format=%(refname)%00%(upstream:short)%00%(objectname)%00%(upstream:track)%00%(upstream:remotename)%00%(upstream:remoteref) refs/heads/master refs/remotes/master [2ms]
2024-02-05 10:15:15.563 [info] > git status -z -uall [53ms]
2024-02-05 10:15:20.683 [info] No remotes found in the git config file.
2024-02-05 10:15:20.685 [info] > git config --get commit.template [28ms]
2024-02-05 10:15:20.686 [info] > git for-each-ref --format=%(refname)%00%(upstream:short)%00%(objectname)%00%(upstream:track)%00%(upstream:remotename)%00%(upstream:remoteref) refs/heads/master refs/remotes/master [4ms]
2024-02-05 10:15:20.756 [info] > git status -z -uall [54ms]
2024-02-05 10:15:25.834 [info] No remotes found in the git config file.
2024-02-05 10:15:25.835 [info] > git config --get commit.template [10ms]
2024-02-05 10:15:25.836 [info] > git for-each-ref --format=%(refname)%00%(upstream:short)%00%(objectname)%00%(upstream:track)%00%(upstream:remotename)%00%(upstream:remoteref) refs/heads/master refs/remotes/master [2ms]
2024-02-05 10:15:25.892 [info] > git status -z -uall [48ms]
2024-02-05 10:15:30.979 [info] No remotes found in the git config file.
2024-02-05 10:15:30.980 [info] > git config --get commit.template [9ms]
2024-02-05 10:15:30.980 [info] > git for-each-ref --format=%(refname)%00%(upstream:short)%00%(objectname)%00%(upstream:track)%00%(upstream:remotename)%00%(upstream:remoteref) refs/heads/master refs/remotes/master [1ms]
2024-02-05 10:15:31.039 [info] > git status -z -uall [51ms]
2024-02-05 10:15:36.155 [info] No remotes found in the git config file.
2024-02-05 10:15:36.157 [info] > git config --get commit.template [29ms]
2024-02-05 10:15:36.158 [info] > git for-each-ref --format=%(refname)%00%(upstream:short)%00%(objectname)%00%(upstream:track)%00%(upstream:remotename)%00%(upstream:remoteref) refs/heads/master refs/remotes/master [3ms]
2024-02-05 10:15:36.230 [info] > git status -z -uall [55ms]
2024-02-05 10:15:41.300 [info] No remotes found in the git config file.
2024-02-05 10:15:41.309 [info] > git config --get commit.template [9ms]
2024-02-05 10:15:41.309 [info] > git for-each-ref --format=%(refname)%00%(upstream:short)%00%(objectname)%00%(upstream:track)%00%(upstream:remotename)%00%(upstream:remoteref) refs/heads/master refs/remotes/master [1ms]
2024-02-05 10:15:41.364 [info] > git status -z -uall [47ms]
2024-02-05 10:15:46.435 [info] No remotes found in the git config file.
2024-02-05 10:15:46.444 [info] > git config --get commit.template [9ms]
2024-02-05 10:15:46.445 [info] > git for-each-ref --format=%(refname)%00%(upstream:short)%00%(objectname)%00%(upstream:track)%00%(upstream:remotename)%00%(upstream:remoteref) refs/heads/master refs/remotes/master [1ms]
2024-02-05 10:15:46.501 [info] > git status -z -uall [47ms]
2024-02-05 10:15:51.583 [info] No remotes found in the git config file.
2024-02-05 10:15:51.584 [info] > git config --get commit.template [14ms]
2024-02-05 10:15:51.585 [info] > git for-each-ref --format=%(refname)%00%(upstream:short)%00%(objectname)%00%(upstream:track)%00%(upstream:remotename)%00%(upstream:remoteref) refs/heads/master refs/remotes/master [2ms]
2024-02-05 10:15:51.642 [info] > git status -z -uall [47ms]
2024-02-05 10:15:56.720 [info] No remotes found in the git config file.
2024-02-05 10:15:56.721 [info] > git config --get commit.template [10ms]
2024-02-05 10:15:56.722 [info] > git for-each-ref --format=%(refname)%00%(upstream:short)%00%(objectname)%00%(upstream:track)%00%(upstream:remotename)%00%(upstream:remoteref) refs/heads/master refs/remotes/master [1ms]
2024-02-05 10:15:56.779 [info] > git status -z -uall [49ms]
2024-02-05 10:16:01.896 [info] No remotes found in the git config file.
2024-02-05 10:16:01.897 [info] > git config --get commit.template [28ms]
2024-02-05 10:16:01.899 [info] > git for-each-ref --format=%(refname)%00%(upstream:short)%00%(objectname)%00%(upstream:track)%00%(upstream:remotename)%00%(upstream:remoteref) refs/heads/master refs/remotes/master [3ms]
2024-02-05 10:16:01.959 [info] > git status -z -uall [47ms]
2024-02-05 10:16:07.026 [info] > git config --get commit.template [1ms]
2024-02-05 10:16:07.033 [info] No remotes found in the git config file.
2024-02-05 10:16:07.034 [info] > git for-each-ref --format=%(refname)%00%(upstream:short)%00%(objectname)%00%(upstream:track)%00%(upstream:remotename)%00%(upstream:remoteref) refs/heads/master refs/remotes/master [1ms]
2024-02-05 10:16:07.095 [info] > git status -z -uall [54ms]
2024-02-05 10:16:12.179 [info] No remotes found in the git config file.
2024-02-05 10:16:12.180 [info] > git config --get commit.template [9ms]
2024-02-05 10:16:12.180 [info] > git for-each-ref --format=%(refname)%00%(upstream:short)%00%(objectname)%00%(upstream:track)%00%(upstream:remotename)%00%(upstream:remoteref) refs/heads/master refs/remotes/master [1ms]
2024-02-05 10:16:12.239 [info] > git status -z -uall [51ms]
2024-02-05 10:16:17.324 [info] No remotes found in the git config file.
2024-02-05 10:16:17.325 [info] > git config --get commit.template [10ms]
2024-02-05 10:16:17.325 [info] > git for-each-ref --format=%(refname)%00%(upstream:short)%00%(objectname)%00%(upstream:track)%00%(upstream:remotename)%00%(upstream:remoteref) refs/heads/master refs/remotes/master [1ms]
2024-02-05 10:16:17.378 [info] > git status -z -uall [46ms]
2024-02-05 10:16:22.470 [info] > git config --get commit.template [2ms]
2024-02-05 10:16:22.477 [info] No remotes found in the git config file.
2024-02-05 10:16:22.478 [info] > git for-each-ref --format=%(refname)%00%(upstream:short)%00%(objectname)%00%(upstream:track)%00%(upstream:remotename)%00%(upstream:remoteref) refs/heads/master refs/remotes/master [2ms]
2024-02-05 10:16:22.531 [info] > git status -z -uall [47ms]
2024-02-05 10:16:27.629 [info] > git config --get commit.template [3ms]
2024-02-05 10:16:27.640 [info] No remotes found in the git config file.
2024-02-05 10:16:27.641 [info] > git for-each-ref --format=%(refname)%00%(upstream:short)%00%(objectname)%00%(upstream:track)%00%(upstream:remotename)%00%(upstream:remoteref) refs/heads/master refs/remotes/master [1ms]
2024-02-05 10:16:27.694 [info] > git status -z -uall [45ms]
2024-02-05 10:16:32.793 [info] No remotes found in the git config file.
2024-02-05 10:16:32.794 [info] > git config --get commit.template [18ms]
2024-02-05 10:16:32.795 [info] > git for-each-ref --format=%(refname)%00%(upstream:short)%00%(objectname)%00%(upstream:track)%00%(upstream:remotename)%00%(upstream:remoteref) refs/heads/master refs/remotes/master [3ms]
2024-02-05 10:16:32.850 [info] > git status -z -uall [47ms]
2024-02-05 10:16:37.962 [info] No remotes found in the git config file.
2024-02-05 10:16:37.963 [info] > git config --get commit.template [22ms]
2024-02-05 10:16:37.964 [info] > git for-each-ref --format=%(refname)%00%(upstream:short)%00%(objectname)%00%(upstream:track)%00%(upstream:remotename)%00%(upstream:remoteref) refs/heads/master refs/remotes/master [3ms]
2024-02-05 10:16:38.026 [info] > git status -z -uall [53ms]
2024-02-05 10:16:43.141 [info] No remotes found in the git config file.
2024-02-05 10:16:43.143 [info] > git config --get commit.template [27ms]
2024-02-05 10:16:43.144 [info] > git for-each-ref --format=%(refname)%00%(upstream:short)%00%(objectname)%00%(upstream:track)%00%(upstream:remotename)%00%(upstream:remoteref) refs/heads/master refs/remotes/master [4ms]
2024-02-05 10:16:43.203 [info] > git status -z -uall [48ms]
2024-02-05 10:16:48.310 [info] No remotes found in the git config file.
2024-02-05 10:16:48.313 [info] > git config --get commit.template [27ms]
2024-02-05 10:16:48.314 [info] > git for-each-ref --format=%(refname)%00%(upstream:short)%00%(objectname)%00%(upstream:track)%00%(upstream:remotename)%00%(upstream:remoteref) refs/heads/master refs/remotes/master [5ms]
2024-02-05 10:16:48.380 [info] > git status -z -uall [50ms]
2024-02-05 10:16:53.459 [info] No remotes found in the git config file.
2024-02-05 10:16:53.460 [info] > git config --get commit.template [9ms]
2024-02-05 10:16:53.460 [info] > git for-each-ref --format=%(refname)%00%(upstream:short)%00%(objectname)%00%(upstream:track)%00%(upstream:remotename)%00%(upstream:remoteref) refs/heads/master refs/remotes/master [2ms]
2024-02-05 10:16:53.516 [info] > git status -z -uall [49ms]
2024-02-05 10:16:58.599 [info] No remotes found in the git config file.
2024-02-05 10:16:58.600 [info] > git config --get commit.template [10ms]
2024-02-05 10:16:58.601 [info] > git for-each-ref --format=%(refname)%00%(upstream:short)%00%(objectname)%00%(upstream:track)%00%(upstream:remotename)%00%(upstream:remoteref) refs/heads/master refs/remotes/master [2ms]
2024-02-05 10:16:58.676 [info] > git status -z -uall [67ms]
2024-02-05 10:17:03.784 [info] No remotes found in the git config file.
2024-02-05 10:17:03.785 [info] > git config --get commit.template [10ms]
2024-02-05 10:17:03.786 [info] > git for-each-ref --format=%(refname)%00%(upstream:short)%00%(objectname)%00%(upstream:track)%00%(upstream:remotename)%00%(upstream:remoteref) refs/heads/master refs/remotes/master [1ms]
2024-02-05 10:17:03.841 [info] > git status -z -uall [48ms]
2024-02-05 10:17:08.948 [info] No remotes found in the git config file.
2024-02-05 10:17:08.949 [info] > git config --get commit.template [20ms]
2024-02-05 10:17:08.950 [info] > git for-each-ref --format=%(refname)%00%(upstream:short)%00%(objectname)%00%(upstream:track)%00%(upstream:remotename)%00%(upstream:remoteref) refs/heads/master refs/remotes/master [3ms]
2024-02-05 10:17:09.012 [info] > git status -z -uall [50ms]
2024-02-05 10:17:14.096 [info] No remotes found in the git config file.
2024-02-05 10:17:14.097 [info] > git config --get commit.template [12ms]
2024-02-05 10:17:14.098 [info] > git for-each-ref --format=%(refname)%00%(upstream:short)%00%(objectname)%00%(upstream:track)%00%(upstream:remotename)%00%(upstream:remoteref) refs/heads/master refs/remotes/master [2ms]
2024-02-05 10:17:14.159 [info] > git status -z -uall [51ms]
2024-02-05 10:35:11.039 [info] No remotes found in the git config file.
2024-02-05 10:35:11.040 [info] > git config --get commit.template [7ms]
2024-02-05 10:35:11.040 [info] > git for-each-ref --format=%(refname)%00%(upstream:short)%00%(objectname)%00%(upstream:track)%00%(upstream:remotename)%00%(upstream:remoteref) refs/heads/master refs/remotes/master [1ms]
2024-02-05 10:35:11.117 [info] > git status -z -uall [69ms]
2024-02-05 10:35:16.219 [info] No remotes found in the git config file.
2024-02-05 10:35:16.220 [info] > git config --get commit.template [9ms]
2024-02-05 10:35:16.220 [info] > git for-each-ref --format=%(refname)%00%(upstream:short)%00%(objectname)%00%(upstream:track)%00%(upstream:remotename)%00%(upstream:remoteref) refs/heads/master refs/remotes/master [2ms]
2024-02-05 10:35:16.283 [info] > git status -z -uall [54ms]
2024-02-05 10:35:21.379 [info] No remotes found in the git config file.
2024-02-05 10:35:21.381 [info] > git config --get commit.template [17ms]
2024-02-05 10:35:21.381 [info] > git for-each-ref --format=%(refname)%00%(upstream:short)%00%(objectname)%00%(upstream:track)%00%(upstream:remotename)%00%(upstream:remoteref) refs/heads/master refs/remotes/master [2ms]
2024-02-05 10:35:21.438 [info] > git status -z -uall [49ms]
2024-02-05 10:35:26.576 [info] No remotes found in the git config file.
2024-02-05 10:35:26.580 [info] > git config --get commit.template [34ms]
2024-02-05 10:35:26.582 [info] > git for-each-ref --format=%(refname)%00%(upstream:short)%00%(objectname)%00%(upstream:track)%00%(upstream:remotename)%00%(upstream:remoteref) refs/heads/master refs/remotes/master [6ms]
2024-02-05 10:35:26.683 [info] > git status -z -uall [74ms]
2024-02-05 10:35:27.571 [info] > git show --textconv :Javascript/xp.js [10ms]
2024-02-05 10:35:27.573 [info] > git ls-files --stage -- /home/simgabrob/Javascript/xp.js [2ms]
2024-02-05 10:35:31.789 [info] No remotes found in the git config file.
2024-02-05 10:35:31.790 [info] > git config --get commit.template [15ms]
2024-02-05 10:35:31.791 [info] > git for-each-ref --format=%(refname)%00%(upstream:short)%00%(objectname)%00%(upstream:track)%00%(upstream:remotename)%00%(upstream:remoteref) refs/heads/master refs/remotes/master [2ms]
2024-02-05 10:35:31.847 [info] > git status -z -uall [49ms]
