2024-02-08 13:43:55.572 [info] Log level: Info
2024-02-08 13:43:55.572 [info] Validating found git in: "git"
2024-02-08 13:43:55.572 [info] Using git "2.39.2" from "git"
2024-02-08 13:43:55.572 [info] > git rev-parse --show-toplevel [124ms]
2024-02-08 13:43:55.572 [info] > git rev-parse --git-dir --git-common-dir [22ms]
2024-02-08 13:43:55.572 [info] Open repository: /home/simgabrob/Bootcamp
2024-02-08 13:43:55.588 [info] > git config --get commit.template [77ms]
2024-02-08 13:43:55.822 [info] > git rev-parse --show-toplevel [250ms]
2024-02-08 13:43:55.886 [info] > git for-each-ref --format=%(refname)%00%(upstream:short)%00%(objectname)%00%(upstream:track)%00%(upstream:remotename)%00%(upstream:remoteref) refs/heads/main refs/remotes/main [214ms]
2024-02-08 13:43:55.943 [info] > git rev-parse --show-toplevel [58ms]
2024-02-08 13:43:56.035 [info] > git rev-parse --show-toplevel [19ms]
2024-02-08 13:43:56.543 [info] > git status -z -uall [331ms]
2024-02-08 13:43:56.544 [info] > git rev-parse --show-toplevel [269ms]
2024-02-08 13:43:56.707 [info] > git config --get commit.template [6ms]
2024-02-08 13:43:56.708 [info] > git rev-parse --show-toplevel [65ms]
2024-02-08 13:43:57.190 [info] > git rev-parse --show-toplevel [362ms]
2024-02-08 13:43:57.479 [info] > git for-each-ref --format=%(refname)%00%(upstream:short)%00%(objectname)%00%(upstream:track)%00%(upstream:remotename)%00%(upstream:remoteref) refs/heads/main refs/remotes/main [289ms]
2024-02-08 13:43:57.485 [info] > git check-ignore -v -z --stdin [35ms]
2024-02-08 13:43:57.519 [info] > git rev-parse --show-toplevel [41ms]
2024-02-08 13:43:57.593 [info] > git status -z -uall [10ms]
2024-02-08 13:44:01.670 [info] > git show --textconv :Mini Game week 2/miniProject.js [85ms]
2024-02-08 13:44:01.671 [info] > git ls-files --stage -- /home/simgabrob/Bootcamp/Mini Game week 2/miniProject.js [63ms]
2024-02-08 13:44:01.760 [info] > git cat-file -s fa31fcbadc1366010b0386a7a14f940cd795ea2f [46ms]
2024-02-08 13:44:32.251 [info] > git config --get commit.template [10ms]
2024-02-08 13:44:32.256 [info] > git for-each-ref --format=%(refname)%00%(upstream:short)%00%(objectname)%00%(upstream:track)%00%(upstream:remotename)%00%(upstream:remoteref) refs/heads/main refs/remotes/main [6ms]
2024-02-08 13:44:32.265 [info] > git status -z -uall [2ms]
2024-02-08 13:44:37.289 [info] > git config --get commit.template [11ms]
2024-02-08 13:44:37.290 [info] > git for-each-ref --format=%(refname)%00%(upstream:short)%00%(objectname)%00%(upstream:track)%00%(upstream:remotename)%00%(upstream:remoteref) refs/heads/main refs/remotes/main [3ms]
2024-02-08 13:44:37.303 [info] > git status -z -uall [4ms]
2024-02-08 13:44:56.056 [info] > git check-ignore -v -z --stdin [16ms]
2024-02-08 13:45:18.899 [info] > git config --get commit.template [42ms]
2024-02-08 13:45:18.910 [info] > git for-each-ref --format=%(refname)%00%(upstream:short)%00%(objectname)%00%(upstream:track)%00%(upstream:remotename)%00%(upstream:remoteref) refs/heads/main refs/remotes/main [18ms]
2024-02-08 13:45:18.939 [info] > git status -z -uall [3ms]
2024-02-08 13:45:36.289 [info] > git config --get commit.template [33ms]
2024-02-08 13:45:36.293 [info] > git for-each-ref --format=%(refname)%00%(upstream:short)%00%(objectname)%00%(upstream:track)%00%(upstream:remotename)%00%(upstream:remoteref) refs/heads/main refs/remotes/main [15ms]
2024-02-08 13:45:36.315 [info] > git status -z -uall [4ms]
2024-02-08 13:45:41.359 [info] > git config --get commit.template [16ms]
2024-02-08 13:45:41.360 [info] > git for-each-ref --format=%(refname)%00%(upstream:short)%00%(objectname)%00%(upstream:track)%00%(upstream:remotename)%00%(upstream:remoteref) refs/heads/main refs/remotes/main [4ms]
2024-02-08 13:45:41.376 [info] > git status -z -uall [3ms]
2024-02-08 13:45:49.759 [info] > git for-each-ref --format=%(refname)%00%(upstream:short)%00%(objectname)%00%(upstream:track)%00%(upstream:remotename)%00%(upstream:remoteref) refs/heads/main refs/remotes/main [2ms]
2024-02-08 13:45:49.760 [info] > git config --get commit.template [15ms]
2024-02-08 13:45:49.774 [info] > git status -z -uall [3ms]
2024-02-08 13:45:57.687 [info] > git config --get commit.template [16ms]
2024-02-08 13:45:57.688 [info] > git for-each-ref --format=%(refname)%00%(upstream:short)%00%(objectname)%00%(upstream:track)%00%(upstream:remotename)%00%(upstream:remoteref) refs/heads/main refs/remotes/main [6ms]
2024-02-08 13:45:57.710 [info] > git status -z -uall [3ms]
2024-02-08 13:46:02.764 [info] > git config --get commit.template [26ms]
2024-02-08 13:46:02.765 [info] > git for-each-ref --format=%(refname)%00%(upstream:short)%00%(objectname)%00%(upstream:track)%00%(upstream:remotename)%00%(upstream:remoteref) refs/heads/main refs/remotes/main [3ms]
2024-02-08 13:46:02.776 [info] > git status -z -uall [2ms]
2024-02-08 13:46:07.795 [info] > git config --get commit.template [1ms]
2024-02-08 13:46:07.808 [info] > git for-each-ref --format=%(refname)%00%(upstream:short)%00%(objectname)%00%(upstream:track)%00%(upstream:remotename)%00%(upstream:remoteref) refs/heads/main refs/remotes/main [3ms]
2024-02-08 13:46:07.821 [info] > git status -z -uall [3ms]
2024-02-08 13:46:12.841 [info] > git config --get commit.template [3ms]
2024-02-08 13:46:12.848 [info] > git for-each-ref --format=%(refname)%00%(upstream:short)%00%(objectname)%00%(upstream:track)%00%(upstream:remotename)%00%(upstream:remoteref) refs/heads/main refs/remotes/main [2ms]
2024-02-08 13:46:12.856 [info] > git status -z -uall [1ms]
2024-02-08 13:46:30.846 [info] > git config --get commit.template [2ms]
2024-02-08 13:46:30.863 [info] > git for-each-ref --format=%(refname)%00%(upstream:short)%00%(objectname)%00%(upstream:track)%00%(upstream:remotename)%00%(upstream:remoteref) refs/heads/main refs/remotes/main [3ms]
2024-02-08 13:46:30.876 [info] > git status -z -uall [2ms]
2024-02-08 13:46:35.944 [info] > git config --get commit.template [24ms]
2024-02-08 13:46:35.951 [info] > git for-each-ref --format=%(refname)%00%(upstream:short)%00%(objectname)%00%(upstream:track)%00%(upstream:remotename)%00%(upstream:remoteref) refs/heads/main refs/remotes/main [10ms]
2024-02-08 13:46:35.966 [info] > git status -z -uall [3ms]
2024-02-08 13:46:42.844 [info] > git config --get commit.template [25ms]
2024-02-08 13:46:42.850 [info] > git for-each-ref --format=%(refname)%00%(upstream:short)%00%(objectname)%00%(upstream:track)%00%(upstream:remotename)%00%(upstream:remoteref) refs/heads/main refs/remotes/main [8ms]
2024-02-08 13:46:42.882 [info] > git status -z -uall [7ms]
2024-02-08 13:46:47.952 [info] > git config --get commit.template [26ms]
2024-02-08 13:46:47.958 [info] > git for-each-ref --format=%(refname)%00%(upstream:short)%00%(objectname)%00%(upstream:track)%00%(upstream:remotename)%00%(upstream:remoteref) refs/heads/main refs/remotes/main [9ms]
2024-02-08 13:46:47.988 [info] > git status -z -uall [8ms]
2024-02-08 13:47:29.818 [info] > git config --get commit.template [2ms]
2024-02-08 13:47:29.830 [info] > git for-each-ref --format=%(refname)%00%(upstream:short)%00%(objectname)%00%(upstream:track)%00%(upstream:remotename)%00%(upstream:remoteref) refs/heads/main refs/remotes/main [2ms]
2024-02-08 13:47:29.840 [info] > git status -z -uall [2ms]
2024-02-08 13:47:34.857 [info] > git config --get commit.template [3ms]
2024-02-08 13:47:34.864 [info] > git for-each-ref --format=%(refname)%00%(upstream:short)%00%(objectname)%00%(upstream:track)%00%(upstream:remotename)%00%(upstream:remoteref) refs/heads/main refs/remotes/main [2ms]
2024-02-08 13:47:34.872 [info] > git status -z -uall [2ms]
2024-02-08 13:48:05.169 [info] > git config --get commit.template [9ms]
2024-02-08 13:48:05.170 [info] > git for-each-ref --format=%(refname)%00%(upstream:short)%00%(objectname)%00%(upstream:track)%00%(upstream:remotename)%00%(upstream:remoteref) refs/heads/main refs/remotes/main [3ms]
2024-02-08 13:48:05.182 [info] > git status -z -uall [3ms]
2024-02-08 13:48:10.221 [info] > git config --get commit.template [15ms]
2024-02-08 13:48:10.221 [info] > git for-each-ref --format=%(refname)%00%(upstream:short)%00%(objectname)%00%(upstream:track)%00%(upstream:remotename)%00%(upstream:remoteref) refs/heads/main refs/remotes/main [3ms]
2024-02-08 13:48:10.233 [info] > git status -z -uall [2ms]
2024-02-08 13:51:34.851 [info] > git config --get commit.template [32ms]
2024-02-08 13:51:34.856 [info] > git for-each-ref --format=%(refname)%00%(upstream:short)%00%(objectname)%00%(upstream:track)%00%(upstream:remotename)%00%(upstream:remoteref) refs/heads/main refs/remotes/main [9ms]
2024-02-08 13:51:34.909 [info] > git status -z -uall [11ms]
2024-02-08 13:51:39.974 [info] > git config --get commit.template [22ms]
2024-02-08 13:51:39.975 [info] > git for-each-ref --format=%(refname)%00%(upstream:short)%00%(objectname)%00%(upstream:track)%00%(upstream:remotename)%00%(upstream:remoteref) refs/heads/main refs/remotes/main [3ms]
2024-02-08 13:51:39.993 [info] > git status -z -uall [4ms]
2024-02-08 13:52:54.437 [info] > git config --get commit.template [13ms]
2024-02-08 13:52:54.438 [info] > git for-each-ref --format=%(refname)%00%(upstream:short)%00%(objectname)%00%(upstream:track)%00%(upstream:remotename)%00%(upstream:remoteref) refs/heads/main refs/remotes/main [3ms]
2024-02-08 13:52:54.449 [info] > git status -z -uall [2ms]
2024-02-08 13:52:59.486 [info] > git config --get commit.template [5ms]
2024-02-08 13:52:59.508 [info] > git for-each-ref --format=%(refname)%00%(upstream:short)%00%(objectname)%00%(upstream:track)%00%(upstream:remotename)%00%(upstream:remoteref) refs/heads/main refs/remotes/main [5ms]
2024-02-08 13:52:59.523 [info] > git status -z -uall [3ms]
2024-02-08 13:56:56.201 [info] > git config --get commit.template [22ms]
2024-02-08 13:56:56.209 [info] > git for-each-ref --format=%(refname)%00%(upstream:short)%00%(objectname)%00%(upstream:track)%00%(upstream:remotename)%00%(upstream:remoteref) refs/heads/main refs/remotes/main [10ms]
2024-02-08 13:56:56.241 [info] > git status -z -uall [8ms]
2024-02-08 13:57:19.894 [info] > git config --get commit.template [21ms]
2024-02-08 13:57:19.901 [info] > git for-each-ref --format=%(refname)%00%(upstream:short)%00%(objectname)%00%(upstream:track)%00%(upstream:remotename)%00%(upstream:remoteref) refs/heads/main refs/remotes/main [7ms]
2024-02-08 13:57:19.926 [info] > git status -z -uall [4ms]
2024-02-08 13:59:15.087 [info] > git config --get commit.template [3ms]
2024-02-08 13:59:15.102 [info] > git for-each-ref --format=%(refname)%00%(upstream:short)%00%(objectname)%00%(upstream:track)%00%(upstream:remotename)%00%(upstream:remoteref) refs/heads/main refs/remotes/main [3ms]
2024-02-08 13:59:15.115 [info] > git status -z -uall [2ms]
