2024-02-01 11:07:02.144 [warning] Via 'product.json#extensionEnabledApiProposals' extension 'ms-python.python' wants API proposal 'registerIssueDataProvider' but that proposal DOES NOT EXIST. Likely, the proposal has been finalized (check 'vscode.d.ts') or was abandoned.
2024-02-01 11:07:03.507 [info] Started local extension host with pid 561.
2024-02-01 11:07:10.331 [info] [perf] Render performance baseline is 127ms
2024-02-01 11:21:12.648 [error] Cannot read properties of undefined (reading 'find'): TypeError: Cannot read properties of undefined (reading 'find')
	at t.$S.b (/usr/share/code/resources/app/extensions/emmet/dist/node/emmetNodeMain.js:1:129895)
	at t.$S.provideCompletionItems (/usr/share/code/resources/app/extensions/emmet/dist/node/emmetNodeMain.js:1:128540)
	at ve.provideCompletionItems (/usr/share/code/resources/app/out/vs/workbench/api/node/extensionHostProcess.js:143:53068)
	at /usr/share/code/resources/app/out/vs/workbench/api/node/extensionHostProcess.js:143:74658
	at be.s (/usr/share/code/resources/app/out/vs/workbench/api/node/extensionHostProcess.js:143:66141)
	at be.$provideCompletionItems (/usr/share/code/resources/app/out/vs/workbench/api/node/extensionHostProcess.js:143:74644)
	at l.S (/usr/share/code/resources/app/out/vs/workbench/api/node/extensionHostProcess.js:150:10829)
	at l.Q (/usr/share/code/resources/app/out/vs/workbench/api/node/extensionHostProcess.js:150:10595)
	at l.M (/usr/share/code/resources/app/out/vs/workbench/api/node/extensionHostProcess.js:150:9647)
	at l.L (/usr/share/code/resources/app/out/vs/workbench/api/node/extensionHostProcess.js:150:8764)
	at f.value (/usr/share/code/resources/app/out/vs/workbench/api/node/extensionHostProcess.js:150:7567)
	at n.y (/usr/share/code/resources/app/out/vs/workbench/api/node/extensionHostProcess.js:80:1902)
	at n.fire (/usr/share/code/resources/app/out/vs/workbench/api/node/extensionHostProcess.js:80:2119)
	at o.fire (/usr/share/code/resources/app/out/vs/workbench/api/node/extensionHostProcess.js:103:14039)
	at f.value (/usr/share/code/resources/app/out/vs/workbench/api/node/extensionHostProcess.js:171:7903)
	at n.y (/usr/share/code/resources/app/out/vs/workbench/api/node/extensionHostProcess.js:80:1902)
	at n.fire (/usr/share/code/resources/app/out/vs/workbench/api/node/extensionHostProcess.js:80:2119)
	at o.fire (/usr/share/code/resources/app/out/vs/workbench/api/node/extensionHostProcess.js:103:14039)
	at MessagePortMain.<anonymous> (/usr/share/code/resources/app/out/vs/workbench/api/node/extensionHostProcess.js:171:6183)
	at MessagePortMain.emit (node:events:513:28)
	at MessagePortMain._internalPort.emit (node:electron/js2c/utility_init:2:367)
