2024-02-04 17:31:04.128 [info] Extension host with pid 558 started
2024-02-04 17:31:04.128 [info] Skipping acquiring lock for /home/simgabrob/.config/Code/User/workspaceStorage/6dacfa13b20953289d9dd43d4f5f88c4.
2024-02-04 17:31:04.317 [info] ExtensionService#_doActivateExtension vscode.emmet, startup: false, activationEvent: 'onLanguage'
2024-02-04 17:31:04.334 [info] ExtensionService#_doActivateExtension vscode.typescript-language-features, startup: false, activationEvent: 'onLanguage:javascript'
2024-02-04 17:31:05.204 [info] ExtensionService#_doActivateExtension vscode.git-base, startup: true, activationEvent: '*', root cause: vscode.git
2024-02-04 17:31:05.319 [info] ExtensionService#_doActivateExtension vscode.git, startup: true, activationEvent: '*'
2024-02-04 17:31:05.375 [info] ExtensionService#_doActivateExtension vscode.github, startup: true, activationEvent: '*'
2024-02-04 17:31:05.751 [info] Eager extensions activated
2024-02-04 17:31:05.814 [info] ExtensionService#_doActivateExtension vscode.debug-auto-launch, startup: false, activationEvent: 'onStartupFinished'
2024-02-04 17:31:05.819 [info] ExtensionService#_doActivateExtension vscode.merge-conflict, startup: false, activationEvent: 'onStartupFinished'
2024-02-04 17:31:05.838 [info] ExtensionService#_doActivateExtension ritwickdey.LiveServer, startup: false, activationEvent: 'onStartupFinished'
2024-02-04 17:31:05.882 [info] ExtensionService#_doActivateExtension yandeu.five-server, startup: false, activationEvent: 'onStartupFinished'
2024-02-04 17:40:09.804 [warning] [Decorations] CAPPING events from decorations provider vscode.git 6502
2024-02-04 17:40:11.270 [warning] [Decorations] CAPPING events from decorations provider vscode.git 6502
2024-02-04 17:40:13.546 [warning] [Decorations] CAPPING events from decorations provider vscode.git 6502
2024-02-04 17:40:18.737 [warning] [Decorations] CAPPING events from decorations provider vscode.git 6502
2024-02-04 17:40:23.911 [warning] [Decorations] CAPPING events from decorations provider vscode.git 6502
2024-02-04 17:40:26.812 [warning] [Decorations] CAPPING events from decorations provider vscode.git 6503
2024-02-04 17:40:27.609 [warning] [Decorations] CAPPING events from decorations provider vscode.git 5739
2024-02-04 17:40:29.195 [warning] [Decorations] CAPPING events from decorations provider vscode.git 5739
2024-02-04 17:40:34.374 [warning] [Decorations] CAPPING events from decorations provider vscode.git 5739
2024-02-04 17:40:39.528 [warning] [Decorations] CAPPING events from decorations provider vscode.git 5739
2024-02-04 17:40:44.768 [warning] [Decorations] CAPPING events from decorations provider vscode.git 5739
2024-02-04 17:41:42.481 [warning] [Decorations] CAPPING events from decorations provider vscode.git 5739
2024-02-04 17:41:47.654 [warning] [Decorations] CAPPING events from decorations provider vscode.git 5739
2024-02-04 17:41:52.804 [warning] [Decorations] CAPPING events from decorations provider vscode.git 5739
2024-02-04 17:41:57.958 [warning] [Decorations] CAPPING events from decorations provider vscode.git 5739
2024-02-04 17:42:03.132 [warning] [Decorations] CAPPING events from decorations provider vscode.git 5739
2024-02-04 17:42:08.445 [warning] [Decorations] CAPPING events from decorations provider vscode.git 5739
2024-02-04 17:42:13.631 [warning] [Decorations] CAPPING events from decorations provider vscode.git 5739
2024-02-04 17:43:28.283 [warning] [Decorations] CAPPING events from decorations provider vscode.git 5740
2024-02-04 17:43:33.428 [warning] [Decorations] CAPPING events from decorations provider vscode.git 5740
2024-02-04 17:44:00.556 [warning] [Decorations] CAPPING events from decorations provider vscode.git 5743
2024-02-05 10:14:18.918 [warning] [Decorations] CAPPING events from decorations provider vscode.git 5739
2024-02-05 10:14:24.105 [warning] [Decorations] CAPPING events from decorations provider vscode.git 5739
2024-02-05 10:14:29.242 [warning] [Decorations] CAPPING events from decorations provider vscode.git 5739
2024-02-05 10:14:34.385 [warning] [Decorations] CAPPING events from decorations provider vscode.git 5739
2024-02-05 10:14:39.548 [warning] [Decorations] CAPPING events from decorations provider vscode.git 5739
2024-02-05 10:14:44.685 [warning] [Decorations] CAPPING events from decorations provider vscode.git 5739
2024-02-05 10:14:49.864 [warning] [Decorations] CAPPING events from decorations provider vscode.git 5739
2024-02-05 10:14:55.031 [warning] [Decorations] CAPPING events from decorations provider vscode.git 5739
2024-02-05 10:15:00.187 [warning] [Decorations] CAPPING events from decorations provider vscode.git 5739
2024-02-05 10:15:05.321 [warning] [Decorations] CAPPING events from decorations provider vscode.git 5739
2024-02-05 10:15:10.463 [warning] [Decorations] CAPPING events from decorations provider vscode.git 5739
2024-02-05 10:15:15.616 [warning] [Decorations] CAPPING events from decorations provider vscode.git 5739
2024-02-05 10:15:20.804 [warning] [Decorations] CAPPING events from decorations provider vscode.git 5739
2024-02-05 10:15:25.937 [warning] [Decorations] CAPPING events from decorations provider vscode.git 5739
2024-02-05 10:15:31.087 [warning] [Decorations] CAPPING events from decorations provider vscode.git 5739
2024-02-05 10:15:36.276 [warning] [Decorations] CAPPING events from decorations provider vscode.git 5739
2024-02-05 10:15:41.411 [warning] [Decorations] CAPPING events from decorations provider vscode.git 5739
2024-02-05 10:15:46.546 [warning] [Decorations] CAPPING events from decorations provider vscode.git 5739
2024-02-05 10:15:51.686 [warning] [Decorations] CAPPING events from decorations provider vscode.git 5739
2024-02-05 10:15:56.827 [warning] [Decorations] CAPPING events from decorations provider vscode.git 5739
2024-02-05 10:16:02.005 [warning] [Decorations] CAPPING events from decorations provider vscode.git 5739
2024-02-05 10:16:07.148 [warning] [Decorations] CAPPING events from decorations provider vscode.git 5739
2024-02-05 10:16:12.289 [warning] [Decorations] CAPPING events from decorations provider vscode.git 5739
2024-02-05 10:16:17.436 [warning] [Decorations] CAPPING events from decorations provider vscode.git 5739
2024-02-05 10:16:22.585 [warning] [Decorations] CAPPING events from decorations provider vscode.git 5739
2024-02-05 10:16:27.741 [warning] [Decorations] CAPPING events from decorations provider vscode.git 5739
2024-02-05 10:16:32.902 [warning] [Decorations] CAPPING events from decorations provider vscode.git 5739
2024-02-05 10:16:38.076 [warning] [Decorations] CAPPING events from decorations provider vscode.git 5739
2024-02-05 10:16:43.250 [warning] [Decorations] CAPPING events from decorations provider vscode.git 5739
2024-02-05 10:16:48.427 [warning] [Decorations] CAPPING events from decorations provider vscode.git 5739
2024-02-05 10:16:53.567 [warning] [Decorations] CAPPING events from decorations provider vscode.git 5739
2024-02-05 10:16:58.750 [warning] [Decorations] CAPPING events from decorations provider vscode.git 5739
2024-02-05 10:17:03.888 [warning] [Decorations] CAPPING events from decorations provider vscode.git 5739
2024-02-05 10:17:09.059 [warning] [Decorations] CAPPING events from decorations provider vscode.git 5739
2024-02-05 10:17:14.207 [warning] [Decorations] CAPPING events from decorations provider vscode.git 5739
2024-02-05 10:35:11.187 [warning] [Decorations] CAPPING events from decorations provider vscode.git 5739
2024-02-05 10:35:16.336 [warning] [Decorations] CAPPING events from decorations provider vscode.git 5739
2024-02-05 10:35:21.504 [warning] [Decorations] CAPPING events from decorations provider vscode.git 5739
2024-02-05 10:35:26.732 [warning] [Decorations] CAPPING events from decorations provider vscode.git 5739
2024-02-05 10:35:31.900 [warning] [Decorations] CAPPING events from decorations provider vscode.git 5739
2024-02-05 10:35:32.489 [info] Extension host terminating: renderer closed the MessagePort
2024-02-05 10:35:32.534 [error] Canceled: Canceled
	at new g (/usr/share/code/resources/app/out/vs/workbench/api/node/extensionHostProcess.js:141:110274)
	at l.U (/usr/share/code/resources/app/out/vs/workbench/api/node/extensionHostProcess.js:150:10866)
	at P.<computed>.j.charCodeAt.P.<computed> (/usr/share/code/resources/app/out/vs/workbench/api/node/extensionHostProcess.js:150:8317)
	at d.g (/usr/share/code/resources/app/out/vs/workbench/api/node/extensionHostProcess.js:141:139555)
	at d.executeCommand (/usr/share/code/resources/app/out/vs/workbench/api/node/extensionHostProcess.js:141:138993)
	at p.registerCommand.description (/usr/share/code/resources/app/out/vs/workbench/api/node/extensionHostProcess.js:141:138317)
	at d.h (/usr/share/code/resources/app/out/vs/workbench/api/node/extensionHostProcess.js:141:140094)
	at d.g (/usr/share/code/resources/app/out/vs/workbench/api/node/extensionHostProcess.js:141:139086)
	at d.executeCommand (/usr/share/code/resources/app/out/vs/workbench/api/node/extensionHostProcess.js:141:138993)
	at Object.executeCommand (/usr/share/code/resources/app/out/vs/workbench/api/node/extensionHostProcess.js:158:21333)
	at f.I [as value] (/usr/share/code/resources/app/extensions/git/dist/main.js:2:924696)
	at n.y (/usr/share/code/resources/app/out/vs/workbench/api/node/extensionHostProcess.js:80:1902)
	at n.z (/usr/share/code/resources/app/out/vs/workbench/api/node/extensionHostProcess.js:80:1972)
	at n.fire (/usr/share/code/resources/app/out/vs/workbench/api/node/extensionHostProcess.js:80:2188)
	at Object.m [as dispose] (/usr/share/code/resources/app/extensions/git/dist/main.js:2:940613)
	at /usr/share/code/resources/app/extensions/git/dist/main.js:2:945566
	at Array.forEach (<anonymous>)
	at p.dispose (/usr/share/code/resources/app/extensions/git/dist/main.js:2:945552)
	at u.<anonymous> (/usr/share/code/resources/app/out/vs/workbench/api/node/extensionHostProcess.js:137:3620)
	at u.dispose (/usr/share/code/resources/app/out/vs/workbench/api/node/extensionHostProcess.js:137:3717)
	at u.<anonymous> (/usr/share/code/resources/app/extensions/git/dist/main.js:2:926708)
	at u.dispose (/usr/share/code/resources/app/out/vs/workbench/api/node/extensionHostProcess.js:137:3717)
	at s (/usr/share/code/resources/app/out/vs/workbench/api/node/extensionHostProcess.js:30:754)
	at f.cb (/usr/share/code/resources/app/out/vs/workbench/api/node/extensionHostProcess.js:154:9873)
	at /usr/share/code/resources/app/out/vs/workbench/api/node/extensionHostProcess.js:154:7808
	at Array.map (<anonymous>)
	at f.Y (/usr/share/code/resources/app/out/vs/workbench/api/node/extensionHostProcess.js:154:7795)
	at f.terminate (/usr/share/code/resources/app/out/vs/workbench/api/node/extensionHostProcess.js:154:8068)
	at s.terminate (/usr/share/code/resources/app/out/vs/workbench/api/node/extensionHostProcess.js:158:1513)
	at a (/usr/share/code/resources/app/out/vs/workbench/api/node/extensionHostProcess.js:171:9802)
	at MessagePortMain.<anonymous> (/usr/share/code/resources/app/out/vs/workbench/api/node/extensionHostProcess.js:171:6227)
	at MessagePortMain.emit (node:events:513:28)
	at MessagePortMain._internalPort.emit (node:electron/js2c/utility_init:2:367) setContext undefined
2024-02-05 10:35:32.534 [error] Canceled: Canceled
	at new g (/usr/share/code/resources/app/out/vs/workbench/api/node/extensionHostProcess.js:141:110274)
	at l.U (/usr/share/code/resources/app/out/vs/workbench/api/node/extensionHostProcess.js:150:10866)
	at P.<computed>.j.charCodeAt.P.<computed> (/usr/share/code/resources/app/out/vs/workbench/api/node/extensionHostProcess.js:150:8317)
	at d.g (/usr/share/code/resources/app/out/vs/workbench/api/node/extensionHostProcess.js:141:139555)
	at d.executeCommand (/usr/share/code/resources/app/out/vs/workbench/api/node/extensionHostProcess.js:141:138993)
	at p.registerCommand.description (/usr/share/code/resources/app/out/vs/workbench/api/node/extensionHostProcess.js:141:138317)
	at d.h (/usr/share/code/resources/app/out/vs/workbench/api/node/extensionHostProcess.js:141:140094)
	at d.g (/usr/share/code/resources/app/out/vs/workbench/api/node/extensionHostProcess.js:141:139086)
	at d.executeCommand (/usr/share/code/resources/app/out/vs/workbench/api/node/extensionHostProcess.js:141:138993)
	at Object.executeCommand (/usr/share/code/resources/app/out/vs/workbench/api/node/extensionHostProcess.js:158:21333)
	at set b [as b] (/usr/share/code/resources/app/extensions/github/dist/extension.js:2:322364)
	at /usr/share/code/resources/app/extensions/github/dist/extension.js:2:323005
	at f.value (/usr/share/code/resources/app/extensions/git/dist/main.js:2:1016450)
	at n.y (/usr/share/code/resources/app/out/vs/workbench/api/node/extensionHostProcess.js:80:1902)
	at n.z (/usr/share/code/resources/app/out/vs/workbench/api/node/extensionHostProcess.js:80:1972)
	at n.fire (/usr/share/code/resources/app/out/vs/workbench/api/node/extensionHostProcess.js:80:2188)
	at Object.m [as dispose] (/usr/share/code/resources/app/extensions/git/dist/main.js:2:940613)
	at /usr/share/code/resources/app/extensions/git/dist/main.js:2:945566
	at Array.forEach (<anonymous>)
	at p.dispose (/usr/share/code/resources/app/extensions/git/dist/main.js:2:945552)
	at u.<anonymous> (/usr/share/code/resources/app/out/vs/workbench/api/node/extensionHostProcess.js:137:3620)
	at u.dispose (/usr/share/code/resources/app/out/vs/workbench/api/node/extensionHostProcess.js:137:3717)
	at u.<anonymous> (/usr/share/code/resources/app/extensions/git/dist/main.js:2:926708)
	at u.dispose (/usr/share/code/resources/app/out/vs/workbench/api/node/extensionHostProcess.js:137:3717)
	at s (/usr/share/code/resources/app/out/vs/workbench/api/node/extensionHostProcess.js:30:754)
	at f.cb (/usr/share/code/resources/app/out/vs/workbench/api/node/extensionHostProcess.js:154:9873)
	at /usr/share/code/resources/app/out/vs/workbench/api/node/extensionHostProcess.js:154:7808
	at Array.map (<anonymous>)
	at f.Y (/usr/share/code/resources/app/out/vs/workbench/api/node/extensionHostProcess.js:154:7795)
	at f.terminate (/usr/share/code/resources/app/out/vs/workbench/api/node/extensionHostProcess.js:154:8068)
	at s.terminate (/usr/share/code/resources/app/out/vs/workbench/api/node/extensionHostProcess.js:158:1513)
	at a (/usr/share/code/resources/app/out/vs/workbench/api/node/extensionHostProcess.js:171:9802)
	at MessagePortMain.<anonymous> (/usr/share/code/resources/app/out/vs/workbench/api/node/extensionHostProcess.js:171:6227)
	at MessagePortMain.emit (node:events:513:28)
	at MessagePortMain._internalPort.emit (node:electron/js2c/utility_init:2:367) setContext undefined
2024-02-05 10:35:32.534 [info] Extension host with pid 558 exiting with code 0
