2024-01-24 11:00:19.212 [info] Log level: Info
2024-01-24 11:00:19.212 [info] Validating found git in: "git"
2024-01-24 11:00:19.212 [info] Using git "2.39.2" from "git"
2024-01-24 11:08:15.671 [info] Log level: Info
2024-01-24 11:08:15.671 [info] Validating found git in: "git"
2024-01-24 11:08:15.671 [info] Using git "2.39.2" from "git"
2024-01-24 11:08:15.671 [info] > git rev-parse --show-toplevel [11ms]
2024-01-24 11:08:15.671 [info] fatal: not a git repository (or any of the parent directories): .git
2024-01-24 11:08:26.418 [info] > git rev-parse --show-toplevel [4ms]
2024-01-24 11:08:26.418 [info] fatal: not a git repository (or any of the parent directories): .git
2024-01-24 11:08:44.891 [info] > git rev-parse --show-toplevel [3ms]
2024-01-24 11:08:44.891 [info] fatal: not a git repository (or any of the parent directories): .git
2024-01-24 11:08:51.208 [info] > git rev-parse --show-toplevel [4ms]
2024-01-24 11:08:51.208 [info] fatal: not a git repository (or any of the parent directories): .git
2024-01-24 11:09:08.576 [info] > git rev-parse --show-toplevel [1ms]
2024-01-24 11:09:08.577 [info] fatal: not a git repository (or any of the parent directories): .git
2024-01-24 11:09:08.591 [info] > git rev-parse --show-toplevel [2ms]
2024-01-24 11:09:08.591 [info] fatal: not a git repository (or any of the parent directories): .git
2024-01-24 11:09:11.132 [info] > git rev-parse --show-toplevel [1ms]
2024-01-24 11:09:11.132 [info] fatal: not a git repository (or any of the parent directories): .git
2024-01-24 11:09:11.141 [info] > git rev-parse --show-toplevel [3ms]
2024-01-24 11:09:11.141 [info] fatal: not a git repository (or any of the parent directories): .git
2024-01-24 11:09:11.153 [info] > git rev-parse --show-toplevel [1ms]
2024-01-24 11:09:11.153 [info] fatal: not a git repository (or any of the parent directories): .git
2024-01-24 11:09:12.332 [info] > git rev-parse --show-toplevel [1ms]
2024-01-24 11:09:12.332 [info] fatal: not a git repository (or any of the parent directories): .git
2024-01-24 11:09:12.340 [info] > git rev-parse --show-toplevel [2ms]
2024-01-24 11:09:12.340 [info] fatal: not a git repository (or any of the parent directories): .git
2024-01-24 11:09:12.350 [info] > git rev-parse --show-toplevel [1ms]
2024-01-24 11:09:12.350 [info] fatal: not a git repository (or any of the parent directories): .git
2024-01-24 11:09:12.359 [info] > git rev-parse --show-toplevel [3ms]
2024-01-24 11:09:12.359 [info] fatal: not a git repository (or any of the parent directories): .git
2024-01-24 11:09:15.082 [info] > git rev-parse --show-toplevel [5ms]
2024-01-24 11:09:15.083 [info] fatal: not a git repository (or any of the parent directories): .git
2024-01-24 11:09:15.118 [info] > git rev-parse --show-toplevel [12ms]
2024-01-24 11:09:15.118 [info] fatal: not a git repository (or any of the parent directories): .git
2024-01-24 11:09:15.135 [info] > git rev-parse --show-toplevel [10ms]
2024-01-24 11:09:15.135 [info] fatal: not a git repository (or any of the parent directories): .git
2024-01-24 11:09:16.055 [info] > git rev-parse --show-toplevel [2ms]
2024-01-24 11:09:16.055 [info] fatal: not a git repository (or any of the parent directories): .git
2024-01-24 11:09:16.066 [info] > git rev-parse --show-toplevel [3ms]
2024-01-24 11:09:16.066 [info] fatal: not a git repository (or any of the parent directories): .git
2024-01-24 11:09:17.179 [info] > git rev-parse --show-toplevel [3ms]
2024-01-24 11:09:17.179 [info] fatal: not a git repository (or any of the parent directories): .git
2024-01-24 11:12:35.259 [info] > git rev-parse --show-toplevel [2ms]
2024-01-24 11:12:35.259 [info] fatal: not a git repository (or any of the parent directories): .git
2024-01-24 11:12:38.452 [info] > git rev-parse --show-toplevel [5ms]
2024-01-24 11:12:38.452 [info] fatal: not a git repository (or any of the parent directories): .git
2024-01-24 11:12:43.402 [info] > git rev-parse --show-toplevel [1ms]
2024-01-24 11:12:43.402 [info] fatal: not a git repository (or any of the parent directories): .git
2024-01-24 11:12:45.851 [info] > git rev-parse --show-toplevel [2ms]
2024-01-24 11:12:45.851 [info] fatal: not a git repository (or any of the parent directories): .git
2024-01-24 11:13:06.396 [info] > git rev-parse --show-toplevel [2ms]
2024-01-24 11:13:06.396 [info] fatal: not a git repository (or any of the parent directories): .git
2024-01-24 11:25:28.325 [info] > git rev-parse --show-toplevel [4ms]
2024-01-24 11:25:28.326 [info] fatal: not a git repository (or any of the parent directories): .git
2024-01-24 11:25:29.759 [info] > git rev-parse --show-toplevel [4ms]
2024-01-24 11:25:29.759 [info] fatal: not a git repository (or any of the parent directories): .git
2024-01-24 11:26:26.829 [info] > git rev-parse --show-toplevel [4ms]
2024-01-24 11:26:26.829 [info] fatal: not a git repository (or any of the parent directories): .git
2024-01-24 11:26:36.199 [info] > git rev-parse --show-toplevel [7ms]
2024-01-24 11:26:36.199 [info] fatal: not a git repository (or any of the parent directories): .git
2024-01-24 11:27:31.519 [info] > git rev-parse --show-toplevel [3ms]
2024-01-24 11:27:31.519 [info] fatal: not a git repository (or any of the parent directories): .git
2024-01-24 11:27:56.231 [info] > git rev-parse --show-toplevel [4ms]
2024-01-24 11:27:56.231 [info] fatal: not a git repository (or any of the parent directories): .git
2024-01-24 11:30:07.936 [info] > git rev-parse --show-toplevel [2ms]
2024-01-24 11:30:07.936 [info] fatal: not a git repository (or any of the parent directories): .git
2024-01-24 11:30:10.336 [info] > git rev-parse --show-toplevel [5ms]
2024-01-24 11:30:10.336 [info] fatal: not a git repository (or any of the parent directories): .git
2024-01-24 11:30:58.766 [info] > git rev-parse --show-toplevel [1ms]
2024-01-24 11:30:58.766 [info] fatal: not a git repository (or any of the parent directories): .git
2024-01-24 11:31:17.548 [info] > git rev-parse --show-toplevel [3ms]
2024-01-24 11:31:17.548 [info] fatal: not a git repository (or any of the parent directories): .git
2024-01-24 11:32:37.925 [info] > git rev-parse --show-toplevel [2ms]
2024-01-24 11:32:37.926 [info] fatal: not a git repository (or any of the parent directories): .git
2024-01-24 12:59:49.125 [info] Log level: Info
2024-01-24 12:59:49.125 [info] Validating found git in: "git"
2024-01-24 12:59:49.125 [info] Using git "2.39.2" from "git"
2024-01-24 12:59:49.125 [info] > git rev-parse --show-toplevel [15ms]
2024-01-24 12:59:49.125 [info] fatal: not a git repository (or any of the parent directories): .git
2024-01-24 12:59:49.127 [info] > git rev-parse --show-toplevel [6ms]
2024-01-24 12:59:49.128 [info] fatal: not a git repository (or any of the parent directories): .git
2024-01-24 12:59:49.190 [info] > git rev-parse --show-toplevel [28ms]
2024-01-24 12:59:49.191 [info] fatal: not a git repository (or any of the parent directories): .git
2024-01-24 12:59:49.206 [info] > git rev-parse --show-toplevel [5ms]
2024-01-24 12:59:49.206 [info] fatal: not a git repository (or any of the parent directories): .git
2024-01-24 13:00:54.095 [info] > git rev-parse --show-toplevel [4ms]
2024-01-24 13:00:54.095 [info] fatal: not a git repository (or any of the parent directories): .git
2024-01-24 13:01:25.114 [info] > git rev-parse --show-toplevel [2ms]
2024-01-24 13:01:25.114 [info] fatal: not a git repository (or any of the parent directories): .git
2024-01-24 13:01:27.555 [info] > git rev-parse --show-toplevel [5ms]
2024-01-24 13:01:27.555 [info] fatal: not a git repository (or any of the parent directories): .git
2024-01-24 13:01:28.725 [info] > git rev-parse --show-toplevel [2ms]
2024-01-24 13:01:28.725 [info] fatal: not a git repository (or any of the parent directories): .git
2024-01-24 13:01:30.954 [info] > git rev-parse --show-toplevel [3ms]
2024-01-24 13:01:30.954 [info] fatal: not a git repository (or any of the parent directories): .git
2024-01-24 13:05:25.231 [info] > git rev-parse --show-toplevel [2ms]
2024-01-24 13:05:25.232 [info] fatal: not a git repository (or any of the parent directories): .git
2024-01-24 13:05:26.615 [info] > git rev-parse --show-toplevel [2ms]
2024-01-24 13:05:26.615 [info] fatal: not a git repository (or any of the parent directories): .git
2024-01-24 13:06:37.585 [info] > git rev-parse --show-toplevel [2ms]
2024-01-24 13:06:37.585 [info] fatal: not a git repository (or any of the parent directories): .git
2024-01-24 13:07:04.919 [info] > git rev-parse --show-toplevel [4ms]
2024-01-24 13:07:04.919 [info] fatal: not a git repository (or any of the parent directories): .git
2024-01-24 13:07:15.810 [info] > git rev-parse --show-toplevel [5ms]
2024-01-24 13:07:15.810 [info] fatal: not a git repository (or any of the parent directories): .git
2024-01-24 13:07:26.031 [info] > git rev-parse --show-toplevel [6ms]
2024-01-24 13:07:26.031 [info] fatal: not a git repository (or any of the parent directories): .git
2024-01-24 13:07:31.173 [info] > git rev-parse --show-toplevel [2ms]
2024-01-24 13:07:31.173 [info] fatal: not a git repository (or any of the parent directories): .git
2024-01-24 13:07:32.727 [info] > git rev-parse --show-toplevel [1ms]
2024-01-24 13:07:32.727 [info] fatal: not a git repository (or any of the parent directories): .git
2024-01-24 13:07:33.983 [info] > git rev-parse --show-toplevel [5ms]
2024-01-24 13:07:33.983 [info] fatal: not a git repository (or any of the parent directories): .git
2024-01-24 13:07:35.373 [info] > git rev-parse --show-toplevel [6ms]
2024-01-24 13:07:35.373 [info] fatal: not a git repository (or any of the parent directories): .git
2024-01-24 13:07:50.542 [info] > git rev-parse --show-toplevel [3ms]
2024-01-24 13:07:50.542 [info] fatal: not a git repository (or any of the parent directories): .git
2024-01-24 13:08:17.588 [info] > git rev-parse --show-toplevel [1ms]
2024-01-24 13:08:17.588 [info] fatal: not a git repository (or any of the parent directories): .git
2024-01-24 13:08:34.434 [info] > git rev-parse --show-toplevel [2ms]
2024-01-24 13:08:34.434 [info] fatal: not a git repository (or any of the parent directories): .git
2024-01-24 13:08:45.665 [info] > git rev-parse --show-toplevel [2ms]
2024-01-24 13:08:45.665 [info] fatal: not a git repository (or any of the parent directories): .git
2024-01-24 13:08:59.488 [info] > git rev-parse --show-toplevel [2ms]
2024-01-24 13:08:59.488 [info] fatal: not a git repository (or any of the parent directories): .git
2024-01-24 13:09:04.908 [info] > git rev-parse --show-toplevel [1ms]
2024-01-24 13:09:04.908 [info] fatal: not a git repository (or any of the parent directories): .git
2024-01-24 13:09:21.528 [info] > git rev-parse --show-toplevel [4ms]
2024-01-24 13:09:21.528 [info] fatal: not a git repository (or any of the parent directories): .git
2024-01-24 13:09:47.355 [info] > git rev-parse --show-toplevel [1ms]
2024-01-24 13:09:47.355 [info] fatal: not a git repository (or any of the parent directories): .git
2024-01-24 13:09:48.521 [info] > git rev-parse --show-toplevel [4ms]
2024-01-24 13:09:48.521 [info] fatal: not a git repository (or any of the parent directories): .git
2024-01-24 13:09:58.599 [info] > git rev-parse --show-toplevel [1ms]
2024-01-24 13:09:58.600 [info] fatal: not a git repository (or any of the parent directories): .git
2024-01-24 13:10:03.327 [info] > git rev-parse --show-toplevel [6ms]
2024-01-24 13:10:03.327 [info] fatal: not a git repository (or any of the parent directories): .git
2024-01-24 13:10:16.600 [info] > git rev-parse --show-toplevel [5ms]
2024-01-24 13:10:16.600 [info] fatal: not a git repository (or any of the parent directories): .git
2024-01-24 13:10:32.869 [info] > git rev-parse --show-toplevel [1ms]
2024-01-24 13:10:32.869 [info] fatal: not a git repository (or any of the parent directories): .git
2024-01-24 13:10:33.738 [info] > git rev-parse --show-toplevel [1ms]
2024-01-24 13:10:33.738 [info] fatal: not a git repository (or any of the parent directories): .git
2024-01-24 13:10:45.032 [info] > git rev-parse --show-toplevel [2ms]
2024-01-24 13:10:45.032 [info] fatal: not a git repository (or any of the parent directories): .git
2024-01-24 13:10:47.007 [info] > git rev-parse --show-toplevel [2ms]
2024-01-24 13:10:47.007 [info] fatal: not a git repository (or any of the parent directories): .git
2024-01-24 13:11:04.618 [info] > git rev-parse --show-toplevel [5ms]
2024-01-24 13:11:04.618 [info] fatal: not a git repository (or any of the parent directories): .git
2024-01-24 13:11:33.890 [info] > git rev-parse --show-toplevel [2ms]
2024-01-24 13:11:33.890 [info] fatal: not a git repository (or any of the parent directories): .git
2024-01-24 13:11:39.182 [info] > git rev-parse --show-toplevel [2ms]
2024-01-24 13:11:39.183 [info] fatal: not a git repository (or any of the parent directories): .git
2024-01-24 13:11:39.856 [info] > git rev-parse --show-toplevel [4ms]
2024-01-24 13:11:39.856 [info] fatal: not a git repository (or any of the parent directories): .git
2024-01-24 13:11:51.671 [info] > git rev-parse --show-toplevel [4ms]
2024-01-24 13:11:51.671 [info] fatal: not a git repository (or any of the parent directories): .git
2024-01-24 13:11:52.830 [info] > git rev-parse --show-toplevel [4ms]
2024-01-24 13:11:52.830 [info] fatal: not a git repository (or any of the parent directories): .git
