2024-02-19 10:23:56.825 [info] Log level: Info
2024-02-19 10:23:56.825 [info] Validating found git in: "git"
2024-02-19 10:23:56.825 [info] Using git "2.39.2" from "git"
2024-02-19 10:23:56.825 [info] > git rev-parse --show-toplevel [23ms]
2024-02-19 10:23:56.845 [info] > git rev-parse --git-dir --git-common-dir [8ms]
2024-02-19 10:23:56.875 [info] Open repository: /home/simgabrob/Bootcamp
2024-02-19 10:23:56.945 [info] > git rev-parse --show-toplevel [49ms]
2024-02-19 10:23:56.945 [info] fatal: this operation must be run in a work tree
2024-02-19 10:23:56.946 [info] > git config --get commit.template [56ms]
2024-02-19 10:23:57.037 [info] > git rev-parse --show-toplevel [36ms]
2024-02-19 10:23:57.082 [info] > git rev-parse --show-toplevel [25ms]
2024-02-19 10:23:57.083 [info] > git for-each-ref --format=%(refname)%00%(upstream:short)%00%(objectname)%00%(upstream:track)%00%(upstream:remotename)%00%(upstream:remoteref) refs/heads/main refs/remotes/main [47ms]
2024-02-19 10:23:57.098 [info] > git rev-parse --show-toplevel [1ms]
2024-02-19 10:23:57.122 [info] > git rev-parse --show-toplevel [13ms]
2024-02-19 10:23:57.132 [info] > git status -z -uall [12ms]
2024-02-19 10:23:57.174 [info] > git rev-parse --show-toplevel [44ms]
2024-02-19 10:23:57.189 [info] > git config --get commit.template [15ms]
2024-02-19 10:23:57.300 [info] > git rev-parse --show-toplevel [114ms]
2024-02-19 10:23:57.413 [info] > git for-each-ref --format=%(refname)%00%(upstream:short)%00%(objectname)%00%(upstream:track)%00%(upstream:remotename)%00%(upstream:remoteref) refs/heads/main refs/remotes/main [115ms]
2024-02-19 10:23:57.428 [info] > git rev-parse --show-toplevel [15ms]
2024-02-19 10:23:57.459 [info] > git rev-parse --show-toplevel [13ms]
2024-02-19 10:23:57.577 [info] > git status -z -uall [121ms]
2024-02-19 10:23:57.577 [info] > git rev-parse --show-toplevel [110ms]
2024-02-19 10:23:57.590 [info] > git check-ignore -v -z --stdin [26ms]
2024-02-19 10:23:57.859 [info] > git show --textconv :.git/COMMIT_EDITMSG [42ms]
2024-02-19 10:23:57.859 [info] > git ls-files --stage -- /home/simgabrob/Bootcamp/.git/COMMIT_EDITMSG [1ms]
2024-02-19 10:23:59.418 [info] > git show --textconv :Week 4/Hackathon/script.js [45ms]
2024-02-19 10:23:59.419 [info] > git ls-files --stage -- /home/simgabrob/Bootcamp/Week 4/Hackathon/script.js [32ms]
2024-02-19 10:23:59.437 [info] > git cat-file -s e69de29bb2d1d6434b8b29ae775ad8c2e48c5391 [11ms]
2024-02-19 10:24:00.671 [info] > git merge-base refs/heads/main refs/remotes/origin/main [30ms]
2024-02-19 10:24:00.709 [info] > git rev-list --count --left-right refs/heads/main...refs/remotes/origin/main [15ms]
2024-02-19 10:24:04.768 [info] > git -c user.useConfigOnly=true commit --quiet --allow-empty-message --file - [22ms]
2024-02-19 10:24:04.780 [info] > git config --get commit.template [2ms]
2024-02-19 10:24:04.798 [info] > git config --get commit.template [10ms]
2024-02-19 10:24:04.799 [info] > git for-each-ref --format=%(refname)%00%(upstream:short)%00%(objectname)%00%(upstream:track)%00%(upstream:remotename)%00%(upstream:remoteref) refs/heads/main refs/remotes/main [2ms]
2024-02-19 10:24:04.816 [info] > git status -z -uall [8ms]
2024-02-19 10:24:04.894 [info] > git config --get commit.template [2ms]
2024-02-19 10:24:04.895 [info] > git merge-base refs/heads/main refs/remotes/origin/main [10ms]
2024-02-19 10:24:04.911 [info] > git rev-list --count --left-right refs/heads/main...refs/remotes/origin/main [10ms]
2024-02-19 10:24:04.913 [info] > git for-each-ref --format=%(refname)%00%(upstream:short)%00%(objectname)%00%(upstream:track)%00%(upstream:remotename)%00%(upstream:remoteref) refs/heads/main refs/remotes/main [3ms]
2024-02-19 10:24:04.922 [info] > git status -z -uall [2ms]
2024-02-19 10:24:05.969 [info] > git ls-files --stage -- /home/simgabrob/Bootcamp/Week 4/Hackathon/script.js [2ms]
2024-02-19 10:24:05.977 [info] > git cat-file -s e69de29bb2d1d6434b8b29ae775ad8c2e48c5391 [2ms]
2024-02-19 10:24:05.987 [info] > git show --textconv :Week 4/Hackathon/script.js [2ms]
2024-02-19 10:24:06.185 [info] > git log --oneline --cherry main...main@{upstream} -- [20ms]
2024-02-19 10:24:07.421 [info] > git ls-files --stage -- /home/simgabrob/Bootcamp/Week 4/Hackathon/script.js [11ms]
2024-02-19 10:24:07.457 [info] > git cat-file -s e69de29bb2d1d6434b8b29ae775ad8c2e48c5391 [11ms]
2024-02-19 10:24:07.485 [info] > git pull --tags origin main [1289ms]
2024-02-19 10:24:07.485 [info] From https://github.com/simongrobbins/DIbootcamp
 * branch            main       -> FETCH_HEAD
2024-02-19 10:24:07.494 [info] > git show --textconv :Week 4/Hackathon/script.js [11ms]
2024-02-19 10:24:08.734 [info] > git ls-files --stage -- /home/simgabrob/Bootcamp/Week 4/Hackathon/script.js [3ms]
2024-02-19 10:24:08.747 [info] > git cat-file -s e69de29bb2d1d6434b8b29ae775ad8c2e48c5391 [2ms]
2024-02-19 10:24:08.761 [info] > git show --textconv :Week 4/Hackathon/script.js [3ms]
2024-02-19 10:24:08.981 [info] > git push origin main:main [1489ms]
2024-02-19 10:24:08.982 [info] To https://github.com/simongrobbins/DIbootcamp.git
   127a472..32eef6b  main -> main
2024-02-19 10:24:09.029 [info] > git config --get commit.template [25ms]
2024-02-19 10:24:09.033 [info] > git for-each-ref --format=%(refname)%00%(upstream:short)%00%(objectname)%00%(upstream:track)%00%(upstream:remotename)%00%(upstream:remoteref) refs/heads/main refs/remotes/main [6ms]
2024-02-19 10:24:09.076 [info] > git status -z -uall [18ms]
2024-02-19 10:24:09.132 [info] > git merge-base refs/heads/main refs/remotes/origin/main [2ms]
2024-02-19 10:24:09.142 [info] > git rev-list --count --left-right refs/heads/main...refs/remotes/origin/main [2ms]
2024-02-19 10:24:10.198 [info] > git ls-files --stage -- /home/simgabrob/Bootcamp/Week 4/Hackathon/script.js [5ms]
2024-02-19 10:24:10.221 [info] > git cat-file -s e69de29bb2d1d6434b8b29ae775ad8c2e48c5391 [5ms]
2024-02-19 10:24:10.244 [info] > git show --textconv :Week 4/Hackathon/script.js [3ms]
2024-02-19 10:24:48.441 [info] > git config --get commit.template [31ms]
2024-02-19 10:24:48.443 [info] > git for-each-ref --format=%(refname)%00%(upstream:short)%00%(objectname)%00%(upstream:track)%00%(upstream:remotename)%00%(upstream:remoteref) refs/heads/main refs/remotes/main [8ms]
2024-02-19 10:24:48.473 [info] > git status -z -uall [10ms]
2024-02-19 10:25:25.471 [info] > git add -A -- . [4ms]
2024-02-19 10:25:25.487 [info] > git -c user.useConfigOnly=true commit --quiet --allow-empty-message --file - [10ms]
2024-02-19 10:25:25.494 [info] > git config --get commit.template [1ms]
2024-02-19 10:25:25.507 [info] > git config --get commit.template [6ms]
2024-02-19 10:25:25.508 [info] > git for-each-ref --format=%(refname)%00%(upstream:short)%00%(objectname)%00%(upstream:track)%00%(upstream:remotename)%00%(upstream:remoteref) refs/heads/main refs/remotes/main [2ms]
2024-02-19 10:25:25.519 [info] > git status -z -uall [1ms]
2024-02-19 10:25:25.585 [info] > git config --get commit.template [2ms]
2024-02-19 10:25:25.606 [info] > git for-each-ref --format=%(refname)%00%(upstream:short)%00%(objectname)%00%(upstream:track)%00%(upstream:remotename)%00%(upstream:remoteref) refs/heads/main refs/remotes/main [12ms]
2024-02-19 10:25:25.615 [info] > git merge-base refs/heads/main refs/remotes/origin/main [10ms]
2024-02-19 10:25:25.624 [info] > git status -z -uall [10ms]
2024-02-19 10:25:25.632 [info] > git rev-list --count --left-right refs/heads/main...refs/remotes/origin/main [9ms]
2024-02-19 10:25:26.742 [info] > git ls-files --stage -- /home/simgabrob/Bootcamp/Week 4/Hackathon/script.js [8ms]
2024-02-19 10:25:26.777 [info] > git cat-file -s e69de29bb2d1d6434b8b29ae775ad8c2e48c5391 [13ms]
2024-02-19 10:25:26.813 [info] > git show --textconv :Week 4/Hackathon/script.js [6ms]
2024-02-19 10:25:27.238 [info] > git log --oneline --cherry main...main@{upstream} -- [8ms]
2024-02-19 10:25:28.038 [info] > git pull --tags origin main [777ms]
2024-02-19 10:25:28.038 [info] From https://github.com/simongrobbins/DIbootcamp
 * branch            main       -> FETCH_HEAD
2024-02-19 10:25:29.680 [info] > git push origin main:main [1629ms]
2024-02-19 10:25:29.680 [info] To https://github.com/simongrobbins/DIbootcamp.git
   32eef6b..218d365  main -> main
2024-02-19 10:25:29.732 [info] > git config --get commit.template [7ms]
2024-02-19 10:25:29.764 [info] > git for-each-ref --format=%(refname)%00%(upstream:short)%00%(objectname)%00%(upstream:track)%00%(upstream:remotename)%00%(upstream:remoteref) refs/heads/main refs/remotes/main [4ms]
2024-02-19 10:25:29.777 [info] > git status -z -uall [4ms]
2024-02-19 10:25:29.820 [info] > git merge-base refs/heads/main refs/remotes/origin/main [7ms]
2024-02-19 10:25:29.831 [info] > git rev-list --count --left-right refs/heads/main...refs/remotes/origin/main [2ms]
2024-02-19 10:25:33.579 [info] > git ls-files --stage -- /home/simgabrob/Bootcamp/Week 4/Hackathon/script.js [2ms]
2024-02-19 10:25:33.587 [info] > git cat-file -s e69de29bb2d1d6434b8b29ae775ad8c2e48c5391 [2ms]
2024-02-19 10:25:33.598 [info] > git show --textconv :Week 4/Hackathon/script.js [2ms]
2024-02-19 10:25:36.519 [info] > git show --textconv :Week 4/Hackathon/index.html [23ms]
2024-02-19 10:25:36.534 [info] > git ls-files --stage -- /home/simgabrob/Bootcamp/Week 4/Hackathon/index.html [16ms]
2024-02-19 10:25:36.569 [info] > git cat-file -s ffb35146c1a4ee9b6b3f356ba054e25de02bfebf [15ms]
2024-02-19 10:27:50.534 [info] > git show --textconv :Week 4/Hackathon/style.css [25ms]
2024-02-19 10:27:50.542 [info] > git ls-files --stage -- /home/simgabrob/Bootcamp/Week 4/Hackathon/style.css [9ms]
2024-02-19 10:27:50.561 [info] > git cat-file -s e69de29bb2d1d6434b8b29ae775ad8c2e48c5391 [6ms]
2024-02-19 10:28:00.634 [info] > git config --get commit.template [1ms]
2024-02-19 10:28:00.655 [info] > git for-each-ref --format=%(refname)%00%(upstream:short)%00%(objectname)%00%(upstream:track)%00%(upstream:remotename)%00%(upstream:remoteref) refs/heads/main refs/remotes/main [6ms]
2024-02-19 10:28:00.675 [info] > git status -z -uall [4ms]
2024-02-19 10:28:02.169 [info] > git show --textconv :Week 4/Hackathon/index.html [21ms]
2024-02-19 10:28:02.171 [info] > git ls-files --stage -- /home/simgabrob/Bootcamp/Week 4/Hackathon/index.html [3ms]
2024-02-19 10:28:02.186 [info] > git cat-file -s ffb35146c1a4ee9b6b3f356ba054e25de02bfebf [4ms]
2024-02-19 10:28:16.148 [info] > git config --get commit.template [12ms]
2024-02-19 10:28:16.149 [info] > git for-each-ref --format=%(refname)%00%(upstream:short)%00%(objectname)%00%(upstream:track)%00%(upstream:remotename)%00%(upstream:remoteref) refs/heads/main refs/remotes/main [2ms]
2024-02-19 10:28:16.162 [info] > git status -z -uall [2ms]
2024-02-19 10:28:17.726 [info] > git show --textconv :Week 4/Hackathon/script.js [15ms]
2024-02-19 10:28:17.727 [info] > git ls-files --stage -- /home/simgabrob/Bootcamp/Week 4/Hackathon/script.js [2ms]
2024-02-19 10:28:17.741 [info] > git cat-file -s e69de29bb2d1d6434b8b29ae775ad8c2e48c5391 [5ms]
2024-02-19 10:28:21.244 [info] > git config --get commit.template [33ms]
2024-02-19 10:28:21.249 [info] > git for-each-ref --format=%(refname)%00%(upstream:short)%00%(objectname)%00%(upstream:track)%00%(upstream:remotename)%00%(upstream:remoteref) refs/heads/main refs/remotes/main [8ms]
2024-02-19 10:28:21.294 [info] > git status -z -uall [11ms]
2024-02-19 10:28:51.551 [info] > git show --textconv :Week 4/Hackathon/style.css [10ms]
2024-02-19 10:28:51.557 [info] > git ls-files --stage -- /home/simgabrob/Bootcamp/Week 4/Hackathon/style.css [7ms]
2024-02-19 10:28:51.577 [info] > git cat-file -s e69de29bb2d1d6434b8b29ae775ad8c2e48c5391 [6ms]
2024-02-19 10:29:01.124 [info] > git config --get commit.template [33ms]
2024-02-19 10:29:01.130 [info] > git for-each-ref --format=%(refname)%00%(upstream:short)%00%(objectname)%00%(upstream:track)%00%(upstream:remotename)%00%(upstream:remoteref) refs/heads/main refs/remotes/main [12ms]
2024-02-19 10:29:01.167 [info] > git status -z -uall [8ms]
2024-02-19 10:29:11.000 [info] > git config --get commit.template [9ms]
2024-02-19 10:29:11.000 [info] > git for-each-ref --format=%(refname)%00%(upstream:short)%00%(objectname)%00%(upstream:track)%00%(upstream:remotename)%00%(upstream:remoteref) refs/heads/main refs/remotes/main [1ms]
2024-02-19 10:29:11.011 [info] > git status -z -uall [3ms]
2024-02-19 10:29:16.122 [info] > git config --get commit.template [49ms]
2024-02-19 10:29:16.131 [info] > git for-each-ref --format=%(refname)%00%(upstream:short)%00%(objectname)%00%(upstream:track)%00%(upstream:remotename)%00%(upstream:remoteref) refs/heads/main refs/remotes/main [10ms]
2024-02-19 10:29:16.177 [info] > git status -z -uall [10ms]
2024-02-19 10:29:21.255 [info] > git config --get commit.template [32ms]
2024-02-19 10:29:21.261 [info] > git for-each-ref --format=%(refname)%00%(upstream:short)%00%(objectname)%00%(upstream:track)%00%(upstream:remotename)%00%(upstream:remoteref) refs/heads/main refs/remotes/main [10ms]
2024-02-19 10:29:21.285 [info] > git status -z -uall [6ms]
2024-02-19 10:29:26.341 [info] > git config --get commit.template [20ms]
2024-02-19 10:29:26.343 [info] > git for-each-ref --format=%(refname)%00%(upstream:short)%00%(objectname)%00%(upstream:track)%00%(upstream:remotename)%00%(upstream:remoteref) refs/heads/main refs/remotes/main [3ms]
2024-02-19 10:29:26.360 [info] > git status -z -uall [3ms]
2024-02-19 10:29:31.404 [info] > git config --get commit.template [14ms]
2024-02-19 10:29:31.405 [info] > git for-each-ref --format=%(refname)%00%(upstream:short)%00%(objectname)%00%(upstream:track)%00%(upstream:remotename)%00%(upstream:remoteref) refs/heads/main refs/remotes/main [2ms]
2024-02-19 10:29:31.415 [info] > git status -z -uall [3ms]
2024-02-19 10:29:36.491 [info] > git config --get commit.template [3ms]
2024-02-19 10:29:36.505 [info] > git for-each-ref --format=%(refname)%00%(upstream:short)%00%(objectname)%00%(upstream:track)%00%(upstream:remotename)%00%(upstream:remoteref) refs/heads/main refs/remotes/main [2ms]
2024-02-19 10:29:36.515 [info] > git status -z -uall [3ms]
2024-02-19 10:29:41.559 [info] > git config --get commit.template [17ms]
2024-02-19 10:29:41.561 [info] > git for-each-ref --format=%(refname)%00%(upstream:short)%00%(objectname)%00%(upstream:track)%00%(upstream:remotename)%00%(upstream:remoteref) refs/heads/main refs/remotes/main [2ms]
2024-02-19 10:29:41.589 [info] > git status -z -uall [9ms]
2024-02-19 10:29:46.665 [info] > git config --get commit.template [28ms]
2024-02-19 10:29:46.669 [info] > git for-each-ref --format=%(refname)%00%(upstream:short)%00%(objectname)%00%(upstream:track)%00%(upstream:remotename)%00%(upstream:remoteref) refs/heads/main refs/remotes/main [6ms]
2024-02-19 10:29:46.687 [info] > git status -z -uall [5ms]
2024-02-19 10:29:51.768 [info] > git config --get commit.template [6ms]
2024-02-19 10:29:51.789 [info] > git for-each-ref --format=%(refname)%00%(upstream:short)%00%(objectname)%00%(upstream:track)%00%(upstream:remotename)%00%(upstream:remoteref) refs/heads/main refs/remotes/main [3ms]
2024-02-19 10:29:51.805 [info] > git status -z -uall [4ms]
2024-02-19 10:29:56.855 [info] > git config --get commit.template [18ms]
2024-02-19 10:29:56.857 [info] > git for-each-ref --format=%(refname)%00%(upstream:short)%00%(objectname)%00%(upstream:track)%00%(upstream:remotename)%00%(upstream:remoteref) refs/heads/main refs/remotes/main [3ms]
2024-02-19 10:29:56.869 [info] > git status -z -uall [3ms]
2024-02-19 10:30:03.723 [info] > git config --get commit.template [31ms]
2024-02-19 10:30:03.725 [info] > git for-each-ref --format=%(refname)%00%(upstream:short)%00%(objectname)%00%(upstream:track)%00%(upstream:remotename)%00%(upstream:remoteref) refs/heads/main refs/remotes/main [5ms]
2024-02-19 10:30:03.748 [info] > git status -z -uall [6ms]
2024-02-19 10:30:22.546 [info] > git config --get commit.template [8ms]
2024-02-19 10:30:22.547 [info] > git for-each-ref --format=%(refname)%00%(upstream:short)%00%(objectname)%00%(upstream:track)%00%(upstream:remotename)%00%(upstream:remoteref) refs/heads/main refs/remotes/main [2ms]
2024-02-19 10:30:22.556 [info] > git status -z -uall [2ms]
2024-02-19 10:31:04.043 [info] > git config --get commit.template [28ms]
2024-02-19 10:31:04.044 [info] > git for-each-ref --format=%(refname)%00%(upstream:short)%00%(objectname)%00%(upstream:track)%00%(upstream:remotename)%00%(upstream:remoteref) refs/heads/main refs/remotes/main [2ms]
2024-02-19 10:31:04.066 [info] > git status -z -uall [3ms]
2024-02-19 10:31:09.115 [info] > git config --get commit.template [10ms]
2024-02-19 10:31:09.148 [info] > git for-each-ref --format=%(refname)%00%(upstream:short)%00%(objectname)%00%(upstream:track)%00%(upstream:remotename)%00%(upstream:remoteref) refs/heads/main refs/remotes/main [8ms]
2024-02-19 10:31:09.181 [info] > git status -z -uall [9ms]
2024-02-19 10:31:14.246 [info] > git config --get commit.template [28ms]
2024-02-19 10:31:14.248 [info] > git for-each-ref --format=%(refname)%00%(upstream:short)%00%(objectname)%00%(upstream:track)%00%(upstream:remotename)%00%(upstream:remoteref) refs/heads/main refs/remotes/main [4ms]
2024-02-19 10:31:14.262 [info] > git status -z -uall [3ms]
2024-02-19 10:31:22.081 [info] > git config --get commit.template [18ms]
2024-02-19 10:31:22.087 [info] > git for-each-ref --format=%(refname)%00%(upstream:short)%00%(objectname)%00%(upstream:track)%00%(upstream:remotename)%00%(upstream:remoteref) refs/heads/main refs/remotes/main [7ms]
2024-02-19 10:31:22.100 [info] > git status -z -uall [3ms]
2024-02-19 10:31:30.738 [info] > git config --get commit.template [27ms]
2024-02-19 10:31:30.747 [info] > git for-each-ref --format=%(refname)%00%(upstream:short)%00%(objectname)%00%(upstream:track)%00%(upstream:remotename)%00%(upstream:remoteref) refs/heads/main refs/remotes/main [10ms]
2024-02-19 10:31:30.774 [info] > git status -z -uall [6ms]
2024-02-19 10:31:58.673 [info] > git config --get commit.template [37ms]
2024-02-19 10:31:58.685 [info] > git for-each-ref --format=%(refname)%00%(upstream:short)%00%(objectname)%00%(upstream:track)%00%(upstream:remotename)%00%(upstream:remoteref) refs/heads/main refs/remotes/main [9ms]
2024-02-19 10:31:58.735 [info] > git status -z -uall [13ms]
2024-02-19 10:32:04.999 [info] > git config --get commit.template [14ms]
2024-02-19 10:32:05.001 [info] > git for-each-ref --format=%(refname)%00%(upstream:short)%00%(objectname)%00%(upstream:track)%00%(upstream:remotename)%00%(upstream:remoteref) refs/heads/main refs/remotes/main [3ms]
2024-02-19 10:32:05.013 [info] > git status -z -uall [3ms]
2024-02-19 10:32:11.551 [info] > git config --get commit.template [21ms]
2024-02-19 10:32:11.554 [info] > git for-each-ref --format=%(refname)%00%(upstream:short)%00%(objectname)%00%(upstream:track)%00%(upstream:remotename)%00%(upstream:remoteref) refs/heads/main refs/remotes/main [5ms]
2024-02-19 10:32:11.567 [info] > git status -z -uall [2ms]
2024-02-19 10:32:23.205 [info] > git add -A -- . [3ms]
2024-02-19 10:32:23.225 [info] > git -c user.useConfigOnly=true commit --quiet --allow-empty-message --file - [10ms]
2024-02-19 10:32:23.236 [info] > git config --get commit.template [1ms]
2024-02-19 10:32:23.251 [info] > git config --get commit.template [4ms]
2024-02-19 10:32:23.266 [info] > git for-each-ref --format=%(refname)%00%(upstream:short)%00%(objectname)%00%(upstream:track)%00%(upstream:remotename)%00%(upstream:remoteref) refs/heads/main refs/remotes/main [1ms]
2024-02-19 10:32:23.281 [info] > git status -z -uall [3ms]
2024-02-19 10:32:23.344 [info] > git config --get commit.template [2ms]
2024-02-19 10:32:23.344 [info] > git merge-base refs/heads/main refs/remotes/origin/main [11ms]
2024-02-19 10:32:23.363 [info] > git rev-list --count --left-right refs/heads/main...refs/remotes/origin/main [8ms]
2024-02-19 10:32:23.365 [info] > git for-each-ref --format=%(refname)%00%(upstream:short)%00%(objectname)%00%(upstream:track)%00%(upstream:remotename)%00%(upstream:remoteref) refs/heads/main refs/remotes/main [3ms]
2024-02-19 10:32:23.379 [info] > git status -z -uall [4ms]
2024-02-19 10:32:24.262 [info] > git log --oneline --cherry main...main@{upstream} -- [7ms]
2024-02-19 10:32:25.261 [info] > git pull --tags origin main [976ms]
2024-02-19 10:32:25.261 [info] From https://github.com/simongrobbins/DIbootcamp
 * branch            main       -> FETCH_HEAD
2024-02-19 10:32:26.494 [info] > git ls-files --stage -- /home/simgabrob/Bootcamp/Week 4/Hackathon/style.css [9ms]
2024-02-19 10:32:26.524 [info] > git cat-file -s dcc19df273b099a3c08f5c184791a780288a949d [8ms]
2024-02-19 10:32:26.544 [info] > git show --textconv :Week 4/Hackathon/style.css [3ms]
2024-02-19 10:32:27.065 [info] > git push origin main:main [1791ms]
2024-02-19 10:32:27.065 [info] To https://github.com/simongrobbins/DIbootcamp.git
   218d365..32c67fd  main -> main
2024-02-19 10:32:27.139 [info] > git config --get commit.template [39ms]
2024-02-19 10:32:27.142 [info] > git for-each-ref --format=%(refname)%00%(upstream:short)%00%(objectname)%00%(upstream:track)%00%(upstream:remotename)%00%(upstream:remoteref) refs/heads/main refs/remotes/main [9ms]
2024-02-19 10:32:27.173 [info] > git status -z -uall [7ms]
2024-02-19 10:32:27.217 [info] > git merge-base refs/heads/main refs/remotes/origin/main [3ms]
2024-02-19 10:32:27.229 [info] > git rev-list --count --left-right refs/heads/main...refs/remotes/origin/main [2ms]
2024-02-19 10:32:28.275 [info] > git ls-files --stage -- /home/simgabrob/Bootcamp/Week 4/Hackathon/style.css [6ms]
2024-02-19 10:32:28.300 [info] > git cat-file -s dcc19df273b099a3c08f5c184791a780288a949d [4ms]
2024-02-19 10:32:28.315 [info] > git show --textconv :Week 4/Hackathon/style.css [2ms]
2024-02-19 10:33:20.320 [info] Log level: Info
2024-02-19 10:33:20.320 [info] Validating found git in: "git"
2024-02-19 10:33:20.320 [info] Using git "2.39.2" from "git"
2024-02-19 10:33:20.320 [info] > git rev-parse --show-toplevel [6ms]
2024-02-19 10:33:20.329 [info] > git rev-parse --git-dir --git-common-dir [2ms]
2024-02-19 10:33:20.348 [info] Open repository: /home/simgabrob
2024-02-19 10:33:20.364 [info] > git config --get commit.template [4ms]
2024-02-19 10:33:20.374 [info] No remotes found in the git config file.
2024-02-19 10:33:20.388 [info] > git for-each-ref --format=%(refname)%00%(upstream:short)%00%(objectname)%00%(upstream:track)%00%(upstream:remotename)%00%(upstream:remoteref) refs/heads/master refs/remotes/master [14ms]
2024-02-19 10:33:20.725 [info] > git status -z -uall [323ms]
2024-02-19 10:33:20.813 [info] No remotes found in the git config file.
2024-02-19 10:33:20.816 [info] > git config --get commit.template [11ms]
2024-02-19 10:33:20.830 [info] > git for-each-ref --format=%(refname)%00%(upstream:short)%00%(objectname)%00%(upstream:track)%00%(upstream:remotename)%00%(upstream:remoteref) refs/heads/master refs/remotes/master [17ms]
2024-02-19 10:33:21.102 [info] > git status -z -uall [264ms]
2024-02-19 10:33:26.126 [info] No remotes found in the git config file.
2024-02-19 10:33:26.127 [info] > git config --get commit.template [17ms]
2024-02-19 10:33:26.129 [info] > git for-each-ref --format=%(refname)%00%(upstream:short)%00%(objectname)%00%(upstream:track)%00%(upstream:remotename)%00%(upstream:remoteref) refs/heads/master refs/remotes/master [4ms]
2024-02-19 10:33:26.199 [info] > git status -z -uall [63ms]
2024-02-19 10:33:31.274 [info] No remotes found in the git config file.
2024-02-19 10:33:31.275 [info] > git config --get commit.template [12ms]
2024-02-19 10:33:31.276 [info] > git for-each-ref --format=%(refname)%00%(upstream:short)%00%(objectname)%00%(upstream:track)%00%(upstream:remotename)%00%(upstream:remoteref) refs/heads/master refs/remotes/master [2ms]
2024-02-19 10:33:31.344 [info] > git status -z -uall [62ms]
2024-02-19 10:33:36.397 [info] No remotes found in the git config file.
2024-02-19 10:33:36.400 [info] > git config --get commit.template [15ms]
2024-02-19 10:33:36.401 [info] > git for-each-ref --format=%(refname)%00%(upstream:short)%00%(objectname)%00%(upstream:track)%00%(upstream:remotename)%00%(upstream:remoteref) refs/heads/master refs/remotes/master [4ms]
2024-02-19 10:33:36.478 [info] > git status -z -uall [72ms]
2024-02-19 10:33:49.355 [info] > git config --get commit.template [5ms]
2024-02-19 10:33:49.372 [info] No remotes found in the git config file.
2024-02-19 10:33:49.376 [info] > git for-each-ref --format=%(refname)%00%(upstream:short)%00%(objectname)%00%(upstream:track)%00%(upstream:remotename)%00%(upstream:remoteref) refs/heads/master refs/remotes/master [5ms]
2024-02-19 10:33:49.460 [info] > git status -z -uall [78ms]
2024-02-19 10:33:54.530 [info] No remotes found in the git config file.
2024-02-19 10:33:54.534 [info] > git config --get commit.template [24ms]
2024-02-19 10:33:54.536 [info] > git for-each-ref --format=%(refname)%00%(upstream:short)%00%(objectname)%00%(upstream:track)%00%(upstream:remotename)%00%(upstream:remoteref) refs/heads/master refs/remotes/master [7ms]
2024-02-19 10:33:54.650 [info] > git status -z -uall [102ms]
2024-02-19 10:33:59.697 [info] > git config --get commit.template [2ms]
2024-02-19 10:33:59.718 [info] No remotes found in the git config file.
2024-02-19 10:33:59.723 [info] > git for-each-ref --format=%(refname)%00%(upstream:short)%00%(objectname)%00%(upstream:track)%00%(upstream:remotename)%00%(upstream:remoteref) refs/heads/master refs/remotes/master [4ms]
2024-02-19 10:33:59.844 [info] > git status -z -uall [112ms]
2024-02-19 10:34:04.912 [info] No remotes found in the git config file.
2024-02-19 10:34:04.914 [info] > git config --get commit.template [19ms]
2024-02-19 10:34:04.916 [info] > git for-each-ref --format=%(refname)%00%(upstream:short)%00%(objectname)%00%(upstream:track)%00%(upstream:remotename)%00%(upstream:remoteref) refs/heads/master refs/remotes/master [4ms]
2024-02-19 10:34:04.983 [info] > git status -z -uall [60ms]
2024-02-19 10:34:10.043 [info] No remotes found in the git config file.
2024-02-19 10:34:10.045 [info] > git config --get commit.template [21ms]
2024-02-19 10:34:10.048 [info] > git for-each-ref --format=%(refname)%00%(upstream:short)%00%(objectname)%00%(upstream:track)%00%(upstream:remotename)%00%(upstream:remoteref) refs/heads/master refs/remotes/master [5ms]
2024-02-19 10:34:10.148 [info] > git status -z -uall [88ms]
2024-02-19 10:34:15.209 [info] No remotes found in the git config file.
2024-02-19 10:34:15.211 [info] > git config --get commit.template [18ms]
2024-02-19 10:34:15.212 [info] > git for-each-ref --format=%(refname)%00%(upstream:short)%00%(objectname)%00%(upstream:track)%00%(upstream:remotename)%00%(upstream:remoteref) refs/heads/master refs/remotes/master [3ms]
2024-02-19 10:34:15.280 [info] > git status -z -uall [60ms]
2024-02-19 10:34:20.340 [info] No remotes found in the git config file.
2024-02-19 10:34:20.341 [info] > git config --get commit.template [21ms]
2024-02-19 10:34:20.342 [info] > git for-each-ref --format=%(refname)%00%(upstream:short)%00%(objectname)%00%(upstream:track)%00%(upstream:remotename)%00%(upstream:remoteref) refs/heads/master refs/remotes/master [3ms]
2024-02-19 10:34:20.411 [info] > git status -z -uall [60ms]
2024-02-19 10:34:25.477 [info] No remotes found in the git config file.
2024-02-19 10:34:25.480 [info] > git config --get commit.template [22ms]
2024-02-19 10:34:25.483 [info] > git for-each-ref --format=%(refname)%00%(upstream:short)%00%(objectname)%00%(upstream:track)%00%(upstream:remotename)%00%(upstream:remoteref) refs/heads/master refs/remotes/master [6ms]
2024-02-19 10:34:25.559 [info] > git status -z -uall [62ms]
2024-02-19 10:34:30.592 [info] No remotes found in the git config file.
2024-02-19 10:34:30.593 [info] > git config --get commit.template [7ms]
2024-02-19 10:34:30.594 [info] > git for-each-ref --format=%(refname)%00%(upstream:short)%00%(objectname)%00%(upstream:track)%00%(upstream:remotename)%00%(upstream:remoteref) refs/heads/master refs/remotes/master [2ms]
2024-02-19 10:34:30.657 [info] > git status -z -uall [58ms]
2024-02-19 10:34:35.691 [info] No remotes found in the git config file.
2024-02-19 10:34:35.691 [info] > git config --get commit.template [8ms]
2024-02-19 10:34:35.693 [info] > git for-each-ref --format=%(refname)%00%(upstream:short)%00%(objectname)%00%(upstream:track)%00%(upstream:remotename)%00%(upstream:remoteref) refs/heads/master refs/remotes/master [3ms]
2024-02-19 10:34:35.766 [info] > git status -z -uall [65ms]
2024-02-19 10:34:40.799 [info] No remotes found in the git config file.
2024-02-19 10:34:40.800 [info] > git config --get commit.template [9ms]
2024-02-19 10:34:40.800 [info] > git for-each-ref --format=%(refname)%00%(upstream:short)%00%(objectname)%00%(upstream:track)%00%(upstream:remotename)%00%(upstream:remoteref) refs/heads/master refs/remotes/master [2ms]
2024-02-19 10:34:40.886 [info] > git status -z -uall [78ms]
2024-02-19 10:34:45.945 [info] No remotes found in the git config file.
2024-02-19 10:34:45.947 [info] > git config --get commit.template [21ms]
2024-02-19 10:34:45.951 [info] > git for-each-ref --format=%(refname)%00%(upstream:short)%00%(objectname)%00%(upstream:track)%00%(upstream:remotename)%00%(upstream:remoteref) refs/heads/master refs/remotes/master [7ms]
2024-02-19 10:34:46.035 [info] > git status -z -uall [67ms]
2024-02-19 10:34:51.094 [info] No remotes found in the git config file.
2024-02-19 10:34:51.096 [info] > git config --get commit.template [23ms]
2024-02-19 10:34:51.098 [info] > git for-each-ref --format=%(refname)%00%(upstream:short)%00%(objectname)%00%(upstream:track)%00%(upstream:remotename)%00%(upstream:remoteref) refs/heads/master refs/remotes/master [5ms]
2024-02-19 10:34:51.186 [info] > git status -z -uall [75ms]
2024-02-19 10:35:22.029 [info] No remotes found in the git config file.
2024-02-19 10:35:22.031 [info] > git config --get commit.template [13ms]
2024-02-19 10:35:22.036 [info] > git for-each-ref --format=%(refname)%00%(upstream:short)%00%(objectname)%00%(upstream:track)%00%(upstream:remotename)%00%(upstream:remoteref) refs/heads/master refs/remotes/master [7ms]
2024-02-19 10:35:22.118 [info] > git status -z -uall [73ms]
2024-02-19 10:35:31.219 [info] > git config --get commit.template [4ms]
2024-02-19 10:35:31.221 [info] No remotes found in the git config file.
2024-02-19 10:35:31.230 [info] > git for-each-ref --format=%(refname)%00%(upstream:short)%00%(objectname)%00%(upstream:track)%00%(upstream:remotename)%00%(upstream:remoteref) refs/heads/master refs/remotes/master [3ms]
2024-02-19 10:35:31.298 [info] > git status -z -uall [61ms]
2024-02-19 10:35:34.330 [info] > git for-each-ref --format=%(refname)%00%(upstream:short)%00%(objectname)%00%(upstream:track)%00%(upstream:remotename)%00%(upstream:remoteref) refs/heads/master [2ms]
2024-02-19 10:35:34.340 [info] > git config --local branch.master.vscode-merge-base [2ms]
2024-02-19 10:35:34.353 [info] > git reflog refs/heads/master --grep-reflog=branch: Created from *. [6ms]
2024-02-19 10:35:34.361 [info] > git symbolic-ref --short refs/remotes/origin/HEAD [2ms]
2024-02-19 10:35:34.361 [info] fatal: ref refs/remotes/origin/HEAD is not a symbolic ref
2024-02-19 10:35:34.956 [info] > git check-ignore -v -z --stdin [31ms]
2024-02-19 10:35:36.356 [info] > git config --get commit.template [8ms]
2024-02-19 10:35:36.368 [info] No remotes found in the git config file.
2024-02-19 10:35:36.371 [info] > git for-each-ref --format=%(refname)%00%(upstream:short)%00%(objectname)%00%(upstream:track)%00%(upstream:remotename)%00%(upstream:remoteref) refs/heads/master refs/remotes/master [3ms]
2024-02-19 10:35:36.444 [info] > git status -z -uall [68ms]
2024-02-19 10:35:41.502 [info] No remotes found in the git config file.
2024-02-19 10:35:41.504 [info] > git config --get commit.template [15ms]
2024-02-19 10:35:41.505 [info] > git for-each-ref --format=%(refname)%00%(upstream:short)%00%(objectname)%00%(upstream:track)%00%(upstream:remotename)%00%(upstream:remoteref) refs/heads/master refs/remotes/master [3ms]
2024-02-19 10:35:41.576 [info] > git status -z -uall [65ms]
2024-02-19 10:35:44.254 [info] > git add -A -- . [977ms]
2024-02-19 10:35:44.254 [info] error: 'Hackathon/' does not have a commit checked out
fatal: adding files failed
2024-02-19 10:35:44.266 [info] No remotes found in the git config file.
2024-02-19 10:35:44.267 [info] > git config --get commit.template [6ms]
2024-02-19 10:35:44.268 [info] > git for-each-ref --format=%(refname)%00%(upstream:short)%00%(objectname)%00%(upstream:track)%00%(upstream:remotename)%00%(upstream:remoteref) refs/heads/master refs/remotes/master [2ms]
2024-02-19 10:35:44.337 [info] > git status -z -uall [63ms]
2024-02-19 10:35:50.496 [info] > git config --get commit.template [2ms]
2024-02-19 10:35:50.504 [info] No remotes found in the git config file.
2024-02-19 10:35:50.505 [info] > git for-each-ref --format=%(refname)%00%(upstream:short)%00%(objectname)%00%(upstream:track)%00%(upstream:remotename)%00%(upstream:remoteref) refs/heads/master refs/remotes/master [1ms]
2024-02-19 10:35:50.586 [info] > git status -z -uall [74ms]
2024-02-19 10:35:55.651 [info] No remotes found in the git config file.
2024-02-19 10:35:55.652 [info] > git config --get commit.template [17ms]
2024-02-19 10:35:55.653 [info] > git for-each-ref --format=%(refname)%00%(upstream:short)%00%(objectname)%00%(upstream:track)%00%(upstream:remotename)%00%(upstream:remoteref) refs/heads/master refs/remotes/master [3ms]
2024-02-19 10:35:55.726 [info] > git status -z -uall [65ms]
2024-02-19 10:36:00.769 [info] No remotes found in the git config file.
2024-02-19 10:36:00.770 [info] > git config --get commit.template [12ms]
2024-02-19 10:36:00.772 [info] > git for-each-ref --format=%(refname)%00%(upstream:short)%00%(objectname)%00%(upstream:track)%00%(upstream:remotename)%00%(upstream:remoteref) refs/heads/master refs/remotes/master [4ms]
2024-02-19 10:36:00.843 [info] > git status -z -uall [64ms]
2024-02-19 10:36:05.939 [info] No remotes found in the git config file.
2024-02-19 10:36:05.946 [info] > git config --get commit.template [42ms]
2024-02-19 10:36:05.950 [info] > git for-each-ref --format=%(refname)%00%(upstream:short)%00%(objectname)%00%(upstream:track)%00%(upstream:remotename)%00%(upstream:remoteref) refs/heads/master refs/remotes/master [11ms]
2024-02-19 10:36:06.050 [info] > git status -z -uall [78ms]
2024-02-19 10:36:11.118 [info] No remotes found in the git config file.
2024-02-19 10:36:11.120 [info] > git config --get commit.template [19ms]
2024-02-19 10:36:11.121 [info] > git for-each-ref --format=%(refname)%00%(upstream:short)%00%(objectname)%00%(upstream:track)%00%(upstream:remotename)%00%(upstream:remoteref) refs/heads/master refs/remotes/master [4ms]
2024-02-19 10:36:11.195 [info] > git status -z -uall [66ms]
2024-02-19 10:36:16.243 [info] > git config --get commit.template [6ms]
2024-02-19 10:36:16.255 [info] No remotes found in the git config file.
2024-02-19 10:36:16.257 [info] > git for-each-ref --format=%(refname)%00%(upstream:short)%00%(objectname)%00%(upstream:track)%00%(upstream:remotename)%00%(upstream:remoteref) refs/heads/master refs/remotes/master [3ms]
2024-02-19 10:36:16.331 [info] > git status -z -uall [67ms]
2024-02-19 10:36:21.392 [info] No remotes found in the git config file.
2024-02-19 10:36:21.394 [info] > git config --get commit.template [17ms]
2024-02-19 10:36:21.395 [info] > git for-each-ref --format=%(refname)%00%(upstream:short)%00%(objectname)%00%(upstream:track)%00%(upstream:remotename)%00%(upstream:remoteref) refs/heads/master refs/remotes/master [3ms]
2024-02-19 10:36:21.470 [info] > git status -z -uall [67ms]
2024-02-19 10:36:26.535 [info] > git config --get commit.template [11ms]
2024-02-19 10:36:26.564 [info] No remotes found in the git config file.
2024-02-19 10:36:26.573 [info] > git for-each-ref --format=%(refname)%00%(upstream:short)%00%(objectname)%00%(upstream:track)%00%(upstream:remotename)%00%(upstream:remoteref) refs/heads/master refs/remotes/master [10ms]
2024-02-19 10:36:26.663 [info] > git status -z -uall [69ms]
2024-02-19 10:36:32.697 [info] No remotes found in the git config file.
2024-02-19 10:36:32.698 [info] > git config --get commit.template [19ms]
2024-02-19 10:36:32.700 [info] > git for-each-ref --format=%(refname)%00%(upstream:short)%00%(objectname)%00%(upstream:track)%00%(upstream:remotename)%00%(upstream:remoteref) refs/heads/master refs/remotes/master [4ms]
2024-02-19 10:36:35.563 [info] Log level: Info
2024-02-19 10:36:35.563 [info] Validating found git in: "git"
2024-02-19 10:36:35.563 [info] Using git "2.39.2" from "git"
2024-02-19 10:36:35.563 [info] > git rev-parse --show-toplevel [14ms]
2024-02-19 10:36:35.594 [info] > git rev-parse --git-dir --git-common-dir [21ms]
2024-02-19 10:36:35.614 [info] Open repository: /home/simgabrob/Bootcamp
2024-02-19 10:36:35.695 [info] > git rev-parse --show-toplevel [60ms]
2024-02-19 10:36:35.696 [info] > git config --get commit.template [70ms]
2024-02-19 10:36:35.722 [info] > git rev-parse --show-toplevel [14ms]
2024-02-19 10:36:35.731 [info] > git for-each-ref --format=%(refname)%00%(upstream:short)%00%(objectname)%00%(upstream:track)%00%(upstream:remotename)%00%(upstream:remoteref) refs/heads/main refs/remotes/main [11ms]
2024-02-19 10:36:35.750 [info] > git rev-parse --show-toplevel [20ms]
2024-02-19 10:36:35.800 [info] > git status -z -uall [4ms]
2024-02-19 10:36:35.821 [info] > git rev-parse --show-toplevel [64ms]
2024-02-19 10:36:35.880 [info] > git rev-parse --show-toplevel [36ms]
2024-02-19 10:36:35.882 [info] > git config --get commit.template [49ms]
2024-02-19 10:36:35.899 [info] > git rev-parse --show-toplevel [8ms]
2024-02-19 10:36:35.906 [info] > git for-each-ref --format=%(refname)%00%(upstream:short)%00%(objectname)%00%(upstream:track)%00%(upstream:remotename)%00%(upstream:remoteref) refs/heads/main refs/remotes/main [7ms]
2024-02-19 10:36:35.907 [info] > git rev-parse --show-toplevel [2ms]
2024-02-19 10:36:35.948 [info] > git status -z -uall [24ms]
2024-02-19 10:36:35.953 [info] > git rev-parse --show-toplevel [36ms]
2024-02-19 10:36:35.972 [info] > git rev-parse --show-toplevel [11ms]
2024-02-19 10:36:36.002 [info] > git rev-parse --show-toplevel [13ms]
2024-02-19 10:36:36.106 [info] > git show --textconv :Week 4/Hackathon/style.css [17ms]
2024-02-19 10:36:36.115 [info] > git ls-files --stage -- /home/simgabrob/Bootcamp/Week 4/Hackathon/style.css [15ms]
2024-02-19 10:36:36.130 [info] > git cat-file -s dcc19df273b099a3c08f5c184791a780288a949d [6ms]
2024-02-19 10:36:36.218 [info] > git check-ignore -v -z --stdin [9ms]
2024-02-19 10:36:51.664 [info] > git show --textconv :Week 4/Hackathon/script.js [215ms]
2024-02-19 10:36:51.667 [info] > git ls-files --stage -- /home/simgabrob/Bootcamp/Week 4/Hackathon/script.js [204ms]
2024-02-19 10:36:51.688 [info] > git cat-file -s 52607ae9992562ce44177c2aea36e7f6984be4d5 [13ms]
2024-02-19 10:57:14.651 [info] Log level: Info
2024-02-19 10:57:14.651 [info] Validating found git in: "git"
2024-02-19 10:57:14.651 [info] Using git "2.39.2" from "git"
2024-02-19 10:57:14.651 [info] > git rev-parse --show-toplevel [15ms]
2024-02-19 10:57:14.692 [info] > git rev-parse --git-dir --git-common-dir [34ms]
2024-02-19 10:57:14.720 [info] Open repository: /home/simgabrob
2024-02-19 10:57:14.758 [info] > git rev-parse --show-toplevel [3ms]
2024-02-19 10:57:14.759 [info] > git config --get commit.template [19ms]
2024-02-19 10:57:14.775 [info] No remotes found in the git config file.
2024-02-19 10:57:14.784 [info] > git for-each-ref --format=%(refname)%00%(upstream:short)%00%(objectname)%00%(upstream:track)%00%(upstream:remotename)%00%(upstream:remoteref) refs/heads/master refs/remotes/master [9ms]
2024-02-19 10:57:14.954 [info] > git status -z -uall [163ms]
2024-02-19 10:57:15.065 [info] > git config --get commit.template [4ms]
2024-02-19 10:57:15.080 [info] No remotes found in the git config file.
2024-02-19 10:57:15.595 [info] > git for-each-ref --format=%(refname)%00%(upstream:short)%00%(objectname)%00%(upstream:track)%00%(upstream:remotename)%00%(upstream:remoteref) refs/heads/master refs/remotes/master [515ms]
2024-02-19 10:57:15.743 [info] > git status -z -uall [128ms]
2024-02-19 10:57:24.240 [info] > git config --get commit.template [3ms]
2024-02-19 10:57:24.248 [info] No remotes found in the git config file.
2024-02-19 10:57:24.250 [info] > git for-each-ref --format=%(refname)%00%(upstream:short)%00%(objectname)%00%(upstream:track)%00%(upstream:remotename)%00%(upstream:remoteref) refs/heads/master refs/remotes/master [2ms]
2024-02-19 10:57:24.318 [info] > git status -z -uall [63ms]
2024-02-19 10:57:58.970 [info] > git check-ignore -v -z --stdin [13ms]
2024-02-19 10:58:05.517 [info] > git check-ignore -v -z --stdin [12ms]
2024-02-19 10:58:10.535 [info] > git show --textconv :Hackathon/hackathonOne/style.css [16ms]
2024-02-19 10:58:10.540 [info] > git ls-files --stage -- /home/simgabrob/Hackathon/hackathonOne/style.css [5ms]
2024-02-19 10:58:10.749 [info] > git check-ignore -v -z --stdin [10ms]
2024-02-19 11:05:54.983 [info] > git for-each-ref --format=%(refname)%00%(upstream:short)%00%(objectname)%00%(upstream:track)%00%(upstream:remotename)%00%(upstream:remoteref) refs/heads/master [2ms]
2024-02-19 11:05:54.995 [info] > git config --local branch.master.vscode-merge-base [2ms]
2024-02-19 11:05:55.007 [info] > git reflog refs/heads/master --grep-reflog=branch: Created from *. [5ms]
2024-02-19 11:05:55.016 [info] > git symbolic-ref --short refs/remotes/origin/HEAD [2ms]
2024-02-19 11:05:55.016 [info] fatal: ref refs/remotes/origin/HEAD is not a symbolic ref
2024-02-19 11:05:55.601 [info] > git check-ignore -v -z --stdin [39ms]
2024-02-19 11:06:05.920 [info] > git add -A -- . [224ms]
2024-02-19 11:06:06.034 [info] > git -c user.useConfigOnly=true commit --quiet --allow-empty-message --file - [108ms]
2024-02-19 11:06:06.041 [info] > git config --get commit.template [1ms]
2024-02-19 11:06:06.052 [info] > git config --get commit.template [3ms]
2024-02-19 11:06:06.061 [info] No remotes found in the git config file.
2024-02-19 11:06:06.064 [info] > git for-each-ref --format=%(refname)%00%(upstream:short)%00%(objectname)%00%(upstream:track)%00%(upstream:remotename)%00%(upstream:remoteref) refs/heads/simon refs/remotes/simon [4ms]
2024-02-19 11:06:06.119 [info] > git status -z -uall [50ms]
2024-02-19 11:06:06.204 [info] > git for-each-ref --format=%(refname)%00%(upstream:short)%00%(objectname)%00%(upstream:track)%00%(upstream:remotename)%00%(upstream:remoteref) refs/heads/simon [4ms]
2024-02-19 11:06:06.238 [info] > git config --local branch.simon.vscode-merge-base [25ms]
2024-02-19 11:06:06.250 [info] > git config --get commit.template [13ms]
2024-02-19 11:06:06.258 [info] > git reflog refs/heads/simon --grep-reflog=branch: Created from *. [8ms]
2024-02-19 11:06:06.279 [info] No remotes found in the git config file.
2024-02-19 11:06:06.280 [info] > git reflog HEAD --grep-reflog=checkout: moving from .* to simon [12ms]
2024-02-19 11:06:06.296 [info] > git for-each-ref --format=%(refname)%00%(upstream:short)%00%(objectname)%00%(upstream:track)%00%(upstream:remotename)%00%(upstream:remoteref) refs/heads/simon refs/remotes/simon [17ms]
2024-02-19 11:06:06.310 [info] > git for-each-ref --format=%(refname)%00%(upstream:short)%00%(objectname)%00%(upstream:track)%00%(upstream:remotename)%00%(upstream:remoteref) refs/heads/master refs/remotes/master [16ms]
2024-02-19 11:06:06.337 [info] > git config --local branch.simon.vscode-merge-base master [15ms]
2024-02-19 11:06:06.349 [info] > git status -z -uall [43ms] (cancelled)
2024-02-19 11:06:06.350 [info] > git config --get commit.template [2ms]
2024-02-19 11:06:06.354 [info] No remotes found in the git config file.
2024-02-19 11:06:06.356 [info] > git for-each-ref --format=%(refname)%00%(upstream:short)%00%(objectname)%00%(upstream:track)%00%(upstream:remotename)%00%(upstream:remoteref) refs/heads/simon refs/remotes/simon [2ms]
2024-02-19 11:06:06.421 [info] > git status -z -uall [56ms]
2024-02-19 11:06:06.436 [info] > git merge-base refs/heads/simon refs/heads/master [2ms]
2024-02-19 11:06:06.447 [info] > git rev-list --count --left-right refs/heads/simon...refs/heads/master [4ms]
2024-02-19 11:06:07.071 [info] > git check-ignore -v -z --stdin [12ms]
2024-02-19 11:06:10.592 [info] > git add -A -- . [81ms]
2024-02-19 11:06:11.122 [info] > git show --textconv :.git/COMMIT_EDITMSG [11ms]
2024-02-19 11:06:11.129 [info] > git ls-files --stage -- /home/simgabrob/.git/COMMIT_EDITMSG [8ms]
2024-02-19 11:06:11.444 [info] > git check-ignore -v -z --stdin [11ms]
2024-02-19 11:06:36.793 [info] > git -c user.useConfigOnly=true commit --quiet [26197ms]
2024-02-19 11:06:36.807 [info] No remotes found in the git config file.
2024-02-19 11:06:36.808 [info] > git config --get commit.template [8ms]
2024-02-19 11:06:36.809 [info] > git for-each-ref --format=%(refname)%00%(upstream:short)%00%(objectname)%00%(upstream:track)%00%(upstream:remotename)%00%(upstream:remoteref) refs/heads/simon refs/remotes/simon [2ms]
2024-02-19 11:06:36.893 [info] > git status -z -uall [77ms]
2024-02-19 11:06:36.924 [info] > git for-each-ref --format=%(refname)%00%(upstream:short)%00%(objectname)%00%(upstream:track)%00%(upstream:remotename)%00%(upstream:remoteref) refs/heads/simon [2ms]
2024-02-19 11:06:36.940 [info] > git config --local branch.simon.vscode-merge-base [3ms]
2024-02-19 11:06:36.948 [info] > git for-each-ref --format=%(refname)%00%(upstream:short)%00%(objectname)%00%(upstream:track)%00%(upstream:remotename)%00%(upstream:remoteref) refs/heads/master refs/remotes/master [2ms]
2024-02-19 11:06:36.997 [info] > git merge-base refs/heads/simon refs/heads/master [6ms]
2024-02-19 11:06:37.016 [info] > git rev-list --count --left-right refs/heads/simon...refs/heads/master [3ms]
2024-02-19 11:06:37.220 [info] > git show --textconv :Hackathon/hackathonOne/style.css [12ms]
2024-02-19 11:06:37.223 [info] > git ls-files --stage -- /home/simgabrob/Hackathon/hackathonOne/style.css [9ms]
2024-02-19 11:06:37.575 [info] > git check-ignore -v -z --stdin [7ms]
2024-02-19 11:06:57.864 [info] > git remote add origin https://github.com/itairotem/hackathonOne.git [15ms]
2024-02-19 11:06:57.894 [info] > git config --get commit.template [13ms]
2024-02-19 11:06:57.896 [info] > git for-each-ref --format=%(refname)%00%(upstream:short)%00%(objectname)%00%(upstream:track)%00%(upstream:remotename)%00%(upstream:remoteref) refs/heads/simon refs/remotes/simon [3ms]
2024-02-19 11:06:57.956 [info] > git status -z -uall [53ms]
2024-02-19 11:06:58.980 [info] > git fetch origin [1005ms]
2024-02-19 11:06:58.980 [info] From https://github.com/itairotem/hackathonOne
 * [new branch]      main       -> origin/main
2024-02-19 11:06:59.011 [info] > git for-each-ref --format=%(refname)%00%(upstream:short)%00%(objectname)%00%(upstream:track)%00%(upstream:remotename)%00%(upstream:remoteref) refs/heads/simon refs/remotes/simon [4ms]
2024-02-19 11:06:59.011 [info] > git config --get commit.template [15ms]
2024-02-19 11:06:59.080 [info] > git status -z -uall [61ms]
2024-02-19 11:06:59.129 [info] > git config --get commit.template [7ms]
2024-02-19 11:06:59.130 [info] > git for-each-ref --format=%(refname)%00%(upstream:short)%00%(objectname)%00%(upstream:track)%00%(upstream:remotename)%00%(upstream:remoteref) refs/heads/simon refs/remotes/simon [2ms]
2024-02-19 11:06:59.184 [info] > git status -z -uall [49ms]
2024-02-19 11:07:08.027 [info] > git add -A -- . [87ms]
2024-02-19 11:07:08.087 [info] > git -c user.useConfigOnly=true commit --quiet --allow-empty-message --file - [54ms]
2024-02-19 11:07:08.098 [info] > git config --get commit.template [3ms]
2024-02-19 11:07:08.118 [info] > git config --get commit.template [9ms]
2024-02-19 11:07:08.119 [info] > git for-each-ref --format=%(refname)%00%(upstream:short)%00%(objectname)%00%(upstream:track)%00%(upstream:remotename)%00%(upstream:remoteref) refs/heads/simon refs/remotes/simon [3ms]
2024-02-19 11:07:08.185 [info] > git status -z -uall [57ms]
2024-02-19 11:07:08.210 [info] > git push [1ms]
2024-02-19 11:07:08.211 [info] fatal: The current branch simon has no upstream branch.
To push the current branch and set the remote as upstream, use

    git push --set-upstream origin simon

To have this happen automatically for branches without a tracking
upstream, see 'push.autoSetupRemote' in 'git help config'.
2024-02-19 11:07:08.244 [info] > git config --get commit.template [15ms]
2024-02-19 11:07:08.255 [info] > git for-each-ref --format=%(refname)%00%(upstream:short)%00%(objectname)%00%(upstream:track)%00%(upstream:remotename)%00%(upstream:remoteref) refs/heads/simon [13ms]
2024-02-19 11:07:08.268 [info] > git for-each-ref --format=%(refname)%00%(upstream:short)%00%(objectname)%00%(upstream:track)%00%(upstream:remotename)%00%(upstream:remoteref) refs/heads/simon refs/remotes/simon [15ms]
2024-02-19 11:07:08.279 [info] > git config --local branch.simon.vscode-merge-base [13ms]
2024-02-19 11:07:08.321 [info] > git for-each-ref --format=%(refname)%00%(upstream:short)%00%(objectname)%00%(upstream:track)%00%(upstream:remotename)%00%(upstream:remoteref) refs/heads/master refs/remotes/master [11ms]
2024-02-19 11:07:08.388 [info] > git merge-base refs/heads/simon refs/heads/master [8ms]
2024-02-19 11:07:08.399 [info] > git rev-list --count --left-right refs/heads/simon...refs/heads/master [3ms]
2024-02-19 11:07:08.401 [info] > git status -z -uall [124ms]
2024-02-19 11:07:13.677 [info] > git ls-files --stage -- /home/simgabrob/Hackathon/hackathonOne/style.css [4ms]
2024-02-19 11:07:13.692 [info] > git show --textconv :Hackathon/hackathonOne/style.css [4ms]
2024-02-19 11:07:28.237 [info] > git push -u origin simon [14649ms]
2024-02-19 11:07:28.237 [info] remote: 
remote: Create a pull request for 'simon' on GitHub by visiting:        
remote:      https://github.com/itairotem/hackathonOne/pull/new/simon        
remote: 
To https://github.com/itairotem/hackathonOne.git
 * [new branch]      simon -> simon
2024-02-19 11:07:28.270 [info] > git config --get commit.template [17ms]
2024-02-19 11:07:28.272 [info] > git for-each-ref --format=%(refname)%00%(upstream:short)%00%(objectname)%00%(upstream:track)%00%(upstream:remotename)%00%(upstream:remoteref) refs/heads/simon refs/remotes/simon [7ms]
2024-02-19 11:07:28.352 [info] > git status -z -uall [65ms]
2024-02-19 11:07:28.439 [info] > git config --get commit.template [13ms]
2024-02-19 11:07:28.442 [info] > git merge-base refs/heads/simon refs/remotes/origin/simon [3ms]
2024-02-19 11:07:28.456 [info] > git for-each-ref --format=%(refname)%00%(upstream:short)%00%(objectname)%00%(upstream:track)%00%(upstream:remotename)%00%(upstream:remoteref) refs/heads/simon refs/remotes/simon [3ms]
2024-02-19 11:07:28.457 [info] > git rev-list --count --left-right refs/heads/simon...refs/remotes/origin/simon [10ms]
2024-02-19 11:07:28.531 [info] > git status -z -uall [67ms]
2024-02-19 11:07:28.549 [info] > git config --get commit.template [2ms]
2024-02-19 11:07:28.561 [info] > git for-each-ref --format=%(refname)%00%(upstream:short)%00%(objectname)%00%(upstream:track)%00%(upstream:remotename)%00%(upstream:remoteref) refs/heads/simon refs/remotes/simon [2ms]
2024-02-19 11:07:28.616 [info] > git status -z -uall [48ms]
2024-02-19 11:07:29.033 [info] > git check-ignore -v -z --stdin [13ms]
2024-02-19 11:07:29.566 [info] > git ls-files --stage -- /home/simgabrob/Hackathon/hackathonOne/style.css [6ms]
2024-02-19 11:07:29.587 [info] > git show --textconv :Hackathon/hackathonOne/style.css [6ms]
