2024-01-29 15:28:09.231 [info] Log level: Info
2024-01-29 15:28:09.232 [info] Validating found git in: "git"
2024-01-29 15:28:09.232 [info] Using git "2.39.2" from "git"
2024-01-29 15:28:26.870 [info] Log level: Info
2024-01-29 15:28:26.870 [info] Validating found git in: "git"
2024-01-29 15:28:26.870 [info] Using git "2.39.2" from "git"
2024-01-29 15:28:26.870 [info] > git rev-parse --show-toplevel [23ms]
2024-01-29 15:28:26.934 [info] > git rev-parse --git-dir --git-common-dir [22ms]
2024-01-29 15:28:26.969 [info] Open repository: /home/simgabrob/Bootcamp
2024-01-29 15:28:26.993 [info] > git config --get commit.template [7ms]
2024-01-29 15:28:27.028 [info] > git for-each-ref --format=%(refname)%00%(upstream:short)%00%(objectname)%00%(upstream:track)%00%(upstream:remotename)%00%(upstream:remoteref) refs/heads/main refs/remotes/main [16ms]
2024-01-29 15:28:27.046 [info] > git status -z -uall [5ms]
2024-01-29 15:28:27.110 [info] > git for-each-ref --format=%(refname)%00%(upstream:short)%00%(objectname)%00%(upstream:track)%00%(upstream:remotename)%00%(upstream:remoteref) refs/heads/main refs/remotes/main [10ms]
2024-01-29 15:28:27.113 [info] > git config --get commit.template [30ms]
2024-01-29 15:28:27.285 [info] > git status -z -uall [15ms]
2024-01-29 15:28:27.506 [info] > git check-ignore -v -z --stdin [2ms]
2024-01-29 15:28:49.515 [info] > git show --textconv :grid.html [8ms]
2024-01-29 15:28:49.515 [info] > git ls-files --stage -- /home/simgabrob/Bootcamp/grid.html [2ms]
2024-01-29 15:28:49.698 [info] > git check-ignore -v -z --stdin [8ms]
2024-01-29 15:28:50.338 [info] > git config --get commit.template [8ms]
2024-01-29 15:28:50.339 [info] > git for-each-ref --format=%(refname)%00%(upstream:short)%00%(objectname)%00%(upstream:track)%00%(upstream:remotename)%00%(upstream:remoteref) refs/heads/main refs/remotes/main [3ms]
2024-01-29 15:28:50.347 [info] > git status -z -uall [2ms]
2024-01-29 15:28:56.794 [info] > git config --get commit.template [25ms]
2024-01-29 15:28:56.797 [info] > git for-each-ref --format=%(refname)%00%(upstream:short)%00%(objectname)%00%(upstream:track)%00%(upstream:remotename)%00%(upstream:remoteref) refs/heads/main refs/remotes/main [8ms]
2024-01-29 15:28:56.810 [info] > git status -z -uall [4ms]
2024-01-29 15:29:01.857 [info] > git config --get commit.template [6ms]
2024-01-29 15:29:01.870 [info] > git for-each-ref --format=%(refname)%00%(upstream:short)%00%(objectname)%00%(upstream:track)%00%(upstream:remotename)%00%(upstream:remoteref) refs/heads/main refs/remotes/main [2ms]
2024-01-29 15:29:01.883 [info] > git status -z -uall [2ms]
2024-01-29 15:29:14.916 [info] > git config --get commit.template [9ms]
2024-01-29 15:29:14.938 [info] > git for-each-ref --format=%(refname)%00%(upstream:short)%00%(objectname)%00%(upstream:track)%00%(upstream:remotename)%00%(upstream:remoteref) refs/heads/main refs/remotes/main [7ms]
2024-01-29 15:29:14.952 [info] > git status -z -uall [3ms]
2024-01-29 15:29:20.006 [info] > git config --get commit.template [25ms]
2024-01-29 15:29:20.008 [info] > git for-each-ref --format=%(refname)%00%(upstream:short)%00%(objectname)%00%(upstream:track)%00%(upstream:remotename)%00%(upstream:remoteref) refs/heads/main refs/remotes/main [6ms]
2024-01-29 15:29:20.036 [info] > git status -z -uall [7ms]
2024-01-29 15:29:25.091 [info] > git config --get commit.template [20ms]
2024-01-29 15:29:25.095 [info] > git for-each-ref --format=%(refname)%00%(upstream:short)%00%(objectname)%00%(upstream:track)%00%(upstream:remotename)%00%(upstream:remoteref) refs/heads/main refs/remotes/main [7ms]
2024-01-29 15:29:25.118 [info] > git status -z -uall [7ms]
2024-01-29 15:29:30.739 [info] > git config --get commit.template [3ms]
2024-01-29 15:29:30.758 [info] > git for-each-ref --format=%(refname)%00%(upstream:short)%00%(objectname)%00%(upstream:track)%00%(upstream:remotename)%00%(upstream:remoteref) refs/heads/main refs/remotes/main [5ms]
2024-01-29 15:29:30.772 [info] > git status -z -uall [3ms]
2024-01-29 15:29:35.810 [info] > git config --get commit.template [9ms]
2024-01-29 15:29:35.811 [info] > git for-each-ref --format=%(refname)%00%(upstream:short)%00%(objectname)%00%(upstream:track)%00%(upstream:remotename)%00%(upstream:remoteref) refs/heads/main refs/remotes/main [2ms]
2024-01-29 15:29:35.819 [info] > git status -z -uall [2ms]
2024-01-29 15:29:43.024 [info] > git config --get commit.template [26ms]
2024-01-29 15:29:43.042 [info] > git for-each-ref --format=%(refname)%00%(upstream:short)%00%(objectname)%00%(upstream:track)%00%(upstream:remotename)%00%(upstream:remoteref) refs/heads/main refs/remotes/main [2ms]
2024-01-29 15:29:43.055 [info] > git status -z -uall [1ms]
2024-01-29 15:29:48.071 [info] > git config --get commit.template [5ms]
2024-01-29 15:29:48.072 [info] > git for-each-ref --format=%(refname)%00%(upstream:short)%00%(objectname)%00%(upstream:track)%00%(upstream:remotename)%00%(upstream:remoteref) refs/heads/main refs/remotes/main [2ms]
2024-01-29 15:29:48.079 [info] > git status -z -uall [2ms]
2024-01-29 15:29:53.130 [info] > git config --get commit.template [21ms]
2024-01-29 15:29:53.135 [info] > git for-each-ref --format=%(refname)%00%(upstream:short)%00%(objectname)%00%(upstream:track)%00%(upstream:remotename)%00%(upstream:remoteref) refs/heads/main refs/remotes/main [7ms]
2024-01-29 15:29:53.148 [info] > git status -z -uall [4ms]
2024-01-29 15:29:58.204 [info] > git config --get commit.template [28ms]
2024-01-29 15:29:58.207 [info] > git for-each-ref --format=%(refname)%00%(upstream:short)%00%(objectname)%00%(upstream:track)%00%(upstream:remotename)%00%(upstream:remoteref) refs/heads/main refs/remotes/main [9ms]
2024-01-29 15:29:58.229 [info] > git status -z -uall [6ms]
2024-01-29 15:30:03.254 [info] > git config --get commit.template [6ms]
2024-01-29 15:30:03.255 [info] > git for-each-ref --format=%(refname)%00%(upstream:short)%00%(objectname)%00%(upstream:track)%00%(upstream:remotename)%00%(upstream:remoteref) refs/heads/main refs/remotes/main [2ms]
2024-01-29 15:30:03.262 [info] > git status -z -uall [2ms]
2024-01-29 15:30:08.312 [info] > git config --get commit.template [24ms]
2024-01-29 15:30:08.317 [info] > git for-each-ref --format=%(refname)%00%(upstream:short)%00%(objectname)%00%(upstream:track)%00%(upstream:remotename)%00%(upstream:remoteref) refs/heads/main refs/remotes/main [8ms]
2024-01-29 15:30:08.346 [info] > git status -z -uall [8ms]
2024-01-29 15:30:25.818 [info] > git config --get commit.template [13ms]
2024-01-29 15:30:25.819 [info] > git for-each-ref --format=%(refname)%00%(upstream:short)%00%(objectname)%00%(upstream:track)%00%(upstream:remotename)%00%(upstream:remoteref) refs/heads/main refs/remotes/main [3ms]
2024-01-29 15:30:25.838 [info] > git status -z -uall [5ms]
2024-01-29 15:30:30.902 [info] > git config --get commit.template [27ms]
2024-01-29 15:30:30.906 [info] > git for-each-ref --format=%(refname)%00%(upstream:short)%00%(objectname)%00%(upstream:track)%00%(upstream:remotename)%00%(upstream:remoteref) refs/heads/main refs/remotes/main [8ms]
2024-01-29 15:30:30.947 [info] > git status -z -uall [10ms]
2024-01-29 15:30:36.013 [info] > git config --get commit.template [7ms]
2024-01-29 15:30:36.030 [info] > git for-each-ref --format=%(refname)%00%(upstream:short)%00%(objectname)%00%(upstream:track)%00%(upstream:remotename)%00%(upstream:remoteref) refs/heads/main refs/remotes/main [1ms]
2024-01-29 15:30:36.042 [info] > git status -z -uall [1ms]
2024-01-29 15:30:44.769 [info] > git show --textconv :style1.css [11ms]
2024-01-29 15:30:44.773 [info] > git ls-files --stage -- /home/simgabrob/Bootcamp/style1.css [7ms]
2024-01-29 15:30:44.781 [info] > git cat-file -s e69de29bb2d1d6434b8b29ae775ad8c2e48c5391 [2ms]
2024-01-29 15:31:00.032 [info] > git show --textconv :style.css [10ms]
2024-01-29 15:31:00.035 [info] > git ls-files --stage -- /home/simgabrob/Bootcamp/style.css [3ms]
2024-01-29 15:31:00.852 [info] > git config --get commit.template [33ms]
2024-01-29 15:31:00.856 [info] > git for-each-ref --format=%(refname)%00%(upstream:short)%00%(objectname)%00%(upstream:track)%00%(upstream:remotename)%00%(upstream:remoteref) refs/heads/main refs/remotes/main [9ms]
2024-01-29 15:31:00.900 [info] > git status -z -uall [11ms]
2024-01-29 15:31:05.997 [info] > git config --get commit.template [31ms]
2024-01-29 15:31:06.000 [info] > git for-each-ref --format=%(refname)%00%(upstream:short)%00%(objectname)%00%(upstream:track)%00%(upstream:remotename)%00%(upstream:remoteref) refs/heads/main refs/remotes/main [9ms]
2024-01-29 15:31:06.032 [info] > git status -z -uall [4ms]
2024-01-29 15:31:10.118 [info] > git show --textconv :grid.html [15ms]
2024-01-29 15:31:10.124 [info] > git ls-files --stage -- /home/simgabrob/Bootcamp/grid.html [7ms]
2024-01-29 15:31:11.072 [info] > git config --get commit.template [11ms]
2024-01-29 15:31:11.074 [info] > git for-each-ref --format=%(refname)%00%(upstream:short)%00%(objectname)%00%(upstream:track)%00%(upstream:remotename)%00%(upstream:remoteref) refs/heads/main refs/remotes/main [2ms]
2024-01-29 15:31:11.086 [info] > git status -z -uall [2ms]
2024-01-29 15:32:50.172 [info] > git config --get commit.template [17ms]
2024-01-29 15:32:50.174 [info] > git for-each-ref --format=%(refname)%00%(upstream:short)%00%(objectname)%00%(upstream:track)%00%(upstream:remotename)%00%(upstream:remoteref) refs/heads/main refs/remotes/main [3ms]
2024-01-29 15:32:50.185 [info] > git status -z -uall [2ms]
2024-01-29 15:38:34.436 [info] > git config --get commit.template [27ms]
2024-01-29 15:38:34.440 [info] > git for-each-ref --format=%(refname)%00%(upstream:short)%00%(objectname)%00%(upstream:track)%00%(upstream:remotename)%00%(upstream:remoteref) refs/heads/main refs/remotes/main [6ms]
2024-01-29 15:38:34.477 [info] > git status -z -uall [13ms]
2024-01-29 15:38:39.528 [info] > git config --get commit.template [17ms]
2024-01-29 15:38:39.529 [info] > git for-each-ref --format=%(refname)%00%(upstream:short)%00%(objectname)%00%(upstream:track)%00%(upstream:remotename)%00%(upstream:remoteref) refs/heads/main refs/remotes/main [2ms]
2024-01-29 15:38:39.553 [info] > git status -z -uall [8ms]
2024-01-29 15:38:44.597 [info] > git config --get commit.template [15ms]
2024-01-29 15:38:44.599 [info] > git for-each-ref --format=%(refname)%00%(upstream:short)%00%(objectname)%00%(upstream:track)%00%(upstream:remotename)%00%(upstream:remoteref) refs/heads/main refs/remotes/main [3ms]
2024-01-29 15:38:44.615 [info] > git status -z -uall [5ms]
2024-01-29 15:38:49.702 [info] > git config --get commit.template [40ms]
2024-01-29 15:38:49.706 [info] > git for-each-ref --format=%(refname)%00%(upstream:short)%00%(objectname)%00%(upstream:track)%00%(upstream:remotename)%00%(upstream:remoteref) refs/heads/main refs/remotes/main [11ms]
2024-01-29 15:38:49.739 [info] > git status -z -uall [5ms]
2024-01-29 15:38:54.812 [info] > git config --get commit.template [30ms]
2024-01-29 15:38:54.820 [info] > git for-each-ref --format=%(refname)%00%(upstream:short)%00%(objectname)%00%(upstream:track)%00%(upstream:remotename)%00%(upstream:remoteref) refs/heads/main refs/remotes/main [10ms]
2024-01-29 15:38:54.862 [info] > git status -z -uall [11ms]
2024-01-29 15:39:01.764 [info] > git config --get commit.template [3ms]
2024-01-29 15:39:01.776 [info] > git for-each-ref --format=%(refname)%00%(upstream:short)%00%(objectname)%00%(upstream:track)%00%(upstream:remotename)%00%(upstream:remoteref) refs/heads/main refs/remotes/main [2ms]
2024-01-29 15:39:01.787 [info] > git status -z -uall [3ms]
2024-01-29 15:39:06.837 [info] > git config --get commit.template [22ms]
2024-01-29 15:39:06.839 [info] > git for-each-ref --format=%(refname)%00%(upstream:short)%00%(objectname)%00%(upstream:track)%00%(upstream:remotename)%00%(upstream:remoteref) refs/heads/main refs/remotes/main [5ms]
2024-01-29 15:39:06.866 [info] > git status -z -uall [5ms]
2024-01-29 15:39:23.407 [info] > git config --get commit.template [7ms]
2024-01-29 15:39:23.466 [info] > git for-each-ref --format=%(refname)%00%(upstream:short)%00%(objectname)%00%(upstream:track)%00%(upstream:remotename)%00%(upstream:remoteref) refs/heads/main refs/remotes/main [9ms]
2024-01-29 15:39:23.481 [info] > git status -z -uall [2ms]
2024-01-29 15:39:28.534 [info] > git config --get commit.template [22ms]
2024-01-29 15:39:28.537 [info] > git for-each-ref --format=%(refname)%00%(upstream:short)%00%(objectname)%00%(upstream:track)%00%(upstream:remotename)%00%(upstream:remoteref) refs/heads/main refs/remotes/main [6ms]
2024-01-29 15:39:28.555 [info] > git status -z -uall [3ms]
2024-01-29 15:39:36.540 [info] > git config --get commit.template [45ms]
2024-01-29 15:39:36.546 [info] > git for-each-ref --format=%(refname)%00%(upstream:short)%00%(objectname)%00%(upstream:track)%00%(upstream:remotename)%00%(upstream:remoteref) refs/heads/main refs/remotes/main [11ms]
2024-01-29 15:39:36.571 [info] > git status -z -uall [4ms]
2024-01-29 15:39:41.658 [info] > git config --get commit.template [45ms]
2024-01-29 15:39:41.662 [info] > git for-each-ref --format=%(refname)%00%(upstream:short)%00%(objectname)%00%(upstream:track)%00%(upstream:remotename)%00%(upstream:remoteref) refs/heads/main refs/remotes/main [8ms]
2024-01-29 15:39:41.720 [info] > git status -z -uall [11ms]
2024-01-29 15:39:46.769 [info] > git config --get commit.template [15ms]
2024-01-29 15:39:46.770 [info] > git for-each-ref --format=%(refname)%00%(upstream:short)%00%(objectname)%00%(upstream:track)%00%(upstream:remotename)%00%(upstream:remoteref) refs/heads/main refs/remotes/main [2ms]
2024-01-29 15:39:46.782 [info] > git status -z -uall [2ms]
2024-01-29 15:39:52.148 [info] > git config --get commit.template [18ms]
2024-01-29 15:39:52.149 [info] > git for-each-ref --format=%(refname)%00%(upstream:short)%00%(objectname)%00%(upstream:track)%00%(upstream:remotename)%00%(upstream:remoteref) refs/heads/main refs/remotes/main [4ms]
2024-01-29 15:39:52.159 [info] > git status -z -uall [1ms]
2024-01-29 15:40:01.652 [info] > git config --get commit.template [25ms]
2024-01-29 15:40:01.654 [info] > git for-each-ref --format=%(refname)%00%(upstream:short)%00%(objectname)%00%(upstream:track)%00%(upstream:remotename)%00%(upstream:remoteref) refs/heads/main refs/remotes/main [5ms]
2024-01-29 15:40:01.668 [info] > git status -z -uall [3ms]
2024-01-29 15:40:06.690 [info] > git config --get commit.template [8ms]
2024-01-29 15:40:06.690 [info] > git for-each-ref --format=%(refname)%00%(upstream:short)%00%(objectname)%00%(upstream:track)%00%(upstream:remotename)%00%(upstream:remoteref) refs/heads/main refs/remotes/main [1ms]
2024-01-29 15:40:06.699 [info] > git status -z -uall [2ms]
2024-01-29 15:44:41.401 [info] > git config --get commit.template [17ms]
2024-01-29 15:44:41.405 [info] > git for-each-ref --format=%(refname)%00%(upstream:short)%00%(objectname)%00%(upstream:track)%00%(upstream:remotename)%00%(upstream:remoteref) refs/heads/main refs/remotes/main [3ms]
2024-01-29 15:44:41.416 [info] > git status -z -uall [2ms]
2024-01-29 15:44:50.909 [info] > git config --get commit.template [24ms]
2024-01-29 15:44:50.911 [info] > git for-each-ref --format=%(refname)%00%(upstream:short)%00%(objectname)%00%(upstream:track)%00%(upstream:remotename)%00%(upstream:remoteref) refs/heads/main refs/remotes/main [5ms]
2024-01-29 15:44:50.926 [info] > git status -z -uall [2ms]
2024-01-29 15:44:55.986 [info] > git config --get commit.template [20ms]
2024-01-29 15:44:55.987 [info] > git for-each-ref --format=%(refname)%00%(upstream:short)%00%(objectname)%00%(upstream:track)%00%(upstream:remotename)%00%(upstream:remoteref) refs/heads/main refs/remotes/main [2ms]
2024-01-29 15:44:55.998 [info] > git status -z -uall [1ms]
2024-01-29 15:45:01.077 [info] > git config --get commit.template [35ms]
2024-01-29 15:45:01.085 [info] > git for-each-ref --format=%(refname)%00%(upstream:short)%00%(objectname)%00%(upstream:track)%00%(upstream:remotename)%00%(upstream:remoteref) refs/heads/main refs/remotes/main [11ms]
2024-01-29 15:45:01.103 [info] > git status -z -uall [2ms]
2024-01-29 15:45:06.164 [info] > git config --get commit.template [25ms]
2024-01-29 15:45:06.167 [info] > git for-each-ref --format=%(refname)%00%(upstream:short)%00%(objectname)%00%(upstream:track)%00%(upstream:remotename)%00%(upstream:remoteref) refs/heads/main refs/remotes/main [6ms]
2024-01-29 15:45:06.196 [info] > git status -z -uall [5ms]
2024-01-29 15:45:11.275 [info] > git config --get commit.template [33ms]
2024-01-29 15:45:11.288 [info] > git for-each-ref --format=%(refname)%00%(upstream:short)%00%(objectname)%00%(upstream:track)%00%(upstream:remotename)%00%(upstream:remoteref) refs/heads/main refs/remotes/main [15ms]
2024-01-29 15:45:11.323 [info] > git status -z -uall [4ms]
2024-01-29 15:45:16.388 [info] > git config --get commit.template [24ms]
2024-01-29 15:45:16.390 [info] > git for-each-ref --format=%(refname)%00%(upstream:short)%00%(objectname)%00%(upstream:track)%00%(upstream:remotename)%00%(upstream:remoteref) refs/heads/main refs/remotes/main [4ms]
2024-01-29 15:45:16.405 [info] > git status -z -uall [1ms]
2024-01-29 15:45:27.857 [info] > git config --get commit.template [13ms]
2024-01-29 15:45:27.858 [info] > git for-each-ref --format=%(refname)%00%(upstream:short)%00%(objectname)%00%(upstream:track)%00%(upstream:remotename)%00%(upstream:remoteref) refs/heads/main refs/remotes/main [2ms]
2024-01-29 15:45:27.869 [info] > git status -z -uall [2ms]
2024-01-29 15:45:32.900 [info] > git config --get commit.template [14ms]
2024-01-29 15:45:32.902 [info] > git for-each-ref --format=%(refname)%00%(upstream:short)%00%(objectname)%00%(upstream:track)%00%(upstream:remotename)%00%(upstream:remoteref) refs/heads/main refs/remotes/main [3ms]
2024-01-29 15:45:32.912 [info] > git status -z -uall [2ms]
2024-01-29 15:45:37.972 [info] > git config --get commit.template [27ms]
2024-01-29 15:45:37.976 [info] > git for-each-ref --format=%(refname)%00%(upstream:short)%00%(objectname)%00%(upstream:track)%00%(upstream:remotename)%00%(upstream:remoteref) refs/heads/main refs/remotes/main [9ms]
2024-01-29 15:45:38.000 [info] > git status -z -uall [5ms]
2024-01-29 15:45:43.022 [info] > git config --get commit.template [2ms]
2024-01-29 15:45:43.035 [info] > git for-each-ref --format=%(refname)%00%(upstream:short)%00%(objectname)%00%(upstream:track)%00%(upstream:remotename)%00%(upstream:remoteref) refs/heads/main refs/remotes/main [1ms]
2024-01-29 15:45:43.045 [info] > git status -z -uall [2ms]
2024-01-29 15:45:48.510 [info] > git config --get commit.template [17ms]
2024-01-29 15:45:48.511 [info] > git for-each-ref --format=%(refname)%00%(upstream:short)%00%(objectname)%00%(upstream:track)%00%(upstream:remotename)%00%(upstream:remoteref) refs/heads/main refs/remotes/main [2ms]
2024-01-29 15:45:48.526 [info] > git status -z -uall [3ms]
2024-01-29 15:45:53.581 [info] > git config --get commit.template [11ms]
2024-01-29 15:45:53.612 [info] > git for-each-ref --format=%(refname)%00%(upstream:short)%00%(objectname)%00%(upstream:track)%00%(upstream:remotename)%00%(upstream:remoteref) refs/heads/main refs/remotes/main [3ms]
2024-01-29 15:45:53.628 [info] > git status -z -uall [3ms]
2024-01-29 15:45:58.694 [info] > git config --get commit.template [35ms]
2024-01-29 15:45:58.699 [info] > git for-each-ref --format=%(refname)%00%(upstream:short)%00%(objectname)%00%(upstream:track)%00%(upstream:remotename)%00%(upstream:remoteref) refs/heads/main refs/remotes/main [12ms]
2024-01-29 15:45:58.734 [info] > git status -z -uall [7ms]
2024-01-29 15:46:03.802 [info] > git config --get commit.template [27ms]
2024-01-29 15:46:03.806 [info] > git for-each-ref --format=%(refname)%00%(upstream:short)%00%(objectname)%00%(upstream:track)%00%(upstream:remotename)%00%(upstream:remoteref) refs/heads/main refs/remotes/main [8ms]
2024-01-29 15:46:03.837 [info] > git status -z -uall [7ms]
2024-01-29 15:46:08.895 [info] > git config --get commit.template [20ms]
2024-01-29 15:46:08.899 [info] > git for-each-ref --format=%(refname)%00%(upstream:short)%00%(objectname)%00%(upstream:track)%00%(upstream:remotename)%00%(upstream:remoteref) refs/heads/main refs/remotes/main [5ms]
2024-01-29 15:46:08.914 [info] > git status -z -uall [6ms]
2024-01-29 15:46:13.973 [info] > git config --get commit.template [26ms]
2024-01-29 15:46:13.975 [info] > git for-each-ref --format=%(refname)%00%(upstream:short)%00%(objectname)%00%(upstream:track)%00%(upstream:remotename)%00%(upstream:remoteref) refs/heads/main refs/remotes/main [4ms]
2024-01-29 15:46:13.994 [info] > git status -z -uall [4ms]
2024-01-29 15:46:19.048 [info] > git config --get commit.template [11ms]
2024-01-29 15:46:19.092 [info] > git for-each-ref --format=%(refname)%00%(upstream:short)%00%(objectname)%00%(upstream:track)%00%(upstream:remotename)%00%(upstream:remoteref) refs/heads/main refs/remotes/main [7ms]
2024-01-29 15:46:19.124 [info] > git status -z -uall [7ms]
2024-01-29 15:46:24.197 [info] > git config --get commit.template [33ms]
2024-01-29 15:46:24.201 [info] > git for-each-ref --format=%(refname)%00%(upstream:short)%00%(objectname)%00%(upstream:track)%00%(upstream:remotename)%00%(upstream:remoteref) refs/heads/main refs/remotes/main [10ms]
2024-01-29 15:46:24.236 [info] > git status -z -uall [6ms]
2024-01-29 15:46:29.279 [info] > git config --get commit.template [13ms]
2024-01-29 15:46:29.280 [info] > git for-each-ref --format=%(refname)%00%(upstream:short)%00%(objectname)%00%(upstream:track)%00%(upstream:remotename)%00%(upstream:remoteref) refs/heads/main refs/remotes/main [2ms]
2024-01-29 15:46:29.290 [info] > git status -z -uall [2ms]
2024-01-29 15:46:34.477 [info] > git config --get commit.template [23ms]
2024-01-29 15:46:34.482 [info] > git for-each-ref --format=%(refname)%00%(upstream:short)%00%(objectname)%00%(upstream:track)%00%(upstream:remotename)%00%(upstream:remoteref) refs/heads/main refs/remotes/main [9ms]
2024-01-29 15:46:34.516 [info] > git status -z -uall [5ms]
2024-01-29 15:46:39.542 [info] > git config --get commit.template [10ms]
2024-01-29 15:46:39.544 [info] > git for-each-ref --format=%(refname)%00%(upstream:short)%00%(objectname)%00%(upstream:track)%00%(upstream:remotename)%00%(upstream:remoteref) refs/heads/main refs/remotes/main [3ms]
2024-01-29 15:46:39.559 [info] > git status -z -uall [3ms]
2024-01-29 15:46:44.616 [info] > git config --get commit.template [22ms]
2024-01-29 15:46:44.620 [info] > git for-each-ref --format=%(refname)%00%(upstream:short)%00%(objectname)%00%(upstream:track)%00%(upstream:remotename)%00%(upstream:remoteref) refs/heads/main refs/remotes/main [6ms]
2024-01-29 15:46:44.648 [info] > git status -z -uall [6ms]
2024-01-29 15:46:49.683 [info] > git config --get commit.template [6ms]
2024-01-29 15:46:49.701 [info] > git for-each-ref --format=%(refname)%00%(upstream:short)%00%(objectname)%00%(upstream:track)%00%(upstream:remotename)%00%(upstream:remoteref) refs/heads/main refs/remotes/main [6ms]
2024-01-29 15:46:49.722 [info] > git status -z -uall [3ms]
2024-01-29 15:46:54.783 [info] > git config --get commit.template [21ms]
2024-01-29 15:46:54.786 [info] > git for-each-ref --format=%(refname)%00%(upstream:short)%00%(objectname)%00%(upstream:track)%00%(upstream:remotename)%00%(upstream:remoteref) refs/heads/main refs/remotes/main [4ms]
2024-01-29 15:46:54.798 [info] > git status -z -uall [2ms]
2024-01-29 15:46:59.866 [info] > git config --get commit.template [14ms]
2024-01-29 15:46:59.868 [info] > git for-each-ref --format=%(refname)%00%(upstream:short)%00%(objectname)%00%(upstream:track)%00%(upstream:remotename)%00%(upstream:remoteref) refs/heads/main refs/remotes/main [3ms]
2024-01-29 15:46:59.880 [info] > git status -z -uall [3ms]
2024-01-29 15:47:07.132 [info] > git config --get commit.template [29ms]
2024-01-29 15:47:07.137 [info] > git for-each-ref --format=%(refname)%00%(upstream:short)%00%(objectname)%00%(upstream:track)%00%(upstream:remotename)%00%(upstream:remoteref) refs/heads/main refs/remotes/main [7ms]
2024-01-29 15:47:07.182 [info] > git status -z -uall [16ms]
2024-01-29 15:47:36.301 [info] > git config --get commit.template [7ms]
2024-01-29 15:47:36.343 [info] > git for-each-ref --format=%(refname)%00%(upstream:short)%00%(objectname)%00%(upstream:track)%00%(upstream:remotename)%00%(upstream:remoteref) refs/heads/main refs/remotes/main [14ms]
2024-01-29 15:47:36.379 [info] > git status -z -uall [7ms]
2024-01-29 15:47:41.402 [info] > git config --get commit.template [2ms]
2024-01-29 15:47:41.417 [info] > git for-each-ref --format=%(refname)%00%(upstream:short)%00%(objectname)%00%(upstream:track)%00%(upstream:remotename)%00%(upstream:remoteref) refs/heads/main refs/remotes/main [3ms]
2024-01-29 15:47:41.431 [info] > git status -z -uall [3ms]
2024-01-29 15:47:46.461 [info] > git config --get commit.template [16ms]
2024-01-29 15:47:46.463 [info] > git for-each-ref --format=%(refname)%00%(upstream:short)%00%(objectname)%00%(upstream:track)%00%(upstream:remotename)%00%(upstream:remoteref) refs/heads/main refs/remotes/main [3ms]
2024-01-29 15:47:46.479 [info] > git status -z -uall [6ms]
2024-01-29 15:47:51.527 [info] > git config --get commit.template [17ms]
2024-01-29 15:47:51.528 [info] > git for-each-ref --format=%(refname)%00%(upstream:short)%00%(objectname)%00%(upstream:track)%00%(upstream:remotename)%00%(upstream:remoteref) refs/heads/main refs/remotes/main [2ms]
2024-01-29 15:47:51.541 [info] > git status -z -uall [3ms]
2024-01-29 15:47:56.565 [info] > git config --get commit.template [8ms]
2024-01-29 15:47:56.567 [info] > git for-each-ref --format=%(refname)%00%(upstream:short)%00%(objectname)%00%(upstream:track)%00%(upstream:remotename)%00%(upstream:remoteref) refs/heads/main refs/remotes/main [1ms]
2024-01-29 15:47:56.575 [info] > git status -z -uall [2ms]
2024-01-29 15:48:01.629 [info] > git config --get commit.template [24ms]
2024-01-29 15:48:01.632 [info] > git for-each-ref --format=%(refname)%00%(upstream:short)%00%(objectname)%00%(upstream:track)%00%(upstream:remotename)%00%(upstream:remoteref) refs/heads/main refs/remotes/main [4ms]
2024-01-29 15:48:01.648 [info] > git status -z -uall [3ms]
2024-01-29 15:48:16.889 [info] > git config --get commit.template [25ms]
2024-01-29 15:48:16.893 [info] > git for-each-ref --format=%(refname)%00%(upstream:short)%00%(objectname)%00%(upstream:track)%00%(upstream:remotename)%00%(upstream:remoteref) refs/heads/main refs/remotes/main [5ms]
2024-01-29 15:48:16.926 [info] > git status -z -uall [8ms]
2024-01-29 15:48:21.975 [info] > git config --get commit.template [12ms]
2024-01-29 15:48:21.976 [info] > git for-each-ref --format=%(refname)%00%(upstream:short)%00%(objectname)%00%(upstream:track)%00%(upstream:remotename)%00%(upstream:remoteref) refs/heads/main refs/remotes/main [2ms]
2024-01-29 15:48:21.986 [info] > git status -z -uall [2ms]
2024-01-29 15:48:32.391 [info] > git config --get commit.template [13ms]
2024-01-29 15:48:32.448 [info] > git for-each-ref --format=%(refname)%00%(upstream:short)%00%(objectname)%00%(upstream:track)%00%(upstream:remotename)%00%(upstream:remoteref) refs/heads/main refs/remotes/main [29ms]
2024-01-29 15:48:32.489 [info] > git status -z -uall [13ms]
2024-01-29 15:48:37.512 [info] > git config --get commit.template [10ms]
2024-01-29 15:48:37.514 [info] > git for-each-ref --format=%(refname)%00%(upstream:short)%00%(objectname)%00%(upstream:track)%00%(upstream:remotename)%00%(upstream:remoteref) refs/heads/main refs/remotes/main [3ms]
2024-01-29 15:48:37.525 [info] > git status -z -uall [2ms]
2024-01-29 15:48:45.992 [info] > git config --get commit.template [12ms]
2024-01-29 15:48:45.993 [info] > git for-each-ref --format=%(refname)%00%(upstream:short)%00%(objectname)%00%(upstream:track)%00%(upstream:remotename)%00%(upstream:remoteref) refs/heads/main refs/remotes/main [2ms]
2024-01-29 15:48:46.004 [info] > git status -z -uall [2ms]
2024-01-29 15:48:52.162 [info] > git config --get commit.template [15ms]
2024-01-29 15:48:52.164 [info] > git for-each-ref --format=%(refname)%00%(upstream:short)%00%(objectname)%00%(upstream:track)%00%(upstream:remotename)%00%(upstream:remoteref) refs/heads/main refs/remotes/main [3ms]
2024-01-29 15:48:52.174 [info] > git status -z -uall [2ms]
2024-01-29 15:49:01.255 [info] > git config --get commit.template [10ms]
2024-01-29 15:49:01.256 [info] > git for-each-ref --format=%(refname)%00%(upstream:short)%00%(objectname)%00%(upstream:track)%00%(upstream:remotename)%00%(upstream:remoteref) refs/heads/main refs/remotes/main [3ms]
2024-01-29 15:49:01.269 [info] > git status -z -uall [2ms]
2024-01-29 15:49:06.286 [info] > git config --get commit.template [8ms]
2024-01-29 15:49:06.287 [info] > git for-each-ref --format=%(refname)%00%(upstream:short)%00%(objectname)%00%(upstream:track)%00%(upstream:remotename)%00%(upstream:remoteref) refs/heads/main refs/remotes/main [2ms]
2024-01-29 15:49:06.296 [info] > git status -z -uall [1ms]
2024-01-29 15:49:14.331 [info] > git config --get commit.template [11ms]
2024-01-29 15:49:14.332 [info] > git for-each-ref --format=%(refname)%00%(upstream:short)%00%(objectname)%00%(upstream:track)%00%(upstream:remotename)%00%(upstream:remoteref) refs/heads/main refs/remotes/main [2ms]
2024-01-29 15:49:14.344 [info] > git status -z -uall [3ms]
2024-01-29 15:49:19.394 [info] > git config --get commit.template [21ms]
2024-01-29 15:49:19.397 [info] > git for-each-ref --format=%(refname)%00%(upstream:short)%00%(objectname)%00%(upstream:track)%00%(upstream:remotename)%00%(upstream:remoteref) refs/heads/main refs/remotes/main [5ms]
2024-01-29 15:49:19.415 [info] > git status -z -uall [3ms]
2024-01-29 15:54:31.177 [info] > git config --get commit.template [29ms]
2024-01-29 15:54:31.180 [info] > git for-each-ref --format=%(refname)%00%(upstream:short)%00%(objectname)%00%(upstream:track)%00%(upstream:remotename)%00%(upstream:remoteref) refs/heads/main refs/remotes/main [5ms]
2024-01-29 15:54:31.193 [info] > git status -z -uall [3ms]
2024-01-29 15:54:50.010 [info] > git config --get commit.template [14ms]
2024-01-29 15:54:50.011 [info] > git for-each-ref --format=%(refname)%00%(upstream:short)%00%(objectname)%00%(upstream:track)%00%(upstream:remotename)%00%(upstream:remoteref) refs/heads/main refs/remotes/main [2ms]
2024-01-29 15:54:50.024 [info] > git status -z -uall [2ms]
2024-01-29 15:54:55.756 [info] > git config --get commit.template [13ms]
2024-01-29 15:54:55.757 [info] > git for-each-ref --format=%(refname)%00%(upstream:short)%00%(objectname)%00%(upstream:track)%00%(upstream:remotename)%00%(upstream:remoteref) refs/heads/main refs/remotes/main [2ms]
2024-01-29 15:54:55.769 [info] > git status -z -uall [3ms]
2024-01-29 15:55:00.832 [info] > git config --get commit.template [8ms]
2024-01-29 15:55:00.869 [info] > git for-each-ref --format=%(refname)%00%(upstream:short)%00%(objectname)%00%(upstream:track)%00%(upstream:remotename)%00%(upstream:remoteref) refs/heads/main refs/remotes/main [8ms]
2024-01-29 15:55:00.904 [info] > git status -z -uall [9ms]
2024-01-29 15:55:05.994 [info] > git config --get commit.template [35ms]
2024-01-29 15:55:05.997 [info] > git for-each-ref --format=%(refname)%00%(upstream:short)%00%(objectname)%00%(upstream:track)%00%(upstream:remotename)%00%(upstream:remoteref) refs/heads/main refs/remotes/main [8ms]
2024-01-29 15:55:06.028 [info] > git status -z -uall [4ms]
2024-01-29 15:55:11.077 [info] > git config --get commit.template [18ms]
2024-01-29 15:55:11.079 [info] > git for-each-ref --format=%(refname)%00%(upstream:short)%00%(objectname)%00%(upstream:track)%00%(upstream:remotename)%00%(upstream:remoteref) refs/heads/main refs/remotes/main [4ms]
2024-01-29 15:55:11.090 [info] > git status -z -uall [2ms]
2024-01-29 15:57:57.634 [info] > git config --get commit.template [3ms]
2024-01-29 15:57:57.653 [info] > git for-each-ref --format=%(refname)%00%(upstream:short)%00%(objectname)%00%(upstream:track)%00%(upstream:remotename)%00%(upstream:remoteref) refs/heads/main refs/remotes/main [8ms]
2024-01-29 15:57:57.678 [info] > git status -z -uall [6ms]
2024-01-29 15:58:02.724 [info] > git config --get commit.template [16ms]
2024-01-29 15:58:02.725 [info] > git for-each-ref --format=%(refname)%00%(upstream:short)%00%(objectname)%00%(upstream:track)%00%(upstream:remotename)%00%(upstream:remoteref) refs/heads/main refs/remotes/main [3ms]
2024-01-29 15:58:02.738 [info] > git status -z -uall [3ms]
2024-01-29 16:00:06.876 [info] > git config --get commit.template [9ms]
2024-01-29 16:00:06.918 [info] > git for-each-ref --format=%(refname)%00%(upstream:short)%00%(objectname)%00%(upstream:track)%00%(upstream:remotename)%00%(upstream:remoteref) refs/heads/main refs/remotes/main [10ms]
2024-01-29 16:00:06.965 [info] > git status -z -uall [9ms]
2024-01-29 16:00:12.028 [info] > git config --get commit.template [23ms]
2024-01-29 16:00:12.031 [info] > git for-each-ref --format=%(refname)%00%(upstream:short)%00%(objectname)%00%(upstream:track)%00%(upstream:remotename)%00%(upstream:remoteref) refs/heads/main refs/remotes/main [4ms]
2024-01-29 16:00:12.049 [info] > git status -z -uall [3ms]
2024-01-29 16:00:52.964 [info] > git config --get commit.template [32ms]
2024-01-29 16:00:52.975 [info] > git for-each-ref --format=%(refname)%00%(upstream:short)%00%(objectname)%00%(upstream:track)%00%(upstream:remotename)%00%(upstream:remoteref) refs/heads/main refs/remotes/main [14ms]
2024-01-29 16:00:53.013 [info] > git status -z -uall [6ms]
2024-01-29 16:01:06.281 [info] > git config --get commit.template [26ms]
2024-01-29 16:01:06.285 [info] > git for-each-ref --format=%(refname)%00%(upstream:short)%00%(objectname)%00%(upstream:track)%00%(upstream:remotename)%00%(upstream:remoteref) refs/heads/main refs/remotes/main [6ms]
2024-01-29 16:01:06.309 [info] > git status -z -uall [3ms]
2024-01-29 16:01:37.026 [info] > git config --get commit.template [15ms]
2024-01-29 16:01:37.027 [info] > git for-each-ref --format=%(refname)%00%(upstream:short)%00%(objectname)%00%(upstream:track)%00%(upstream:remotename)%00%(upstream:remoteref) refs/heads/main refs/remotes/main [3ms]
2024-01-29 16:01:37.039 [info] > git status -z -uall [2ms]
2024-01-29 16:01:42.103 [info] > git config --get commit.template [24ms]
2024-01-29 16:01:42.105 [info] > git for-each-ref --format=%(refname)%00%(upstream:short)%00%(objectname)%00%(upstream:track)%00%(upstream:remotename)%00%(upstream:remoteref) refs/heads/main refs/remotes/main [4ms]
2024-01-29 16:01:42.121 [info] > git status -z -uall [5ms]
2024-01-29 16:01:49.670 [info] > git config --get commit.template [15ms]
2024-01-29 16:01:49.671 [info] > git for-each-ref --format=%(refname)%00%(upstream:short)%00%(objectname)%00%(upstream:track)%00%(upstream:remotename)%00%(upstream:remoteref) refs/heads/main refs/remotes/main [2ms]
2024-01-29 16:01:49.681 [info] > git status -z -uall [2ms]
2024-01-29 16:01:56.655 [info] > git config --get commit.template [12ms]
2024-01-29 16:01:56.657 [info] > git for-each-ref --format=%(refname)%00%(upstream:short)%00%(objectname)%00%(upstream:track)%00%(upstream:remotename)%00%(upstream:remoteref) refs/heads/main refs/remotes/main [3ms]
2024-01-29 16:01:56.666 [info] > git status -z -uall [2ms]
2024-01-29 16:02:07.246 [info] > git config --get commit.template [38ms]
2024-01-29 16:02:07.252 [info] > git for-each-ref --format=%(refname)%00%(upstream:short)%00%(objectname)%00%(upstream:track)%00%(upstream:remotename)%00%(upstream:remoteref) refs/heads/main refs/remotes/main [10ms]
2024-01-29 16:02:07.292 [info] > git status -z -uall [5ms]
2024-01-29 16:02:35.403 [info] > git config --get commit.template [38ms]
2024-01-29 16:02:35.410 [info] > git for-each-ref --format=%(refname)%00%(upstream:short)%00%(objectname)%00%(upstream:track)%00%(upstream:remotename)%00%(upstream:remoteref) refs/heads/main refs/remotes/main [9ms]
2024-01-29 16:02:35.434 [info] > git status -z -uall [3ms]
2024-01-29 16:02:50.995 [info] > git config --get commit.template [2ms]
2024-01-29 16:02:51.008 [info] > git for-each-ref --format=%(refname)%00%(upstream:short)%00%(objectname)%00%(upstream:track)%00%(upstream:remotename)%00%(upstream:remoteref) refs/heads/main refs/remotes/main [2ms]
2024-01-29 16:02:51.017 [info] > git status -z -uall [2ms]
2024-01-29 16:02:56.049 [info] > git config --get commit.template [12ms]
2024-01-29 16:02:56.052 [info] > git for-each-ref --format=%(refname)%00%(upstream:short)%00%(objectname)%00%(upstream:track)%00%(upstream:remotename)%00%(upstream:remoteref) refs/heads/main refs/remotes/main [3ms]
2024-01-29 16:02:56.066 [info] > git status -z -uall [3ms]
2024-01-29 16:03:01.096 [info] > git config --get commit.template [11ms]
2024-01-29 16:03:01.097 [info] > git for-each-ref --format=%(refname)%00%(upstream:short)%00%(objectname)%00%(upstream:track)%00%(upstream:remotename)%00%(upstream:remoteref) refs/heads/main refs/remotes/main [1ms]
2024-01-29 16:03:01.108 [info] > git status -z -uall [2ms]
2024-01-29 16:03:31.575 [info] > git config --get commit.template [27ms]
2024-01-29 16:03:31.579 [info] > git for-each-ref --format=%(refname)%00%(upstream:short)%00%(objectname)%00%(upstream:track)%00%(upstream:remotename)%00%(upstream:remoteref) refs/heads/main refs/remotes/main [7ms]
2024-01-29 16:03:31.620 [info] > git status -z -uall [8ms]
2024-01-29 16:03:36.862 [info] > git config --get commit.template [24ms]
2024-01-29 16:03:36.864 [info] > git for-each-ref --format=%(refname)%00%(upstream:short)%00%(objectname)%00%(upstream:track)%00%(upstream:remotename)%00%(upstream:remoteref) refs/heads/main refs/remotes/main [4ms]
2024-01-29 16:03:36.876 [info] > git status -z -uall [2ms]
2024-01-29 16:03:42.887 [info] > git config --get commit.template [28ms]
2024-01-29 16:03:42.888 [info] > git for-each-ref --format=%(refname)%00%(upstream:short)%00%(objectname)%00%(upstream:track)%00%(upstream:remotename)%00%(upstream:remoteref) refs/heads/main refs/remotes/main [4ms]
2024-01-29 16:03:42.905 [info] > git status -z -uall [3ms]
2024-01-29 16:03:47.954 [info] > git config --get commit.template [21ms]
2024-01-29 16:03:47.956 [info] > git for-each-ref --format=%(refname)%00%(upstream:short)%00%(objectname)%00%(upstream:track)%00%(upstream:remotename)%00%(upstream:remoteref) refs/heads/main refs/remotes/main [4ms]
2024-01-29 16:03:47.970 [info] > git status -z -uall [2ms]
2024-01-29 16:04:09.084 [info] > git config --get commit.template [8ms]
2024-01-29 16:04:09.085 [info] > git for-each-ref --format=%(refname)%00%(upstream:short)%00%(objectname)%00%(upstream:track)%00%(upstream:remotename)%00%(upstream:remoteref) refs/heads/main refs/remotes/main [1ms]
2024-01-29 16:04:09.093 [info] > git status -z -uall [2ms]
2024-01-29 16:04:14.135 [info] > git config --get commit.template [17ms]
2024-01-29 16:04:14.137 [info] > git for-each-ref --format=%(refname)%00%(upstream:short)%00%(objectname)%00%(upstream:track)%00%(upstream:remotename)%00%(upstream:remoteref) refs/heads/main refs/remotes/main [3ms]
2024-01-29 16:04:14.148 [info] > git status -z -uall [2ms]
2024-01-29 16:07:06.648 [info] > git config --get commit.template [36ms]
2024-01-29 16:07:06.653 [info] > git for-each-ref --format=%(refname)%00%(upstream:short)%00%(objectname)%00%(upstream:track)%00%(upstream:remotename)%00%(upstream:remoteref) refs/heads/main refs/remotes/main [8ms]
2024-01-29 16:07:06.691 [info] > git status -z -uall [8ms]
2024-01-29 16:07:11.725 [info] > git config --get commit.template [9ms]
2024-01-29 16:07:11.726 [info] > git for-each-ref --format=%(refname)%00%(upstream:short)%00%(objectname)%00%(upstream:track)%00%(upstream:remotename)%00%(upstream:remoteref) refs/heads/main refs/remotes/main [2ms]
2024-01-29 16:07:11.735 [info] > git status -z -uall [2ms]
2024-01-29 16:07:16.780 [info] > git config --get commit.template [11ms]
2024-01-29 16:07:16.781 [info] > git for-each-ref --format=%(refname)%00%(upstream:short)%00%(objectname)%00%(upstream:track)%00%(upstream:remotename)%00%(upstream:remoteref) refs/heads/main refs/remotes/main [2ms]
2024-01-29 16:07:16.791 [info] > git status -z -uall [2ms]
2024-01-29 16:09:07.156 [info] > git config --get commit.template [17ms]
2024-01-29 16:09:07.159 [info] > git for-each-ref --format=%(refname)%00%(upstream:short)%00%(objectname)%00%(upstream:track)%00%(upstream:remotename)%00%(upstream:remoteref) refs/heads/main refs/remotes/main [4ms]
2024-01-29 16:09:07.179 [info] > git status -z -uall [4ms]
2024-01-29 16:09:12.233 [info] > git config --get commit.template [14ms]
2024-01-29 16:09:12.234 [info] > git for-each-ref --format=%(refname)%00%(upstream:short)%00%(objectname)%00%(upstream:track)%00%(upstream:remotename)%00%(upstream:remoteref) refs/heads/main refs/remotes/main [3ms]
2024-01-29 16:09:12.245 [info] > git status -z -uall [1ms]
2024-01-29 16:09:49.279 [info] > git config --get commit.template [24ms]
2024-01-29 16:09:49.281 [info] > git for-each-ref --format=%(refname)%00%(upstream:short)%00%(objectname)%00%(upstream:track)%00%(upstream:remotename)%00%(upstream:remoteref) refs/heads/main refs/remotes/main [4ms]
2024-01-29 16:09:49.297 [info] > git status -z -uall [3ms]
2024-01-29 16:09:54.343 [info] > git config --get commit.template [13ms]
2024-01-29 16:09:54.344 [info] > git for-each-ref --format=%(refname)%00%(upstream:short)%00%(objectname)%00%(upstream:track)%00%(upstream:remotename)%00%(upstream:remoteref) refs/heads/main refs/remotes/main [2ms]
2024-01-29 16:09:54.355 [info] > git status -z -uall [2ms]
2024-01-29 16:09:59.374 [info] > git config --get commit.template [8ms]
2024-01-29 16:09:59.374 [info] > git for-each-ref --format=%(refname)%00%(upstream:short)%00%(objectname)%00%(upstream:track)%00%(upstream:remotename)%00%(upstream:remoteref) refs/heads/main refs/remotes/main [1ms]
2024-01-29 16:09:59.383 [info] > git status -z -uall [2ms]
2024-01-29 16:10:04.413 [info] > git config --get commit.template [14ms]
2024-01-29 16:10:04.413 [info] > git for-each-ref --format=%(refname)%00%(upstream:short)%00%(objectname)%00%(upstream:track)%00%(upstream:remotename)%00%(upstream:remoteref) refs/heads/main refs/remotes/main [2ms]
2024-01-29 16:10:04.428 [info] > git status -z -uall [3ms]
2024-01-29 16:10:09.453 [info] > git config --get commit.template [7ms]
2024-01-29 16:10:09.453 [info] > git for-each-ref --format=%(refname)%00%(upstream:short)%00%(objectname)%00%(upstream:track)%00%(upstream:remotename)%00%(upstream:remoteref) refs/heads/main refs/remotes/main [1ms]
2024-01-29 16:10:09.462 [info] > git status -z -uall [1ms]
2024-01-29 16:10:18.088 [info] > git config --get commit.template [23ms]
2024-01-29 16:10:18.091 [info] > git for-each-ref --format=%(refname)%00%(upstream:short)%00%(objectname)%00%(upstream:track)%00%(upstream:remotename)%00%(upstream:remoteref) refs/heads/main refs/remotes/main [5ms]
2024-01-29 16:10:18.120 [info] > git status -z -uall [6ms]
2024-01-29 16:10:23.169 [info] > git config --get commit.template [16ms]
2024-01-29 16:10:23.170 [info] > git for-each-ref --format=%(refname)%00%(upstream:short)%00%(objectname)%00%(upstream:track)%00%(upstream:remotename)%00%(upstream:remoteref) refs/heads/main refs/remotes/main [3ms]
2024-01-29 16:10:23.180 [info] > git status -z -uall [2ms]
2024-01-29 16:10:28.239 [info] > git config --get commit.template [28ms]
2024-01-29 16:10:28.242 [info] > git for-each-ref --format=%(refname)%00%(upstream:short)%00%(objectname)%00%(upstream:track)%00%(upstream:remotename)%00%(upstream:remoteref) refs/heads/main refs/remotes/main [6ms]
2024-01-29 16:10:28.286 [info] > git status -z -uall [13ms]
2024-01-29 16:10:33.348 [info] > git config --get commit.template [22ms]
2024-01-29 16:10:33.350 [info] > git for-each-ref --format=%(refname)%00%(upstream:short)%00%(objectname)%00%(upstream:track)%00%(upstream:remotename)%00%(upstream:remoteref) refs/heads/main refs/remotes/main [5ms]
2024-01-29 16:10:33.369 [info] > git status -z -uall [3ms]
2024-01-29 16:10:49.883 [info] > git config --get commit.template [27ms]
2024-01-29 16:10:49.888 [info] > git for-each-ref --format=%(refname)%00%(upstream:short)%00%(objectname)%00%(upstream:track)%00%(upstream:remotename)%00%(upstream:remoteref) refs/heads/main refs/remotes/main [8ms]
2024-01-29 16:10:49.950 [info] > git status -z -uall [12ms]
2024-01-29 16:10:54.996 [info] > git config --get commit.template [10ms]
2024-01-29 16:10:54.997 [info] > git for-each-ref --format=%(refname)%00%(upstream:short)%00%(objectname)%00%(upstream:track)%00%(upstream:remotename)%00%(upstream:remoteref) refs/heads/main refs/remotes/main [2ms]
2024-01-29 16:10:55.006 [info] > git status -z -uall [2ms]
2024-01-29 16:11:08.798 [info] > git config --get commit.template [12ms]
2024-01-29 16:11:08.800 [info] > git for-each-ref --format=%(refname)%00%(upstream:short)%00%(objectname)%00%(upstream:track)%00%(upstream:remotename)%00%(upstream:remoteref) refs/heads/main refs/remotes/main [4ms]
2024-01-29 16:11:08.814 [info] > git status -z -uall [3ms]
2024-01-29 16:11:23.957 [info] > git for-each-ref --format=%(refname)%00%(upstream:short)%00%(objectname)%00%(upstream:track)%00%(upstream:remotename)%00%(upstream:remoteref) refs/heads/main refs/remotes/main [3ms]
2024-01-29 16:11:23.957 [info] > git config --get commit.template [30ms]
2024-01-29 16:11:23.973 [info] > git status -z -uall [1ms]
2024-01-29 16:11:29.017 [info] > git config --get commit.template [17ms]
2024-01-29 16:11:29.020 [info] > git for-each-ref --format=%(refname)%00%(upstream:short)%00%(objectname)%00%(upstream:track)%00%(upstream:remotename)%00%(upstream:remoteref) refs/heads/main refs/remotes/main [4ms]
2024-01-29 16:11:29.038 [info] > git status -z -uall [3ms]
2024-01-29 16:11:34.092 [info] > git config --get commit.template [25ms]
2024-01-29 16:11:34.092 [info] > git for-each-ref --format=%(refname)%00%(upstream:short)%00%(objectname)%00%(upstream:track)%00%(upstream:remotename)%00%(upstream:remoteref) refs/heads/main refs/remotes/main [5ms]
2024-01-29 16:11:34.106 [info] > git status -z -uall [3ms]
2024-01-29 16:11:45.982 [info] > git config --get commit.template [28ms]
2024-01-29 16:11:45.986 [info] > git for-each-ref --format=%(refname)%00%(upstream:short)%00%(objectname)%00%(upstream:track)%00%(upstream:remotename)%00%(upstream:remoteref) refs/heads/main refs/remotes/main [8ms]
2024-01-29 16:11:46.023 [info] > git status -z -uall [7ms]
2024-01-29 16:11:51.230 [info] > git config --get commit.template [41ms]
2024-01-29 16:11:51.235 [info] > git for-each-ref --format=%(refname)%00%(upstream:short)%00%(objectname)%00%(upstream:track)%00%(upstream:remotename)%00%(upstream:remoteref) refs/heads/main refs/remotes/main [8ms]
2024-01-29 16:11:51.266 [info] > git status -z -uall [5ms]
2024-01-29 16:11:56.330 [info] > git config --get commit.template [23ms]
2024-01-29 16:11:56.332 [info] > git for-each-ref --format=%(refname)%00%(upstream:short)%00%(objectname)%00%(upstream:track)%00%(upstream:remotename)%00%(upstream:remoteref) refs/heads/main refs/remotes/main [5ms]
2024-01-29 16:11:56.347 [info] > git status -z -uall [3ms]
2024-01-29 16:12:02.138 [info] > git config --get commit.template [8ms]
2024-01-29 16:12:02.138 [info] > git for-each-ref --format=%(refname)%00%(upstream:short)%00%(objectname)%00%(upstream:track)%00%(upstream:remotename)%00%(upstream:remoteref) refs/heads/main refs/remotes/main [1ms]
2024-01-29 16:12:02.146 [info] > git status -z -uall [1ms]
2024-01-29 16:12:09.287 [info] > git config --get commit.template [31ms]
2024-01-29 16:12:09.292 [info] > git for-each-ref --format=%(refname)%00%(upstream:short)%00%(objectname)%00%(upstream:track)%00%(upstream:remotename)%00%(upstream:remoteref) refs/heads/main refs/remotes/main [7ms]
2024-01-29 16:12:09.309 [info] > git status -z -uall [2ms]
2024-01-29 16:12:23.660 [info] > git config --get commit.template [25ms]
2024-01-29 16:12:23.662 [info] > git for-each-ref --format=%(refname)%00%(upstream:short)%00%(objectname)%00%(upstream:track)%00%(upstream:remotename)%00%(upstream:remoteref) refs/heads/main refs/remotes/main [2ms]
2024-01-29 16:12:23.676 [info] > git status -z -uall [3ms]
2024-01-29 16:12:28.704 [info] > git config --get commit.template [11ms]
2024-01-29 16:12:28.705 [info] > git for-each-ref --format=%(refname)%00%(upstream:short)%00%(objectname)%00%(upstream:track)%00%(upstream:remotename)%00%(upstream:remoteref) refs/heads/main refs/remotes/main [2ms]
2024-01-29 16:12:28.717 [info] > git status -z -uall [3ms]
2024-01-29 16:13:28.402 [info] > git config --get commit.template [10ms]
2024-01-29 16:13:28.403 [info] > git for-each-ref --format=%(refname)%00%(upstream:short)%00%(objectname)%00%(upstream:track)%00%(upstream:remotename)%00%(upstream:remoteref) refs/heads/main refs/remotes/main [2ms]
2024-01-29 16:13:28.414 [info] > git status -z -uall [2ms]
2024-01-29 16:13:47.686 [info] > git config --get commit.template [19ms]
2024-01-29 16:13:47.686 [info] > git for-each-ref --format=%(refname)%00%(upstream:short)%00%(objectname)%00%(upstream:track)%00%(upstream:remotename)%00%(upstream:remoteref) refs/heads/main refs/remotes/main [3ms]
2024-01-29 16:13:47.699 [info] > git status -z -uall [2ms]
2024-01-29 16:13:52.741 [info] > git config --get commit.template [1ms]
2024-01-29 16:13:52.761 [info] > git for-each-ref --format=%(refname)%00%(upstream:short)%00%(objectname)%00%(upstream:track)%00%(upstream:remotename)%00%(upstream:remoteref) refs/heads/main refs/remotes/main [5ms]
2024-01-29 16:13:52.780 [info] > git status -z -uall [1ms]
2024-01-29 16:14:36.641 [info] > git config --get commit.template [11ms]
2024-01-29 16:14:36.642 [info] > git for-each-ref --format=%(refname)%00%(upstream:short)%00%(objectname)%00%(upstream:track)%00%(upstream:remotename)%00%(upstream:remoteref) refs/heads/main refs/remotes/main [2ms]
2024-01-29 16:14:36.652 [info] > git status -z -uall [2ms]
2024-01-29 16:14:54.752 [info] > git config --get commit.template [17ms]
2024-01-29 16:14:54.755 [info] > git for-each-ref --format=%(refname)%00%(upstream:short)%00%(objectname)%00%(upstream:track)%00%(upstream:remotename)%00%(upstream:remoteref) refs/heads/main refs/remotes/main [4ms]
2024-01-29 16:14:54.770 [info] > git status -z -uall [3ms]
2024-01-29 16:14:59.829 [info] > git config --get commit.template [27ms]
2024-01-29 16:14:59.833 [info] > git for-each-ref --format=%(refname)%00%(upstream:short)%00%(objectname)%00%(upstream:track)%00%(upstream:remotename)%00%(upstream:remoteref) refs/heads/main refs/remotes/main [7ms]
2024-01-29 16:14:59.861 [info] > git status -z -uall [5ms]
2024-01-29 16:15:04.921 [info] > git config --get commit.template [27ms]
2024-01-29 16:15:04.925 [info] > git for-each-ref --format=%(refname)%00%(upstream:short)%00%(objectname)%00%(upstream:track)%00%(upstream:remotename)%00%(upstream:remoteref) refs/heads/main refs/remotes/main [7ms]
2024-01-29 16:15:04.959 [info] > git status -z -uall [8ms]
2024-01-29 16:15:10.067 [info] > git config --get commit.template [55ms]
2024-01-29 16:15:10.073 [info] > git for-each-ref --format=%(refname)%00%(upstream:short)%00%(objectname)%00%(upstream:track)%00%(upstream:remotename)%00%(upstream:remoteref) refs/heads/main refs/remotes/main [9ms]
2024-01-29 16:15:10.124 [info] > git status -z -uall [12ms]
2024-01-29 16:15:15.167 [info] > git config --get commit.template [18ms]
2024-01-29 16:15:15.168 [info] > git for-each-ref --format=%(refname)%00%(upstream:short)%00%(objectname)%00%(upstream:track)%00%(upstream:remotename)%00%(upstream:remoteref) refs/heads/main refs/remotes/main [3ms]
2024-01-29 16:15:15.180 [info] > git status -z -uall [2ms]
2024-01-29 16:15:24.842 [info] > git config --get commit.template [20ms]
2024-01-29 16:15:24.844 [info] > git for-each-ref --format=%(refname)%00%(upstream:short)%00%(objectname)%00%(upstream:track)%00%(upstream:remotename)%00%(upstream:remoteref) refs/heads/main refs/remotes/main [4ms]
2024-01-29 16:15:24.857 [info] > git status -z -uall [1ms]
2024-01-29 16:15:29.898 [info] > git config --get commit.template [7ms]
2024-01-29 16:15:29.926 [info] > git for-each-ref --format=%(refname)%00%(upstream:short)%00%(objectname)%00%(upstream:track)%00%(upstream:remotename)%00%(upstream:remoteref) refs/heads/main refs/remotes/main [6ms]
2024-01-29 16:15:29.962 [info] > git status -z -uall [9ms]
2024-01-29 16:15:34.992 [info] > git config --get commit.template [11ms]
2024-01-29 16:15:34.993 [info] > git for-each-ref --format=%(refname)%00%(upstream:short)%00%(objectname)%00%(upstream:track)%00%(upstream:remotename)%00%(upstream:remoteref) refs/heads/main refs/remotes/main [2ms]
2024-01-29 16:15:35.003 [info] > git status -z -uall [2ms]
2024-01-29 16:15:44.658 [info] > git config --get commit.template [6ms]
2024-01-29 16:15:44.674 [info] > git for-each-ref --format=%(refname)%00%(upstream:short)%00%(objectname)%00%(upstream:track)%00%(upstream:remotename)%00%(upstream:remoteref) refs/heads/main refs/remotes/main [4ms]
2024-01-29 16:15:44.684 [info] > git status -z -uall [2ms]
2024-01-29 16:15:49.707 [info] > git config --get commit.template [10ms]
2024-01-29 16:15:49.708 [info] > git for-each-ref --format=%(refname)%00%(upstream:short)%00%(objectname)%00%(upstream:track)%00%(upstream:remotename)%00%(upstream:remoteref) refs/heads/main refs/remotes/main [2ms]
2024-01-29 16:15:49.720 [info] > git status -z -uall [3ms]
2024-01-29 16:15:54.750 [info] > git config --get commit.template [11ms]
2024-01-29 16:15:54.752 [info] > git for-each-ref --format=%(refname)%00%(upstream:short)%00%(objectname)%00%(upstream:track)%00%(upstream:remotename)%00%(upstream:remoteref) refs/heads/main refs/remotes/main [4ms]
2024-01-29 16:15:54.766 [info] > git status -z -uall [3ms]
2024-01-29 16:15:59.817 [info] > git config --get commit.template [6ms]
2024-01-29 16:15:59.832 [info] > git for-each-ref --format=%(refname)%00%(upstream:short)%00%(objectname)%00%(upstream:track)%00%(upstream:remotename)%00%(upstream:remoteref) refs/heads/main refs/remotes/main [4ms]
2024-01-29 16:15:59.846 [info] > git status -z -uall [3ms]
2024-01-29 16:16:04.874 [info] > git config --get commit.template [3ms]
2024-01-29 16:16:04.889 [info] > git for-each-ref --format=%(refname)%00%(upstream:short)%00%(objectname)%00%(upstream:track)%00%(upstream:remotename)%00%(upstream:remoteref) refs/heads/main refs/remotes/main [3ms]
2024-01-29 16:16:04.899 [info] > git status -z -uall [2ms]
2024-01-29 16:16:09.949 [info] > git config --get commit.template [23ms]
2024-01-29 16:16:09.953 [info] > git for-each-ref --format=%(refname)%00%(upstream:short)%00%(objectname)%00%(upstream:track)%00%(upstream:remotename)%00%(upstream:remoteref) refs/heads/main refs/remotes/main [6ms]
2024-01-29 16:16:09.977 [info] > git status -z -uall [6ms]
2024-01-29 16:16:15.027 [info] > git config --get commit.template [21ms]
2024-01-29 16:16:15.029 [info] > git for-each-ref --format=%(refname)%00%(upstream:short)%00%(objectname)%00%(upstream:track)%00%(upstream:remotename)%00%(upstream:remoteref) refs/heads/main refs/remotes/main [2ms]
2024-01-29 16:16:15.040 [info] > git status -z -uall [3ms]
2024-01-29 16:16:20.111 [info] > git config --get commit.template [41ms]
2024-01-29 16:16:20.118 [info] > git for-each-ref --format=%(refname)%00%(upstream:short)%00%(objectname)%00%(upstream:track)%00%(upstream:remotename)%00%(upstream:remoteref) refs/heads/main refs/remotes/main [11ms]
2024-01-29 16:16:20.169 [info] > git status -z -uall [12ms]
2024-01-29 16:16:25.207 [info] > git config --get commit.template [4ms]
2024-01-29 16:16:25.239 [info] > git for-each-ref --format=%(refname)%00%(upstream:short)%00%(objectname)%00%(upstream:track)%00%(upstream:remotename)%00%(upstream:remoteref) refs/heads/main refs/remotes/main [6ms]
2024-01-29 16:16:25.273 [info] > git status -z -uall [11ms]
2024-01-29 16:16:30.322 [info] > git config --get commit.template [19ms]
2024-01-29 16:16:30.324 [info] > git for-each-ref --format=%(refname)%00%(upstream:short)%00%(objectname)%00%(upstream:track)%00%(upstream:remotename)%00%(upstream:remoteref) refs/heads/main refs/remotes/main [3ms]
2024-01-29 16:16:30.345 [info] > git status -z -uall [4ms]
2024-01-29 16:16:35.431 [info] > git config --get commit.template [29ms]
2024-01-29 16:16:35.435 [info] > git for-each-ref --format=%(refname)%00%(upstream:short)%00%(objectname)%00%(upstream:track)%00%(upstream:remotename)%00%(upstream:remoteref) refs/heads/main refs/remotes/main [6ms]
2024-01-29 16:16:35.479 [info] > git status -z -uall [14ms]
2024-01-29 16:16:40.524 [info] > git config --get commit.template [10ms]
2024-01-29 16:16:40.525 [info] > git for-each-ref --format=%(refname)%00%(upstream:short)%00%(objectname)%00%(upstream:track)%00%(upstream:remotename)%00%(upstream:remoteref) refs/heads/main refs/remotes/main [2ms]
2024-01-29 16:16:40.534 [info] > git status -z -uall [1ms]
2024-01-29 16:16:45.604 [info] > git config --get commit.template [32ms]
2024-01-29 16:16:45.614 [info] > git for-each-ref --format=%(refname)%00%(upstream:short)%00%(objectname)%00%(upstream:track)%00%(upstream:remotename)%00%(upstream:remoteref) refs/heads/main refs/remotes/main [12ms]
2024-01-29 16:16:45.663 [info] > git status -z -uall [14ms]
2024-01-29 16:16:56.191 [info] > git config --get commit.template [29ms]
2024-01-29 16:16:56.196 [info] > git for-each-ref --format=%(refname)%00%(upstream:short)%00%(objectname)%00%(upstream:track)%00%(upstream:remotename)%00%(upstream:remoteref) refs/heads/main refs/remotes/main [8ms]
2024-01-29 16:16:56.237 [info] > git status -z -uall [10ms]
2024-01-29 16:17:01.870 [info] > git config --get commit.template [25ms]
2024-01-29 16:17:01.874 [info] > git for-each-ref --format=%(refname)%00%(upstream:short)%00%(objectname)%00%(upstream:track)%00%(upstream:remotename)%00%(upstream:remoteref) refs/heads/main refs/remotes/main [6ms]
2024-01-29 16:17:01.913 [info] > git status -z -uall [9ms]
2024-01-29 16:17:06.987 [info] > git config --get commit.template [28ms]
2024-01-29 16:17:06.991 [info] > git for-each-ref --format=%(refname)%00%(upstream:short)%00%(objectname)%00%(upstream:track)%00%(upstream:remotename)%00%(upstream:remoteref) refs/heads/main refs/remotes/main [7ms]
2024-01-29 16:17:07.007 [info] > git status -z -uall [2ms]
2024-01-29 16:17:12.040 [info] > git config --get commit.template [13ms]
2024-01-29 16:17:12.041 [info] > git for-each-ref --format=%(refname)%00%(upstream:short)%00%(objectname)%00%(upstream:track)%00%(upstream:remotename)%00%(upstream:remoteref) refs/heads/main refs/remotes/main [2ms]
2024-01-29 16:17:12.053 [info] > git status -z -uall [4ms]
2024-01-29 16:17:18.856 [info] > git config --get commit.template [24ms]
2024-01-29 16:17:18.859 [info] > git for-each-ref --format=%(refname)%00%(upstream:short)%00%(objectname)%00%(upstream:track)%00%(upstream:remotename)%00%(upstream:remoteref) refs/heads/main refs/remotes/main [6ms]
2024-01-29 16:17:18.896 [info] > git status -z -uall [8ms]
2024-01-29 16:18:25.504 [info] > git config --get commit.template [21ms]
2024-01-29 16:18:25.507 [info] > git for-each-ref --format=%(refname)%00%(upstream:short)%00%(objectname)%00%(upstream:track)%00%(upstream:remotename)%00%(upstream:remoteref) refs/heads/main refs/remotes/main [5ms]
2024-01-29 16:18:25.529 [info] > git status -z -uall [4ms]
2024-01-29 16:18:30.551 [info] > git config --get commit.template [8ms]
2024-01-29 16:18:30.552 [info] > git for-each-ref --format=%(refname)%00%(upstream:short)%00%(objectname)%00%(upstream:track)%00%(upstream:remotename)%00%(upstream:remoteref) refs/heads/main refs/remotes/main [2ms]
2024-01-29 16:18:30.561 [info] > git status -z -uall [2ms]
2024-01-29 16:18:35.621 [info] > git config --get commit.template [26ms]
2024-01-29 16:18:35.628 [info] > git for-each-ref --format=%(refname)%00%(upstream:short)%00%(objectname)%00%(upstream:track)%00%(upstream:remotename)%00%(upstream:remoteref) refs/heads/main refs/remotes/main [10ms]
2024-01-29 16:18:35.668 [info] > git status -z -uall [9ms]
2024-01-29 16:18:41.582 [info] > git config --get commit.template [31ms]
2024-01-29 16:18:41.587 [info] > git for-each-ref --format=%(refname)%00%(upstream:short)%00%(objectname)%00%(upstream:track)%00%(upstream:remotename)%00%(upstream:remoteref) refs/heads/main refs/remotes/main [7ms]
2024-01-29 16:18:41.632 [info] > git status -z -uall [12ms]
2024-01-29 16:18:46.658 [info] > git config --get commit.template [8ms]
2024-01-29 16:18:46.659 [info] > git for-each-ref --format=%(refname)%00%(upstream:short)%00%(objectname)%00%(upstream:track)%00%(upstream:remotename)%00%(upstream:remoteref) refs/heads/main refs/remotes/main [1ms]
2024-01-29 16:18:46.667 [info] > git status -z -uall [2ms]
2024-01-29 16:18:51.715 [info] > git config --get commit.template [22ms]
2024-01-29 16:18:51.718 [info] > git for-each-ref --format=%(refname)%00%(upstream:short)%00%(objectname)%00%(upstream:track)%00%(upstream:remotename)%00%(upstream:remoteref) refs/heads/main refs/remotes/main [5ms]
2024-01-29 16:18:51.740 [info] > git status -z -uall [3ms]
2024-01-29 16:18:58.715 [info] > git config --get commit.template [15ms]
2024-01-29 16:18:58.716 [info] > git for-each-ref --format=%(refname)%00%(upstream:short)%00%(objectname)%00%(upstream:track)%00%(upstream:remotename)%00%(upstream:remoteref) refs/heads/main refs/remotes/main [3ms]
2024-01-29 16:18:58.734 [info] > git status -z -uall [4ms]
2024-01-29 16:19:05.842 [info] > git config --get commit.template [13ms]
2024-01-29 16:19:05.844 [info] > git for-each-ref --format=%(refname)%00%(upstream:short)%00%(objectname)%00%(upstream:track)%00%(upstream:remotename)%00%(upstream:remoteref) refs/heads/main refs/remotes/main [2ms]
2024-01-29 16:19:05.854 [info] > git status -z -uall [2ms]
2024-01-29 16:19:27.274 [info] > git config --get commit.template [2ms]
2024-01-29 16:19:27.286 [info] > git for-each-ref --format=%(refname)%00%(upstream:short)%00%(objectname)%00%(upstream:track)%00%(upstream:remotename)%00%(upstream:remoteref) refs/heads/main refs/remotes/main [3ms]
2024-01-29 16:19:27.299 [info] > git status -z -uall [2ms]
2024-01-29 16:19:32.360 [info] > git config --get commit.template [27ms]
2024-01-29 16:19:32.362 [info] > git for-each-ref --format=%(refname)%00%(upstream:short)%00%(objectname)%00%(upstream:track)%00%(upstream:remotename)%00%(upstream:remoteref) refs/heads/main refs/remotes/main [5ms]
2024-01-29 16:19:32.384 [info] > git status -z -uall [3ms]
2024-01-29 16:19:43.056 [info] > git config --get commit.template [8ms]
2024-01-29 16:19:43.058 [info] > git for-each-ref --format=%(refname)%00%(upstream:short)%00%(objectname)%00%(upstream:track)%00%(upstream:remotename)%00%(upstream:remoteref) refs/heads/main refs/remotes/main [2ms]
2024-01-29 16:19:43.070 [info] > git status -z -uall [2ms]
2024-01-29 16:19:50.545 [info] > git config --get commit.template [30ms]
2024-01-29 16:19:50.552 [info] > git for-each-ref --format=%(refname)%00%(upstream:short)%00%(objectname)%00%(upstream:track)%00%(upstream:remotename)%00%(upstream:remoteref) refs/heads/main refs/remotes/main [8ms]
2024-01-29 16:19:50.587 [info] > git status -z -uall [7ms]
2024-01-29 16:19:56.751 [info] > git config --get commit.template [16ms]
2024-01-29 16:19:56.753 [info] > git for-each-ref --format=%(refname)%00%(upstream:short)%00%(objectname)%00%(upstream:track)%00%(upstream:remotename)%00%(upstream:remoteref) refs/heads/main refs/remotes/main [3ms]
2024-01-29 16:19:56.766 [info] > git status -z -uall [4ms]
2024-01-29 16:20:01.844 [info] > git config --get commit.template [40ms]
2024-01-29 16:20:01.848 [info] > git for-each-ref --format=%(refname)%00%(upstream:short)%00%(objectname)%00%(upstream:track)%00%(upstream:remotename)%00%(upstream:remoteref) refs/heads/main refs/remotes/main [7ms]
2024-01-29 16:20:01.880 [info] > git status -z -uall [8ms]
2024-01-29 16:20:06.946 [info] > git config --get commit.template [20ms]
2024-01-29 16:20:06.947 [info] > git for-each-ref --format=%(refname)%00%(upstream:short)%00%(objectname)%00%(upstream:track)%00%(upstream:remotename)%00%(upstream:remoteref) refs/heads/main refs/remotes/main [3ms]
2024-01-29 16:20:06.959 [info] > git status -z -uall [3ms]
2024-01-29 16:20:12.002 [info] > git config --get commit.template [13ms]
2024-01-29 16:20:12.003 [info] > git for-each-ref --format=%(refname)%00%(upstream:short)%00%(objectname)%00%(upstream:track)%00%(upstream:remotename)%00%(upstream:remoteref) refs/heads/main refs/remotes/main [3ms]
2024-01-29 16:20:12.013 [info] > git status -z -uall [1ms]
2024-01-29 16:22:57.508 [info] > git config --get commit.template [64ms]
2024-01-29 16:22:57.517 [info] > git for-each-ref --format=%(refname)%00%(upstream:short)%00%(objectname)%00%(upstream:track)%00%(upstream:remotename)%00%(upstream:remoteref) refs/heads/main refs/remotes/main [8ms]
2024-01-29 16:22:57.541 [info] > git status -z -uall [2ms]
2024-01-29 16:23:11.624 [info] > git config --get commit.template [10ms]
2024-01-29 16:23:11.625 [info] > git for-each-ref --format=%(refname)%00%(upstream:short)%00%(objectname)%00%(upstream:track)%00%(upstream:remotename)%00%(upstream:remoteref) refs/heads/main refs/remotes/main [3ms]
2024-01-29 16:23:11.635 [info] > git status -z -uall [2ms]
2024-01-29 16:23:16.656 [info] > git config --get commit.template [9ms]
2024-01-29 16:23:16.657 [info] > git for-each-ref --format=%(refname)%00%(upstream:short)%00%(objectname)%00%(upstream:track)%00%(upstream:remotename)%00%(upstream:remoteref) refs/heads/main refs/remotes/main [2ms]
2024-01-29 16:23:16.665 [info] > git status -z -uall [2ms]
2024-01-29 16:23:21.741 [info] > git config --get commit.template [36ms]
2024-01-29 16:23:21.751 [info] > git for-each-ref --format=%(refname)%00%(upstream:short)%00%(objectname)%00%(upstream:track)%00%(upstream:remotename)%00%(upstream:remoteref) refs/heads/main refs/remotes/main [14ms]
2024-01-29 16:23:21.772 [info] > git status -z -uall [3ms]
2024-01-29 16:23:26.824 [info] > git config --get commit.template [18ms]
2024-01-29 16:23:26.826 [info] > git for-each-ref --format=%(refname)%00%(upstream:short)%00%(objectname)%00%(upstream:track)%00%(upstream:remotename)%00%(upstream:remoteref) refs/heads/main refs/remotes/main [4ms]
2024-01-29 16:23:26.838 [info] > git status -z -uall [2ms]
2024-01-29 16:24:09.406 [info] > git config --get commit.template [10ms]
2024-01-29 16:24:09.471 [info] > git for-each-ref --format=%(refname)%00%(upstream:short)%00%(objectname)%00%(upstream:track)%00%(upstream:remotename)%00%(upstream:remoteref) refs/heads/main refs/remotes/main [23ms]
2024-01-29 16:24:09.494 [info] > git status -z -uall [6ms]
2024-01-29 16:24:14.561 [info] > git config --get commit.template [35ms]
2024-01-29 16:24:14.565 [info] > git for-each-ref --format=%(refname)%00%(upstream:short)%00%(objectname)%00%(upstream:track)%00%(upstream:remotename)%00%(upstream:remoteref) refs/heads/main refs/remotes/main [7ms]
2024-01-29 16:24:14.597 [info] > git status -z -uall [7ms]
2024-01-29 16:24:20.898 [info] > git config --get commit.template [40ms]
2024-01-29 16:24:20.911 [info] > git for-each-ref --format=%(refname)%00%(upstream:short)%00%(objectname)%00%(upstream:track)%00%(upstream:remotename)%00%(upstream:remoteref) refs/heads/main refs/remotes/main [18ms]
2024-01-29 16:24:20.933 [info] > git status -z -uall [5ms]
2024-01-29 16:24:25.993 [info] > git config --get commit.template [26ms]
2024-01-29 16:24:25.995 [info] > git for-each-ref --format=%(refname)%00%(upstream:short)%00%(objectname)%00%(upstream:track)%00%(upstream:remotename)%00%(upstream:remoteref) refs/heads/main refs/remotes/main [3ms]
2024-01-29 16:24:26.010 [info] > git status -z -uall [4ms]
2024-01-29 16:24:48.924 [info] > git config --get commit.template [26ms]
2024-01-29 16:24:48.928 [info] > git for-each-ref --format=%(refname)%00%(upstream:short)%00%(objectname)%00%(upstream:track)%00%(upstream:remotename)%00%(upstream:remoteref) refs/heads/main refs/remotes/main [6ms]
2024-01-29 16:24:48.945 [info] > git status -z -uall [5ms]
2024-01-29 16:24:53.974 [info] > git config --get commit.template [15ms]
2024-01-29 16:24:53.977 [info] > git for-each-ref --format=%(refname)%00%(upstream:short)%00%(objectname)%00%(upstream:track)%00%(upstream:remotename)%00%(upstream:remoteref) refs/heads/main refs/remotes/main [4ms]
2024-01-29 16:24:53.988 [info] > git status -z -uall [2ms]
2024-01-29 16:25:14.866 [info] > git config --get commit.template [11ms]
2024-01-29 16:25:14.867 [info] > git for-each-ref --format=%(refname)%00%(upstream:short)%00%(objectname)%00%(upstream:track)%00%(upstream:remotename)%00%(upstream:remoteref) refs/heads/main refs/remotes/main [2ms]
2024-01-29 16:25:14.883 [info] > git status -z -uall [7ms]
2024-01-29 16:25:19.944 [info] > git config --get commit.template [29ms]
2024-01-29 16:25:19.946 [info] > git for-each-ref --format=%(refname)%00%(upstream:short)%00%(objectname)%00%(upstream:track)%00%(upstream:remotename)%00%(upstream:remoteref) refs/heads/main refs/remotes/main [4ms]
2024-01-29 16:25:19.958 [info] > git status -z -uall [3ms]
2024-01-29 16:25:34.612 [info] > git config --get commit.template [33ms]
2024-01-29 16:25:34.618 [info] > git for-each-ref --format=%(refname)%00%(upstream:short)%00%(objectname)%00%(upstream:track)%00%(upstream:remotename)%00%(upstream:remoteref) refs/heads/main refs/remotes/main [9ms]
2024-01-29 16:25:34.654 [info] > git status -z -uall [7ms]
2024-01-29 16:36:32.956 [info] > git show --textconv :grid1.html [11ms]
2024-01-29 16:36:32.959 [info] > git ls-files --stage -- /home/simgabrob/Bootcamp/grid1.html [4ms]
2024-01-29 16:36:33.243 [info] > git check-ignore -v -z --stdin [9ms]
2024-01-29 16:36:33.808 [info] > git config --get commit.template [16ms]
2024-01-29 16:36:33.809 [info] > git for-each-ref --format=%(refname)%00%(upstream:short)%00%(objectname)%00%(upstream:track)%00%(upstream:remotename)%00%(upstream:remoteref) refs/heads/main refs/remotes/main [2ms]
2024-01-29 16:36:33.823 [info] > git status -z -uall [2ms]
2024-01-29 16:36:34.264 [info] > git show --textconv :grid.html [9ms]
2024-01-29 16:36:34.265 [info] > git ls-files --stage -- /home/simgabrob/Bootcamp/grid.html [2ms]
2024-01-29 16:36:37.668 [info] > git show --textconv :grid1.html [39ms]
2024-01-29 16:36:37.675 [info] > git ls-files --stage -- /home/simgabrob/Bootcamp/grid1.html [8ms]
2024-01-29 16:36:40.618 [info] > git config --get commit.template [52ms]
2024-01-29 16:36:40.627 [info] > git for-each-ref --format=%(refname)%00%(upstream:short)%00%(objectname)%00%(upstream:track)%00%(upstream:remotename)%00%(upstream:remoteref) refs/heads/main refs/remotes/main [13ms]
2024-01-29 16:36:40.677 [info] > git status -z -uall [7ms]
2024-01-29 16:37:01.510 [info] > git config --get commit.template [32ms]
2024-01-29 16:37:01.513 [info] > git for-each-ref --format=%(refname)%00%(upstream:short)%00%(objectname)%00%(upstream:track)%00%(upstream:remotename)%00%(upstream:remoteref) refs/heads/main refs/remotes/main [5ms]
2024-01-29 16:37:01.542 [info] > git status -z -uall [6ms]
2024-01-29 16:37:07.413 [info] > git config --get commit.template [25ms]
2024-01-29 16:37:07.422 [info] > git for-each-ref --format=%(refname)%00%(upstream:short)%00%(objectname)%00%(upstream:track)%00%(upstream:remotename)%00%(upstream:remoteref) refs/heads/main refs/remotes/main [11ms]
2024-01-29 16:37:07.457 [info] > git status -z -uall [8ms]
2024-01-29 16:37:12.493 [info] > git config --get commit.template [10ms]
2024-01-29 16:37:12.494 [info] > git for-each-ref --format=%(refname)%00%(upstream:short)%00%(objectname)%00%(upstream:track)%00%(upstream:remotename)%00%(upstream:remoteref) refs/heads/main refs/remotes/main [2ms]
2024-01-29 16:37:12.503 [info] > git status -z -uall [1ms]
2024-01-29 16:37:17.532 [info] > git config --get commit.template [14ms]
2024-01-29 16:37:17.534 [info] > git for-each-ref --format=%(refname)%00%(upstream:short)%00%(objectname)%00%(upstream:track)%00%(upstream:remotename)%00%(upstream:remoteref) refs/heads/main refs/remotes/main [3ms]
2024-01-29 16:37:17.552 [info] > git status -z -uall [4ms]
2024-01-29 16:37:38.961 [info] > git config --get commit.template [27ms]
2024-01-29 16:37:38.963 [info] > git for-each-ref --format=%(refname)%00%(upstream:short)%00%(objectname)%00%(upstream:track)%00%(upstream:remotename)%00%(upstream:remoteref) refs/heads/main refs/remotes/main [4ms]
2024-01-29 16:37:38.979 [info] > git status -z -uall [2ms]
2024-01-29 16:37:44.018 [info] > git config --get commit.template [14ms]
2024-01-29 16:37:44.022 [info] > git for-each-ref --format=%(refname)%00%(upstream:short)%00%(objectname)%00%(upstream:track)%00%(upstream:remotename)%00%(upstream:remoteref) refs/heads/main refs/remotes/main [4ms]
2024-01-29 16:37:44.033 [info] > git status -z -uall [2ms]
2024-01-29 16:37:57.816 [info] > git config --get commit.template [30ms]
2024-01-29 16:37:57.822 [info] > git for-each-ref --format=%(refname)%00%(upstream:short)%00%(objectname)%00%(upstream:track)%00%(upstream:remotename)%00%(upstream:remoteref) refs/heads/main refs/remotes/main [9ms]
2024-01-29 16:37:57.866 [info] > git status -z -uall [6ms]
2024-01-29 16:38:02.893 [info] > git config --get commit.template [8ms]
2024-01-29 16:38:02.894 [info] > git for-each-ref --format=%(refname)%00%(upstream:short)%00%(objectname)%00%(upstream:track)%00%(upstream:remotename)%00%(upstream:remoteref) refs/heads/main refs/remotes/main [2ms]
2024-01-29 16:38:02.902 [info] > git status -z -uall [2ms]
2024-01-29 16:38:07.936 [info] > git config --get commit.template [5ms]
2024-01-29 16:38:07.958 [info] > git for-each-ref --format=%(refname)%00%(upstream:short)%00%(objectname)%00%(upstream:track)%00%(upstream:remotename)%00%(upstream:remoteref) refs/heads/main refs/remotes/main [6ms]
2024-01-29 16:38:07.987 [info] > git status -z -uall [7ms]
2024-01-29 16:38:13.057 [info] > git config --get commit.template [17ms]
2024-01-29 16:38:13.104 [info] > git for-each-ref --format=%(refname)%00%(upstream:short)%00%(objectname)%00%(upstream:track)%00%(upstream:remotename)%00%(upstream:remoteref) refs/heads/main refs/remotes/main [11ms]
2024-01-29 16:38:13.125 [info] > git status -z -uall [5ms]
2024-01-29 16:38:18.196 [info] > git config --get commit.template [33ms]
2024-01-29 16:38:18.203 [info] > git for-each-ref --format=%(refname)%00%(upstream:short)%00%(objectname)%00%(upstream:track)%00%(upstream:remotename)%00%(upstream:remoteref) refs/heads/main refs/remotes/main [12ms]
2024-01-29 16:38:18.245 [info] > git status -z -uall [10ms]
2024-01-29 16:38:23.301 [info] > git config --get commit.template [13ms]
2024-01-29 16:38:23.303 [info] > git for-each-ref --format=%(refname)%00%(upstream:short)%00%(objectname)%00%(upstream:track)%00%(upstream:remotename)%00%(upstream:remoteref) refs/heads/main refs/remotes/main [3ms]
2024-01-29 16:38:23.313 [info] > git status -z -uall [2ms]
2024-01-29 16:38:28.371 [info] > git config --get commit.template [28ms]
2024-01-29 16:38:28.375 [info] > git for-each-ref --format=%(refname)%00%(upstream:short)%00%(objectname)%00%(upstream:track)%00%(upstream:remotename)%00%(upstream:remoteref) refs/heads/main refs/remotes/main [6ms]
2024-01-29 16:38:28.401 [info] > git status -z -uall [5ms]
2024-01-29 16:38:33.443 [info] > git config --get commit.template [12ms]
2024-01-29 16:38:33.444 [info] > git for-each-ref --format=%(refname)%00%(upstream:short)%00%(objectname)%00%(upstream:track)%00%(upstream:remotename)%00%(upstream:remoteref) refs/heads/main refs/remotes/main [2ms]
2024-01-29 16:38:33.455 [info] > git status -z -uall [2ms]
2024-01-29 16:38:38.512 [info] > git config --get commit.template [25ms]
2024-01-29 16:38:38.515 [info] > git for-each-ref --format=%(refname)%00%(upstream:short)%00%(objectname)%00%(upstream:track)%00%(upstream:remotename)%00%(upstream:remoteref) refs/heads/main refs/remotes/main [6ms]
2024-01-29 16:38:38.543 [info] > git status -z -uall [5ms]
2024-01-29 16:38:43.588 [info] > git config --get commit.template [22ms]
2024-01-29 16:38:43.590 [info] > git for-each-ref --format=%(refname)%00%(upstream:short)%00%(objectname)%00%(upstream:track)%00%(upstream:remotename)%00%(upstream:remoteref) refs/heads/main refs/remotes/main [4ms]
2024-01-29 16:38:43.600 [info] > git status -z -uall [2ms]
2024-01-29 16:39:38.838 [info] > git show --textconv :grid.html [7ms]
2024-01-29 16:39:38.840 [info] > git ls-files --stage -- /home/simgabrob/Bootcamp/grid.html [2ms]
2024-01-29 16:39:45.995 [info] > git show --textconv :grid1.html [13ms]
2024-01-29 16:39:45.997 [info] > git ls-files --stage -- /home/simgabrob/Bootcamp/grid1.html [2ms]
2024-01-29 16:39:51.305 [info] > git config --get commit.template [19ms]
2024-01-29 16:39:51.307 [info] > git for-each-ref --format=%(refname)%00%(upstream:short)%00%(objectname)%00%(upstream:track)%00%(upstream:remotename)%00%(upstream:remoteref) refs/heads/main refs/remotes/main [3ms]
2024-01-29 16:39:51.320 [info] > git status -z -uall [3ms]
2024-01-29 16:39:56.377 [info] > git config --get commit.template [26ms]
2024-01-29 16:39:56.379 [info] > git for-each-ref --format=%(refname)%00%(upstream:short)%00%(objectname)%00%(upstream:track)%00%(upstream:remotename)%00%(upstream:remoteref) refs/heads/main refs/remotes/main [4ms]
2024-01-29 16:39:56.394 [info] > git status -z -uall [2ms]
2024-01-29 16:40:06.521 [info] > git config --get commit.template [26ms]
2024-01-29 16:40:06.529 [info] > git for-each-ref --format=%(refname)%00%(upstream:short)%00%(objectname)%00%(upstream:track)%00%(upstream:remotename)%00%(upstream:remoteref) refs/heads/main refs/remotes/main [10ms]
2024-01-29 16:40:06.571 [info] > git status -z -uall [8ms]
2024-01-29 16:40:11.637 [info] > git config --get commit.template [28ms]
2024-01-29 16:40:11.644 [info] > git for-each-ref --format=%(refname)%00%(upstream:short)%00%(objectname)%00%(upstream:track)%00%(upstream:remotename)%00%(upstream:remoteref) refs/heads/main refs/remotes/main [11ms]
2024-01-29 16:40:11.688 [info] > git status -z -uall [8ms]
2024-01-29 16:40:16.733 [info] > git config --get commit.template [13ms]
2024-01-29 16:40:16.734 [info] > git for-each-ref --format=%(refname)%00%(upstream:short)%00%(objectname)%00%(upstream:track)%00%(upstream:remotename)%00%(upstream:remoteref) refs/heads/main refs/remotes/main [2ms]
2024-01-29 16:40:16.743 [info] > git status -z -uall [1ms]
2024-01-29 16:40:35.909 [info] > git config --get commit.template [27ms]
2024-01-29 16:40:35.912 [info] > git for-each-ref --format=%(refname)%00%(upstream:short)%00%(objectname)%00%(upstream:track)%00%(upstream:remotename)%00%(upstream:remoteref) refs/heads/main refs/remotes/main [6ms]
2024-01-29 16:40:35.927 [info] > git status -z -uall [3ms]
2024-01-29 16:40:40.973 [info] > git config --get commit.template [16ms]
2024-01-29 16:40:40.975 [info] > git for-each-ref --format=%(refname)%00%(upstream:short)%00%(objectname)%00%(upstream:track)%00%(upstream:remotename)%00%(upstream:remoteref) refs/heads/main refs/remotes/main [3ms]
2024-01-29 16:40:40.985 [info] > git status -z -uall [2ms]
2024-01-29 16:40:46.039 [info] > git config --get commit.template [23ms]
2024-01-29 16:40:46.041 [info] > git for-each-ref --format=%(refname)%00%(upstream:short)%00%(objectname)%00%(upstream:track)%00%(upstream:remotename)%00%(upstream:remoteref) refs/heads/main refs/remotes/main [4ms]
2024-01-29 16:40:46.053 [info] > git status -z -uall [2ms]
2024-01-29 16:40:53.590 [info] > git config --get commit.template [25ms]
2024-01-29 16:40:53.592 [info] > git for-each-ref --format=%(refname)%00%(upstream:short)%00%(objectname)%00%(upstream:track)%00%(upstream:remotename)%00%(upstream:remoteref) refs/heads/main refs/remotes/main [4ms]
2024-01-29 16:40:53.607 [info] > git status -z -uall [4ms]
2024-01-29 16:41:02.173 [info] > git config --get commit.template [28ms]
2024-01-29 16:41:02.175 [info] > git for-each-ref --format=%(refname)%00%(upstream:short)%00%(objectname)%00%(upstream:track)%00%(upstream:remotename)%00%(upstream:remoteref) refs/heads/main refs/remotes/main [6ms]
2024-01-29 16:41:02.196 [info] > git status -z -uall [3ms]
2024-01-29 16:41:07.232 [info] > git config --get commit.template [12ms]
2024-01-29 16:41:07.234 [info] > git for-each-ref --format=%(refname)%00%(upstream:short)%00%(objectname)%00%(upstream:track)%00%(upstream:remotename)%00%(upstream:remoteref) refs/heads/main refs/remotes/main [2ms]
2024-01-29 16:41:07.243 [info] > git status -z -uall [2ms]
2024-01-29 16:41:12.298 [info] > git config --get commit.template [25ms]
2024-01-29 16:41:12.301 [info] > git for-each-ref --format=%(refname)%00%(upstream:short)%00%(objectname)%00%(upstream:track)%00%(upstream:remotename)%00%(upstream:remoteref) refs/heads/main refs/remotes/main [6ms]
2024-01-29 16:41:12.322 [info] > git status -z -uall [5ms]
2024-01-29 16:41:20.462 [info] > git config --get commit.template [7ms]
2024-01-29 16:41:20.489 [info] > git for-each-ref --format=%(refname)%00%(upstream:short)%00%(objectname)%00%(upstream:track)%00%(upstream:remotename)%00%(upstream:remoteref) refs/heads/main refs/remotes/main [6ms]
2024-01-29 16:41:20.520 [info] > git status -z -uall [7ms]
2024-01-29 16:41:33.776 [info] > git config --get commit.template [7ms]
2024-01-29 16:41:33.818 [info] > git for-each-ref --format=%(refname)%00%(upstream:short)%00%(objectname)%00%(upstream:track)%00%(upstream:remotename)%00%(upstream:remoteref) refs/heads/main refs/remotes/main [7ms]
2024-01-29 16:41:33.837 [info] > git status -z -uall [4ms]
2024-01-29 16:41:40.358 [info] > git config --get commit.template [33ms]
2024-01-29 16:41:40.363 [info] > git for-each-ref --format=%(refname)%00%(upstream:short)%00%(objectname)%00%(upstream:track)%00%(upstream:remotename)%00%(upstream:remoteref) refs/heads/main refs/remotes/main [10ms]
2024-01-29 16:41:40.405 [info] > git status -z -uall [8ms]
2024-01-29 16:41:45.468 [info] > git config --get commit.template [26ms]
2024-01-29 16:41:45.471 [info] > git for-each-ref --format=%(refname)%00%(upstream:short)%00%(objectname)%00%(upstream:track)%00%(upstream:remotename)%00%(upstream:remoteref) refs/heads/main refs/remotes/main [5ms]
2024-01-29 16:41:45.502 [info] > git status -z -uall [6ms]
2024-01-29 16:41:50.572 [info] > git config --get commit.template [28ms]
2024-01-29 16:41:50.576 [info] > git for-each-ref --format=%(refname)%00%(upstream:short)%00%(objectname)%00%(upstream:track)%00%(upstream:remotename)%00%(upstream:remoteref) refs/heads/main refs/remotes/main [6ms]
2024-01-29 16:41:50.609 [info] > git status -z -uall [8ms]
2024-01-29 16:42:08.407 [info] > git config --get commit.template [11ms]
2024-01-29 16:42:08.409 [info] > git for-each-ref --format=%(refname)%00%(upstream:short)%00%(objectname)%00%(upstream:track)%00%(upstream:remotename)%00%(upstream:remoteref) refs/heads/main refs/remotes/main [2ms]
2024-01-29 16:42:08.418 [info] > git status -z -uall [2ms]
2024-01-29 16:42:13.462 [info] > git config --get commit.template [17ms]
2024-01-29 16:42:13.465 [info] > git for-each-ref --format=%(refname)%00%(upstream:short)%00%(objectname)%00%(upstream:track)%00%(upstream:remotename)%00%(upstream:remoteref) refs/heads/main refs/remotes/main [5ms]
2024-01-29 16:42:13.484 [info] > git status -z -uall [3ms]
2024-01-29 16:42:18.510 [info] > git config --get commit.template [10ms]
2024-01-29 16:42:18.511 [info] > git for-each-ref --format=%(refname)%00%(upstream:short)%00%(objectname)%00%(upstream:track)%00%(upstream:remotename)%00%(upstream:remoteref) refs/heads/main refs/remotes/main [2ms]
2024-01-29 16:42:18.522 [info] > git status -z -uall [2ms]
2024-01-29 16:43:18.151 [info] > git config --get commit.template [16ms]
2024-01-29 16:43:18.154 [info] > git for-each-ref --format=%(refname)%00%(upstream:short)%00%(objectname)%00%(upstream:track)%00%(upstream:remotename)%00%(upstream:remoteref) refs/heads/main refs/remotes/main [4ms]
2024-01-29 16:43:18.171 [info] > git status -z -uall [3ms]
2024-01-29 16:43:23.201 [info] > git config --get commit.template [16ms]
2024-01-29 16:43:23.202 [info] > git for-each-ref --format=%(refname)%00%(upstream:short)%00%(objectname)%00%(upstream:track)%00%(upstream:remotename)%00%(upstream:remoteref) refs/heads/main refs/remotes/main [2ms]
2024-01-29 16:43:23.212 [info] > git status -z -uall [2ms]
2024-01-29 16:43:28.282 [info] > git config --get commit.template [24ms]
2024-01-29 16:43:28.286 [info] > git for-each-ref --format=%(refname)%00%(upstream:short)%00%(objectname)%00%(upstream:track)%00%(upstream:remotename)%00%(upstream:remoteref) refs/heads/main refs/remotes/main [6ms]
2024-01-29 16:43:28.305 [info] > git status -z -uall [4ms]
2024-01-29 16:43:37.580 [info] > git config --get commit.template [16ms]
2024-01-29 16:43:37.582 [info] > git for-each-ref --format=%(refname)%00%(upstream:short)%00%(objectname)%00%(upstream:track)%00%(upstream:remotename)%00%(upstream:remoteref) refs/heads/main refs/remotes/main [3ms]
2024-01-29 16:43:37.594 [info] > git status -z -uall [3ms]
2024-01-29 16:43:42.654 [info] > git config --get commit.template [7ms]
2024-01-29 16:43:42.669 [info] > git for-each-ref --format=%(refname)%00%(upstream:short)%00%(objectname)%00%(upstream:track)%00%(upstream:remotename)%00%(upstream:remoteref) refs/heads/main refs/remotes/main [2ms]
2024-01-29 16:43:42.685 [info] > git status -z -uall [3ms]
2024-01-29 16:43:47.731 [info] > git config --get commit.template [15ms]
2024-01-29 16:43:47.732 [info] > git for-each-ref --format=%(refname)%00%(upstream:short)%00%(objectname)%00%(upstream:track)%00%(upstream:remotename)%00%(upstream:remoteref) refs/heads/main refs/remotes/main [3ms]
2024-01-29 16:43:47.743 [info] > git status -z -uall [2ms]
2024-01-29 16:44:01.620 [info] > git config --get commit.template [23ms]
2024-01-29 16:44:01.622 [info] > git for-each-ref --format=%(refname)%00%(upstream:short)%00%(objectname)%00%(upstream:track)%00%(upstream:remotename)%00%(upstream:remoteref) refs/heads/main refs/remotes/main [2ms]
2024-01-29 16:44:01.634 [info] > git status -z -uall [3ms]
2024-01-29 16:44:06.687 [info] > git config --get commit.template [16ms]
2024-01-29 16:44:06.688 [info] > git for-each-ref --format=%(refname)%00%(upstream:short)%00%(objectname)%00%(upstream:track)%00%(upstream:remotename)%00%(upstream:remoteref) refs/heads/main refs/remotes/main [2ms]
2024-01-29 16:44:06.699 [info] > git status -z -uall [2ms]
2024-01-29 16:44:16.928 [info] > git config --get commit.template [11ms]
2024-01-29 16:44:16.930 [info] > git for-each-ref --format=%(refname)%00%(upstream:short)%00%(objectname)%00%(upstream:track)%00%(upstream:remotename)%00%(upstream:remoteref) refs/heads/main refs/remotes/main [3ms]
2024-01-29 16:44:16.959 [info] > git status -z -uall [13ms]
2024-01-29 16:44:22.003 [info] > git config --get commit.template [20ms]
2024-01-29 16:44:22.006 [info] > git for-each-ref --format=%(refname)%00%(upstream:short)%00%(objectname)%00%(upstream:track)%00%(upstream:remotename)%00%(upstream:remoteref) refs/heads/main refs/remotes/main [5ms]
2024-01-29 16:44:22.020 [info] > git status -z -uall [3ms]
2024-01-29 16:44:27.077 [info] > git config --get commit.template [27ms]
2024-01-29 16:44:27.081 [info] > git for-each-ref --format=%(refname)%00%(upstream:short)%00%(objectname)%00%(upstream:track)%00%(upstream:remotename)%00%(upstream:remoteref) refs/heads/main refs/remotes/main [6ms]
2024-01-29 16:44:27.116 [info] > git status -z -uall [6ms]
2024-01-29 16:44:32.174 [info] > git config --get commit.template [25ms]
2024-01-29 16:44:32.176 [info] > git for-each-ref --format=%(refname)%00%(upstream:short)%00%(objectname)%00%(upstream:track)%00%(upstream:remotename)%00%(upstream:remoteref) refs/heads/main refs/remotes/main [4ms]
2024-01-29 16:44:32.191 [info] > git status -z -uall [3ms]
2024-01-29 16:44:38.357 [info] > git config --get commit.template [26ms]
2024-01-29 16:44:38.359 [info] > git for-each-ref --format=%(refname)%00%(upstream:short)%00%(objectname)%00%(upstream:track)%00%(upstream:remotename)%00%(upstream:remoteref) refs/heads/main refs/remotes/main [4ms]
2024-01-29 16:44:38.375 [info] > git status -z -uall [3ms]
2024-01-29 16:44:43.403 [info] > git config --get commit.template [11ms]
2024-01-29 16:44:43.406 [info] > git for-each-ref --format=%(refname)%00%(upstream:short)%00%(objectname)%00%(upstream:track)%00%(upstream:remotename)%00%(upstream:remoteref) refs/heads/main refs/remotes/main [3ms]
2024-01-29 16:44:43.418 [info] > git status -z -uall [3ms]
2024-01-29 16:44:48.508 [info] > git config --get commit.template [3ms]
2024-01-29 16:44:48.520 [info] > git for-each-ref --format=%(refname)%00%(upstream:short)%00%(objectname)%00%(upstream:track)%00%(upstream:remotename)%00%(upstream:remoteref) refs/heads/main refs/remotes/main [2ms]
2024-01-29 16:44:48.531 [info] > git status -z -uall [2ms]
2024-01-29 16:44:53.597 [info] > git config --get commit.template [32ms]
2024-01-29 16:44:53.599 [info] > git for-each-ref --format=%(refname)%00%(upstream:short)%00%(objectname)%00%(upstream:track)%00%(upstream:remotename)%00%(upstream:remoteref) refs/heads/main refs/remotes/main [9ms]
2024-01-29 16:44:53.632 [info] > git status -z -uall [10ms]
2024-01-29 16:45:00.791 [info] > git config --get commit.template [16ms]
2024-01-29 16:45:00.793 [info] > git for-each-ref --format=%(refname)%00%(upstream:short)%00%(objectname)%00%(upstream:track)%00%(upstream:remotename)%00%(upstream:remoteref) refs/heads/main refs/remotes/main [3ms]
2024-01-29 16:45:00.812 [info] > git status -z -uall [4ms]
2024-01-29 16:45:17.782 [info] > git show --textconv :grid.html [8ms]
2024-01-29 16:45:17.783 [info] > git ls-files --stage -- /home/simgabrob/Bootcamp/grid.html [2ms]
2024-01-29 16:45:27.175 [info] > git config --get commit.template [24ms]
2024-01-29 16:45:27.176 [info] > git for-each-ref --format=%(refname)%00%(upstream:short)%00%(objectname)%00%(upstream:track)%00%(upstream:remotename)%00%(upstream:remoteref) refs/heads/main refs/remotes/main [3ms]
2024-01-29 16:45:27.189 [info] > git status -z -uall [2ms]
