2024-02-11 15:22:26.062 [info] Log level: Info
2024-02-11 15:22:26.062 [info] Validating found git in: "git"
2024-02-11 15:22:26.062 [info] Using git "2.39.2" from "git"
2024-02-11 15:22:26.062 [info] > git rev-parse --show-toplevel [13ms]
2024-02-11 15:22:26.069 [info] > git rev-parse --git-dir --git-common-dir [11ms]
2024-02-11 15:22:26.133 [info] Open repository: /home/simgabrob/Bootcamp
2024-02-11 15:22:26.203 [info] > git rev-parse --show-toplevel [13ms]
2024-02-11 15:22:26.210 [info] > git config --get commit.template [26ms]
2024-02-11 15:22:26.677 [info] > git rev-parse --show-toplevel [154ms]
2024-02-11 15:22:26.738 [info] > git for-each-ref --format=%(refname)%00%(upstream:short)%00%(objectname)%00%(upstream:track)%00%(upstream:remotename)%00%(upstream:remoteref) refs/heads/main refs/remotes/main [64ms]
2024-02-11 15:22:26.772 [info] > git rev-parse --show-toplevel [37ms]
2024-02-11 15:22:26.801 [info] > git status -z -uall [30ms]
2024-02-11 15:22:26.838 [info] > git rev-parse --show-toplevel [38ms]
2024-02-11 15:22:26.863 [info] > git config --get commit.template [25ms]
2024-02-11 15:22:26.876 [info] > git rev-parse --show-toplevel [14ms]
2024-02-11 15:22:26.908 [info] > git rev-parse --show-toplevel [4ms]
2024-02-11 15:22:26.908 [info] > git for-each-ref --format=%(refname)%00%(upstream:short)%00%(objectname)%00%(upstream:track)%00%(upstream:remotename)%00%(upstream:remoteref) refs/heads/main refs/remotes/main [34ms]
2024-02-11 15:22:26.966 [info] > git rev-parse --show-toplevel [29ms]
2024-02-11 15:22:26.975 [info] > git status -z -uall [15ms]
2024-02-11 15:22:27.166 [info] > git check-ignore -v -z --stdin [69ms]
2024-02-11 15:22:27.609 [info] > git check-ignore -v -z --stdin [3ms]
2024-02-11 15:22:29.376 [info] > git ls-files --stage -- /home/simgabrob/Bootcamp/Mini Game week 2/miniProject.js [4ms]
2024-02-11 15:22:29.392 [info] > git show --textconv :Mini Game week 2/miniProject.js [36ms]
2024-02-11 15:22:29.407 [info] > git cat-file -s fa31fcbadc1366010b0386a7a14f940cd795ea2f [17ms]
2024-02-11 15:22:49.754 [info] > git check-ignore -v -z --stdin [7ms]
2024-02-11 15:22:50.353 [info] > git config --get commit.template [27ms]
2024-02-11 15:22:50.359 [info] > git for-each-ref --format=%(refname)%00%(upstream:short)%00%(objectname)%00%(upstream:track)%00%(upstream:remotename)%00%(upstream:remoteref) refs/heads/main refs/remotes/main [10ms]
2024-02-11 15:22:50.398 [info] > git status -z -uall [14ms]
2024-02-11 15:22:58.081 [info] > git check-ignore -v -z --stdin [8ms]
2024-02-11 15:22:58.663 [info] > git config --get commit.template [29ms]
2024-02-11 15:22:58.670 [info] > git for-each-ref --format=%(refname)%00%(upstream:short)%00%(objectname)%00%(upstream:track)%00%(upstream:remotename)%00%(upstream:remoteref) refs/heads/main refs/remotes/main [11ms]
2024-02-11 15:22:58.700 [info] > git status -z -uall [9ms]
2024-02-11 15:23:12.336 [info] > git show --textconv :Week 3/Day 1- DOM/XP.html [18ms]
2024-02-11 15:23:12.339 [info] > git ls-files --stage -- /home/simgabrob/Bootcamp/Week 3/Day 1- DOM/XP.html [4ms]
2024-02-11 15:23:12.536 [info] > git check-ignore -v -z --stdin [3ms]
2024-02-11 15:23:13.081 [info] > git config --get commit.template [26ms]
2024-02-11 15:23:13.090 [info] > git for-each-ref --format=%(refname)%00%(upstream:short)%00%(objectname)%00%(upstream:track)%00%(upstream:remotename)%00%(upstream:remoteref) refs/heads/main refs/remotes/main [15ms]
2024-02-11 15:23:13.135 [info] > git status -z -uall [14ms]
2024-02-11 15:23:30.274 [info] > git show --textconv :Week 3/Day 1- DOM/XP.js [29ms]
2024-02-11 15:23:30.279 [info] > git ls-files --stage -- /home/simgabrob/Bootcamp/Week 3/Day 1- DOM/XP.js [6ms]
2024-02-11 15:23:30.487 [info] > git check-ignore -v -z --stdin [3ms]
2024-02-11 15:23:30.997 [info] > git config --get commit.template [6ms]
2024-02-11 15:23:30.998 [info] > git for-each-ref --format=%(refname)%00%(upstream:short)%00%(objectname)%00%(upstream:track)%00%(upstream:remotename)%00%(upstream:remoteref) refs/heads/main refs/remotes/main [3ms]
2024-02-11 15:23:31.006 [info] > git status -z -uall [1ms]
2024-02-11 15:23:38.184 [info] > git check-ignore -v -z --stdin [11ms]
2024-02-11 15:23:38.757 [info] > git config --get commit.template [22ms]
2024-02-11 15:23:38.759 [info] > git for-each-ref --format=%(refname)%00%(upstream:short)%00%(objectname)%00%(upstream:track)%00%(upstream:remotename)%00%(upstream:remoteref) refs/heads/main refs/remotes/main [6ms]
2024-02-11 15:23:38.783 [info] > git status -z -uall [7ms]
2024-02-11 15:23:40.181 [info] > git check-ignore -v -z --stdin [8ms]
2024-02-11 15:23:41.501 [info] > git show --textconv :Week 3/Day 1- DOM/Day 1- DOM/XP.js [35ms]
2024-02-11 15:23:41.517 [info] > git ls-files --stage -- /home/simgabrob/Bootcamp/Week 3/Day 1- DOM/Day 1- DOM/XP.js [18ms]
2024-02-11 15:23:41.732 [info] > git check-ignore -v -z --stdin [12ms]
2024-02-11 15:23:43.837 [info] > git config --get commit.template [22ms]
2024-02-11 15:23:43.840 [info] > git for-each-ref --format=%(refname)%00%(upstream:short)%00%(objectname)%00%(upstream:track)%00%(upstream:remotename)%00%(upstream:remoteref) refs/heads/main refs/remotes/main [8ms]
2024-02-11 15:23:43.865 [info] > git status -z -uall [7ms]
2024-02-11 15:23:49.705 [info] > git check-ignore -v -z --stdin [6ms]
2024-02-11 15:23:50.299 [info] > git config --get commit.template [31ms]
2024-02-11 15:23:50.303 [info] > git for-each-ref --format=%(refname)%00%(upstream:short)%00%(objectname)%00%(upstream:track)%00%(upstream:remotename)%00%(upstream:remoteref) refs/heads/main refs/remotes/main [11ms]
2024-02-11 15:23:50.335 [info] > git status -z -uall [10ms]
2024-02-11 15:23:54.382 [info] > git show --textconv :Week 3/Day 1- DOM/Day 1- DOM/XP.html [30ms]
2024-02-11 15:23:54.390 [info] > git ls-files --stage -- /home/simgabrob/Bootcamp/Week 3/Day 1- DOM/Day 1- DOM/XP.html [9ms]
2024-02-11 15:23:55.180 [info] > git show --textconv :Week 3/Day 1- DOM/Day 1- DOM/XP.js [12ms]
2024-02-11 15:23:55.182 [info] > git ls-files --stage -- /home/simgabrob/Bootcamp/Week 3/Day 1- DOM/Day 1- DOM/XP.js [3ms]
2024-02-11 15:23:56.103 [info] > git show --textconv :Week 3/Day 1- DOM/Day 1- DOM/XP.html [43ms]
2024-02-11 15:23:56.124 [info] > git ls-files --stage -- /home/simgabrob/Bootcamp/Week 3/Day 1- DOM/Day 1- DOM/XP.html [25ms]
2024-02-11 15:24:03.275 [info] > git config --get commit.template [28ms]
2024-02-11 15:24:03.277 [info] > git for-each-ref --format=%(refname)%00%(upstream:short)%00%(objectname)%00%(upstream:track)%00%(upstream:remotename)%00%(upstream:remoteref) refs/heads/main refs/remotes/main [8ms]
2024-02-11 15:24:03.310 [info] > git status -z -uall [11ms]
2024-02-11 15:24:08.374 [info] > git config --get commit.template [23ms]
2024-02-11 15:24:08.376 [info] > git for-each-ref --format=%(refname)%00%(upstream:short)%00%(objectname)%00%(upstream:track)%00%(upstream:remotename)%00%(upstream:remoteref) refs/heads/main refs/remotes/main [6ms]
2024-02-11 15:24:08.405 [info] > git status -z -uall [9ms]
2024-02-11 15:24:13.467 [info] > git config --get commit.template [22ms]
2024-02-11 15:24:13.471 [info] > git for-each-ref --format=%(refname)%00%(upstream:short)%00%(objectname)%00%(upstream:track)%00%(upstream:remotename)%00%(upstream:remoteref) refs/heads/main refs/remotes/main [8ms]
2024-02-11 15:24:13.488 [info] > git status -z -uall [4ms]
2024-02-11 15:24:16.151 [info] > git show --textconv :Week 3/Day 1- DOM/Day 1- DOM/XP.js [10ms]
2024-02-11 15:24:16.153 [info] > git ls-files --stage -- /home/simgabrob/Bootcamp/Week 3/Day 1- DOM/Day 1- DOM/XP.js [4ms]
2024-02-11 15:24:18.543 [info] > git config --get commit.template [26ms]
2024-02-11 15:24:18.547 [info] > git for-each-ref --format=%(refname)%00%(upstream:short)%00%(objectname)%00%(upstream:track)%00%(upstream:remotename)%00%(upstream:remoteref) refs/heads/main refs/remotes/main [6ms]
2024-02-11 15:24:18.573 [info] > git status -z -uall [7ms]
2024-02-11 15:24:23.642 [info] > git config --get commit.template [24ms]
2024-02-11 15:24:23.644 [info] > git for-each-ref --format=%(refname)%00%(upstream:short)%00%(objectname)%00%(upstream:track)%00%(upstream:remotename)%00%(upstream:remoteref) refs/heads/main refs/remotes/main [5ms]
2024-02-11 15:24:23.658 [info] > git status -z -uall [5ms]
2024-02-11 15:24:28.712 [info] > git config --get commit.template [24ms]
2024-02-11 15:24:28.716 [info] > git for-each-ref --format=%(refname)%00%(upstream:short)%00%(objectname)%00%(upstream:track)%00%(upstream:remotename)%00%(upstream:remoteref) refs/heads/main refs/remotes/main [8ms]
2024-02-11 15:24:28.744 [info] > git status -z -uall [9ms]
2024-02-11 15:24:35.587 [info] > git show --textconv :Week 3/Day 1- DOM/Day 1- DOM/DC.html [23ms]
2024-02-11 15:24:35.592 [info] > git ls-files --stage -- /home/simgabrob/Bootcamp/Week 3/Day 1- DOM/Day 1- DOM/DC.html [8ms]
2024-02-11 15:24:35.811 [info] > git check-ignore -v -z --stdin [2ms]
2024-02-11 15:24:36.399 [info] > git config --get commit.template [17ms]
2024-02-11 15:24:36.400 [info] > git for-each-ref --format=%(refname)%00%(upstream:short)%00%(objectname)%00%(upstream:track)%00%(upstream:remotename)%00%(upstream:remoteref) refs/heads/main refs/remotes/main [3ms]
2024-02-11 15:24:36.415 [info] > git status -z -uall [4ms]
2024-02-11 15:24:40.976 [info] > git show --textconv :Week 3/Day 1- DOM/Day 1- DOM/DC.js [12ms]
2024-02-11 15:24:40.977 [info] > git ls-files --stage -- /home/simgabrob/Bootcamp/Week 3/Day 1- DOM/Day 1- DOM/DC.js [3ms]
2024-02-11 15:24:41.173 [info] > git check-ignore -v -z --stdin [4ms]
2024-02-11 15:24:41.718 [info] > git config --get commit.template [24ms]
2024-02-11 15:24:41.721 [info] > git for-each-ref --format=%(refname)%00%(upstream:short)%00%(objectname)%00%(upstream:track)%00%(upstream:remotename)%00%(upstream:remoteref) refs/heads/main refs/remotes/main [5ms]
2024-02-11 15:24:41.743 [info] > git status -z -uall [8ms]
2024-02-11 15:25:19.565 [info] > git show --textconv :Week 3/Day 1- DOM/Day 1- DOM/DC.html [15ms]
2024-02-11 15:25:19.574 [info] > git ls-files --stage -- /home/simgabrob/Bootcamp/Week 3/Day 1- DOM/Day 1- DOM/DC.html [10ms]
2024-02-11 15:27:30.569 [info] > git config --get commit.template [12ms]
2024-02-11 15:27:30.572 [info] > git for-each-ref --format=%(refname)%00%(upstream:short)%00%(objectname)%00%(upstream:track)%00%(upstream:remotename)%00%(upstream:remoteref) refs/heads/main refs/remotes/main [4ms]
2024-02-11 15:27:30.584 [info] > git status -z -uall [3ms]
2024-02-11 15:27:35.847 [info] > git config --get commit.template [46ms]
2024-02-11 15:27:35.909 [info] > git for-each-ref --format=%(refname)%00%(upstream:short)%00%(objectname)%00%(upstream:track)%00%(upstream:remotename)%00%(upstream:remoteref) refs/heads/main refs/remotes/main [8ms]
2024-02-11 15:27:35.952 [info] > git status -z -uall [22ms]
2024-02-11 15:27:43.700 [info] > git show --textconv :Week 3/Day 1- DOM/Day 1- DOM/DC.js [12ms]
2024-02-11 15:27:43.703 [info] > git ls-files --stage -- /home/simgabrob/Bootcamp/Week 3/Day 1- DOM/Day 1- DOM/DC.js [2ms]
2024-02-11 15:28:31.348 [info] > git config --get commit.template [21ms]
2024-02-11 15:28:31.352 [info] > git for-each-ref --format=%(refname)%00%(upstream:short)%00%(objectname)%00%(upstream:track)%00%(upstream:remotename)%00%(upstream:remoteref) refs/heads/main refs/remotes/main [6ms]
2024-02-11 15:28:31.368 [info] > git status -z -uall [6ms]
2024-02-11 15:29:15.225 [info] > git config --get commit.template [20ms]
2024-02-11 15:29:15.227 [info] > git for-each-ref --format=%(refname)%00%(upstream:short)%00%(objectname)%00%(upstream:track)%00%(upstream:remotename)%00%(upstream:remoteref) refs/heads/main refs/remotes/main [3ms]
2024-02-11 15:29:15.243 [info] > git status -z -uall [3ms]
2024-02-11 15:29:28.661 [info] > git config --get commit.template [13ms]
2024-02-11 15:29:28.662 [info] > git for-each-ref --format=%(refname)%00%(upstream:short)%00%(objectname)%00%(upstream:track)%00%(upstream:remotename)%00%(upstream:remoteref) refs/heads/main refs/remotes/main [2ms]
2024-02-11 15:29:28.677 [info] > git status -z -uall [4ms]
2024-02-11 15:29:33.739 [info] > git config --get commit.template [31ms]
2024-02-11 15:29:33.745 [info] > git for-each-ref --format=%(refname)%00%(upstream:short)%00%(objectname)%00%(upstream:track)%00%(upstream:remotename)%00%(upstream:remoteref) refs/heads/main refs/remotes/main [11ms]
2024-02-11 15:29:33.796 [info] > git status -z -uall [11ms]
2024-02-11 15:30:06.482 [info] > git config --get commit.template [19ms]
2024-02-11 15:30:06.484 [info] > git for-each-ref --format=%(refname)%00%(upstream:short)%00%(objectname)%00%(upstream:track)%00%(upstream:remotename)%00%(upstream:remoteref) refs/heads/main refs/remotes/main [2ms]
2024-02-11 15:30:06.501 [info] > git status -z -uall [0ms]
2024-02-11 15:32:44.133 [info] > git config --get commit.template [31ms]
2024-02-11 15:32:44.142 [info] > git for-each-ref --format=%(refname)%00%(upstream:short)%00%(objectname)%00%(upstream:track)%00%(upstream:remotename)%00%(upstream:remoteref) refs/heads/main refs/remotes/main [11ms]
2024-02-11 15:32:44.178 [info] > git status -z -uall [10ms]
2024-02-11 15:32:49.259 [info] > git config --get commit.template [31ms]
2024-02-11 15:32:49.262 [info] > git for-each-ref --format=%(refname)%00%(upstream:short)%00%(objectname)%00%(upstream:track)%00%(upstream:remotename)%00%(upstream:remoteref) refs/heads/main refs/remotes/main [6ms]
2024-02-11 15:32:49.306 [info] > git status -z -uall [9ms]
2024-02-11 15:33:01.281 [info] > git merge-base refs/heads/main refs/remotes/origin/main [3ms]
2024-02-11 15:33:01.297 [info] > git rev-list --count --left-right refs/heads/main...refs/remotes/origin/main [5ms]
2024-02-11 15:33:04.563 [info] > git add -A -- . [5ms]
2024-02-11 15:33:05.115 [info] > git show --textconv :.git/COMMIT_EDITMSG [34ms]
2024-02-11 15:33:05.123 [info] > git ls-files --stage -- /home/simgabrob/Bootcamp/.git/COMMIT_EDITMSG [11ms]
2024-02-11 15:33:05.391 [info] > git check-ignore -v -z --stdin [5ms]
2024-02-11 15:33:05.793 [info] > git ls-files --stage -- /home/simgabrob/Bootcamp/.git/COMMIT_EDITMSG [6ms]
2024-02-11 15:33:05.828 [info] > git show --textconv :.git/COMMIT_EDITMSG [4ms]
2024-02-11 15:33:27.726 [info] > git show --textconv :Week 3/Day 1- DOM/Day 1- DOM/DC.html [28ms]
2024-02-11 15:33:27.732 [info] > git ls-files --stage -- /home/simgabrob/Bootcamp/Week 3/Day 1- DOM/Day 1- DOM/DC.html [9ms]
2024-02-11 15:33:27.755 [info] > git cat-file -s 090b41fe1a638901dcdada48c4aa88e1a42799f6 [6ms]
