2024-02-29 14:22:18.109 [info] update#setState idle
2024-02-29 14:22:48.115 [info] update#setState checking for updates
2024-02-29 14:22:48.221 [info] update#setState idle
2024-03-03 14:12:58.544 [info] update#setState checking for updates
2024-03-03 14:13:07.261 [info] update#setState idle
2024-03-03 14:13:49.574 [info] Extension host with pid 10117 exited with code: 0, signal: unknown.
2024-03-03 15:48:04.375 [info] update#setState checking for updates
2024-03-03 15:48:12.613 [info] update#setState idle
2024-03-03 16:48:04.378 [info] update#setState checking for updates
2024-03-03 16:48:04.527 [info] update#setState idle
2024-03-03 17:22:50.466 [warning] No ptyHost heartbeat after 6 seconds
2024-03-04 02:08:37.708 [warning] No ptyHost heartbeat after 6 seconds
2024-03-04 02:08:37.708 [info] update#setState checking for updates
2024-03-04 02:08:59.996 [error] Error: net::ERR_NAME_NOT_RESOLVED
    at SimpleURLLoaderWrapper.<anonymous> (node:electron/js2c/browser_init:2:110219)
    at SimpleURLLoaderWrapper.emit (node:events:514:28)
2024-03-04 02:09:00.008 [info] update#setState idle
2024-03-04 10:26:52.576 [warning] No ptyHost heartbeat after 6 seconds
2024-03-04 10:26:52.576 [info] update#setState checking for updates
2024-03-04 10:26:53.394 [info] update#setState idle
2024-03-04 11:26:53.141 [info] update#setState checking for updates
2024-03-04 11:26:53.287 [info] update#setState idle
2024-03-04 11:52:20.098 [warning] No ptyHost heartbeat after 6 seconds
2024-03-04 12:08:48.788 [warning] No ptyHost heartbeat after 6 seconds
2024-03-04 12:26:52.917 [info] update#setState checking for updates
2024-03-04 12:26:53.073 [info] update#setState idle
2024-03-04 14:24:13.888 [warning] No ptyHost heartbeat after 6 seconds
2024-03-04 14:24:13.889 [info] update#setState checking for updates
2024-03-04 14:24:20.793 [info] update#setState idle
2024-03-07 10:19:21.293 [warning] No ptyHost heartbeat after 6 seconds
2024-03-07 10:19:24.421 [info] update#setState checking for updates
2024-03-07 10:19:36.002 [info] update#setState idle
