2024-02-15 14:39:41.337 [info] Log level: Info
2024-02-15 14:39:41.337 [info] Validating found git in: "git"
2024-02-15 14:39:41.337 [info] Using git "2.39.2" from "git"
2024-02-15 14:39:41.337 [info] > git rev-parse --show-toplevel [144ms]
2024-02-15 14:39:41.337 [info] > git rev-parse --git-dir --git-common-dir [17ms]
2024-02-15 14:39:41.337 [info] Open repository: /home/simgabrob/Bootcamp
2024-02-15 14:39:41.337 [info] > git config --get commit.template [35ms]
2024-02-15 14:39:41.337 [info] > git rev-parse --show-toplevel [52ms]
2024-02-15 14:39:41.337 [info] > git for-each-ref --format=%(refname)%00%(upstream:short)%00%(objectname)%00%(upstream:track)%00%(upstream:remotename)%00%(upstream:remoteref) refs/heads/main refs/remotes/main [45ms]
2024-02-15 14:39:41.337 [info] > git rev-parse --show-toplevel [35ms]
2024-02-15 14:39:41.337 [info] > git status -z -uall [54ms]
2024-02-15 14:39:41.337 [info] > git rev-parse --show-toplevel [96ms]
2024-02-15 14:39:41.337 [info] > git rev-parse --show-toplevel [125ms]
2024-02-15 14:39:41.337 [info] > git config --get commit.template [146ms]
2024-02-15 14:39:41.337 [info] > git rev-parse --show-toplevel [14ms]
2024-02-15 14:39:41.337 [info] > git rev-parse --show-toplevel [2ms]
2024-02-15 14:39:41.337 [info] > git for-each-ref --format=%(refname)%00%(upstream:short)%00%(objectname)%00%(upstream:track)%00%(upstream:remotename)%00%(upstream:remoteref) refs/heads/main refs/remotes/main [85ms]
2024-02-15 14:39:41.337 [info] > git rev-parse --show-toplevel [22ms]
2024-02-15 14:39:41.337 [info] > git rev-parse --show-toplevel [4ms]
2024-02-15 14:39:41.337 [info] > git status -z -uall [32ms]
2024-02-15 14:39:41.337 [info] > git rev-parse --show-toplevel [25ms]
2024-02-15 14:39:42.660 [info] > git check-ignore -v -z --stdin [8ms]
2024-02-15 14:39:42.784 [info] > git log --format=%H%n%aN%n%aE%n%at%n%ct%n%P%n%D%n%B -z -n120 -- /home/simgabrob/Bootcamp/Week 3/Day 4/XPproject.html/script.js [87ms]
2024-02-15 14:39:44.972 [info] > git check-ignore -v -z --stdin [1ms]
2024-02-15 14:39:45.421 [info] > git show --textconv :Week 3/Day 4/XPproject.html/script.js [13ms]
2024-02-15 14:39:45.437 [info] > git ls-files --stage -- /home/simgabrob/Bootcamp/Week 3/Day 4/XPproject.html/script.js [18ms]
2024-02-15 14:40:06.377 [info] > git config --get commit.template [16ms]
2024-02-15 14:40:06.382 [info] > git for-each-ref --format=%(refname)%00%(upstream:short)%00%(objectname)%00%(upstream:track)%00%(upstream:remotename)%00%(upstream:remoteref) refs/heads/main refs/remotes/main [5ms]
2024-02-15 14:40:06.407 [info] > git status -z -uall [7ms]
2024-02-15 14:40:11.429 [info] > git config --get commit.template [2ms]
2024-02-15 14:40:11.440 [info] > git for-each-ref --format=%(refname)%00%(upstream:short)%00%(objectname)%00%(upstream:track)%00%(upstream:remotename)%00%(upstream:remoteref) refs/heads/main refs/remotes/main [2ms]
2024-02-15 14:40:11.454 [info] > git status -z -uall [3ms]
2024-02-15 14:40:16.495 [info] > git config --get commit.template [15ms]
2024-02-15 14:40:16.496 [info] > git for-each-ref --format=%(refname)%00%(upstream:short)%00%(objectname)%00%(upstream:track)%00%(upstream:remotename)%00%(upstream:remoteref) refs/heads/main refs/remotes/main [3ms]
2024-02-15 14:40:16.513 [info] > git status -z -uall [4ms]
2024-02-15 14:40:21.073 [info] > git log --format=%H%n%aN%n%aE%n%at%n%ct%n%P%n%D%n%B -z -n120 -- /home/simgabrob/Bootcamp/Week 3/Day 4/XPproject.html/style.css [1ms]
2024-02-15 14:40:21.333 [info] > git show --textconv :Week 3/Day 4/XPproject.html/style.css [24ms]
2024-02-15 14:40:21.333 [info] > git ls-files --stage -- /home/simgabrob/Bootcamp/Week 3/Day 4/XPproject.html/style.css [1ms]
2024-02-15 14:40:21.562 [info] > git config --get commit.template [23ms]
2024-02-15 14:40:21.565 [info] > git for-each-ref --format=%(refname)%00%(upstream:short)%00%(objectname)%00%(upstream:track)%00%(upstream:remotename)%00%(upstream:remoteref) refs/heads/main refs/remotes/main [3ms]
2024-02-15 14:40:21.598 [info] > git status -z -uall [7ms]
2024-02-15 14:40:29.097 [info] > git config --get commit.template [27ms]
2024-02-15 14:40:29.100 [info] > git for-each-ref --format=%(refname)%00%(upstream:short)%00%(objectname)%00%(upstream:track)%00%(upstream:remotename)%00%(upstream:remoteref) refs/heads/main refs/remotes/main [7ms]
2024-02-15 14:40:29.130 [info] > git status -z -uall [10ms]
2024-02-15 14:40:38.577 [info] > git config --get commit.template [25ms]
2024-02-15 14:40:38.579 [info] > git for-each-ref --format=%(refname)%00%(upstream:short)%00%(objectname)%00%(upstream:track)%00%(upstream:remotename)%00%(upstream:remoteref) refs/heads/main refs/remotes/main [7ms]
2024-02-15 14:40:38.610 [info] > git status -z -uall [8ms]
2024-02-15 14:40:43.662 [info] > git config --get commit.template [8ms]
2024-02-15 14:40:43.700 [info] > git for-each-ref --format=%(refname)%00%(upstream:short)%00%(objectname)%00%(upstream:track)%00%(upstream:remotename)%00%(upstream:remoteref) refs/heads/main refs/remotes/main [8ms]
2024-02-15 14:40:43.732 [info] > git status -z -uall [8ms]
2024-02-15 14:40:49.024 [info] > git config --get commit.template [3ms]
2024-02-15 14:40:49.059 [info] > git for-each-ref --format=%(refname)%00%(upstream:short)%00%(objectname)%00%(upstream:track)%00%(upstream:remotename)%00%(upstream:remoteref) refs/heads/main refs/remotes/main [10ms]
2024-02-15 14:40:49.081 [info] > git status -z -uall [5ms]
2024-02-15 14:40:54.987 [info] > git config --get commit.template [28ms]
2024-02-15 14:40:54.989 [info] > git for-each-ref --format=%(refname)%00%(upstream:short)%00%(objectname)%00%(upstream:track)%00%(upstream:remotename)%00%(upstream:remoteref) refs/heads/main refs/remotes/main [3ms]
2024-02-15 14:40:55.029 [info] > git status -z -uall [28ms]
2024-02-15 14:41:01.738 [info] > git config --get commit.template [27ms]
2024-02-15 14:41:01.743 [info] > git for-each-ref --format=%(refname)%00%(upstream:short)%00%(objectname)%00%(upstream:track)%00%(upstream:remotename)%00%(upstream:remoteref) refs/heads/main refs/remotes/main [7ms]
2024-02-15 14:41:01.778 [info] > git status -z -uall [9ms]
2024-02-15 14:41:07.918 [info] > git for-each-ref --format=%(refname)%00%(upstream:short)%00%(objectname)%00%(upstream:track)%00%(upstream:remotename)%00%(upstream:remoteref) refs/heads/main refs/remotes/main [1ms]
2024-02-15 14:41:07.918 [info] > git config --get commit.template [10ms]
2024-02-15 14:41:07.929 [info] > git status -z -uall [2ms]
2024-02-15 14:41:09.575 [info] > git log --format=%H%n%aN%n%aE%n%at%n%ct%n%P%n%D%n%B -z -n120 -- /home/simgabrob/Bootcamp/Week 3/Day 4/XPproject.html/script.js [3ms]
2024-02-15 14:41:09.816 [info] > git show --textconv :Week 3/Day 4/XPproject.html/script.js [21ms]
2024-02-15 14:41:09.816 [info] > git ls-files --stage -- /home/simgabrob/Bootcamp/Week 3/Day 4/XPproject.html/script.js [11ms]
2024-02-15 14:41:27.477 [info] > git config --get commit.template [42ms]
2024-02-15 14:41:27.480 [info] > git for-each-ref --format=%(refname)%00%(upstream:short)%00%(objectname)%00%(upstream:track)%00%(upstream:remotename)%00%(upstream:remoteref) refs/heads/main refs/remotes/main [5ms]
2024-02-15 14:41:27.525 [info] > git status -z -uall [23ms]
2024-02-15 14:41:32.552 [info] > git config --get commit.template [8ms]
2024-02-15 14:41:32.556 [info] > git for-each-ref --format=%(refname)%00%(upstream:short)%00%(objectname)%00%(upstream:track)%00%(upstream:remotename)%00%(upstream:remoteref) refs/heads/main refs/remotes/main [4ms]
2024-02-15 14:41:32.566 [info] > git status -z -uall [4ms]
2024-02-15 14:41:40.784 [info] > git config --get commit.template [15ms]
2024-02-15 14:41:40.785 [info] > git for-each-ref --format=%(refname)%00%(upstream:short)%00%(objectname)%00%(upstream:track)%00%(upstream:remotename)%00%(upstream:remoteref) refs/heads/main refs/remotes/main [2ms]
2024-02-15 14:41:40.797 [info] > git status -z -uall [3ms]
2024-02-15 14:41:42.362 [info] > git log --format=%H%n%aN%n%aE%n%at%n%ct%n%P%n%D%n%B -z -n120 -- /home/simgabrob/Bootcamp/Week 3/Day 4/XPproject.html/XPproject.html [4ms]
2024-02-15 14:41:42.829 [info] > git show --textconv :Week 3/Day 4/XPproject.html/XPproject.html [33ms]
2024-02-15 14:41:42.832 [info] > git ls-files --stage -- /home/simgabrob/Bootcamp/Week 3/Day 4/XPproject.html/XPproject.html [4ms]
2024-02-15 14:41:55.546 [info] > git config --get commit.template [60ms]
2024-02-15 14:41:55.550 [info] > git for-each-ref --format=%(refname)%00%(upstream:short)%00%(objectname)%00%(upstream:track)%00%(upstream:remotename)%00%(upstream:remoteref) refs/heads/main refs/remotes/main [6ms]
2024-02-15 14:41:55.572 [info] > git status -z -uall [4ms]
2024-02-15 14:42:00.200 [info] > git log --format=%H%n%aN%n%aE%n%at%n%ct%n%P%n%D%n%B -z -n120 -- /home/simgabrob/Bootcamp/Week 3/Day 4/XPproject.html/style.css [3ms]
2024-02-15 14:42:00.411 [info] > git show --textconv :Week 3/Day 4/XPproject.html/style.css [10ms]
2024-02-15 14:42:00.412 [info] > git ls-files --stage -- /home/simgabrob/Bootcamp/Week 3/Day 4/XPproject.html/style.css [2ms]
2024-02-15 14:42:00.599 [info] > git config --get commit.template [9ms]
2024-02-15 14:42:00.601 [info] > git for-each-ref --format=%(refname)%00%(upstream:short)%00%(objectname)%00%(upstream:track)%00%(upstream:remotename)%00%(upstream:remoteref) refs/heads/main refs/remotes/main [1ms]
2024-02-15 14:42:00.616 [info] > git status -z -uall [2ms]
2024-02-15 14:42:04.298 [info] > git log --format=%H%n%aN%n%aE%n%at%n%ct%n%P%n%D%n%B -z -n120 -- /home/simgabrob/Bootcamp/Week 3/Day 4/XPproject.html/script.js [2ms]
2024-02-15 14:42:04.512 [info] > git show --textconv :Week 3/Day 4/XPproject.html/script.js [12ms]
2024-02-15 14:42:04.514 [info] > git ls-files --stage -- /home/simgabrob/Bootcamp/Week 3/Day 4/XPproject.html/script.js [2ms]
2024-02-15 14:42:10.565 [info] > git config --get commit.template [11ms]
2024-02-15 14:42:10.601 [info] > git for-each-ref --format=%(refname)%00%(upstream:short)%00%(objectname)%00%(upstream:track)%00%(upstream:remotename)%00%(upstream:remoteref) refs/heads/main refs/remotes/main [9ms]
2024-02-15 14:42:10.626 [info] > git status -z -uall [5ms]
2024-02-15 14:42:17.804 [info] > git config --get commit.template [7ms]
2024-02-15 14:42:17.828 [info] > git for-each-ref --format=%(refname)%00%(upstream:short)%00%(objectname)%00%(upstream:track)%00%(upstream:remotename)%00%(upstream:remoteref) refs/heads/main refs/remotes/main [6ms]
2024-02-15 14:42:17.855 [info] > git status -z -uall [4ms]
2024-02-15 14:42:22.926 [info] > git config --get commit.template [27ms]
2024-02-15 14:42:22.928 [info] > git for-each-ref --format=%(refname)%00%(upstream:short)%00%(objectname)%00%(upstream:track)%00%(upstream:remotename)%00%(upstream:remoteref) refs/heads/main refs/remotes/main [5ms]
2024-02-15 14:42:22.944 [info] > git status -z -uall [5ms]
2024-02-15 14:42:36.880 [info] > git config --get commit.template [22ms]
2024-02-15 14:42:36.883 [info] > git for-each-ref --format=%(refname)%00%(upstream:short)%00%(objectname)%00%(upstream:track)%00%(upstream:remotename)%00%(upstream:remoteref) refs/heads/main refs/remotes/main [5ms]
2024-02-15 14:42:36.896 [info] > git status -z -uall [3ms]
2024-02-15 14:43:38.500 [info] > git for-each-ref --format=%(refname)%00%(upstream:short)%00%(objectname)%00%(upstream:track)%00%(upstream:remotename)%00%(upstream:remoteref) refs/heads/main refs/remotes/main [1ms]
2024-02-15 14:43:38.500 [info] > git config --get commit.template [16ms]
2024-02-15 14:43:38.511 [info] > git status -z -uall [2ms]
2024-02-15 14:43:50.047 [info] > git config --get commit.template [13ms]
2024-02-15 14:43:50.047 [info] > git for-each-ref --format=%(refname)%00%(upstream:short)%00%(objectname)%00%(upstream:track)%00%(upstream:remotename)%00%(upstream:remoteref) refs/heads/main refs/remotes/main [2ms]
2024-02-15 14:43:50.059 [info] > git status -z -uall [2ms]
2024-02-15 14:44:04.521 [info] > git log --format=%H%n%aN%n%aE%n%at%n%ct%n%P%n%D%n%B -z -n120 -- /home/simgabrob/Bootcamp/Week 3/Day 4/XPproject.html/XPproject.html [4ms]
2024-02-15 14:44:04.827 [info] > git show --textconv :Week 3/Day 4/XPproject.html/XPproject.html [18ms]
2024-02-15 14:44:04.833 [info] > git ls-files --stage -- /home/simgabrob/Bootcamp/Week 3/Day 4/XPproject.html/XPproject.html [7ms]
2024-02-15 14:44:14.782 [info] > git log --format=%H%n%aN%n%aE%n%at%n%ct%n%P%n%D%n%B -z -n120 -- /home/simgabrob/Bootcamp/Week 3/Day 4/XPproject.html/script.js [3ms]
2024-02-15 14:44:15.043 [info] > git show --textconv :Week 3/Day 4/XPproject.html/script.js [26ms]
2024-02-15 14:44:15.044 [info] > git ls-files --stage -- /home/simgabrob/Bootcamp/Week 3/Day 4/XPproject.html/script.js [2ms]
2024-02-15 14:44:27.584 [info] > git config --get commit.template [18ms]
2024-02-15 14:44:27.586 [info] > git for-each-ref --format=%(refname)%00%(upstream:short)%00%(objectname)%00%(upstream:track)%00%(upstream:remotename)%00%(upstream:remoteref) refs/heads/main refs/remotes/main [3ms]
2024-02-15 14:44:27.600 [info] > git status -z -uall [4ms]
2024-02-15 14:44:32.620 [info] > git config --get commit.template [3ms]
2024-02-15 14:44:32.631 [info] > git for-each-ref --format=%(refname)%00%(upstream:short)%00%(objectname)%00%(upstream:track)%00%(upstream:remotename)%00%(upstream:remoteref) refs/heads/main refs/remotes/main [3ms]
2024-02-15 14:44:32.644 [info] > git status -z -uall [4ms]
2024-02-15 14:44:37.699 [info] > git config --get commit.template [23ms]
2024-02-15 14:44:37.701 [info] > git for-each-ref --format=%(refname)%00%(upstream:short)%00%(objectname)%00%(upstream:track)%00%(upstream:remotename)%00%(upstream:remoteref) refs/heads/main refs/remotes/main [4ms]
2024-02-15 14:44:37.714 [info] > git status -z -uall [3ms]
2024-02-15 14:45:25.366 [info] > git config --get commit.template [8ms]
2024-02-15 14:45:25.368 [info] > git for-each-ref --format=%(refname)%00%(upstream:short)%00%(objectname)%00%(upstream:track)%00%(upstream:remotename)%00%(upstream:remoteref) refs/heads/main refs/remotes/main [3ms]
2024-02-15 14:45:25.380 [info] > git status -z -uall [3ms]
2024-02-15 14:45:30.450 [info] > git config --get commit.template [30ms]
2024-02-15 14:45:30.464 [info] > git for-each-ref --format=%(refname)%00%(upstream:short)%00%(objectname)%00%(upstream:track)%00%(upstream:remotename)%00%(upstream:remoteref) refs/heads/main refs/remotes/main [17ms]
2024-02-15 14:45:30.499 [info] > git status -z -uall [4ms]
2024-02-15 14:45:35.548 [info] > git config --get commit.template [15ms]
2024-02-15 14:45:35.588 [info] > git for-each-ref --format=%(refname)%00%(upstream:short)%00%(objectname)%00%(upstream:track)%00%(upstream:remotename)%00%(upstream:remoteref) refs/heads/main refs/remotes/main [8ms]
2024-02-15 14:45:35.610 [info] > git status -z -uall [6ms]
2024-02-15 14:45:43.789 [info] > git config --get commit.template [14ms]
2024-02-15 14:45:43.789 [info] > git for-each-ref --format=%(refname)%00%(upstream:short)%00%(objectname)%00%(upstream:track)%00%(upstream:remotename)%00%(upstream:remoteref) refs/heads/main refs/remotes/main [1ms]
2024-02-15 14:45:43.808 [info] > git status -z -uall [3ms]
2024-02-15 14:45:51.024 [info] > git config --get commit.template [5ms]
2024-02-15 14:45:51.036 [info] > git for-each-ref --format=%(refname)%00%(upstream:short)%00%(objectname)%00%(upstream:track)%00%(upstream:remotename)%00%(upstream:remoteref) refs/heads/main refs/remotes/main [2ms]
2024-02-15 14:45:51.053 [info] > git status -z -uall [2ms]
2024-02-15 14:46:12.760 [info] > git config --get commit.template [15ms]
2024-02-15 14:46:12.761 [info] > git for-each-ref --format=%(refname)%00%(upstream:short)%00%(objectname)%00%(upstream:track)%00%(upstream:remotename)%00%(upstream:remoteref) refs/heads/main refs/remotes/main [3ms]
2024-02-15 14:46:12.774 [info] > git status -z -uall [3ms]
2024-02-15 14:48:05.216 [info] > git config --get commit.template [23ms]
2024-02-15 14:48:05.220 [info] > git for-each-ref --format=%(refname)%00%(upstream:short)%00%(objectname)%00%(upstream:track)%00%(upstream:remotename)%00%(upstream:remoteref) refs/heads/main refs/remotes/main [5ms]
2024-02-15 14:48:05.247 [info] > git status -z -uall [8ms]
2024-02-15 14:48:11.631 [info] > git config --get commit.template [8ms]
2024-02-15 14:48:11.633 [info] > git for-each-ref --format=%(refname)%00%(upstream:short)%00%(objectname)%00%(upstream:track)%00%(upstream:remotename)%00%(upstream:remoteref) refs/heads/main refs/remotes/main [2ms]
2024-02-15 14:48:11.642 [info] > git status -z -uall [2ms]
2024-02-15 14:48:16.719 [info] > git config --get commit.template [36ms]
2024-02-15 14:48:16.725 [info] > git for-each-ref --format=%(refname)%00%(upstream:short)%00%(objectname)%00%(upstream:track)%00%(upstream:remotename)%00%(upstream:remoteref) refs/heads/main refs/remotes/main [9ms]
2024-02-15 14:48:16.751 [info] > git status -z -uall [7ms]
2024-02-15 14:48:21.842 [info] > git config --get commit.template [44ms]
2024-02-15 14:48:21.844 [info] > git for-each-ref --format=%(refname)%00%(upstream:short)%00%(objectname)%00%(upstream:track)%00%(upstream:remotename)%00%(upstream:remoteref) refs/heads/main refs/remotes/main [4ms]
2024-02-15 14:48:21.860 [info] > git status -z -uall [4ms]
2024-02-15 14:48:55.215 [info] > git for-each-ref --format=%(refname)%00%(upstream:short)%00%(objectname)%00%(upstream:track)%00%(upstream:remotename)%00%(upstream:remoteref) refs/heads/main refs/remotes/main [1ms]
2024-02-15 14:48:55.215 [info] > git config --get commit.template [27ms]
2024-02-15 14:48:55.231 [info] > git status -z -uall [2ms]
2024-02-15 14:49:00.798 [info] > git config --get commit.template [2ms]
2024-02-15 14:49:00.812 [info] > git for-each-ref --format=%(refname)%00%(upstream:short)%00%(objectname)%00%(upstream:track)%00%(upstream:remotename)%00%(upstream:remoteref) refs/heads/main refs/remotes/main [3ms]
2024-02-15 14:49:00.826 [info] > git status -z -uall [2ms]
2024-02-15 14:49:13.098 [info] > git config --get commit.template [9ms]
2024-02-15 14:49:13.098 [info] > git for-each-ref --format=%(refname)%00%(upstream:short)%00%(objectname)%00%(upstream:track)%00%(upstream:remotename)%00%(upstream:remoteref) refs/heads/main refs/remotes/main [2ms]
2024-02-15 14:49:13.109 [info] > git status -z -uall [3ms]
2024-02-15 14:49:25.896 [info] > git config --get commit.template [2ms]
2024-02-15 14:49:25.905 [info] > git for-each-ref --format=%(refname)%00%(upstream:short)%00%(objectname)%00%(upstream:track)%00%(upstream:remotename)%00%(upstream:remoteref) refs/heads/main refs/remotes/main [2ms]
2024-02-15 14:49:25.915 [info] > git status -z -uall [3ms]
2024-02-15 14:50:17.397 [info] > git config --get commit.template [16ms]
2024-02-15 14:50:17.399 [info] > git for-each-ref --format=%(refname)%00%(upstream:short)%00%(objectname)%00%(upstream:track)%00%(upstream:remotename)%00%(upstream:remoteref) refs/heads/main refs/remotes/main [5ms]
2024-02-15 14:50:17.422 [info] > git status -z -uall [6ms]
2024-02-15 14:50:22.449 [info] > git config --get commit.template [10ms]
2024-02-15 14:50:22.450 [info] > git for-each-ref --format=%(refname)%00%(upstream:short)%00%(objectname)%00%(upstream:track)%00%(upstream:remotename)%00%(upstream:remoteref) refs/heads/main refs/remotes/main [2ms]
2024-02-15 14:50:22.461 [info] > git status -z -uall [3ms]
2024-02-15 14:50:42.199 [info] > git config --get commit.template [22ms]
2024-02-15 14:50:42.203 [info] > git for-each-ref --format=%(refname)%00%(upstream:short)%00%(objectname)%00%(upstream:track)%00%(upstream:remotename)%00%(upstream:remoteref) refs/heads/main refs/remotes/main [7ms]
2024-02-15 14:50:42.230 [info] > git status -z -uall [7ms]
2024-02-15 14:50:47.268 [info] > git config --get commit.template [8ms]
2024-02-15 14:50:47.269 [info] > git for-each-ref --format=%(refname)%00%(upstream:short)%00%(objectname)%00%(upstream:track)%00%(upstream:remotename)%00%(upstream:remoteref) refs/heads/main refs/remotes/main [1ms]
2024-02-15 14:50:47.281 [info] > git status -z -uall [3ms]
2024-02-15 14:50:52.339 [info] > git config --get commit.template [24ms]
2024-02-15 14:50:52.341 [info] > git for-each-ref --format=%(refname)%00%(upstream:short)%00%(objectname)%00%(upstream:track)%00%(upstream:remotename)%00%(upstream:remoteref) refs/heads/main refs/remotes/main [5ms]
2024-02-15 14:50:52.360 [info] > git status -z -uall [4ms]
2024-02-15 14:51:15.603 [info] > git config --get commit.template [25ms]
2024-02-15 14:51:15.607 [info] > git for-each-ref --format=%(refname)%00%(upstream:short)%00%(objectname)%00%(upstream:track)%00%(upstream:remotename)%00%(upstream:remoteref) refs/heads/main refs/remotes/main [8ms]
2024-02-15 14:51:15.638 [info] > git status -z -uall [8ms]
2024-02-15 14:51:20.693 [info] > git config --get commit.template [14ms]
2024-02-15 14:51:20.694 [info] > git for-each-ref --format=%(refname)%00%(upstream:short)%00%(objectname)%00%(upstream:track)%00%(upstream:remotename)%00%(upstream:remoteref) refs/heads/main refs/remotes/main [2ms]
2024-02-15 14:51:20.703 [info] > git status -z -uall [2ms]
2024-02-15 14:51:47.658 [info] > git config --get commit.template [8ms]
2024-02-15 14:51:47.659 [info] > git for-each-ref --format=%(refname)%00%(upstream:short)%00%(objectname)%00%(upstream:track)%00%(upstream:remotename)%00%(upstream:remoteref) refs/heads/main refs/remotes/main [2ms]
2024-02-15 14:51:47.671 [info] > git status -z -uall [4ms]
2024-02-15 14:51:52.696 [info] > git config --get commit.template [7ms]
2024-02-15 14:51:52.697 [info] > git for-each-ref --format=%(refname)%00%(upstream:short)%00%(objectname)%00%(upstream:track)%00%(upstream:remotename)%00%(upstream:remoteref) refs/heads/main refs/remotes/main [1ms]
2024-02-15 14:51:52.706 [info] > git status -z -uall [2ms]
2024-02-15 14:51:59.169 [info] > git config --get commit.template [26ms]
2024-02-15 14:51:59.170 [info] > git for-each-ref --format=%(refname)%00%(upstream:short)%00%(objectname)%00%(upstream:track)%00%(upstream:remotename)%00%(upstream:remoteref) refs/heads/main refs/remotes/main [2ms]
2024-02-15 14:51:59.188 [info] > git status -z -uall [2ms]
2024-02-15 14:52:22.769 [info] > git config --get commit.template [27ms]
2024-02-15 14:52:22.772 [info] > git for-each-ref --format=%(refname)%00%(upstream:short)%00%(objectname)%00%(upstream:track)%00%(upstream:remotename)%00%(upstream:remoteref) refs/heads/main refs/remotes/main [6ms]
2024-02-15 14:52:22.806 [info] > git status -z -uall [8ms]
2024-02-15 14:52:27.839 [info] > git config --get commit.template [10ms]
2024-02-15 14:52:27.840 [info] > git for-each-ref --format=%(refname)%00%(upstream:short)%00%(objectname)%00%(upstream:track)%00%(upstream:remotename)%00%(upstream:remoteref) refs/heads/main refs/remotes/main [1ms]
2024-02-15 14:52:27.851 [info] > git status -z -uall [3ms]
2024-02-15 14:52:42.288 [info] > git config --get commit.template [2ms]
2024-02-15 14:52:42.301 [info] > git for-each-ref --format=%(refname)%00%(upstream:short)%00%(objectname)%00%(upstream:track)%00%(upstream:remotename)%00%(upstream:remoteref) refs/heads/main refs/remotes/main [2ms]
2024-02-15 14:52:42.329 [info] > git status -z -uall [6ms]
2024-02-15 14:52:47.357 [info] > git config --get commit.template [6ms]
2024-02-15 14:52:47.375 [info] > git for-each-ref --format=%(refname)%00%(upstream:short)%00%(objectname)%00%(upstream:track)%00%(upstream:remotename)%00%(upstream:remoteref) refs/heads/main refs/remotes/main [4ms]
2024-02-15 14:52:47.392 [info] > git status -z -uall [4ms]
2024-02-15 14:52:52.440 [info] > git config --get commit.template [15ms]
2024-02-15 14:52:52.441 [info] > git for-each-ref --format=%(refname)%00%(upstream:short)%00%(objectname)%00%(upstream:track)%00%(upstream:remotename)%00%(upstream:remoteref) refs/heads/main refs/remotes/main [3ms]
2024-02-15 14:52:52.452 [info] > git status -z -uall [3ms]
2024-02-15 14:53:23.977 [info] > git for-each-ref --format=%(refname)%00%(upstream:short)%00%(objectname)%00%(upstream:track)%00%(upstream:remotename)%00%(upstream:remoteref) refs/heads/main refs/remotes/main [3ms]
2024-02-15 14:53:23.978 [info] > git config --get commit.template [27ms]
2024-02-15 14:53:24.008 [info] > git status -z -uall [4ms]
2024-02-15 14:54:50.216 [info] > git config --get commit.template [10ms]
2024-02-15 14:54:50.217 [info] > git for-each-ref --format=%(refname)%00%(upstream:short)%00%(objectname)%00%(upstream:track)%00%(upstream:remotename)%00%(upstream:remoteref) refs/heads/main refs/remotes/main [2ms]
2024-02-15 14:54:50.231 [info] > git status -z -uall [3ms]
2024-02-15 14:54:55.276 [info] > git config --get commit.template [16ms]
2024-02-15 14:54:55.277 [info] > git for-each-ref --format=%(refname)%00%(upstream:short)%00%(objectname)%00%(upstream:track)%00%(upstream:remotename)%00%(upstream:remoteref) refs/heads/main refs/remotes/main [2ms]
2024-02-15 14:54:55.288 [info] > git status -z -uall [2ms]
2024-02-15 14:58:17.753 [info] > git config --get commit.template [25ms]
2024-02-15 14:58:17.755 [info] > git for-each-ref --format=%(refname)%00%(upstream:short)%00%(objectname)%00%(upstream:track)%00%(upstream:remotename)%00%(upstream:remoteref) refs/heads/main refs/remotes/main [2ms]
2024-02-15 14:58:17.772 [info] > git status -z -uall [4ms]
2024-02-15 14:58:23.158 [info] > git config --get commit.template [12ms]
2024-02-15 14:58:23.159 [info] > git for-each-ref --format=%(refname)%00%(upstream:short)%00%(objectname)%00%(upstream:track)%00%(upstream:remotename)%00%(upstream:remoteref) refs/heads/main refs/remotes/main [2ms]
2024-02-15 14:58:23.170 [info] > git status -z -uall [3ms]
2024-02-15 14:58:48.808 [info] > git config --get commit.template [11ms]
2024-02-15 14:58:48.809 [info] > git for-each-ref --format=%(refname)%00%(upstream:short)%00%(objectname)%00%(upstream:track)%00%(upstream:remotename)%00%(upstream:remoteref) refs/heads/main refs/remotes/main [2ms]
2024-02-15 14:58:48.822 [info] > git status -z -uall [0ms]
2024-02-15 14:58:54.877 [info] > git config --get commit.template [11ms]
2024-02-15 14:58:54.878 [info] > git for-each-ref --format=%(refname)%00%(upstream:short)%00%(objectname)%00%(upstream:track)%00%(upstream:remotename)%00%(upstream:remoteref) refs/heads/main refs/remotes/main [2ms]
2024-02-15 14:58:54.889 [info] > git status -z -uall [2ms]
2024-02-15 14:59:08.170 [info] > git for-each-ref --format=%(refname)%00%(upstream:short)%00%(objectname)%00%(upstream:track)%00%(upstream:remotename)%00%(upstream:remoteref) refs/heads/main refs/remotes/main [11ms]
2024-02-15 14:59:08.170 [info] > git config --get commit.template [1ms]
2024-02-15 14:59:08.183 [info] > git status -z -uall [2ms]
2024-02-15 14:59:14.246 [info] > git config --get commit.template [5ms]
2024-02-15 14:59:14.259 [info] > git for-each-ref --format=%(refname)%00%(upstream:short)%00%(objectname)%00%(upstream:track)%00%(upstream:remotename)%00%(upstream:remoteref) refs/heads/main refs/remotes/main [3ms]
2024-02-15 14:59:14.274 [info] > git status -z -uall [3ms]
2024-02-15 14:59:19.322 [info] > git config --get commit.template [18ms]
2024-02-15 14:59:19.326 [info] > git for-each-ref --format=%(refname)%00%(upstream:short)%00%(objectname)%00%(upstream:track)%00%(upstream:remotename)%00%(upstream:remoteref) refs/heads/main refs/remotes/main [6ms]
2024-02-15 14:59:19.353 [info] > git status -z -uall [13ms]
2024-02-15 14:59:24.415 [info] > git config --get commit.template [17ms]
2024-02-15 14:59:24.416 [info] > git for-each-ref --format=%(refname)%00%(upstream:short)%00%(objectname)%00%(upstream:track)%00%(upstream:remotename)%00%(upstream:remoteref) refs/heads/main refs/remotes/main [2ms]
2024-02-15 14:59:24.427 [info] > git status -z -uall [3ms]
2024-02-15 14:59:31.038 [info] > git config --get commit.template [12ms]
2024-02-15 14:59:31.038 [info] > git for-each-ref --format=%(refname)%00%(upstream:short)%00%(objectname)%00%(upstream:track)%00%(upstream:remotename)%00%(upstream:remoteref) refs/heads/main refs/remotes/main [1ms]
2024-02-15 14:59:31.051 [info] > git status -z -uall [0ms]
2024-02-15 14:59:36.099 [info] > git config --get commit.template [21ms]
2024-02-15 14:59:36.104 [info] > git for-each-ref --format=%(refname)%00%(upstream:short)%00%(objectname)%00%(upstream:track)%00%(upstream:remotename)%00%(upstream:remoteref) refs/heads/main refs/remotes/main [7ms]
2024-02-15 14:59:36.133 [info] > git status -z -uall [7ms]
2024-02-15 14:59:48.158 [info] > git config --get commit.template [1ms]
2024-02-15 14:59:48.173 [info] > git for-each-ref --format=%(refname)%00%(upstream:short)%00%(objectname)%00%(upstream:track)%00%(upstream:remotename)%00%(upstream:remoteref) refs/heads/main refs/remotes/main [1ms]
2024-02-15 14:59:48.187 [info] > git status -z -uall [1ms]
2024-02-15 15:00:00.261 [info] > git config --get commit.template [7ms]
2024-02-15 15:00:00.281 [info] > git for-each-ref --format=%(refname)%00%(upstream:short)%00%(objectname)%00%(upstream:track)%00%(upstream:remotename)%00%(upstream:remoteref) refs/heads/main refs/remotes/main [10ms]
2024-02-15 15:00:00.305 [info] > git status -z -uall [3ms]
2024-02-15 15:01:10.763 [info] > git merge-base refs/heads/main refs/remotes/origin/main [3ms]
2024-02-15 15:01:10.782 [info] > git rev-list --count --left-right refs/heads/main...refs/remotes/origin/main [0ms]
2024-02-15 15:01:11.238 [info] > git check-ignore -v -z --stdin [3ms]
2024-02-15 15:01:13.934 [info] > git add -A -- . [10ms]
2024-02-15 15:01:13.990 [info] > git -c user.useConfigOnly=true commit --quiet --allow-empty-message --file - [47ms]
2024-02-15 15:01:14.000 [info] > git config --get commit.template [2ms]
2024-02-15 15:01:14.023 [info] > git config --get commit.template [13ms]
2024-02-15 15:01:14.025 [info] > git for-each-ref --format=%(refname)%00%(upstream:short)%00%(objectname)%00%(upstream:track)%00%(upstream:remotename)%00%(upstream:remoteref) refs/heads/main refs/remotes/main [5ms]
2024-02-15 15:01:14.036 [info] > git status -z -uall [2ms]
2024-02-15 15:01:14.113 [info] > git config --get commit.template [3ms]
2024-02-15 15:01:14.113 [info] > git merge-base refs/heads/main refs/remotes/origin/main [13ms]
2024-02-15 15:01:14.133 [info] > git rev-list --count --left-right refs/heads/main...refs/remotes/origin/main [11ms]
2024-02-15 15:01:14.137 [info] > git for-each-ref --format=%(refname)%00%(upstream:short)%00%(objectname)%00%(upstream:track)%00%(upstream:remotename)%00%(upstream:remoteref) refs/heads/main refs/remotes/main [5ms]
2024-02-15 15:01:14.159 [info] > git status -z -uall [7ms]
2024-02-15 15:01:15.670 [info] > git log --oneline --cherry main...main@{upstream} -- [8ms]
2024-02-15 15:01:16.397 [info] > git pull --tags origin main [707ms]
2024-02-15 15:01:16.397 [info] From https://github.com/simongrobbins/DIbootcamp
 * branch            main       -> FETCH_HEAD
2024-02-15 15:01:18.172 [info] > git push origin main:main [1743ms]
2024-02-15 15:01:18.172 [info] To https://github.com/simongrobbins/DIbootcamp.git
   9911b49..127a472  main -> main
2024-02-15 15:01:18.208 [info] > git config --get commit.template [17ms]
2024-02-15 15:01:18.211 [info] > git for-each-ref --format=%(refname)%00%(upstream:short)%00%(objectname)%00%(upstream:track)%00%(upstream:remotename)%00%(upstream:remoteref) refs/heads/main refs/remotes/main [5ms]
2024-02-15 15:01:18.236 [info] > git status -z -uall [8ms]
2024-02-15 15:01:18.311 [info] > git merge-base refs/heads/main refs/remotes/origin/main [5ms]
2024-02-15 15:01:18.327 [info] > git rev-list --count --left-right refs/heads/main...refs/remotes/origin/main [3ms]
2024-02-15 16:18:00.707 [info] > git config --get commit.template [26ms]
2024-02-15 16:18:00.712 [info] > git ls-files --stage -- /home/simgabrob/Bootcamp/Week 3/Day 4/XPproject.html/script.js [6ms]
2024-02-15 16:18:00.800 [info] > git cat-file -s d52787ed6ede541e0d3a571ee5099d6722fb3fe1 [23ms]
2024-02-15 16:18:00.807 [info] > git for-each-ref --format=%(refname)%00%(upstream:short)%00%(objectname)%00%(upstream:track)%00%(upstream:remotename)%00%(upstream:remoteref) refs/heads/main refs/remotes/main [10ms]
2024-02-15 16:18:00.828 [info] > git show --textconv :Week 3/Day 4/XPproject.html/script.js [0ms]
2024-02-15 16:18:00.884 [info] > git status -z -uall [19ms]
2024-02-15 16:18:05.911 [info] > git config --get commit.template [9ms]
2024-02-15 16:18:05.912 [info] > git for-each-ref --format=%(refname)%00%(upstream:short)%00%(objectname)%00%(upstream:track)%00%(upstream:remotename)%00%(upstream:remoteref) refs/heads/main refs/remotes/main [2ms]
2024-02-15 16:18:05.925 [info] > git status -z -uall [2ms]
2024-02-15 16:26:27.433 [info] > git log --format=%H%n%aN%n%aE%n%at%n%ct%n%P%n%D%n%B -z -n120 -- /home/simgabrob/Bootcamp/Week 3/Day 4/XPproject.html/script.js [4ms]
2024-02-15 16:26:29.116 [info] > git log --format=%H%n%aN%n%aE%n%at%n%ct%n%P%n%D%n%B -z -n120 -- /home/simgabrob/Bootcamp/Week 3/Day 4/XPproject.html/style.css [10ms]
2024-02-15 16:26:29.314 [info] > git show --textconv :Week 3/Day 4/XPproject.html/style.css [8ms]
2024-02-15 16:26:29.316 [info] > git ls-files --stage -- /home/simgabrob/Bootcamp/Week 3/Day 4/XPproject.html/style.css [2ms]
2024-02-15 16:26:29.325 [info] > git cat-file -s 0fd4813bccce533148d028d6f3144b962f3e84c5 [2ms]
2024-02-15 16:27:18.893 [info] > git config --get commit.template [2ms]
2024-02-15 16:27:18.920 [info] > git for-each-ref --format=%(refname)%00%(upstream:short)%00%(objectname)%00%(upstream:track)%00%(upstream:remotename)%00%(upstream:remoteref) refs/heads/main refs/remotes/main [3ms]
2024-02-15 16:27:18.938 [info] > git status -z -uall [6ms]
2024-02-15 16:28:22.969 [info] > git show --textconv :Week 3/Day 4/XPproject.html/script.js [10ms]
2024-02-15 16:28:22.971 [info] > git ls-files --stage -- /home/simgabrob/Bootcamp/Week 3/Day 4/XPproject.html/script.js [2ms]
2024-02-15 16:28:22.999 [info] > git cat-file -s d52787ed6ede541e0d3a571ee5099d6722fb3fe1 [12ms]
2024-02-15 16:28:39.098 [info] > git config --get commit.template [2ms]
2024-02-15 16:28:39.132 [info] > git for-each-ref --format=%(refname)%00%(upstream:short)%00%(objectname)%00%(upstream:track)%00%(upstream:remotename)%00%(upstream:remoteref) refs/heads/main refs/remotes/main [12ms]
2024-02-15 16:28:39.176 [info] > git status -z -uall [10ms]
2024-02-15 16:28:45.686 [info] > git config --get commit.template [2ms]
2024-02-15 16:28:45.701 [info] > git for-each-ref --format=%(refname)%00%(upstream:short)%00%(objectname)%00%(upstream:track)%00%(upstream:remotename)%00%(upstream:remoteref) refs/heads/main refs/remotes/main [3ms]
2024-02-15 16:28:45.716 [info] > git status -z -uall [2ms]
2024-02-15 16:29:00.157 [info] > git config --get commit.template [9ms]
2024-02-15 16:29:00.158 [info] > git for-each-ref --format=%(refname)%00%(upstream:short)%00%(objectname)%00%(upstream:track)%00%(upstream:remotename)%00%(upstream:remoteref) refs/heads/main refs/remotes/main [2ms]
2024-02-15 16:29:00.172 [info] > git status -z -uall [2ms]
2024-02-15 16:29:05.197 [info] > git config --get commit.template [13ms]
2024-02-15 16:29:05.197 [info] > git for-each-ref --format=%(refname)%00%(upstream:short)%00%(objectname)%00%(upstream:track)%00%(upstream:remotename)%00%(upstream:remoteref) refs/heads/main refs/remotes/main [1ms]
2024-02-15 16:29:05.208 [info] > git status -z -uall [3ms]
2024-02-15 16:29:10.247 [info] > git config --get commit.template [15ms]
2024-02-15 16:29:10.248 [info] > git for-each-ref --format=%(refname)%00%(upstream:short)%00%(objectname)%00%(upstream:track)%00%(upstream:remotename)%00%(upstream:remoteref) refs/heads/main refs/remotes/main [2ms]
2024-02-15 16:29:10.262 [info] > git status -z -uall [2ms]
2024-02-15 16:29:14.488 [info] > git log --format=%H%n%aN%n%aE%n%at%n%ct%n%P%n%D%n%B -z -n120 -- /home/simgabrob/Bootcamp/Week 3/Day 4/XPproject.html/script.js [3ms]
2024-02-15 16:29:29.440 [info] > git log --format=%H%n%aN%n%aE%n%at%n%ct%n%P%n%D%n%B -z -n120 -- /home/simgabrob/Bootcamp/Week 3/Day 4/XPproject.html/style.css [4ms]
2024-02-15 16:29:29.656 [info] > git show --textconv :Week 3/Day 4/XPproject.html/style.css [13ms]
2024-02-15 16:29:29.658 [info] > git ls-files --stage -- /home/simgabrob/Bootcamp/Week 3/Day 4/XPproject.html/style.css [3ms]
2024-02-15 16:29:29.669 [info] > git cat-file -s 0fd4813bccce533148d028d6f3144b962f3e84c5 [2ms]
2024-02-15 16:29:46.194 [info] > git log --format=%H%n%aN%n%aE%n%at%n%ct%n%P%n%D%n%B -z -n120 -- /home/simgabrob/Bootcamp/Week 3/Day 4/XPproject.html/script.js [13ms]
2024-02-15 16:29:46.415 [info] > git show --textconv :Week 3/Day 4/XPproject.html/script.js [15ms]
2024-02-15 16:29:46.423 [info] > git ls-files --stage -- /home/simgabrob/Bootcamp/Week 3/Day 4/XPproject.html/script.js [8ms]
2024-02-15 16:29:46.441 [info] > git cat-file -s d52787ed6ede541e0d3a571ee5099d6722fb3fe1 [2ms]
2024-02-15 16:29:52.506 [info] > git log --format=%H%n%aN%n%aE%n%at%n%ct%n%P%n%D%n%B -z -n120 -- /home/simgabrob/Bootcamp/Week 3/Day 4/XPproject.html/XPproject.html [4ms]
2024-02-15 16:29:52.772 [info] > git show --textconv :Week 3/Day 4/XPproject.html/XPproject.html [22ms]
2024-02-15 16:29:52.774 [info] > git ls-files --stage -- /home/simgabrob/Bootcamp/Week 3/Day 4/XPproject.html/XPproject.html [4ms]
2024-02-15 16:29:52.799 [info] > git cat-file -s 112e585aa1e63946cd5ade4b34c2875e49b98f63 [5ms]
2024-02-15 16:30:13.249 [info] > git log --format=%H%n%aN%n%aE%n%at%n%ct%n%P%n%D%n%B -z -n120 -- /home/simgabrob/Bootcamp/Week 3/Day 4/XPproject.html/style.css [3ms]
2024-02-15 16:30:13.450 [info] > git show --textconv :Week 3/Day 4/XPproject.html/style.css [11ms]
2024-02-15 16:30:13.452 [info] > git ls-files --stage -- /home/simgabrob/Bootcamp/Week 3/Day 4/XPproject.html/style.css [3ms]
2024-02-15 16:30:13.463 [info] > git cat-file -s 0fd4813bccce533148d028d6f3144b962f3e84c5 [1ms]
2024-02-15 16:30:51.429 [info] > git log --format=%H%n%aN%n%aE%n%at%n%ct%n%P%n%D%n%B -z -n120 -- /home/simgabrob/Bootcamp/Week 3/Day 4/XPproject.html/script.js [5ms]
2024-02-15 16:30:51.670 [info] > git show --textconv :Week 3/Day 4/XPproject.html/script.js [17ms]
2024-02-15 16:30:51.672 [info] > git ls-files --stage -- /home/simgabrob/Bootcamp/Week 3/Day 4/XPproject.html/script.js [4ms]
2024-02-15 16:30:51.720 [info] > git cat-file -s d52787ed6ede541e0d3a571ee5099d6722fb3fe1 [24ms]
2024-02-15 16:30:54.568 [info] > git log --format=%H%n%aN%n%aE%n%at%n%ct%n%P%n%D%n%B -z -n120 -- /home/simgabrob/Bootcamp/Week 3/Day 4/XPproject.html/XPproject.html [7ms]
2024-02-15 16:30:54.803 [info] > git show --textconv :Week 3/Day 4/XPproject.html/XPproject.html [18ms]
2024-02-15 16:30:54.803 [info] > git ls-files --stage -- /home/simgabrob/Bootcamp/Week 3/Day 4/XPproject.html/XPproject.html [2ms]
2024-02-15 16:30:54.817 [info] > git cat-file -s 112e585aa1e63946cd5ade4b34c2875e49b98f63 [3ms]
2024-02-15 16:31:07.745 [info] > git config --get commit.template [51ms]
2024-02-15 16:31:07.748 [info] > git for-each-ref --format=%(refname)%00%(upstream:short)%00%(objectname)%00%(upstream:track)%00%(upstream:remotename)%00%(upstream:remoteref) refs/heads/main refs/remotes/main [14ms]
2024-02-15 16:31:07.771 [info] > git status -z -uall [5ms]
2024-02-15 16:31:25.254 [info] > git config --get commit.template [16ms]
2024-02-15 16:31:25.256 [info] > git for-each-ref --format=%(refname)%00%(upstream:short)%00%(objectname)%00%(upstream:track)%00%(upstream:remotename)%00%(upstream:remoteref) refs/heads/main refs/remotes/main [5ms]
2024-02-15 16:31:25.268 [info] > git status -z -uall [3ms]
2024-02-15 16:31:39.453 [info] > git log --format=%H%n%aN%n%aE%n%at%n%ct%n%P%n%D%n%B -z -n120 -- /home/simgabrob/Bootcamp/Week 3/Day 4/XPproject.html/script.js [4ms]
2024-02-15 16:31:39.679 [info] > git show --textconv :Week 3/Day 4/XPproject.html/script.js [13ms]
2024-02-15 16:31:39.683 [info] > git ls-files --stage -- /home/simgabrob/Bootcamp/Week 3/Day 4/XPproject.html/script.js [5ms]
2024-02-15 16:31:39.702 [info] > git cat-file -s d52787ed6ede541e0d3a571ee5099d6722fb3fe1 [1ms]
2024-02-15 16:31:47.436 [info] > git for-each-ref --format=%(refname)%00%(upstream:short)%00%(objectname)%00%(upstream:track)%00%(upstream:remotename)%00%(upstream:remoteref) refs/heads/main refs/remotes/main [1ms]
2024-02-15 16:31:47.436 [info] > git config --get commit.template [19ms]
2024-02-15 16:31:47.450 [info] > git status -z -uall [2ms]
2024-02-15 16:31:52.023 [info] > git log --format=%H%n%aN%n%aE%n%at%n%ct%n%P%n%D%n%B -z -n120 -- /home/simgabrob/Bootcamp/Week 3/Day 4/XPproject.html/style.css [4ms]
2024-02-15 16:31:52.239 [info] > git show --textconv :Week 3/Day 4/XPproject.html/style.css [14ms]
2024-02-15 16:31:52.242 [info] > git ls-files --stage -- /home/simgabrob/Bootcamp/Week 3/Day 4/XPproject.html/style.css [4ms]
2024-02-15 16:31:52.256 [info] > git cat-file -s 0fd4813bccce533148d028d6f3144b962f3e84c5 [4ms]
2024-02-15 16:31:58.572 [info] > git config --get commit.template [9ms]
2024-02-15 16:31:58.573 [info] > git for-each-ref --format=%(refname)%00%(upstream:short)%00%(objectname)%00%(upstream:track)%00%(upstream:remotename)%00%(upstream:remoteref) refs/heads/main refs/remotes/main [2ms]
2024-02-15 16:31:58.584 [info] > git status -z -uall [2ms]
2024-02-15 16:32:00.144 [info] > git log --format=%H%n%aN%n%aE%n%at%n%ct%n%P%n%D%n%B -z -n120 -- /home/simgabrob/Bootcamp/Week 3/Day 4/XPproject.html/XPproject.html [3ms]
2024-02-15 16:32:00.354 [info] > git show --textconv :Week 3/Day 4/XPproject.html/XPproject.html [10ms]
2024-02-15 16:32:00.356 [info] > git ls-files --stage -- /home/simgabrob/Bootcamp/Week 3/Day 4/XPproject.html/XPproject.html [3ms]
2024-02-15 16:32:00.368 [info] > git cat-file -s 112e585aa1e63946cd5ade4b34c2875e49b98f63 [2ms]
2024-02-15 16:32:11.340 [info] > git config --get commit.template [16ms]
2024-02-15 16:32:11.341 [info] > git for-each-ref --format=%(refname)%00%(upstream:short)%00%(objectname)%00%(upstream:track)%00%(upstream:remotename)%00%(upstream:remoteref) refs/heads/main refs/remotes/main [8ms]
2024-02-15 16:32:11.366 [info] > git status -z -uall [15ms]
2024-02-15 16:32:32.528 [info] > git log --format=%H%n%aN%n%aE%n%at%n%ct%n%P%n%D%n%B -z -n120 -- /home/simgabrob/Bootcamp/Week 3/Day 4/XPproject.html/style.css [4ms]
2024-02-15 16:32:32.775 [info] > git show --textconv :Week 3/Day 4/XPproject.html/style.css [29ms]
2024-02-15 16:32:32.778 [info] > git ls-files --stage -- /home/simgabrob/Bootcamp/Week 3/Day 4/XPproject.html/style.css [8ms]
2024-02-15 16:32:32.795 [info] > git cat-file -s 0fd4813bccce533148d028d6f3144b962f3e84c5 [4ms]
2024-02-15 16:33:08.619 [info] > git log --format=%H%n%aN%n%aE%n%at%n%ct%n%P%n%D%n%B -z -n120 -- /home/simgabrob/Bootcamp/Week 3/Day 4/XPproject.html/script.js [1ms]
2024-02-15 16:33:08.847 [info] > git show --textconv :Week 3/Day 4/XPproject.html/script.js [10ms]
2024-02-15 16:33:08.848 [info] > git ls-files --stage -- /home/simgabrob/Bootcamp/Week 3/Day 4/XPproject.html/script.js [2ms]
2024-02-15 16:33:08.861 [info] > git cat-file -s d52787ed6ede541e0d3a571ee5099d6722fb3fe1 [4ms]
2024-02-15 16:33:15.438 [info] > git config --get commit.template [30ms]
2024-02-15 16:33:15.443 [info] > git for-each-ref --format=%(refname)%00%(upstream:short)%00%(objectname)%00%(upstream:track)%00%(upstream:remotename)%00%(upstream:remoteref) refs/heads/main refs/remotes/main [7ms]
2024-02-15 16:33:15.477 [info] > git status -z -uall [9ms]
2024-02-15 16:33:20.545 [info] > git config --get commit.template [32ms]
2024-02-15 16:33:20.549 [info] > git for-each-ref --format=%(refname)%00%(upstream:short)%00%(objectname)%00%(upstream:track)%00%(upstream:remotename)%00%(upstream:remoteref) refs/heads/main refs/remotes/main [10ms]
2024-02-15 16:33:20.575 [info] > git status -z -uall [5ms]
2024-02-15 16:33:26.733 [info] > git config --get commit.template [29ms]
2024-02-15 16:33:26.739 [info] > git for-each-ref --format=%(refname)%00%(upstream:short)%00%(objectname)%00%(upstream:track)%00%(upstream:remotename)%00%(upstream:remoteref) refs/heads/main refs/remotes/main [7ms]
2024-02-15 16:33:26.770 [info] > git status -z -uall [9ms]
2024-02-15 16:33:31.837 [info] > git config --get commit.template [23ms]
2024-02-15 16:33:31.840 [info] > git for-each-ref --format=%(refname)%00%(upstream:short)%00%(objectname)%00%(upstream:track)%00%(upstream:remotename)%00%(upstream:remoteref) refs/heads/main refs/remotes/main [4ms]
2024-02-15 16:33:31.896 [info] > git status -z -uall [23ms]
2024-02-15 16:33:36.935 [info] > git config --get commit.template [13ms]
2024-02-15 16:33:36.936 [info] > git for-each-ref --format=%(refname)%00%(upstream:short)%00%(objectname)%00%(upstream:track)%00%(upstream:remotename)%00%(upstream:remoteref) refs/heads/main refs/remotes/main [1ms]
2024-02-15 16:33:36.946 [info] > git status -z -uall [2ms]
2024-02-15 16:33:39.974 [info] > git log --format=%H%n%aN%n%aE%n%at%n%ct%n%P%n%D%n%B -z -n120 -- /home/simgabrob/Bootcamp/Week 3/Day 4/XPproject.html/XPproject.html [4ms]
2024-02-15 16:33:40.191 [info] > git show --textconv :Week 3/Day 4/XPproject.html/XPproject.html [13ms]
2024-02-15 16:33:40.194 [info] > git ls-files --stage -- /home/simgabrob/Bootcamp/Week 3/Day 4/XPproject.html/XPproject.html [3ms]
2024-02-15 16:33:40.205 [info] > git cat-file -s 112e585aa1e63946cd5ade4b34c2875e49b98f63 [2ms]
2024-02-15 16:34:10.326 [info] > git config --get commit.template [28ms]
2024-02-15 16:34:10.330 [info] > git for-each-ref --format=%(refname)%00%(upstream:short)%00%(objectname)%00%(upstream:track)%00%(upstream:remotename)%00%(upstream:remoteref) refs/heads/main refs/remotes/main [5ms]
2024-02-15 16:34:10.346 [info] > git status -z -uall [3ms]
2024-02-15 16:34:11.793 [info] > git log --format=%H%n%aN%n%aE%n%at%n%ct%n%P%n%D%n%B -z -n120 -- /home/simgabrob/Bootcamp/Week 3/Day 4/XPproject.html/style.css [3ms]
2024-02-15 16:34:12.013 [info] > git show --textconv :Week 3/Day 4/XPproject.html/style.css [13ms]
2024-02-15 16:34:12.015 [info] > git ls-files --stage -- /home/simgabrob/Bootcamp/Week 3/Day 4/XPproject.html/style.css [3ms]
2024-02-15 16:34:12.025 [info] > git cat-file -s 0fd4813bccce533148d028d6f3144b962f3e84c5 [3ms]
2024-02-15 16:34:14.443 [info] > git log --format=%H%n%aN%n%aE%n%at%n%ct%n%P%n%D%n%B -z -n120 -- /home/simgabrob/Bootcamp/Week 3/Day 4/XPproject.html/script.js [8ms]
2024-02-15 16:34:14.658 [info] > git show --textconv :Week 3/Day 4/XPproject.html/script.js [10ms]
2024-02-15 16:34:14.664 [info] > git ls-files --stage -- /home/simgabrob/Bootcamp/Week 3/Day 4/XPproject.html/script.js [7ms]
2024-02-15 16:34:14.675 [info] > git cat-file -s d52787ed6ede541e0d3a571ee5099d6722fb3fe1 [2ms]
2024-02-15 16:34:25.001 [info] > git config --get commit.template [27ms]
2024-02-15 16:34:25.008 [info] > git for-each-ref --format=%(refname)%00%(upstream:short)%00%(objectname)%00%(upstream:track)%00%(upstream:remotename)%00%(upstream:remoteref) refs/heads/main refs/remotes/main [11ms]
2024-02-15 16:34:25.045 [info] > git status -z -uall [11ms]
2024-02-15 16:34:38.386 [info] > git config --get commit.template [15ms]
2024-02-15 16:34:38.387 [info] > git for-each-ref --format=%(refname)%00%(upstream:short)%00%(objectname)%00%(upstream:track)%00%(upstream:remotename)%00%(upstream:remoteref) refs/heads/main refs/remotes/main [3ms]
2024-02-15 16:34:38.402 [info] > git status -z -uall [3ms]
2024-02-15 16:34:54.540 [info] > git config --get commit.template [31ms]
2024-02-15 16:34:54.542 [info] > git for-each-ref --format=%(refname)%00%(upstream:short)%00%(objectname)%00%(upstream:track)%00%(upstream:remotename)%00%(upstream:remoteref) refs/heads/main refs/remotes/main [5ms]
2024-02-15 16:34:54.577 [info] > git status -z -uall [9ms]
2024-02-15 16:35:04.939 [info] > git config --get commit.template [38ms]
2024-02-15 16:35:04.947 [info] > git for-each-ref --format=%(refname)%00%(upstream:short)%00%(objectname)%00%(upstream:track)%00%(upstream:remotename)%00%(upstream:remoteref) refs/heads/main refs/remotes/main [10ms]
2024-02-15 16:35:04.985 [info] > git status -z -uall [6ms]
2024-02-15 16:35:16.140 [info] > git config --get commit.template [25ms]
2024-02-15 16:35:16.142 [info] > git for-each-ref --format=%(refname)%00%(upstream:short)%00%(objectname)%00%(upstream:track)%00%(upstream:remotename)%00%(upstream:remoteref) refs/heads/main refs/remotes/main [4ms]
2024-02-15 16:35:16.181 [info] > git status -z -uall [10ms]
2024-02-15 16:35:48.039 [info] > git config --get commit.template [8ms]
2024-02-15 16:35:48.084 [info] > git for-each-ref --format=%(refname)%00%(upstream:short)%00%(objectname)%00%(upstream:track)%00%(upstream:remotename)%00%(upstream:remoteref) refs/heads/main refs/remotes/main [12ms]
2024-02-15 16:35:48.129 [info] > git status -z -uall [6ms]
2024-02-15 16:35:53.166 [info] > git config --get commit.template [17ms]
2024-02-15 16:35:53.166 [info] > git for-each-ref --format=%(refname)%00%(upstream:short)%00%(objectname)%00%(upstream:track)%00%(upstream:remotename)%00%(upstream:remoteref) refs/heads/main refs/remotes/main [2ms]
2024-02-15 16:35:53.179 [info] > git status -z -uall [2ms]
2024-02-15 16:36:01.549 [info] > git config --get commit.template [12ms]
2024-02-15 16:36:01.550 [info] > git for-each-ref --format=%(refname)%00%(upstream:short)%00%(objectname)%00%(upstream:track)%00%(upstream:remotename)%00%(upstream:remoteref) refs/heads/main refs/remotes/main [2ms]
2024-02-15 16:36:01.566 [info] > git status -z -uall [5ms]
2024-02-15 16:36:22.447 [info] > git config --get commit.template [13ms]
2024-02-15 16:36:22.448 [info] > git for-each-ref --format=%(refname)%00%(upstream:short)%00%(objectname)%00%(upstream:track)%00%(upstream:remotename)%00%(upstream:remoteref) refs/heads/main refs/remotes/main [6ms]
2024-02-15 16:36:22.459 [info] > git status -z -uall [2ms]
2024-02-15 16:36:27.524 [info] > git config --get commit.template [31ms]
2024-02-15 16:36:27.529 [info] > git for-each-ref --format=%(refname)%00%(upstream:short)%00%(objectname)%00%(upstream:track)%00%(upstream:remotename)%00%(upstream:remoteref) refs/heads/main refs/remotes/main [7ms]
2024-02-15 16:36:27.575 [info] > git status -z -uall [14ms]
2024-02-15 16:36:33.427 [info] > git config --get commit.template [10ms]
2024-02-15 16:36:33.427 [info] > git for-each-ref --format=%(refname)%00%(upstream:short)%00%(objectname)%00%(upstream:track)%00%(upstream:remotename)%00%(upstream:remoteref) refs/heads/main refs/remotes/main [1ms]
2024-02-15 16:36:33.439 [info] > git status -z -uall [2ms]
2024-02-15 16:36:40.975 [info] > git config --get commit.template [26ms]
2024-02-15 16:36:40.978 [info] > git for-each-ref --format=%(refname)%00%(upstream:short)%00%(objectname)%00%(upstream:track)%00%(upstream:remotename)%00%(upstream:remoteref) refs/heads/main refs/remotes/main [5ms]
2024-02-15 16:36:40.997 [info] > git status -z -uall [5ms]
2024-02-15 16:36:46.061 [info] > git config --get commit.template [29ms]
2024-02-15 16:36:46.066 [info] > git for-each-ref --format=%(refname)%00%(upstream:short)%00%(objectname)%00%(upstream:track)%00%(upstream:remotename)%00%(upstream:remoteref) refs/heads/main refs/remotes/main [11ms]
2024-02-15 16:36:46.094 [info] > git status -z -uall [7ms]
2024-02-15 16:37:09.635 [info] > git log --format=%H%n%aN%n%aE%n%at%n%ct%n%P%n%D%n%B -z -n120 -- /home/simgabrob/Bootcamp/Week 3/Day 4/XPproject.html/style.css [3ms]
2024-02-15 16:37:09.851 [info] > git show --textconv :Week 3/Day 4/XPproject.html/style.css [9ms]
2024-02-15 16:37:09.852 [info] > git ls-files --stage -- /home/simgabrob/Bootcamp/Week 3/Day 4/XPproject.html/style.css [2ms]
2024-02-15 16:37:09.861 [info] > git cat-file -s 0fd4813bccce533148d028d6f3144b962f3e84c5 [1ms]
2024-02-15 16:37:20.771 [info] > git config --get commit.template [38ms]
2024-02-15 16:37:20.774 [info] > git for-each-ref --format=%(refname)%00%(upstream:short)%00%(objectname)%00%(upstream:track)%00%(upstream:remotename)%00%(upstream:remoteref) refs/heads/main refs/remotes/main [8ms]
2024-02-15 16:37:20.793 [info] > git status -z -uall [4ms]
2024-02-15 16:37:25.809 [info] > git config --get commit.template [2ms]
2024-02-15 16:37:25.817 [info] > git for-each-ref --format=%(refname)%00%(upstream:short)%00%(objectname)%00%(upstream:track)%00%(upstream:remotename)%00%(upstream:remoteref) refs/heads/main refs/remotes/main [2ms]
2024-02-15 16:37:25.829 [info] > git status -z -uall [3ms]
2024-02-15 16:37:31.539 [info] > git config --get commit.template [16ms]
2024-02-15 16:37:31.542 [info] > git for-each-ref --format=%(refname)%00%(upstream:short)%00%(objectname)%00%(upstream:track)%00%(upstream:remotename)%00%(upstream:remoteref) refs/heads/main refs/remotes/main [5ms]
2024-02-15 16:37:31.556 [info] > git status -z -uall [3ms]
2024-02-15 16:37:38.228 [info] > git config --get commit.template [20ms]
2024-02-15 16:37:38.232 [info] > git for-each-ref --format=%(refname)%00%(upstream:short)%00%(objectname)%00%(upstream:track)%00%(upstream:remotename)%00%(upstream:remoteref) refs/heads/main refs/remotes/main [5ms]
2024-02-15 16:37:38.270 [info] > git status -z -uall [7ms]
2024-02-15 16:37:59.788 [info] > git log --format=%H%n%aN%n%aE%n%at%n%ct%n%P%n%D%n%B -z -n120 -- /home/simgabrob/Bootcamp/Week 3/Day 4/XPproject.html/XPproject.html [3ms]
2024-02-15 16:38:00.000 [info] > git show --textconv :Week 3/Day 4/XPproject.html/XPproject.html [11ms]
2024-02-15 16:38:00.001 [info] > git ls-files --stage -- /home/simgabrob/Bootcamp/Week 3/Day 4/XPproject.html/XPproject.html [3ms]
2024-02-15 16:38:00.010 [info] > git cat-file -s 112e585aa1e63946cd5ade4b34c2875e49b98f63 [2ms]
2024-02-15 16:38:19.090 [info] > git config --get commit.template [2ms]
2024-02-15 16:38:19.102 [info] > git for-each-ref --format=%(refname)%00%(upstream:short)%00%(objectname)%00%(upstream:track)%00%(upstream:remotename)%00%(upstream:remoteref) refs/heads/main refs/remotes/main [0ms]
2024-02-15 16:38:19.110 [info] > git status -z -uall [2ms]
2024-02-15 16:38:39.232 [info] > git config --get commit.template [13ms]
2024-02-15 16:38:39.232 [info] > git for-each-ref --format=%(refname)%00%(upstream:short)%00%(objectname)%00%(upstream:track)%00%(upstream:remotename)%00%(upstream:remoteref) refs/heads/main refs/remotes/main [2ms]
2024-02-15 16:38:39.244 [info] > git status -z -uall [3ms]
2024-02-15 16:38:41.089 [info] > git log --format=%H%n%aN%n%aE%n%at%n%ct%n%P%n%D%n%B -z -n120 -- /home/simgabrob/Bootcamp/Week 3/Day 4/XPproject.html/script.js [3ms]
2024-02-15 16:38:41.304 [info] > git show --textconv :Week 3/Day 4/XPproject.html/script.js [13ms]
2024-02-15 16:38:41.306 [info] > git ls-files --stage -- /home/simgabrob/Bootcamp/Week 3/Day 4/XPproject.html/script.js [4ms]
2024-02-15 16:38:41.322 [info] > git cat-file -s d52787ed6ede541e0d3a571ee5099d6722fb3fe1 [5ms]
2024-02-15 16:38:49.599 [info] > git config --get commit.template [35ms]
2024-02-15 16:38:49.604 [info] > git for-each-ref --format=%(refname)%00%(upstream:short)%00%(objectname)%00%(upstream:track)%00%(upstream:remotename)%00%(upstream:remoteref) refs/heads/main refs/remotes/main [9ms]
2024-02-15 16:38:49.652 [info] > git status -z -uall [15ms]
2024-02-15 16:38:54.675 [info] > git config --get commit.template [7ms]
2024-02-15 16:38:54.676 [info] > git for-each-ref --format=%(refname)%00%(upstream:short)%00%(objectname)%00%(upstream:track)%00%(upstream:remotename)%00%(upstream:remoteref) refs/heads/main refs/remotes/main [2ms]
2024-02-15 16:38:54.684 [info] > git status -z -uall [2ms]
2024-02-15 16:38:59.706 [info] > git config --get commit.template [9ms]
2024-02-15 16:38:59.710 [info] > git for-each-ref --format=%(refname)%00%(upstream:short)%00%(objectname)%00%(upstream:track)%00%(upstream:remotename)%00%(upstream:remoteref) refs/heads/main refs/remotes/main [6ms]
2024-02-15 16:38:59.718 [info] > git status -z -uall [2ms]
2024-02-15 16:39:14.703 [info] > git config --get commit.template [11ms]
2024-02-15 16:39:14.705 [info] > git for-each-ref --format=%(refname)%00%(upstream:short)%00%(objectname)%00%(upstream:track)%00%(upstream:remotename)%00%(upstream:remoteref) refs/heads/main refs/remotes/main [2ms]
2024-02-15 16:39:14.718 [info] > git status -z -uall [2ms]
2024-02-15 16:39:19.766 [info] > git config --get commit.template [12ms]
2024-02-15 16:39:19.767 [info] > git for-each-ref --format=%(refname)%00%(upstream:short)%00%(objectname)%00%(upstream:track)%00%(upstream:remotename)%00%(upstream:remoteref) refs/heads/main refs/remotes/main [2ms]
2024-02-15 16:39:19.778 [info] > git status -z -uall [3ms]
2024-02-15 16:39:28.894 [info] > git log --format=%H%n%aN%n%aE%n%at%n%ct%n%P%n%D%n%B -z -n120 -- /home/simgabrob/Bootcamp/Week 3/Day 4/XPproject.html/style.css [7ms]
2024-02-15 16:39:29.097 [info] > git show --textconv :Week 3/Day 4/XPproject.html/style.css [11ms]
2024-02-15 16:39:29.099 [info] > git ls-files --stage -- /home/simgabrob/Bootcamp/Week 3/Day 4/XPproject.html/style.css [2ms]
2024-02-15 16:39:29.114 [info] > git cat-file -s 0fd4813bccce533148d028d6f3144b962f3e84c5 [3ms]
2024-02-15 16:39:36.344 [info] > git config --get commit.template [12ms]
2024-02-15 16:39:36.345 [info] > git for-each-ref --format=%(refname)%00%(upstream:short)%00%(objectname)%00%(upstream:track)%00%(upstream:remotename)%00%(upstream:remoteref) refs/heads/main refs/remotes/main [3ms]
2024-02-15 16:39:36.355 [info] > git status -z -uall [3ms]
2024-02-15 16:39:37.792 [info] > git log --format=%H%n%aN%n%aE%n%at%n%ct%n%P%n%D%n%B -z -n120 -- /home/simgabrob/Bootcamp/Week 3/Day 4/XPproject.html/XPproject.html [3ms]
2024-02-15 16:39:38.021 [info] > git show --textconv :Week 3/Day 4/XPproject.html/XPproject.html [19ms]
2024-02-15 16:39:38.025 [info] > git ls-files --stage -- /home/simgabrob/Bootcamp/Week 3/Day 4/XPproject.html/XPproject.html [5ms]
2024-02-15 16:39:38.047 [info] > git cat-file -s 112e585aa1e63946cd5ade4b34c2875e49b98f63 [5ms]
2024-02-15 16:39:52.095 [info] > git log --format=%H%n%aN%n%aE%n%at%n%ct%n%P%n%D%n%B -z -n120 -- /home/simgabrob/Bootcamp/Week 3/Day 4/XPproject.html/style.css [10ms]
2024-02-15 16:39:52.307 [info] > git show --textconv :Week 3/Day 4/XPproject.html/style.css [21ms]
2024-02-15 16:39:52.307 [info] > git ls-files --stage -- /home/simgabrob/Bootcamp/Week 3/Day 4/XPproject.html/style.css [1ms]
2024-02-15 16:39:52.331 [info] > git cat-file -s 0fd4813bccce533148d028d6f3144b962f3e84c5 [7ms]
2024-02-15 16:39:52.944 [info] > git for-each-ref --format=%(refname)%00%(upstream:short)%00%(objectname)%00%(upstream:track)%00%(upstream:remotename)%00%(upstream:remoteref) refs/heads/main refs/remotes/main [1ms]
2024-02-15 16:39:52.944 [info] > git config --get commit.template [50ms]
2024-02-15 16:39:52.960 [info] > git status -z -uall [6ms]
2024-02-15 16:39:54.246 [info] > git log --format=%H%n%aN%n%aE%n%at%n%ct%n%P%n%D%n%B -z -n120 -- /home/simgabrob/Bootcamp/Week 3/Day 4/XPproject.html/script.js [3ms]
2024-02-15 16:39:54.495 [info] > git show --textconv :Week 3/Day 4/XPproject.html/script.js [26ms]
2024-02-15 16:39:54.519 [info] > git ls-files --stage -- /home/simgabrob/Bootcamp/Week 3/Day 4/XPproject.html/script.js [25ms]
2024-02-15 16:39:54.567 [info] > git cat-file -s d52787ed6ede541e0d3a571ee5099d6722fb3fe1 [12ms]
2024-02-15 16:40:36.213 [info] > git config --get commit.template [16ms]
2024-02-15 16:40:36.215 [info] > git for-each-ref --format=%(refname)%00%(upstream:short)%00%(objectname)%00%(upstream:track)%00%(upstream:remotename)%00%(upstream:remoteref) refs/heads/main refs/remotes/main [2ms]
2024-02-15 16:40:36.233 [info] > git status -z -uall [6ms]
2024-02-15 16:40:41.280 [info] > git config --get commit.template [15ms]
2024-02-15 16:40:41.281 [info] > git for-each-ref --format=%(refname)%00%(upstream:short)%00%(objectname)%00%(upstream:track)%00%(upstream:remotename)%00%(upstream:remoteref) refs/heads/main refs/remotes/main [2ms]
2024-02-15 16:40:41.292 [info] > git status -z -uall [3ms]
2024-02-15 16:40:50.769 [info] > git config --get commit.template [13ms]
2024-02-15 16:40:50.784 [info] > git for-each-ref --format=%(refname)%00%(upstream:short)%00%(objectname)%00%(upstream:track)%00%(upstream:remotename)%00%(upstream:remoteref) refs/heads/main refs/remotes/main [19ms]
2024-02-15 16:40:50.799 [info] > git status -z -uall [3ms]
2024-02-15 16:41:05.623 [info] > git config --get commit.template [10ms]
2024-02-15 16:41:05.624 [info] > git for-each-ref --format=%(refname)%00%(upstream:short)%00%(objectname)%00%(upstream:track)%00%(upstream:remotename)%00%(upstream:remoteref) refs/heads/main refs/remotes/main [3ms]
2024-02-15 16:41:05.641 [info] > git status -z -uall [4ms]
2024-02-15 16:42:02.399 [info] > git log --format=%H%n%aN%n%aE%n%at%n%ct%n%P%n%D%n%B -z -n120 -- /home/simgabrob/Bootcamp/Week 3/Day 4/XPproject.html/style.css [7ms]
2024-02-15 16:42:02.622 [info] > git show --textconv :Week 3/Day 4/XPproject.html/style.css [13ms]
2024-02-15 16:42:02.624 [info] > git ls-files --stage -- /home/simgabrob/Bootcamp/Week 3/Day 4/XPproject.html/style.css [3ms]
2024-02-15 16:42:02.641 [info] > git cat-file -s 0fd4813bccce533148d028d6f3144b962f3e84c5 [3ms]
2024-02-15 16:42:23.149 [info] > git log --format=%H%n%aN%n%aE%n%at%n%ct%n%P%n%D%n%B -z -n120 -- /home/simgabrob/Bootcamp/Week 3/Day 4/XPproject.html/XPproject.html [3ms]
2024-02-15 16:42:23.427 [info] > git show --textconv :Week 3/Day 4/XPproject.html/XPproject.html [18ms]
2024-02-15 16:42:23.468 [info] > git ls-files --stage -- /home/simgabrob/Bootcamp/Week 3/Day 4/XPproject.html/XPproject.html [42ms]
2024-02-15 16:42:23.488 [info] > git cat-file -s 112e585aa1e63946cd5ade4b34c2875e49b98f63 [5ms]
2024-02-15 16:42:53.203 [info] > git log --format=%H%n%aN%n%aE%n%at%n%ct%n%P%n%D%n%B -z -n120 -- /home/simgabrob/Bootcamp/Week 3/Day 4/XPproject.html/style.css [4ms]
2024-02-15 16:42:53.434 [info] > git show --textconv :Week 3/Day 4/XPproject.html/style.css [14ms]
2024-02-15 16:42:53.439 [info] > git ls-files --stage -- /home/simgabrob/Bootcamp/Week 3/Day 4/XPproject.html/style.css [5ms]
2024-02-15 16:42:53.456 [info] > git cat-file -s 0fd4813bccce533148d028d6f3144b962f3e84c5 [3ms]
2024-02-15 16:43:05.801 [info] > git log --format=%H%n%aN%n%aE%n%at%n%ct%n%P%n%D%n%B -z -n120 -- /home/simgabrob/Bootcamp/Week 3/Day 4/XPproject.html/script.js [14ms]
2024-02-15 16:43:06.015 [info] > git show --textconv :Week 3/Day 4/XPproject.html/script.js [19ms]
2024-02-15 16:43:06.018 [info] > git ls-files --stage -- /home/simgabrob/Bootcamp/Week 3/Day 4/XPproject.html/script.js [4ms]
2024-02-15 16:43:06.031 [info] > git cat-file -s d52787ed6ede541e0d3a571ee5099d6722fb3fe1 [5ms]
2024-02-15 16:43:55.008 [info] > git config --get commit.template [22ms]
2024-02-15 16:43:55.010 [info] > git for-each-ref --format=%(refname)%00%(upstream:short)%00%(objectname)%00%(upstream:track)%00%(upstream:remotename)%00%(upstream:remoteref) refs/heads/main refs/remotes/main [4ms]
2024-02-15 16:43:55.030 [info] > git status -z -uall [4ms]
2024-02-15 16:44:27.503 [info] > git add -A -- . [5ms]
2024-02-15 16:44:27.523 [info] > git -c user.useConfigOnly=true commit --quiet --allow-empty-message --file - [9ms]
2024-02-15 16:44:27.536 [info] > git config --get commit.template [2ms]
2024-02-15 16:44:27.549 [info] > git config --get commit.template [3ms]
2024-02-15 16:44:27.561 [info] > git for-each-ref --format=%(refname)%00%(upstream:short)%00%(objectname)%00%(upstream:track)%00%(upstream:remotename)%00%(upstream:remoteref) refs/heads/main refs/remotes/main [3ms]
2024-02-15 16:44:27.575 [info] > git status -z -uall [4ms]
2024-02-15 16:44:27.642 [info] > git config --get commit.template [12ms]
2024-02-15 16:44:27.643 [info] > git merge-base refs/heads/main refs/remotes/origin/main [3ms]
2024-02-15 16:44:27.659 [info] > git rev-list --count --left-right refs/heads/main...refs/remotes/origin/main [8ms]
2024-02-15 16:44:27.660 [info] > git for-each-ref --format=%(refname)%00%(upstream:short)%00%(objectname)%00%(upstream:track)%00%(upstream:remotename)%00%(upstream:remoteref) refs/heads/main refs/remotes/main [2ms]
2024-02-15 16:44:27.675 [info] > git status -z -uall [3ms]
2024-02-15 16:44:28.729 [info] > git ls-files --stage -- /home/simgabrob/Bootcamp/Week 3/Day 4/XPproject.html/script.js [8ms]
2024-02-15 16:44:28.747 [info] > git cat-file -s bfbeb80953f2ea3877783ea2b0ff8059fcdb3379 [4ms]
2024-02-15 16:44:28.767 [info] > git show --textconv :Week 3/Day 4/XPproject.html/script.js [4ms]
2024-02-17 18:06:20.935 [info] > git rev-list --count 127a472b2a8e26a16f07317d63d392d08556a208.. -- /home/simgabrob/Bootcamp/Week 3/Day 4/XPproject.html/script.js [16ms]
2024-02-17 18:06:20.952 [info] > git log --format=%H%n%aN%n%aE%n%at%n%ct%n%P%n%D%n%B -z -n3 -- /home/simgabrob/Bootcamp/Week 3/Day 4/XPproject.html/script.js [4ms]
2024-02-17 18:06:24.174 [info] > git log --format=%H%n%aN%n%aE%n%at%n%ct%n%P%n%D%n%B -z -n120 -- /home/simgabrob/Bootcamp/Week 3/Day 4/XPproject.html/XPproject.html [6ms]
2024-02-17 18:06:24.457 [info] > git show --textconv :Week 3/Day 4/XPproject.html/XPproject.html [11ms]
2024-02-17 18:06:24.459 [info] > git ls-files --stage -- /home/simgabrob/Bootcamp/Week 3/Day 4/XPproject.html/XPproject.html [3ms]
2024-02-17 18:06:24.472 [info] > git cat-file -s 85142fb9a0f592d010c7d2801e4dbf782e0531ab [1ms]
2024-02-17 18:06:35.798 [info] > git log --format=%H%n%aN%n%aE%n%at%n%ct%n%P%n%D%n%B -z -n120 -- /home/simgabrob/Bootcamp/Week 3/Day 4/XPproject.html/style.css [3ms]
2024-02-17 18:06:36.065 [info] > git show --textconv :Week 3/Day 4/XPproject.html/style.css [20ms]
2024-02-17 18:06:36.069 [info] > git ls-files --stage -- /home/simgabrob/Bootcamp/Week 3/Day 4/XPproject.html/style.css [5ms]
2024-02-17 18:06:36.083 [info] > git cat-file -s 2c5171b9899c67da0901470c22944ab85341400d [5ms]
2024-02-17 18:06:42.544 [info] > git log --format=%H%n%aN%n%aE%n%at%n%ct%n%P%n%D%n%B -z -n120 -- /home/simgabrob/Bootcamp/Week 3/Day 4/XPproject.html/script.js [7ms]
2024-02-17 18:06:42.752 [info] > git show --textconv :Week 3/Day 4/XPproject.html/script.js [12ms]
2024-02-17 18:06:42.755 [info] > git ls-files --stage -- /home/simgabrob/Bootcamp/Week 3/Day 4/XPproject.html/script.js [3ms]
2024-02-17 18:06:42.769 [info] > git cat-file -s bfbeb80953f2ea3877783ea2b0ff8059fcdb3379 [3ms]
2024-02-17 18:07:22.612 [info] > git log --format=%H%n%aN%n%aE%n%at%n%ct%n%P%n%D%n%B -z -n120 -- /home/simgabrob/Bootcamp/Week 3/Day 4/miniProject/MiniProject.html [4ms]
2024-02-17 18:07:22.833 [info] > git show --textconv :Week 3/Day 4/miniProject/MiniProject.html [13ms]
2024-02-17 18:07:22.836 [info] > git ls-files --stage -- /home/simgabrob/Bootcamp/Week 3/Day 4/miniProject/MiniProject.html [4ms]
2024-02-17 18:07:22.851 [info] > git cat-file -s d70b3f629f4d5253b062335bf8f938acb112ffc8 [3ms]
2024-02-18 14:06:44.676 [info] > git check-ignore -v -z --stdin [9ms]
2024-02-18 14:06:45.239 [info] > git config --get commit.template [20ms]
2024-02-18 14:06:45.244 [info] > git for-each-ref --format=%(refname)%00%(upstream:short)%00%(objectname)%00%(upstream:track)%00%(upstream:remotename)%00%(upstream:remoteref) refs/heads/main refs/remotes/main [6ms]
2024-02-18 14:06:45.284 [info] > git status -z -uall [28ms]
