2024-02-19 10:08:01.381 [info] Log level: Info
2024-02-19 10:08:01.381 [info] Validating found git in: "git"
2024-02-19 10:08:01.381 [info] Using git "2.39.2" from "git"
2024-02-19 10:08:01.381 [info] > git rev-parse --show-toplevel [15ms]
2024-02-19 10:08:01.381 [info] > git rev-parse --git-dir --git-common-dir [10ms]
2024-02-19 10:08:01.381 [info] Open repository: /home/simgabrob/Bootcamp
2024-02-19 10:08:01.588 [info] > git rev-parse --show-toplevel [193ms]
2024-02-19 10:08:01.589 [info] > git config --get commit.template [199ms]
2024-02-19 10:08:01.668 [info] > git rev-parse --show-toplevel [23ms]
2024-02-19 10:08:01.701 [info] > git for-each-ref --format=%(refname)%00%(upstream:short)%00%(objectname)%00%(upstream:track)%00%(upstream:remotename)%00%(upstream:remoteref) refs/heads/main refs/remotes/main [37ms]
2024-02-19 10:08:01.708 [info] > git rev-parse --show-toplevel [16ms]
2024-02-19 10:08:01.743 [info] > git rev-parse --show-toplevel [21ms]
2024-02-19 10:08:01.784 [info] > git status -z -uall [45ms]
2024-02-19 10:08:01.834 [info] > git rev-parse --show-toplevel [51ms]
2024-02-19 10:08:01.844 [info] > git config --get commit.template [11ms]
2024-02-19 10:08:01.848 [info] > git rev-parse --show-toplevel [5ms]
2024-02-19 10:08:01.872 [info] > git for-each-ref --format=%(refname)%00%(upstream:short)%00%(objectname)%00%(upstream:track)%00%(upstream:remotename)%00%(upstream:remoteref) refs/heads/main refs/remotes/main [12ms]
2024-02-19 10:08:01.877 [info] > git rev-parse --show-toplevel [8ms]
2024-02-19 10:08:01.914 [info] > git rev-parse --show-toplevel [19ms]
2024-02-19 10:08:01.939 [info] > git status -z -uall [26ms]
2024-02-19 10:08:01.956 [info] > git rev-parse --show-toplevel [19ms]
2024-02-19 10:08:01.979 [info] > git rev-parse --show-toplevel [3ms]
2024-02-19 10:08:02.110 [info] > git check-ignore -v -z --stdin [4ms]
2024-02-19 10:08:02.442 [info] > git show --textconv :Week 3/Day 4/miniProject/MiniProject.html [36ms]
2024-02-19 10:08:02.442 [info] > git ls-files --stage -- /home/simgabrob/Bootcamp/Week 3/Day 4/miniProject/MiniProject.html [4ms]
2024-02-19 10:08:02.470 [info] > git cat-file -s d70b3f629f4d5253b062335bf8f938acb112ffc8 [19ms]
2024-02-19 10:09:03.991 [info] > git check-ignore -v -z --stdin [6ms]
2024-02-19 10:09:04.546 [info] > git config --get commit.template [2ms]
2024-02-19 10:09:04.554 [info] > git for-each-ref --format=%(refname)%00%(upstream:short)%00%(objectname)%00%(upstream:track)%00%(upstream:remotename)%00%(upstream:remoteref) refs/heads/main refs/remotes/main [2ms]
2024-02-19 10:09:04.563 [info] > git status -z -uall [2ms]
2024-02-19 10:09:14.168 [info] > git config --get commit.template [16ms]
2024-02-19 10:09:14.170 [info] > git for-each-ref --format=%(refname)%00%(upstream:short)%00%(objectname)%00%(upstream:track)%00%(upstream:remotename)%00%(upstream:remoteref) refs/heads/main refs/remotes/main [5ms]
2024-02-19 10:09:14.192 [info] > git status -z -uall [6ms]
2024-02-19 10:09:21.315 [info] > git show --textconv :Week 4/index.html [26ms]
2024-02-19 10:09:21.321 [info] > git ls-files --stage -- /home/simgabrob/Bootcamp/Week 4/index.html [10ms]
2024-02-19 10:09:21.525 [info] > git check-ignore -v -z --stdin [3ms]
2024-02-19 10:09:22.152 [info] > git config --get commit.template [6ms]
2024-02-19 10:09:22.167 [info] > git for-each-ref --format=%(refname)%00%(upstream:short)%00%(objectname)%00%(upstream:track)%00%(upstream:remotename)%00%(upstream:remoteref) refs/heads/main refs/remotes/main [4ms]
2024-02-19 10:09:22.182 [info] > git status -z -uall [3ms]
2024-02-19 10:09:27.237 [info] > git config --get commit.template [20ms]
2024-02-19 10:09:27.240 [info] > git for-each-ref --format=%(refname)%00%(upstream:short)%00%(objectname)%00%(upstream:track)%00%(upstream:remotename)%00%(upstream:remoteref) refs/heads/main refs/remotes/main [4ms]
2024-02-19 10:09:27.250 [info] > git status -z -uall [3ms]
2024-02-19 10:09:32.898 [info] > git show --textconv :Week 4/Hackathon/index.html [24ms]
2024-02-19 10:09:32.906 [info] > git ls-files --stage -- /home/simgabrob/Bootcamp/Week 4/Hackathon/index.html [11ms]
2024-02-19 10:09:33.146 [info] > git check-ignore -v -z --stdin [6ms]
2024-02-19 10:09:33.648 [info] > git config --get commit.template [15ms]
2024-02-19 10:09:33.650 [info] > git for-each-ref --format=%(refname)%00%(upstream:short)%00%(objectname)%00%(upstream:track)%00%(upstream:remotename)%00%(upstream:remoteref) refs/heads/main refs/remotes/main [5ms]
2024-02-19 10:09:33.672 [info] > git status -z -uall [6ms]
2024-02-19 10:09:38.018 [info] > git show --textconv :Week 4/Hackathon/style.css [9ms]
2024-02-19 10:09:38.021 [info] > git ls-files --stage -- /home/simgabrob/Bootcamp/Week 4/Hackathon/style.css [4ms]
2024-02-19 10:09:38.215 [info] > git check-ignore -v -z --stdin [1ms]
2024-02-19 10:09:38.754 [info] > git config --get commit.template [12ms]
2024-02-19 10:09:38.758 [info] > git for-each-ref --format=%(refname)%00%(upstream:short)%00%(objectname)%00%(upstream:track)%00%(upstream:remotename)%00%(upstream:remoteref) refs/heads/main refs/remotes/main [5ms]
2024-02-19 10:09:38.768 [info] > git status -z -uall [2ms]
2024-02-19 10:09:50.704 [info] > git show --textconv :Week 4/Hackathon/script.js [27ms]
2024-02-19 10:09:50.710 [info] > git ls-files --stage -- /home/simgabrob/Bootcamp/Week 4/Hackathon/script.js [8ms]
2024-02-19 10:09:50.757 [info] > git check-ignore -v -z --stdin [2ms]
2024-02-19 10:09:51.327 [info] > git config --get commit.template [19ms]
2024-02-19 10:09:51.339 [info] > git for-each-ref --format=%(refname)%00%(upstream:short)%00%(objectname)%00%(upstream:track)%00%(upstream:remotename)%00%(upstream:remoteref) refs/heads/main refs/remotes/main [13ms]
2024-02-19 10:09:51.388 [info] > git status -z -uall [22ms]
2024-02-19 10:10:03.567 [info] > git show --textconv :Week 4/Hackathon/index.html [21ms]
2024-02-19 10:10:03.576 [info] > git ls-files --stage -- /home/simgabrob/Bootcamp/Week 4/Hackathon/index.html [13ms]
2024-02-19 10:10:07.807 [info] > git config --get commit.template [12ms]
2024-02-19 10:10:07.808 [info] > git for-each-ref --format=%(refname)%00%(upstream:short)%00%(objectname)%00%(upstream:track)%00%(upstream:remotename)%00%(upstream:remoteref) refs/heads/main refs/remotes/main [4ms]
2024-02-19 10:10:07.824 [info] > git status -z -uall [5ms]
2024-02-19 10:10:12.853 [info] > git config --get commit.template [5ms]
2024-02-19 10:10:12.876 [info] > git for-each-ref --format=%(refname)%00%(upstream:short)%00%(objectname)%00%(upstream:track)%00%(upstream:remotename)%00%(upstream:remoteref) refs/heads/main refs/remotes/main [6ms]
2024-02-19 10:10:12.897 [info] > git status -z -uall [6ms]
2024-02-19 10:10:13.878 [info] > git show --textconv :Week 3/Day 4/miniProject/MiniProject.html [7ms]
2024-02-19 10:10:13.880 [info] > git ls-files --stage -- /home/simgabrob/Bootcamp/Week 3/Day 4/miniProject/MiniProject.html [4ms]
2024-02-19 10:10:13.890 [info] > git cat-file -s d70b3f629f4d5253b062335bf8f938acb112ffc8 [3ms]
2024-02-19 10:10:18.598 [info] > git show --textconv :Week 4/Hackathon/index.html [20ms]
2024-02-19 10:10:18.605 [info] > git ls-files --stage -- /home/simgabrob/Bootcamp/Week 4/Hackathon/index.html [9ms]
2024-02-19 10:10:21.798 [info] > git for-each-ref --format=%(refname)%00%(upstream:short)%00%(objectname)%00%(upstream:track)%00%(upstream:remotename)%00%(upstream:remoteref) refs/heads/main refs/remotes/main [20ms]
2024-02-19 10:10:21.799 [info] > git config --get commit.template [51ms]
2024-02-19 10:10:21.834 [info] > git status -z -uall [5ms]
2024-02-19 10:10:26.905 [info] > git config --get commit.template [30ms]
2024-02-19 10:10:26.908 [info] > git for-each-ref --format=%(refname)%00%(upstream:short)%00%(objectname)%00%(upstream:track)%00%(upstream:remotename)%00%(upstream:remoteref) refs/heads/main refs/remotes/main [7ms]
2024-02-19 10:10:26.925 [info] > git status -z -uall [5ms]
2024-02-19 10:10:31.990 [info] > git config --get commit.template [27ms]
2024-02-19 10:10:31.992 [info] > git for-each-ref --format=%(refname)%00%(upstream:short)%00%(objectname)%00%(upstream:track)%00%(upstream:remotename)%00%(upstream:remoteref) refs/heads/main refs/remotes/main [10ms]
2024-02-19 10:10:32.031 [info] > git status -z -uall [8ms]
2024-02-19 10:10:37.049 [info] > git config --get commit.template [6ms]
2024-02-19 10:10:37.050 [info] > git for-each-ref --format=%(refname)%00%(upstream:short)%00%(objectname)%00%(upstream:track)%00%(upstream:remotename)%00%(upstream:remoteref) refs/heads/main refs/remotes/main [2ms]
2024-02-19 10:10:37.058 [info] > git status -z -uall [2ms]
2024-02-19 10:10:42.102 [info] > git config --get commit.template [19ms]
2024-02-19 10:10:42.105 [info] > git for-each-ref --format=%(refname)%00%(upstream:short)%00%(objectname)%00%(upstream:track)%00%(upstream:remotename)%00%(upstream:remoteref) refs/heads/main refs/remotes/main [6ms]
2024-02-19 10:10:42.117 [info] > git status -z -uall [3ms]
2024-02-19 10:19:08.600 [info] > git show --textconv :Week 3/Day 4/timer.html [20ms]
2024-02-19 10:19:08.605 [info] > git ls-files --stage -- /home/simgabrob/Bootcamp/Week 3/Day 4/timer.html [6ms]
2024-02-19 10:19:08.626 [info] > git cat-file -s 3075fabddf37026d9b63a7acde34f73529c0ae20 [8ms]
2024-02-19 10:19:09.481 [info] > git show --textconv :Week 4/Hackathon/index.html [7ms]
2024-02-19 10:19:09.483 [info] > git ls-files --stage -- /home/simgabrob/Bootcamp/Week 4/Hackathon/index.html [3ms]
2024-02-19 10:19:11.273 [info] > git show --textconv :Week 3/Day 4/miniProject/MiniProject.html [20ms]
2024-02-19 10:19:11.275 [info] > git ls-files --stage -- /home/simgabrob/Bootcamp/Week 3/Day 4/miniProject/MiniProject.html [4ms]
2024-02-19 10:19:11.287 [info] > git cat-file -s d70b3f629f4d5253b062335bf8f938acb112ffc8 [2ms]
2024-02-19 10:19:12.413 [info] > git show --textconv :Week 4/Hackathon/index.html [27ms]
2024-02-19 10:19:12.416 [info] > git ls-files --stage -- /home/simgabrob/Bootcamp/Week 4/Hackathon/index.html [3ms]
2024-02-19 10:19:15.595 [info] > git show --textconv :Week 4/Hackathon/script.js [25ms]
2024-02-19 10:19:15.603 [info] > git ls-files --stage -- /home/simgabrob/Bootcamp/Week 4/Hackathon/script.js [9ms]
2024-02-19 10:19:16.393 [info] > git show --textconv :Week 4/Hackathon/style.css [43ms]
2024-02-19 10:19:16.412 [info] > git ls-files --stage -- /home/simgabrob/Bootcamp/Week 4/Hackathon/style.css [26ms]
2024-02-19 10:19:20.560 [info] > git show --textconv :Week 4/Hackathon/script.js [13ms]
2024-02-19 10:19:20.564 [info] > git ls-files --stage -- /home/simgabrob/Bootcamp/Week 4/Hackathon/script.js [4ms]
2024-02-19 10:19:21.954 [info] > git show --textconv :Week 4/Hackathon/index.html [47ms]
2024-02-19 10:19:21.964 [info] > git ls-files --stage -- /home/simgabrob/Bootcamp/Week 4/Hackathon/index.html [15ms]
2024-02-19 10:19:24.071 [info] > git show --textconv :Week 4/Hackathon/style.css [22ms]
2024-02-19 10:19:24.077 [info] > git ls-files --stage -- /home/simgabrob/Bootcamp/Week 4/Hackathon/style.css [8ms]
2024-02-19 10:19:33.989 [info] > git show --textconv :Week 4/Hackathon/script.js [37ms]
2024-02-19 10:19:34.000 [info] > git ls-files --stage -- /home/simgabrob/Bootcamp/Week 4/Hackathon/script.js [14ms]
2024-02-19 10:23:43.831 [info] > git merge-base refs/heads/main refs/remotes/origin/main [5ms]
2024-02-19 10:23:43.840 [info] > git rev-list --count --left-right refs/heads/main...refs/remotes/origin/main [2ms]
2024-02-19 10:23:44.588 [info] > git add -A -- . [5ms]
2024-02-19 10:23:45.137 [info] > git show --textconv :.git/COMMIT_EDITMSG [36ms]
2024-02-19 10:23:45.150 [info] > git ls-files --stage -- /home/simgabrob/Bootcamp/.git/COMMIT_EDITMSG [16ms]
2024-02-19 10:23:45.421 [info] > git check-ignore -v -z --stdin [12ms]
2024-02-19 10:23:45.797 [info] > git ls-files --stage -- /home/simgabrob/Bootcamp/.git/COMMIT_EDITMSG [4ms]
2024-02-19 10:23:45.812 [info] > git show --textconv :.git/COMMIT_EDITMSG [4ms]
