0 verbose cli /home/simgabrob/.config/nvm/versions/node/v21.6.1/bin/node /home/simgabrob/.config/nvm/versions/node/v21.6.1/bin/npm
1 info using npm@10.2.4
2 info using node@v21.6.1
3 timing npm:load:whichnode Completed in 5ms
4 timing config:load:defaults Completed in 3ms
5 timing config:load:file:/home/simgabrob/.config/nvm/versions/node/v21.6.1/lib/node_modules/npm/npmrc Completed in 1ms
6 timing config:load:builtin Completed in 1ms
7 timing config:load:cli Completed in 4ms
8 timing config:load:env Completed in 0ms
9 timing config:load:file:/home/simgabrob/.cache/typescript/5.3/.npmrc Completed in 1ms
10 timing config:load:project Completed in 3ms
11 timing config:load:file:/home/simgabrob/.npmrc Completed in 0ms
12 timing config:load:user Completed in 0ms
13 timing config:load:file:/home/simgabrob/.config/nvm/versions/node/v21.6.1/etc/npmrc Completed in 1ms
14 timing config:load:global Completed in 1ms
15 timing config:load:setEnvs Completed in 1ms
16 timing config:load Completed in 14ms
17 timing npm:load:configload Completed in 14ms
18 timing config:load:flatten Completed in 4ms
19 timing npm:load:mkdirpcache Completed in 15ms
20 timing npm:load:mkdirplogs Completed in 1ms
21 verbose title npm install types-registry@latest
22 verbose argv "install" "--ignore-scripts" "types-registry@latest"
23 timing npm:load:setTitle Completed in 1ms
24 timing npm:load:display Completed in 1ms
25 verbose logfile logs-max:10 dir:/home/simgabrob/.npm/_logs/2024-02-11T12_06_54_040Z-
26 verbose logfile /home/simgabrob/.npm/_logs/2024-02-11T12_06_54_040Z-debug-0.log
27 timing npm:load:logFile Completed in 14ms
28 timing npm:load:timers Completed in 0ms
29 timing npm:load:configScope Completed in 0ms
30 timing npm:load Completed in 80ms
31 timing arborist:ctor Completed in 2ms
32 silly logfile done cleaning log files
33 timing idealTree:init Completed in 25ms
34 timing arborist:ctor Completed in 0ms
35 http fetch GET 200 https://registry.npmjs.org/types-registry 193ms (cache updated)
36 timing idealTree:userRequests Completed in 202ms
37 silly idealTree buildDeps
38 silly fetch manifest types-registry@0.1.683
39 silly placeDep ROOT types-registry@0.1.683 REPLACE for:  want: 0.1.683
40 timing idealTree:#root Completed in 6ms
41 timing idealTree:node_modules/types-registry Completed in 0ms
42 timing idealTree:buildDeps Completed in 7ms
43 timing idealTree:fixDepFlags Completed in 0ms
44 timing idealTree Completed in 237ms
45 timing reify:loadTrees Completed in 238ms
46 timing reify:diffTrees Completed in 1ms
47 silly reify mark retired [ '/home/simgabrob/.cache/typescript/5.3/node_modules/types-registry' ]
48 silly reify moves {
48 silly reify   '/home/simgabrob/.cache/typescript/5.3/node_modules/types-registry': '/home/simgabrob/.cache/typescript/5.3/node_modules/.types-registry-3Abc4uB6'
48 silly reify }
49 timing reify:retireShallow Completed in 3ms
50 timing reify:createSparse Completed in 1ms
51 timing reify:loadBundles Completed in 0ms
52 silly audit bulk request { 'types-registry': [ '0.1.683' ] }
53 silly tarball no local data for types-registry@https://registry.npmjs.org/types-registry/-/types-registry-0.1.683.tgz. Extracting by manifest.
54 http fetch GET 200 https://registry.npmjs.org/types-registry/-/types-registry-0.1.683.tgz 116ms (cache miss)
55 timing reifyNode:node_modules/types-registry Completed in 122ms
56 timing reify:unpack Completed in 122ms
57 timing reify:unretire Completed in 0ms
58 timing build:queue Completed in 0ms
59 timing build:deps Completed in 1ms
60 timing build Completed in 1ms
61 timing reify:build Completed in 2ms
62 timing reify:trash Completed in 1ms
63 timing reify:save Completed in 4ms
64 http fetch POST 200 https://registry.npmjs.org/-/npm/v1/security/advisories/bulk 220ms
65 timing auditReport:getReport Completed in 221ms
66 silly audit report {}
67 timing auditReport:init Completed in 0ms
68 timing reify:audit Completed in 222ms
69 timing reify Completed in 480ms
70 silly CHANGE node_modules/types-registry
71 timing command:install Completed in 489ms
72 verbose exit 0
73 timing npm Completed in 1099ms
74 info ok
