0 verbose cli /home/simgabrob/.config/nvm/versions/node/v21.6.1/bin/node /home/simgabrob/.config/nvm/versions/node/v21.6.1/bin/npm
1 info using npm@10.2.4
2 info using node@v21.6.1
3 timing npm:load:whichnode Completed in 12ms
4 timing config:load:defaults Completed in 2ms
5 timing config:load:file:/home/simgabrob/.config/nvm/versions/node/v21.6.1/lib/node_modules/npm/npmrc Completed in 2ms
6 timing config:load:builtin Completed in 2ms
7 timing config:load:cli Completed in 6ms
8 timing config:load:env Completed in 1ms
9 timing config:load:file:/home/simgabrob/.cache/typescript/5.3/.npmrc Completed in 0ms
10 timing config:load:project Completed in 2ms
11 timing config:load:file:/home/simgabrob/.npmrc Completed in 1ms
12 timing config:load:user Completed in 1ms
13 timing config:load:file:/home/simgabrob/.config/nvm/versions/node/v21.6.1/etc/npmrc Completed in 0ms
14 timing config:load:global Completed in 0ms
15 timing config:load:setEnvs Completed in 2ms
16 timing config:load Completed in 16ms
17 timing npm:load:configload Completed in 17ms
18 timing config:load:flatten Completed in 11ms
19 timing npm:load:mkdirpcache Completed in 33ms
20 timing npm:load:mkdirplogs Completed in 13ms
21 verbose title npm install types-registry@latest
22 verbose argv "install" "--ignore-scripts" "types-registry@latest"
23 timing npm:load:setTitle Completed in 1ms
24 timing npm:load:display Completed in 1ms
25 verbose logfile logs-max:10 dir:/home/simgabrob/.npm/_logs/2024-02-11T13_22_28_622Z-
26 verbose logfile /home/simgabrob/.npm/_logs/2024-02-11T13_22_28_622Z-debug-0.log
27 timing npm:load:logFile Completed in 17ms
28 timing npm:load:timers Completed in 0ms
29 timing npm:load:configScope Completed in 0ms
30 timing npm:load Completed in 147ms
31 timing arborist:ctor Completed in 2ms
32 silly logfile done cleaning log files
33 timing idealTree:init Completed in 16ms
34 timing arborist:ctor Completed in 0ms
35 http fetch GET 200 https://registry.npmjs.org/types-registry 212ms (cache revalidated)
36 timing idealTree:userRequests Completed in 224ms
37 silly idealTree buildDeps
38 silly fetch manifest types-registry@0.1.683
39 silly placeDep ROOT types-registry@0.1.683 REPLACE for:  want: 0.1.683
40 timing idealTree:#root Completed in 7ms
41 timing idealTree:node_modules/types-registry Completed in 0ms
42 timing idealTree:buildDeps Completed in 7ms
43 timing idealTree:fixDepFlags Completed in 0ms
44 timing idealTree Completed in 248ms
45 timing reify:loadTrees Completed in 249ms
46 timing reify:diffTrees Completed in 1ms
47 silly reify moves {}
48 timing reify:retireShallow Completed in 1ms
49 timing reify:createSparse Completed in 0ms
50 timing reify:loadBundles Completed in 0ms
51 silly audit bulk request { 'types-registry': [ '0.1.683' ] }
52 timing reify:unpack Completed in 1ms
53 timing reify:unretire Completed in 0ms
54 timing build:queue Completed in 0ms
55 timing build:deps Completed in 0ms
56 timing build Completed in 0ms
57 timing reify:build Completed in 1ms
58 timing reify:trash Completed in 0ms
59 timing reify:save Completed in 4ms
60 http fetch POST 200 https://registry.npmjs.org/-/npm/v1/security/advisories/bulk 231ms
61 timing auditReport:getReport Completed in 233ms
62 silly audit report {}
63 timing auditReport:init Completed in 1ms
64 timing reify:audit Completed in 235ms
65 timing reify Completed in 496ms
66 timing command:install Completed in 509ms
67 verbose exit 0
68 timing npm Completed in 1417ms
69 info ok
