0 verbose cli /home/simgabrob/.config/nvm/versions/node/v21.6.1/bin/node /home/simgabrob/.config/nvm/versions/node/v21.6.1/bin/npm
1 info using npm@10.2.4
2 info using node@v21.6.1
3 timing npm:load:whichnode Completed in 3ms
4 timing config:load:defaults Completed in 2ms
5 timing config:load:file:/home/simgabrob/.config/nvm/versions/node/v21.6.1/lib/node_modules/npm/npmrc Completed in 3ms
6 timing config:load:builtin Completed in 3ms
7 timing config:load:cli Completed in 4ms
8 timing config:load:env Completed in 0ms
9 timing config:load:file:/home/simgabrob/.cache/typescript/5.3/.npmrc Completed in 0ms
10 timing config:load:project Completed in 3ms
11 timing config:load:file:/home/simgabrob/.npmrc Completed in 1ms
12 timing config:load:user Completed in 1ms
13 timing config:load:file:/home/simgabrob/.config/nvm/versions/node/v21.6.1/etc/npmrc Completed in 2ms
14 timing config:load:global Completed in 2ms
15 timing config:load:setEnvs Completed in 1ms
16 timing config:load Completed in 20ms
17 timing npm:load:configload Completed in 20ms
18 timing config:load:flatten Completed in 3ms
19 timing npm:load:mkdirpcache Completed in 20ms
20 timing npm:load:mkdirplogs Completed in 3ms
21 verbose title npm install types-registry@latest
22 verbose argv "install" "--ignore-scripts" "types-registry@latest"
23 timing npm:load:setTitle Completed in 1ms
24 timing npm:load:display Completed in 1ms
25 verbose logfile logs-max:10 dir:/home/simgabrob/.npm/_logs/2024-03-21T08_36_56_895Z-
26 verbose logfile /home/simgabrob/.npm/_logs/2024-03-21T08_36_56_895Z-debug-0.log
27 timing npm:load:logFile Completed in 15ms
28 timing npm:load:timers Completed in 0ms
29 timing npm:load:configScope Completed in 0ms
30 timing npm:load Completed in 94ms
31 timing arborist:ctor Completed in 2ms
32 silly logfile start cleaning logs, removing 1 files
33 silly logfile done cleaning log files
34 timing idealTree:init Completed in 15ms
35 timing arborist:ctor Completed in 0ms
36 http fetch GET 200 https://registry.npmjs.org/types-registry 26ms (cache hit)
37 timing idealTree:userRequests Completed in 37ms
38 silly idealTree buildDeps
39 silly fetch manifest types-registry@0.1.684
40 silly placeDep ROOT types-registry@0.1.684 REPLACE for:  want: 0.1.684
41 timing idealTree:#root Completed in 12ms
42 timing idealTree:node_modules/types-registry Completed in 0ms
43 timing idealTree:buildDeps Completed in 15ms
44 timing idealTree:fixDepFlags Completed in 0ms
45 timing idealTree Completed in 68ms
46 timing reify:loadTrees Completed in 70ms
47 timing reify:diffTrees Completed in 2ms
48 silly reify moves {}
49 timing reify:retireShallow Completed in 2ms
50 timing reify:createSparse Completed in 0ms
51 timing reify:loadBundles Completed in 0ms
52 silly audit bulk request { 'types-registry': [ '0.1.684' ] }
53 timing reify:unpack Completed in 3ms
54 timing reify:unretire Completed in 44ms
55 timing build:queue Completed in 0ms
56 timing build:deps Completed in 1ms
57 timing build Completed in 1ms
58 timing reify:build Completed in 2ms
59 timing reify:trash Completed in 0ms
60 timing reify:save Completed in 22ms
61 http fetch POST 200 https://registry.npmjs.org/-/npm/v1/security/advisories/bulk 406ms
62 timing auditReport:getReport Completed in 409ms
63 silly audit report {}
64 timing auditReport:init Completed in 0ms
65 timing reify:audit Completed in 411ms
66 timing reify Completed in 501ms
67 timing command:install Completed in 514ms
68 verbose exit 0
69 timing npm Completed in 882ms
70 info ok
