2024-02-01 13:37:23.278 [info] Extension host with pid 559 started
2024-02-01 13:37:23.278 [info] Skipping acquiring lock for /home/simgabrob/.config/Code/User/workspaceStorage/6dacfa13b20953289d9dd43d4f5f88c4.
2024-02-01 13:37:23.394 [info] ExtensionService#_doActivateExtension vscode.emmet, startup: false, activationEvent: 'onLanguage'
2024-02-01 13:37:23.425 [info] ExtensionService#_doActivateExtension vscode.html-language-features, startup: false, activationEvent: 'onLanguage:html'
2024-02-01 13:37:25.172 [info] ExtensionService#_doActivateExtension vscode.git-base, startup: true, activationEvent: '*', root cause: vscode.git
2024-02-01 13:37:25.227 [info] ExtensionService#_doActivateExtension vscode.git, startup: true, activationEvent: '*'
2024-02-01 13:37:25.487 [info] ExtensionService#_doActivateExtension vscode.github, startup: true, activationEvent: '*'
2024-02-01 13:37:25.796 [info] Eager extensions activated
2024-02-01 13:37:26.064 [info] ExtensionService#_doActivateExtension vscode.debug-auto-launch, startup: false, activationEvent: 'onStartupFinished'
2024-02-01 13:37:26.090 [info] ExtensionService#_doActivateExtension vscode.merge-conflict, startup: false, activationEvent: 'onStartupFinished'
2024-02-01 13:37:26.110 [info] ExtensionService#_doActivateExtension ritwickdey.LiveServer, startup: false, activationEvent: 'onStartupFinished'
2024-02-01 13:37:26.192 [info] ExtensionService#_doActivateExtension yandeu.five-server, startup: false, activationEvent: 'onStartupFinished'
2024-02-04 14:21:11.009 [info] ExtensionService#_doActivateExtension vscode.extension-editing, startup: false, activationEvent: 'onLanguage:json'
2024-02-04 14:21:11.023 [info] ExtensionService#_doActivateExtension vscode.json-language-features, startup: false, activationEvent: 'onLanguage:json'
2024-02-04 14:21:11.066 [info] ExtensionService#_doActivateExtension vscode.npm, startup: false, activationEvent: 'onLanguage:json'
2024-02-04 14:21:17.279 [info] Extension host terminating: renderer closed the MessagePort
2024-02-04 14:21:17.368 [info] Extension host with pid 559 exiting with code 0
2024-02-04 14:21:17.878 [info] Extension host with pid 2818 started
2024-02-04 14:21:17.878 [info] Skipping acquiring lock for /home/simgabrob/.config/Code/User/workspaceStorage/6dacfa13b20953289d9dd43d4f5f88c4.
2024-02-04 14:21:17.886 [info] ExtensionService#_doActivateExtension vscode.emmet, startup: false, activationEvent: 'onLanguage'
2024-02-04 14:21:17.894 [info] ExtensionService#_doActivateExtension vscode.html-language-features, startup: false, activationEvent: 'onLanguage:html'
2024-02-04 14:21:17.918 [info] ExtensionService#_doActivateExtension yandeu.five-server, startup: false, activationEvent: 'onCommand:fiveServer.open'
2024-02-04 14:21:17.930 [info] ExtensionService#_doActivateExtension vscode.extension-editing, startup: false, activationEvent: 'onLanguage:json'
2024-02-04 14:21:17.938 [info] ExtensionService#_doActivateExtension vscode.json-language-features, startup: false, activationEvent: 'onLanguage:json'
2024-02-04 14:21:17.957 [info] ExtensionService#_doActivateExtension vscode.npm, startup: false, activationEvent: 'onLanguage:json'
2024-02-04 14:21:18.701 [info] ExtensionService#_doActivateExtension vscode.git-base, startup: true, activationEvent: '*', root cause: vscode.git
2024-02-04 14:21:18.723 [info] ExtensionService#_doActivateExtension vscode.git, startup: true, activationEvent: '*'
2024-02-04 14:21:18.756 [info] ExtensionService#_doActivateExtension vscode.github, startup: true, activationEvent: '*'
2024-02-04 14:21:18.831 [info] Eager extensions activated
2024-02-04 14:21:18.858 [info] ExtensionService#_doActivateExtension vscode.debug-auto-launch, startup: false, activationEvent: 'onStartupFinished'
2024-02-04 14:21:18.863 [info] ExtensionService#_doActivateExtension vscode.merge-conflict, startup: false, activationEvent: 'onStartupFinished'
2024-02-04 14:21:18.872 [info] ExtensionService#_doActivateExtension ritwickdey.LiveServer, startup: false, activationEvent: 'onStartupFinished'
2024-02-04 14:22:05.310 [info] ExtensionService#_doActivateExtension vscode.typescript-language-features, startup: false, activationEvent: 'onLanguage:javascript'
