2024-03-21 10:35:05.164 [info] Log level: Info
2024-03-21 10:35:05.164 [info] Validating found git in: "git"
2024-03-21 10:35:05.164 [info] Using git "2.39.2" from "git"
2024-03-21 10:35:05.164 [info] > git rev-parse --show-toplevel [26ms]
2024-03-21 10:35:05.164 [info] > git rev-parse --git-dir --git-common-dir [10ms]
2024-03-21 10:35:05.164 [info] Open repository: /home/simgabrob/Final Project
2024-03-21 10:35:05.166 [info] > git config --get commit.template [13ms]
2024-03-21 10:35:05.190 [info] > git for-each-ref --format=%(refname)%00%(upstream:short)%00%(objectname)%00%(upstream:track)%00%(upstream:remotename)%00%(upstream:remoteref) refs/heads/main refs/remotes/main [17ms]
2024-03-21 10:35:05.224 [info] > git status -z -uall [20ms]
2024-03-21 10:35:06.191 [info] > git config --get commit.template [948ms]
2024-03-21 10:35:07.015 [info] > git check-ignore -v -z --stdin [17ms]
2024-03-21 10:35:08.189 [info] > git for-each-ref --format=%(refname)%00%(upstream:short)%00%(objectname)%00%(upstream:track)%00%(upstream:remotename)%00%(upstream:remoteref) refs/heads/main refs/remotes/main [824ms]
2024-03-21 10:35:08.516 [info] > git status -z -uall [22ms]
2024-03-21 10:35:08.672 [info] > git show --textconv :index.html [72ms]
2024-03-21 10:35:08.672 [info] > git ls-files --stage -- /home/simgabrob/Final Project/index.html [37ms]
2024-03-21 10:35:08.736 [info] > git cat-file -s 7779c750d7809949830c06285286f10768e0bbad [45ms]
2024-03-21 10:35:22.469 [info] Log level: Info
2024-03-21 10:35:22.469 [info] Validating found git in: "git"
2024-03-21 10:35:22.469 [info] Using git "2.39.2" from "git"
2024-03-21 10:35:22.469 [info] > git rev-parse --show-toplevel [77ms]
2024-03-21 10:35:22.579 [info] > git rev-parse --git-dir --git-common-dir [65ms]
2024-03-21 10:35:22.592 [info] Open repository: /home/simgabrob/Final Project
2024-03-21 10:35:23.153 [info] > git rev-parse --show-toplevel [491ms]
2024-03-21 10:35:23.154 [info] > git config --get commit.template [524ms]
2024-03-21 10:35:23.374 [info] > git rev-parse --git-dir --git-common-dir [89ms]
2024-03-21 10:35:23.395 [info] Open repository: /home/simgabrob
2024-03-21 10:35:23.453 [info] > git for-each-ref --format=%(refname)%00%(upstream:short)%00%(objectname)%00%(upstream:track)%00%(upstream:remotename)%00%(upstream:remoteref) refs/heads/main refs/remotes/main [86ms]
2024-03-21 10:35:23.503 [info] > git rev-parse --show-toplevel [58ms]
2024-03-21 10:35:23.503 [info] > git config --get commit.template [70ms]
2024-03-21 10:35:23.550 [info] > git rev-parse --git-dir --git-common-dir [17ms]
2024-03-21 10:35:23.561 [info] Open repository: /home/simgabrob/Hackathon/hackathonOne
2024-03-21 10:35:23.647 [info] > git status -z -uall [33ms]
2024-03-21 10:35:23.648 [info] > git config --get commit.template [26ms]
2024-03-21 10:35:23.670 [info] > git for-each-ref --format=%(refname)%00%(upstream:short)%00%(objectname)%00%(upstream:track)%00%(upstream:remotename)%00%(upstream:remoteref) refs/heads/simon refs/remotes/simon [123ms]
2024-03-21 10:35:23.677 [info] > git ls-files --stage -- /home/simgabrob/Final Project/index.html [99ms]
2024-03-21 10:35:23.893 [info] > git config --get commit.template [152ms]
2024-03-21 10:35:23.894 [info] > git cat-file -s 7779c750d7809949830c06285286f10768e0bbad [166ms]
2024-03-21 10:35:23.903 [info] > git for-each-ref --format=%(refname)%00%(upstream:short)%00%(objectname)%00%(upstream:track)%00%(upstream:remotename)%00%(upstream:remoteref) refs/heads/main refs/remotes/main [13ms]
2024-03-21 10:35:24.002 [warning] ENOENT: no such file or directory, open '/home/simgabrob/Hackathon/hackathonOne/.git/refs/remotes/origin/main'
2024-03-21 10:35:24.003 [info] > git show --textconv :index.html [65ms]
2024-03-21 10:35:24.018 [info] > git rev-parse refs/remotes/origin/main [16ms]
2024-03-21 10:35:24.028 [info] > git for-each-ref --format=%(refname)%00%(upstream:short)%00%(objectname)%00%(upstream:track)%00%(upstream:remotename)%00%(upstream:remoteref) refs/heads/main refs/remotes/main [48ms]
2024-03-21 10:35:24.125 [info] > git status -z -uall [95ms]
2024-03-21 10:35:24.216 [info] > git config --get commit.template [26ms]
2024-03-21 10:35:24.554 [info] > git status -z -uall [268ms]
2024-03-21 10:35:24.554 [info] > git check-ignore -v -z --stdin [56ms]
2024-03-21 10:35:24.555 [info] > git check-ignore -v -z --stdin [39ms]
2024-03-21 10:35:24.587 [info] > git check-ignore -v -z --stdin [54ms]
2024-03-21 10:35:24.595 [info] > git for-each-ref --format=%(refname)%00%(upstream:short)%00%(objectname)%00%(upstream:track)%00%(upstream:remotename)%00%(upstream:remoteref) refs/heads/main refs/remotes/main [271ms]
2024-03-21 10:35:24.670 [warning] ENOENT: no such file or directory, open '/home/simgabrob/Hackathon/hackathonOne/.git/refs/remotes/origin/main'
2024-03-21 10:35:24.708 [info] > git rev-parse refs/remotes/origin/main [38ms]
2024-03-21 10:35:24.792 [info] > git status -z -uall [68ms]
2024-03-21 10:35:25.324 [info] > git status -z -uall [1333ms]
2024-03-21 10:35:26.116 [info] > git config --get commit.template [80ms]
2024-03-21 10:35:26.165 [info] > git for-each-ref --format=%(refname)%00%(upstream:short)%00%(objectname)%00%(upstream:track)%00%(upstream:remotename)%00%(upstream:remoteref) refs/heads/simon refs/remotes/simon [18ms]
2024-03-21 10:35:26.479 [info] > git status -z -uall [195ms]
2024-03-21 10:35:29.820 [info] > git config --get commit.template [13ms]
2024-03-21 10:35:29.906 [info] > git for-each-ref --format=%(refname)%00%(upstream:short)%00%(objectname)%00%(upstream:track)%00%(upstream:remotename)%00%(upstream:remoteref) refs/heads/simon refs/remotes/simon [12ms]
2024-03-21 10:35:30.343 [info] > git status -z -uall [328ms]
2024-03-21 10:35:35.518 [info] > git config --get commit.template [12ms]
2024-03-21 10:35:35.521 [info] > git for-each-ref --format=%(refname)%00%(upstream:short)%00%(objectname)%00%(upstream:track)%00%(upstream:remotename)%00%(upstream:remoteref) refs/heads/simon refs/remotes/simon [4ms]
2024-03-21 10:35:35.628 [info] > git status -z -uall [94ms]
2024-03-21 10:35:40.690 [info] > git config --get commit.template [13ms]
2024-03-21 10:35:40.693 [info] > git for-each-ref --format=%(refname)%00%(upstream:short)%00%(objectname)%00%(upstream:track)%00%(upstream:remotename)%00%(upstream:remoteref) refs/heads/simon refs/remotes/simon [4ms]
2024-03-21 10:35:40.826 [info] > git status -z -uall [113ms]
2024-03-21 10:35:56.007 [info] > git config --get commit.template [11ms]
2024-03-21 10:35:56.026 [info] > git for-each-ref --format=%(refname)%00%(upstream:short)%00%(objectname)%00%(upstream:track)%00%(upstream:remotename)%00%(upstream:remoteref) refs/heads/simon refs/remotes/simon [3ms]
2024-03-21 10:35:56.191 [info] > git status -z -uall [142ms]
2024-03-21 10:36:05.826 [info] Log level: Info
2024-03-21 10:36:05.826 [info] Validating found git in: "git"
2024-03-21 10:36:05.826 [info] Using git "2.39.2" from "git"
2024-03-21 10:36:05.829 [info] > git rev-parse --show-toplevel [22ms]
2024-03-21 10:36:05.839 [info] > git rev-parse --git-dir --git-common-dir [4ms]
2024-03-21 10:36:05.854 [info] Open repository: /home/simgabrob
2024-03-21 10:36:05.892 [info] > git config --get commit.template [22ms]
2024-03-21 10:36:05.924 [info] > git rev-parse --show-toplevel [35ms]
2024-03-21 10:36:05.981 [info] > git for-each-ref --format=%(refname)%00%(upstream:short)%00%(objectname)%00%(upstream:track)%00%(upstream:remotename)%00%(upstream:remoteref) refs/heads/simon refs/remotes/simon [74ms]
2024-03-21 10:36:05.998 [info] > git rev-parse --git-dir --git-common-dir [18ms]
2024-03-21 10:36:06.036 [info] Open repository: /home/simgabrob/Hackathon/hackathonOne
2024-03-21 10:36:06.085 [info] > git config --get commit.template [17ms]
2024-03-21 10:36:06.136 [info] > git for-each-ref --format=%(refname)%00%(upstream:short)%00%(objectname)%00%(upstream:track)%00%(upstream:remotename)%00%(upstream:remoteref) refs/heads/main refs/remotes/main [9ms]
2024-03-21 10:36:06.194 [warning] ENOENT: no such file or directory, open '/home/simgabrob/Hackathon/hackathonOne/.git/refs/remotes/origin/main'
2024-03-21 10:36:07.785 [info] > git status -z -uall [1789ms]
2024-03-21 10:36:08.039 [info] > git rev-parse refs/remotes/origin/main [1845ms]
2024-03-21 10:36:09.485 [info] > git status -z -uall [1436ms]
2024-03-21 10:36:09.753 [info] > git check-ignore -v -z --stdin [180ms]
2024-03-21 10:36:09.764 [info] > git config --get commit.template [291ms]
2024-03-21 10:36:10.201 [info] > git config --get commit.template [485ms]
2024-03-21 10:36:10.540 [info] > git for-each-ref --format=%(refname)%00%(upstream:short)%00%(objectname)%00%(upstream:track)%00%(upstream:remotename)%00%(upstream:remoteref) refs/heads/simon refs/remotes/simon [49ms]
2024-03-21 10:36:10.549 [info] > git for-each-ref --format=%(refname)%00%(upstream:short)%00%(objectname)%00%(upstream:track)%00%(upstream:remotename)%00%(upstream:remoteref) refs/heads/main refs/remotes/main [13ms]
2024-03-21 10:36:10.650 [warning] ENOENT: no such file or directory, open '/home/simgabrob/Hackathon/hackathonOne/.git/refs/remotes/origin/main'
2024-03-21 10:36:10.773 [info] > git rev-parse refs/remotes/origin/main [122ms]
2024-03-21 10:36:10.948 [info] > git status -z -uall [250ms]
2024-03-21 10:36:10.948 [info] > git status -z -uall [134ms]
2024-03-21 10:36:12.037 [info] > git show --textconv :script.js [45ms]
2024-03-21 10:36:12.038 [info] > git ls-files --stage -- /home/simgabrob/Hackathon/hackathonOne/script.js [20ms]
2024-03-21 10:36:34.983 [info] > git for-each-ref --format=%(refname)%00%(upstream:short)%00%(objectname)%00%(upstream:track)%00%(upstream:remotename)%00%(upstream:remoteref) refs/heads/simon refs/remotes/simon [4ms]
2024-03-21 10:36:34.985 [info] > git config --get commit.template [21ms]
2024-03-21 10:36:41.252 [info] Log level: Info
2024-03-21 10:36:41.252 [info] Validating found git in: "git"
2024-03-21 10:36:41.252 [info] Using git "2.39.2" from "git"
2024-03-21 10:36:41.252 [info] > git rev-parse --show-toplevel [175ms]
2024-03-21 10:36:41.263 [info] > git rev-parse --git-dir --git-common-dir [3ms]
2024-03-21 10:36:41.273 [info] Open repository: /home/simgabrob
2024-03-21 10:36:41.293 [info] > git config --get commit.template [5ms]
2024-03-21 10:36:41.317 [info] > git for-each-ref --format=%(refname)%00%(upstream:short)%00%(objectname)%00%(upstream:track)%00%(upstream:remotename)%00%(upstream:remoteref) refs/heads/simon refs/remotes/simon [7ms]
2024-03-21 10:36:41.537 [info] > git status -z -uall [172ms]
2024-03-21 10:36:41.897 [info] > git config --get commit.template [244ms]
2024-03-21 10:36:41.918 [info] > git for-each-ref --format=%(refname)%00%(upstream:short)%00%(objectname)%00%(upstream:track)%00%(upstream:remotename)%00%(upstream:remoteref) refs/heads/simon refs/remotes/simon [3ms]
2024-03-21 10:36:42.113 [info] > git status -z -uall [184ms]
2024-03-21 10:36:45.806 [info] > git config --get commit.template [14ms]
2024-03-21 10:36:45.816 [info] > git for-each-ref --format=%(refname)%00%(upstream:short)%00%(objectname)%00%(upstream:track)%00%(upstream:remotename)%00%(upstream:remoteref) refs/heads/simon refs/remotes/simon [2ms]
2024-03-21 10:36:45.903 [info] > git status -z -uall [79ms]
2024-03-21 10:36:50.236 [info] > git show --textconv :Volunteering/style.css [13ms]
2024-03-21 10:36:50.244 [info] > git ls-files --stage -- /home/simgabrob/Volunteering/style.css [9ms]
2024-03-21 10:36:50.389 [info] > git check-ignore -v -z --stdin [7ms]
2024-03-21 10:36:50.954 [info] > git config --get commit.template [2ms]
2024-03-21 10:36:50.963 [info] > git for-each-ref --format=%(refname)%00%(upstream:short)%00%(objectname)%00%(upstream:track)%00%(upstream:remotename)%00%(upstream:remoteref) refs/heads/simon refs/remotes/simon [2ms]
2024-03-21 10:36:51.056 [info] > git status -z -uall [83ms]
2024-03-21 10:36:54.046 [info] > git show --textconv :Volunteering/script.js [29ms]
2024-03-21 10:36:54.054 [info] > git ls-files --stage -- /home/simgabrob/Volunteering/script.js [9ms]
2024-03-21 10:36:54.222 [info] > git check-ignore -v -z --stdin [14ms]
2024-03-21 10:36:56.147 [info] > git config --get commit.template [14ms]
2024-03-21 10:36:56.150 [info] > git for-each-ref --format=%(refname)%00%(upstream:short)%00%(objectname)%00%(upstream:track)%00%(upstream:remotename)%00%(upstream:remoteref) refs/heads/simon refs/remotes/simon [5ms]
2024-03-21 10:36:56.303 [info] > git status -z -uall [137ms]
2024-03-21 10:36:59.132 [info] > git show --textconv :Volunteering/index.hmtl [16ms]
2024-03-21 10:36:59.133 [info] > git ls-files --stage -- /home/simgabrob/Volunteering/index.hmtl [1ms]
2024-03-21 10:36:59.358 [info] > git check-ignore -v -z --stdin [4ms]
2024-03-21 10:37:01.392 [info] > git config --get commit.template [12ms]
2024-03-21 10:37:01.394 [info] > git for-each-ref --format=%(refname)%00%(upstream:short)%00%(objectname)%00%(upstream:track)%00%(upstream:remotename)%00%(upstream:remoteref) refs/heads/simon refs/remotes/simon [3ms]
2024-03-21 10:37:01.515 [info] > git status -z -uall [108ms]
2024-03-21 10:37:06.599 [info] > git show --textconv :Volunteering/script.js [30ms]
2024-03-21 10:37:06.599 [info] > git config --get commit.template [16ms]
2024-03-21 10:37:06.612 [info] > git ls-files --stage -- /home/simgabrob/Volunteering/script.js [15ms]
2024-03-21 10:37:06.616 [info] > git for-each-ref --format=%(refname)%00%(upstream:short)%00%(objectname)%00%(upstream:track)%00%(upstream:remotename)%00%(upstream:remoteref) refs/heads/simon refs/remotes/simon [4ms]
2024-03-21 10:37:06.787 [info] > git status -z -uall [160ms]
2024-03-21 10:37:10.710 [info] > git show --textconv :Volunteering/index.html [22ms]
2024-03-21 10:37:10.711 [info] > git ls-files --stage -- /home/simgabrob/Volunteering/index.html [6ms]
2024-03-21 10:37:10.948 [info] > git check-ignore -v -z --stdin [4ms]
2024-03-21 10:37:11.845 [info] > git config --get commit.template [12ms]
2024-03-21 10:37:11.848 [info] > git for-each-ref --format=%(refname)%00%(upstream:short)%00%(objectname)%00%(upstream:track)%00%(upstream:remotename)%00%(upstream:remoteref) refs/heads/simon refs/remotes/simon [4ms]
2024-03-21 10:37:11.953 [info] > git status -z -uall [94ms]
2024-03-21 10:37:17.020 [info] > git config --get commit.template [11ms]
2024-03-21 10:37:17.022 [info] > git for-each-ref --format=%(refname)%00%(upstream:short)%00%(objectname)%00%(upstream:track)%00%(upstream:remotename)%00%(upstream:remoteref) refs/heads/simon refs/remotes/simon [3ms]
2024-03-21 10:37:17.119 [info] > git status -z -uall [88ms]
2024-03-21 10:37:22.174 [info] > git config --get commit.template [11ms]
2024-03-21 10:37:22.176 [info] > git for-each-ref --format=%(refname)%00%(upstream:short)%00%(objectname)%00%(upstream:track)%00%(upstream:remotename)%00%(upstream:remoteref) refs/heads/simon refs/remotes/simon [3ms]
2024-03-21 10:37:22.279 [info] > git status -z -uall [93ms]
2024-03-21 10:37:27.337 [info] > git config --get commit.template [1ms]
2024-03-21 10:37:27.384 [info] > git for-each-ref --format=%(refname)%00%(upstream:short)%00%(objectname)%00%(upstream:track)%00%(upstream:remotename)%00%(upstream:remoteref) refs/heads/simon refs/remotes/simon [5ms]
2024-03-21 10:37:27.586 [info] > git status -z -uall [176ms]
2024-03-21 10:37:55.833 [info] > git config --get commit.template [20ms]
2024-03-21 10:37:55.838 [info] > git for-each-ref --format=%(refname)%00%(upstream:short)%00%(objectname)%00%(upstream:track)%00%(upstream:remotename)%00%(upstream:remoteref) refs/heads/simon refs/remotes/simon [6ms]
2024-03-21 10:37:55.952 [info] > git status -z -uall [102ms]
2024-03-21 10:38:01.055 [info] > git config --get commit.template [24ms]
2024-03-21 10:38:01.060 [info] > git for-each-ref --format=%(refname)%00%(upstream:short)%00%(objectname)%00%(upstream:track)%00%(upstream:remotename)%00%(upstream:remoteref) refs/heads/simon refs/remotes/simon [7ms]
2024-03-21 10:38:01.191 [info] > git status -z -uall [107ms]
2024-03-21 10:42:31.124 [info] > git config --get commit.template [13ms]
2024-03-21 10:42:31.134 [info] > git ls-files --stage -- /home/simgabrob/Volunteering/index.html [13ms]
2024-03-21 10:42:31.136 [info] > git for-each-ref --format=%(refname)%00%(upstream:short)%00%(objectname)%00%(upstream:track)%00%(upstream:remotename)%00%(upstream:remoteref) refs/heads/main refs/remotes/main [3ms]
2024-03-21 10:42:31.221 [info] > git show --textconv :Volunteering/index.html [11ms]
2024-03-21 10:42:31.261 [info] > git status -z -uall [117ms]
2024-03-21 10:42:36.389 [info] > git config --get commit.template [29ms]
2024-03-21 10:42:36.397 [info] > git for-each-ref --format=%(refname)%00%(upstream:short)%00%(objectname)%00%(upstream:track)%00%(upstream:remotename)%00%(upstream:remoteref) refs/heads/main refs/remotes/main [10ms]
2024-03-21 10:42:36.563 [info] > git status -z -uall [139ms]
2024-03-21 10:42:41.642 [info] > git config --get commit.template [17ms]
2024-03-21 10:42:41.644 [info] > git for-each-ref --format=%(refname)%00%(upstream:short)%00%(objectname)%00%(upstream:track)%00%(upstream:remotename)%00%(upstream:remoteref) refs/heads/main refs/remotes/main [3ms]
2024-03-21 10:42:41.721 [info] > git status -z -uall [68ms]
2024-03-21 10:42:46.805 [info] > git config --get commit.template [24ms]
2024-03-21 10:42:46.808 [info] > git for-each-ref --format=%(refname)%00%(upstream:short)%00%(objectname)%00%(upstream:track)%00%(upstream:remotename)%00%(upstream:remoteref) refs/heads/main refs/remotes/main [6ms]
2024-03-21 10:42:46.904 [info] > git status -z -uall [81ms]
2024-03-21 10:42:51.952 [info] > git config --get commit.template [11ms]
2024-03-21 10:42:51.954 [info] > git for-each-ref --format=%(refname)%00%(upstream:short)%00%(objectname)%00%(upstream:track)%00%(upstream:remotename)%00%(upstream:remoteref) refs/heads/main refs/remotes/main [3ms]
2024-03-21 10:42:52.033 [info] > git status -z -uall [72ms]
2024-03-21 10:44:16.319 [info] > git merge-base refs/heads/main refs/remotes/origin/simon [2ms]
2024-03-21 10:44:16.332 [info] > git rev-list --count --left-right refs/heads/main...refs/remotes/origin/simon [2ms]
2024-03-21 10:44:17.214 [info] > git check-ignore -v -z --stdin [30ms]
2024-03-21 10:44:22.379 [info] > git add -A -- . [2467ms]
2024-03-21 10:44:22.493 [info] > git -c user.useConfigOnly=true commit --quiet --allow-empty-message --file - [104ms]
2024-03-21 10:44:22.502 [info] > git config --get commit.template [2ms]
2024-03-21 10:44:22.514 [info] > git config --get commit.template [2ms]
2024-03-21 10:44:22.525 [info] > git for-each-ref --format=%(refname)%00%(upstream:short)%00%(objectname)%00%(upstream:track)%00%(upstream:remotename)%00%(upstream:remoteref) refs/heads/main refs/remotes/main [2ms]
2024-03-21 10:44:22.589 [info] > git status -z -uall [55ms]
2024-03-21 10:44:22.720 [info] > git merge-base refs/heads/main refs/remotes/origin/simon [8ms]
2024-03-21 10:44:22.783 [info] > git rev-list --count --left-right refs/heads/main...refs/remotes/origin/simon [31ms]
2024-03-21 10:44:22.787 [info] > git config --get commit.template [5ms]
2024-03-21 10:44:22.811 [info] > git for-each-ref --format=%(refname)%00%(upstream:short)%00%(objectname)%00%(upstream:track)%00%(upstream:remotename)%00%(upstream:remoteref) refs/heads/main refs/remotes/main [4ms]
2024-03-21 10:44:22.907 [info] > git status -z -uall [84ms]
2024-03-21 10:44:23.571 [info] > git check-ignore -v -z --stdin [17ms]
