2024-02-05 10:35:36.385 [info] Extension host with pid 2171 started
2024-02-05 10:35:36.385 [info] Skipping acquiring lock for /home/simgabrob/.config/Code/User/workspaceStorage/6dacfa13b20953289d9dd43d4f5f88c4.
2024-02-05 10:35:36.458 [info] ExtensionService#_doActivateExtension vscode.git-base, startup: true, activationEvent: '*', root cause: vscode.git
2024-02-05 10:35:36.481 [info] ExtensionService#_doActivateExtension vscode.git, startup: true, activationEvent: '*'
2024-02-05 10:35:36.520 [info] ExtensionService#_doActivateExtension vscode.github, startup: true, activationEvent: '*'
2024-02-05 10:35:36.661 [info] Eager extensions activated
2024-02-05 10:35:36.728 [info] ExtensionService#_doActivateExtension vscode.debug-auto-launch, startup: false, activationEvent: 'onStartupFinished'
2024-02-05 10:35:36.731 [info] ExtensionService#_doActivateExtension vscode.merge-conflict, startup: false, activationEvent: 'onStartupFinished'
2024-02-05 10:35:36.741 [info] ExtensionService#_doActivateExtension ritwickdey.LiveServer, startup: false, activationEvent: 'onStartupFinished'
2024-02-05 10:35:36.751 [info] ExtensionService#_doActivateExtension yandeu.five-server, startup: false, activationEvent: 'onStartupFinished'
2024-02-05 10:35:37.672 [error] Error: ENOENT: no such file or directory, scandir '/home/simgabrob/Javascript'
2024-02-05 10:35:44.917 [info] ExtensionService#_doActivateExtension vscode.typescript-language-features, startup: false, activationEvent: 'onLanguage:javascript'
2024-02-05 10:35:44.977 [info] ExtensionService#_doActivateExtension vscode.emmet, startup: false, activationEvent: 'onLanguage'
2024-02-05 10:35:45.524 [warning] [Decorations] CAPPING events from decorations provider vscode.git 5758
2024-02-05 10:35:47.985 [warning] [Decorations] CAPPING events from decorations provider vscode.git 5797
2024-02-05 10:35:49.736 [warning] [Decorations] CAPPING events from decorations provider vscode.git 5798
2024-02-05 10:35:54.892 [warning] [Decorations] CAPPING events from decorations provider vscode.git 5798
2024-02-05 10:36:00.108 [warning] [Decorations] CAPPING events from decorations provider vscode.git 5798
2024-02-05 10:36:00.672 [info] ExtensionService#_doActivateExtension vscode.html-language-features, startup: false, activationEvent: 'onLanguage:html'
2024-02-05 10:36:05.282 [warning] [Decorations] CAPPING events from decorations provider vscode.git 5799
2024-02-05 10:36:10.539 [warning] [Decorations] CAPPING events from decorations provider vscode.git 5799
2024-02-05 10:36:15.750 [warning] [Decorations] CAPPING events from decorations provider vscode.git 5799
2024-02-05 10:36:20.880 [warning] [Decorations] CAPPING events from decorations provider vscode.git 5799
2024-02-05 10:36:26.006 [warning] [Decorations] CAPPING events from decorations provider vscode.git 5799
2024-02-05 10:36:31.238 [warning] [Decorations] CAPPING events from decorations provider vscode.git 5800
2024-02-05 10:36:36.411 [warning] [Decorations] CAPPING events from decorations provider vscode.git 5800
2024-02-05 10:36:41.549 [warning] [Decorations] CAPPING events from decorations provider vscode.git 5802
2024-02-05 10:36:46.755 [warning] [Decorations] CAPPING events from decorations provider vscode.git 5802
2024-02-05 10:36:51.893 [warning] [Decorations] CAPPING events from decorations provider vscode.git 5802
2024-02-05 10:36:59.520 [warning] [Decorations] CAPPING events from decorations provider vscode.git 5802
2024-02-05 10:37:04.783 [warning] [Decorations] CAPPING events from decorations provider vscode.git 5802
2024-02-05 10:37:09.938 [warning] [Decorations] CAPPING events from decorations provider vscode.git 5802
2024-02-05 10:37:15.197 [warning] [Decorations] CAPPING events from decorations provider vscode.git 5802
2024-02-05 10:37:20.414 [warning] [Decorations] CAPPING events from decorations provider vscode.git 5803
2024-02-05 10:37:25.540 [warning] [Decorations] CAPPING events from decorations provider vscode.git 5803
2024-02-05 10:37:31.621 [warning] [Decorations] CAPPING events from decorations provider vscode.git 5804
2024-02-05 10:37:36.900 [warning] [Decorations] CAPPING events from decorations provider vscode.git 5804
2024-02-05 10:37:42.101 [warning] [Decorations] CAPPING events from decorations provider vscode.git 5804
2024-02-05 10:37:47.293 [warning] [Decorations] CAPPING events from decorations provider vscode.git 5804
2024-02-05 10:37:52.579 [warning] [Decorations] CAPPING events from decorations provider vscode.git 5804
2024-02-05 10:46:15.074 [warning] [Decorations] CAPPING events from decorations provider vscode.git 5805
2024-02-05 10:59:54.196 [warning] [Decorations] CAPPING events from decorations provider vscode.git 5807
2024-02-05 13:10:27.389 [warning] [Decorations] CAPPING events from decorations provider vscode.git 5807
2024-02-05 13:10:32.698 [warning] [Decorations] CAPPING events from decorations provider vscode.git 5807
2024-02-05 13:10:37.886 [warning] [Decorations] CAPPING events from decorations provider vscode.git 5807
2024-02-05 13:10:43.116 [warning] [Decorations] CAPPING events from decorations provider vscode.git 5807
2024-02-05 13:10:48.347 [warning] [Decorations] CAPPING events from decorations provider vscode.git 5808
2024-02-05 13:10:53.606 [warning] [Decorations] CAPPING events from decorations provider vscode.git 5808
2024-02-05 13:10:58.858 [warning] [Decorations] CAPPING events from decorations provider vscode.git 5807
2024-02-05 13:11:04.068 [warning] [Decorations] CAPPING events from decorations provider vscode.git 5808
2024-02-05 13:11:09.332 [warning] [Decorations] CAPPING events from decorations provider vscode.git 5808
2024-02-05 13:11:14.551 [warning] [Decorations] CAPPING events from decorations provider vscode.git 5808
2024-02-05 13:11:19.832 [warning] [Decorations] CAPPING events from decorations provider vscode.git 5814
2024-02-05 13:11:26.039 [warning] [Decorations] CAPPING events from decorations provider vscode.git 5809
2024-02-05 13:11:45.412 [warning] [Decorations] CAPPING events from decorations provider vscode.git 5809
2024-02-05 13:11:50.709 [warning] [Decorations] CAPPING events from decorations provider vscode.git 5809
2024-02-05 13:11:56.039 [warning] [Decorations] CAPPING events from decorations provider vscode.git 5810
2024-02-05 13:12:01.264 [warning] [Decorations] CAPPING events from decorations provider vscode.git 5810
2024-02-05 13:12:06.445 [warning] [Decorations] CAPPING events from decorations provider vscode.git 5810
2024-02-05 13:12:12.053 [warning] [Decorations] CAPPING events from decorations provider vscode.git 5810
2024-02-05 13:12:17.365 [warning] [Decorations] CAPPING events from decorations provider vscode.git 5811
2024-02-05 13:12:22.644 [warning] [Decorations] CAPPING events from decorations provider vscode.git 5811
2024-02-05 13:12:28.758 [warning] [Decorations] CAPPING events from decorations provider vscode.git 5811
2024-02-05 13:12:36.813 [warning] [Decorations] CAPPING events from decorations provider vscode.git 5811
2024-02-05 13:12:44.669 [warning] [Decorations] CAPPING events from decorations provider vscode.git 5812
2024-02-05 13:12:49.849 [warning] [Decorations] CAPPING events from decorations provider vscode.git 5812
2024-02-05 13:12:55.076 [warning] [Decorations] CAPPING events from decorations provider vscode.git 5812
2024-02-05 13:13:00.249 [warning] [Decorations] CAPPING events from decorations provider vscode.git 5812
2024-02-05 13:13:05.483 [warning] [Decorations] CAPPING events from decorations provider vscode.git 5812
2024-02-05 13:13:10.647 [warning] [Decorations] CAPPING events from decorations provider vscode.git 5812
2024-02-05 13:13:15.833 [warning] [Decorations] CAPPING events from decorations provider vscode.git 5812
2024-02-05 13:13:21.001 [warning] [Decorations] CAPPING events from decorations provider vscode.git 5812
2024-02-05 13:13:26.155 [warning] [Decorations] CAPPING events from decorations provider vscode.git 5812
2024-02-05 13:13:31.344 [warning] [Decorations] CAPPING events from decorations provider vscode.git 5812
2024-02-05 13:13:36.537 [warning] [Decorations] CAPPING events from decorations provider vscode.git 5812
2024-02-05 13:13:41.749 [warning] [Decorations] CAPPING events from decorations provider vscode.git 5812
2024-02-05 13:13:46.908 [warning] [Decorations] CAPPING events from decorations provider vscode.git 5812
2024-02-05 13:13:52.092 [warning] [Decorations] CAPPING events from decorations provider vscode.git 5812
2024-02-05 13:13:57.270 [warning] [Decorations] CAPPING events from decorations provider vscode.git 5812
2024-02-05 13:14:02.448 [warning] [Decorations] CAPPING events from decorations provider vscode.git 5812
2024-02-05 13:14:07.600 [warning] [Decorations] CAPPING events from decorations provider vscode.git 5812
2024-02-05 13:14:12.788 [warning] [Decorations] CAPPING events from decorations provider vscode.git 5812
2024-02-05 13:14:17.963 [warning] [Decorations] CAPPING events from decorations provider vscode.git 5812
2024-02-05 13:14:23.157 [warning] [Decorations] CAPPING events from decorations provider vscode.git 5812
2024-02-05 13:14:28.404 [warning] [Decorations] CAPPING events from decorations provider vscode.git 5812
2024-02-05 13:14:33.718 [warning] [Decorations] CAPPING events from decorations provider vscode.git 5813
2024-02-05 13:14:38.946 [warning] [Decorations] CAPPING events from decorations provider vscode.git 5813
2024-02-05 13:14:44.112 [warning] [Decorations] CAPPING events from decorations provider vscode.git 5813
2024-02-05 13:14:49.327 [warning] [Decorations] CAPPING events from decorations provider vscode.git 5813
2024-02-05 13:14:54.533 [warning] [Decorations] CAPPING events from decorations provider vscode.git 5813
2024-02-05 13:14:59.746 [warning] [Decorations] CAPPING events from decorations provider vscode.git 5813
2024-02-05 13:15:04.991 [warning] [Decorations] CAPPING events from decorations provider vscode.git 5813
2024-02-05 13:15:10.204 [warning] [Decorations] CAPPING events from decorations provider vscode.git 5814
2024-02-05 13:15:15.387 [warning] [Decorations] CAPPING events from decorations provider vscode.git 5814
2024-02-05 13:15:20.612 [warning] [Decorations] CAPPING events from decorations provider vscode.git 5814
2024-02-05 13:15:25.766 [warning] [Decorations] CAPPING events from decorations provider vscode.git 5815
2024-02-05 13:15:31.003 [warning] [Decorations] CAPPING events from decorations provider vscode.git 5815
2024-02-05 13:15:36.197 [warning] [Decorations] CAPPING events from decorations provider vscode.git 5815
2024-02-05 13:16:03.109 [warning] [Decorations] CAPPING events from decorations provider vscode.git 5816
2024-02-05 13:16:08.341 [warning] [Decorations] CAPPING events from decorations provider vscode.git 5817
2024-02-05 13:16:13.577 [warning] [Decorations] CAPPING events from decorations provider vscode.git 5817
2024-02-05 13:16:18.860 [warning] [Decorations] CAPPING events from decorations provider vscode.git 5817
2024-02-05 13:16:24.090 [warning] [Decorations] CAPPING events from decorations provider vscode.git 5817
2024-02-05 13:16:29.351 [warning] [Decorations] CAPPING events from decorations provider vscode.git 5818
2024-02-05 13:16:34.574 [warning] [Decorations] CAPPING events from decorations provider vscode.git 5818
2024-02-05 13:16:39.831 [warning] [Decorations] CAPPING events from decorations provider vscode.git 5818
2024-02-05 13:17:09.635 [warning] [Decorations] CAPPING events from decorations provider vscode.git 5818
2024-02-05 13:17:16.726 [warning] [Decorations] CAPPING events from decorations provider vscode.git 5819
2024-02-05 13:17:21.890 [warning] [Decorations] CAPPING events from decorations provider vscode.git 5819
2024-02-05 13:17:27.139 [warning] [Decorations] CAPPING events from decorations provider vscode.git 5819
2024-02-05 13:17:32.363 [warning] [Decorations] CAPPING events from decorations provider vscode.git 5819
2024-02-05 13:17:37.531 [warning] [Decorations] CAPPING events from decorations provider vscode.git 5820
2024-02-05 13:17:42.759 [warning] [Decorations] CAPPING events from decorations provider vscode.git 5820
2024-02-05 13:17:47.933 [warning] [Decorations] CAPPING events from decorations provider vscode.git 5820
2024-02-05 13:17:53.091 [warning] [Decorations] CAPPING events from decorations provider vscode.git 5821
2024-02-05 13:17:58.368 [warning] [Decorations] CAPPING events from decorations provider vscode.git 5821
2024-02-05 13:18:03.532 [warning] [Decorations] CAPPING events from decorations provider vscode.git 5821
2024-02-05 13:18:08.720 [warning] [Decorations] CAPPING events from decorations provider vscode.git 5821
2024-02-05 13:18:13.989 [warning] [Decorations] CAPPING events from decorations provider vscode.git 5821
2024-02-05 13:18:19.153 [warning] [Decorations] CAPPING events from decorations provider vscode.git 5821
2024-02-05 13:18:24.372 [warning] [Decorations] CAPPING events from decorations provider vscode.git 5822
2024-02-05 13:18:29.543 [warning] [Decorations] CAPPING events from decorations provider vscode.git 5822
2024-02-05 13:18:34.741 [warning] [Decorations] CAPPING events from decorations provider vscode.git 5822
2024-02-05 13:18:39.906 [warning] [Decorations] CAPPING events from decorations provider vscode.git 5822
2024-02-05 13:18:45.078 [warning] [Decorations] CAPPING events from decorations provider vscode.git 5822
2024-02-05 13:18:50.251 [warning] [Decorations] CAPPING events from decorations provider vscode.git 5822
2024-02-05 13:18:55.443 [warning] [Decorations] CAPPING events from decorations provider vscode.git 5822
2024-02-05 13:19:00.663 [warning] [Decorations] CAPPING events from decorations provider vscode.git 5822
2024-02-05 13:19:05.841 [warning] [Decorations] CAPPING events from decorations provider vscode.git 5822
2024-02-05 13:19:11.070 [warning] [Decorations] CAPPING events from decorations provider vscode.git 5822
2024-02-05 13:19:16.306 [warning] [Decorations] CAPPING events from decorations provider vscode.git 5824
2024-02-05 13:19:21.443 [warning] [Decorations] CAPPING events from decorations provider vscode.git 5824
2024-02-05 13:19:26.676 [warning] [Decorations] CAPPING events from decorations provider vscode.git 5823
2024-02-05 13:21:13.894 [warning] [Decorations] CAPPING events from decorations provider vscode.git 5823
2024-02-05 13:22:16.427 [warning] [Decorations] CAPPING events from decorations provider vscode.git 5823
2024-02-05 13:22:21.629 [warning] [Decorations] CAPPING events from decorations provider vscode.git 5823
2024-02-05 13:22:26.872 [warning] [Decorations] CAPPING events from decorations provider vscode.git 5824
2024-02-05 13:22:32.051 [warning] [Decorations] CAPPING events from decorations provider vscode.git 5824
2024-02-05 13:22:37.277 [warning] [Decorations] CAPPING events from decorations provider vscode.git 5825
2024-02-05 13:22:42.440 [warning] [Decorations] CAPPING events from decorations provider vscode.git 5825
2024-02-05 13:22:47.609 [warning] [Decorations] CAPPING events from decorations provider vscode.git 5825
2024-02-05 13:22:52.802 [warning] [Decorations] CAPPING events from decorations provider vscode.git 5825
2024-02-05 13:22:58.052 [warning] [Decorations] CAPPING events from decorations provider vscode.git 5825
2024-02-05 13:23:03.318 [warning] [Decorations] CAPPING events from decorations provider vscode.git 5825
2024-02-05 13:23:08.624 [warning] [Decorations] CAPPING events from decorations provider vscode.git 5825
2024-02-05 13:23:13.869 [warning] [Decorations] CAPPING events from decorations provider vscode.git 5826
2024-02-05 13:23:19.064 [warning] [Decorations] CAPPING events from decorations provider vscode.git 5826
2024-02-05 13:23:24.372 [warning] [Decorations] CAPPING events from decorations provider vscode.git 5826
2024-02-05 13:23:29.591 [warning] [Decorations] CAPPING events from decorations provider vscode.git 5826
2024-02-05 13:23:34.758 [warning] [Decorations] CAPPING events from decorations provider vscode.git 5826
2024-02-05 13:23:39.983 [warning] [Decorations] CAPPING events from decorations provider vscode.git 5827
2024-02-05 13:23:45.212 [warning] [Decorations] CAPPING events from decorations provider vscode.git 5827
2024-02-05 13:23:50.395 [warning] [Decorations] CAPPING events from decorations provider vscode.git 5827
2024-02-05 13:23:55.556 [warning] [Decorations] CAPPING events from decorations provider vscode.git 5827
2024-02-05 13:24:00.702 [warning] [Decorations] CAPPING events from decorations provider vscode.git 5827
2024-02-05 13:24:05.924 [warning] [Decorations] CAPPING events from decorations provider vscode.git 5827
2024-02-05 13:24:11.088 [warning] [Decorations] CAPPING events from decorations provider vscode.git 5827
2024-02-05 13:24:16.250 [warning] [Decorations] CAPPING events from decorations provider vscode.git 5827
2024-02-05 13:24:21.411 [warning] [Decorations] CAPPING events from decorations provider vscode.git 5827
2024-02-05 13:24:26.560 [warning] [Decorations] CAPPING events from decorations provider vscode.git 5827
2024-02-05 13:24:31.749 [warning] [Decorations] CAPPING events from decorations provider vscode.git 5827
2024-02-05 13:24:36.960 [warning] [Decorations] CAPPING events from decorations provider vscode.git 5828
2024-02-05 13:24:42.188 [warning] [Decorations] CAPPING events from decorations provider vscode.git 5828
2024-02-05 13:24:47.436 [warning] [Decorations] CAPPING events from decorations provider vscode.git 5828
2024-02-05 13:24:52.687 [warning] [Decorations] CAPPING events from decorations provider vscode.git 5828
2024-02-05 13:24:57.866 [warning] [Decorations] CAPPING events from decorations provider vscode.git 5828
2024-02-05 13:25:03.036 [warning] [Decorations] CAPPING events from decorations provider vscode.git 5828
2024-02-05 13:25:08.239 [warning] [Decorations] CAPPING events from decorations provider vscode.git 5828
2024-02-05 13:25:13.406 [warning] [Decorations] CAPPING events from decorations provider vscode.git 5828
2024-02-05 13:25:18.606 [warning] [Decorations] CAPPING events from decorations provider vscode.git 5828
2024-02-05 13:25:23.766 [warning] [Decorations] CAPPING events from decorations provider vscode.git 5828
2024-02-05 13:25:28.958 [warning] [Decorations] CAPPING events from decorations provider vscode.git 5828
2024-02-05 13:25:34.137 [warning] [Decorations] CAPPING events from decorations provider vscode.git 5828
2024-02-05 13:25:39.306 [warning] [Decorations] CAPPING events from decorations provider vscode.git 5828
2024-02-05 13:25:44.491 [warning] [Decorations] CAPPING events from decorations provider vscode.git 5828
2024-02-05 13:25:49.663 [warning] [Decorations] CAPPING events from decorations provider vscode.git 5828
2024-02-05 13:25:54.854 [warning] [Decorations] CAPPING events from decorations provider vscode.git 5828
2024-02-05 13:26:00.041 [warning] [Decorations] CAPPING events from decorations provider vscode.git 5828
2024-02-05 13:26:05.227 [warning] [Decorations] CAPPING events from decorations provider vscode.git 5828
2024-02-05 13:26:10.420 [warning] [Decorations] CAPPING events from decorations provider vscode.git 5828
2024-02-05 13:26:41.645 [warning] [Decorations] CAPPING events from decorations provider vscode.git 5828
2024-02-05 13:26:46.822 [warning] [Decorations] CAPPING events from decorations provider vscode.git 5829
2024-02-05 13:26:51.962 [warning] [Decorations] CAPPING events from decorations provider vscode.git 5829
2024-02-05 13:26:57.198 [warning] [Decorations] CAPPING events from decorations provider vscode.git 5829
2024-02-05 13:27:02.409 [warning] [Decorations] CAPPING events from decorations provider vscode.git 5829
2024-02-05 13:27:07.642 [warning] [Decorations] CAPPING events from decorations provider vscode.git 5829
2024-02-05 13:28:08.623 [warning] [Decorations] CAPPING events from decorations provider vscode.git 5829
2024-02-05 13:28:13.887 [warning] [Decorations] CAPPING events from decorations provider vscode.git 5830
2024-02-05 13:28:19.064 [warning] [Decorations] CAPPING events from decorations provider vscode.git 5830
2024-02-05 13:28:24.245 [warning] [Decorations] CAPPING events from decorations provider vscode.git 5830
2024-02-05 13:28:29.501 [warning] [Decorations] CAPPING events from decorations provider vscode.git 5830
2024-02-05 13:28:34.780 [warning] [Decorations] CAPPING events from decorations provider vscode.git 5830
2024-02-05 13:28:40.063 [warning] [Decorations] CAPPING events from decorations provider vscode.git 5830
2024-02-05 13:28:45.203 [warning] [Decorations] CAPPING events from decorations provider vscode.git 5830
2024-02-05 13:28:50.414 [warning] [Decorations] CAPPING events from decorations provider vscode.git 5830
2024-02-05 13:28:55.906 [warning] [Decorations] CAPPING events from decorations provider vscode.git 5830
2024-02-05 13:29:01.088 [warning] [Decorations] CAPPING events from decorations provider vscode.git 5830
2024-02-05 13:29:06.253 [warning] [Decorations] CAPPING events from decorations provider vscode.git 5830
2024-02-05 13:29:11.414 [warning] [Decorations] CAPPING events from decorations provider vscode.git 5830
2024-02-05 13:29:16.575 [warning] [Decorations] CAPPING events from decorations provider vscode.git 5830
2024-02-05 13:29:21.731 [warning] [Decorations] CAPPING events from decorations provider vscode.git 5830
2024-02-05 13:29:26.933 [warning] [Decorations] CAPPING events from decorations provider vscode.git 5830
2024-02-05 13:29:32.109 [warning] [Decorations] CAPPING events from decorations provider vscode.git 5830
2024-02-05 13:29:37.274 [warning] [Decorations] CAPPING events from decorations provider vscode.git 5830
2024-02-05 13:29:42.468 [warning] [Decorations] CAPPING events from decorations provider vscode.git 5830
2024-02-05 13:29:47.620 [warning] [Decorations] CAPPING events from decorations provider vscode.git 5830
2024-02-05 13:29:52.801 [warning] [Decorations] CAPPING events from decorations provider vscode.git 5830
2024-02-05 13:29:58.027 [warning] [Decorations] CAPPING events from decorations provider vscode.git 5831
2024-02-05 13:30:03.229 [warning] [Decorations] CAPPING events from decorations provider vscode.git 5831
2024-02-05 13:30:08.406 [warning] [Decorations] CAPPING events from decorations provider vscode.git 5831
2024-02-05 13:30:13.641 [warning] [Decorations] CAPPING events from decorations provider vscode.git 5831
2024-02-05 13:30:18.816 [warning] [Decorations] CAPPING events from decorations provider vscode.git 5831
2024-02-05 13:30:23.966 [warning] [Decorations] CAPPING events from decorations provider vscode.git 5831
2024-02-05 13:30:29.203 [warning] [Decorations] CAPPING events from decorations provider vscode.git 5831
2024-02-05 13:30:34.417 [warning] [Decorations] CAPPING events from decorations provider vscode.git 5832
2024-02-05 13:30:39.668 [warning] [Decorations] CAPPING events from decorations provider vscode.git 5832
2024-02-05 13:30:44.893 [warning] [Decorations] CAPPING events from decorations provider vscode.git 5832
2024-02-05 13:30:50.126 [warning] [Decorations] CAPPING events from decorations provider vscode.git 5832
2024-02-05 13:30:55.292 [warning] [Decorations] CAPPING events from decorations provider vscode.git 5832
2024-02-05 13:31:00.459 [warning] [Decorations] CAPPING events from decorations provider vscode.git 5832
2024-02-05 13:31:05.669 [warning] [Decorations] CAPPING events from decorations provider vscode.git 5832
2024-02-05 13:31:10.859 [warning] [Decorations] CAPPING events from decorations provider vscode.git 5832
2024-02-05 13:31:16.071 [warning] [Decorations] CAPPING events from decorations provider vscode.git 5832
2024-02-05 13:31:21.240 [warning] [Decorations] CAPPING events from decorations provider vscode.git 5832
2024-02-05 13:31:26.385 [warning] [Decorations] CAPPING events from decorations provider vscode.git 5832
2024-02-05 13:31:31.568 [warning] [Decorations] CAPPING events from decorations provider vscode.git 5832
2024-02-05 13:31:36.720 [warning] [Decorations] CAPPING events from decorations provider vscode.git 5834
2024-02-05 13:31:41.876 [warning] [Decorations] CAPPING events from decorations provider vscode.git 5834
2024-02-05 13:31:47.848 [warning] [Decorations] CAPPING events from decorations provider vscode.git 5833
2024-02-05 13:31:52.982 [warning] [Decorations] CAPPING events from decorations provider vscode.git 5833
2024-02-05 13:31:58.159 [warning] [Decorations] CAPPING events from decorations provider vscode.git 5833
2024-02-05 13:32:03.343 [warning] [Decorations] CAPPING events from decorations provider vscode.git 5834
2024-02-05 13:32:08.535 [warning] [Decorations] CAPPING events from decorations provider vscode.git 5834
2024-02-05 13:32:13.700 [warning] [Decorations] CAPPING events from decorations provider vscode.git 5834
2024-02-05 13:32:18.874 [warning] [Decorations] CAPPING events from decorations provider vscode.git 5834
2024-02-05 13:32:24.060 [warning] [Decorations] CAPPING events from decorations provider vscode.git 5834
2024-02-05 13:32:29.208 [warning] [Decorations] CAPPING events from decorations provider vscode.git 5834
2024-02-05 13:32:34.396 [warning] [Decorations] CAPPING events from decorations provider vscode.git 5834
2024-02-05 13:32:39.597 [warning] [Decorations] CAPPING events from decorations provider vscode.git 5834
2024-02-05 13:32:44.758 [warning] [Decorations] CAPPING events from decorations provider vscode.git 5835
2024-02-05 13:32:49.918 [warning] [Decorations] CAPPING events from decorations provider vscode.git 5835
2024-02-05 13:32:59.356 [warning] [Decorations] CAPPING events from decorations provider vscode.git 5835
2024-02-05 13:33:04.563 [warning] [Decorations] CAPPING events from decorations provider vscode.git 5836
2024-02-05 13:33:12.947 [warning] [Decorations] CAPPING events from decorations provider vscode.git 5836
2024-02-05 13:33:18.131 [warning] [Decorations] CAPPING events from decorations provider vscode.git 5836
2024-02-05 13:33:23.315 [warning] [Decorations] CAPPING events from decorations provider vscode.git 5836
2024-02-05 13:33:28.549 [warning] [Decorations] CAPPING events from decorations provider vscode.git 5836
2024-02-05 13:33:33.743 [warning] [Decorations] CAPPING events from decorations provider vscode.git 5836
2024-02-05 13:33:38.988 [warning] [Decorations] CAPPING events from decorations provider vscode.git 5836
2024-02-05 13:33:44.184 [warning] [Decorations] CAPPING events from decorations provider vscode.git 5836
2024-02-05 13:33:49.374 [warning] [Decorations] CAPPING events from decorations provider vscode.git 5836
2024-02-05 13:33:54.561 [warning] [Decorations] CAPPING events from decorations provider vscode.git 5836
2024-02-05 13:33:59.720 [warning] [Decorations] CAPPING events from decorations provider vscode.git 5836
2024-02-05 13:34:04.863 [warning] [Decorations] CAPPING events from decorations provider vscode.git 5836
2024-02-05 13:34:10.017 [warning] [Decorations] CAPPING events from decorations provider vscode.git 5836
2024-02-05 13:34:15.229 [warning] [Decorations] CAPPING events from decorations provider vscode.git 5836
2024-02-05 13:34:20.462 [warning] [Decorations] CAPPING events from decorations provider vscode.git 5837
2024-02-05 13:34:25.663 [warning] [Decorations] CAPPING events from decorations provider vscode.git 5837
2024-02-05 13:34:31.476 [warning] [Decorations] CAPPING events from decorations provider vscode.git 5837
2024-02-05 13:34:36.677 [warning] [Decorations] CAPPING events from decorations provider vscode.git 5837
2024-02-05 13:34:41.900 [warning] [Decorations] CAPPING events from decorations provider vscode.git 5837
2024-02-05 13:34:47.067 [warning] [Decorations] CAPPING events from decorations provider vscode.git 5838
2024-02-05 13:34:52.244 [warning] [Decorations] CAPPING events from decorations provider vscode.git 5838
2024-02-05 13:34:57.432 [warning] [Decorations] CAPPING events from decorations provider vscode.git 5838
2024-02-05 13:35:02.587 [warning] [Decorations] CAPPING events from decorations provider vscode.git 5838
2024-02-05 13:35:07.809 [warning] [Decorations] CAPPING events from decorations provider vscode.git 5838
2024-02-05 13:35:13.011 [warning] [Decorations] CAPPING events from decorations provider vscode.git 5838
2024-02-05 13:35:21.070 [warning] [Decorations] CAPPING events from decorations provider vscode.git 5838
2024-02-05 13:35:26.298 [warning] [Decorations] CAPPING events from decorations provider vscode.git 5838
2024-02-05 13:35:31.491 [warning] [Decorations] CAPPING events from decorations provider vscode.git 5838
2024-02-05 13:35:46.200 [warning] [Decorations] CAPPING events from decorations provider vscode.git 5838
2024-02-05 13:35:51.350 [warning] [Decorations] CAPPING events from decorations provider vscode.git 5839
2024-02-05 13:35:56.534 [warning] [Decorations] CAPPING events from decorations provider vscode.git 5839
2024-02-05 13:36:01.758 [warning] [Decorations] CAPPING events from decorations provider vscode.git 5839
2024-02-05 13:36:06.953 [warning] [Decorations] CAPPING events from decorations provider vscode.git 5839
2024-02-05 13:36:12.178 [warning] [Decorations] CAPPING events from decorations provider vscode.git 5839
2024-02-05 13:36:17.350 [warning] [Decorations] CAPPING events from decorations provider vscode.git 5839
2024-02-05 13:36:22.513 [warning] [Decorations] CAPPING events from decorations provider vscode.git 5839
2024-02-05 13:36:27.672 [warning] [Decorations] CAPPING events from decorations provider vscode.git 5839
2024-02-05 13:36:32.847 [warning] [Decorations] CAPPING events from decorations provider vscode.git 5839
2024-02-05 13:36:39.315 [warning] [Decorations] CAPPING events from decorations provider vscode.git 5839
2024-02-05 13:37:15.871 [warning] [Decorations] CAPPING events from decorations provider vscode.git 5840
2024-02-05 13:37:21.100 [warning] [Decorations] CAPPING events from decorations provider vscode.git 5840
2024-02-05 13:37:26.253 [warning] [Decorations] CAPPING events from decorations provider vscode.git 5840
2024-02-05 13:49:02.296 [warning] [Decorations] CAPPING events from decorations provider vscode.git 5840
2024-02-05 13:49:07.522 [warning] [Decorations] CAPPING events from decorations provider vscode.git 5840
2024-02-05 13:49:12.705 [warning] [Decorations] CAPPING events from decorations provider vscode.git 5840
2024-02-05 13:49:17.956 [warning] [Decorations] CAPPING events from decorations provider vscode.git 5840
2024-02-05 13:49:23.091 [warning] [Decorations] CAPPING events from decorations provider vscode.git 5840
2024-02-05 13:49:28.264 [warning] [Decorations] CAPPING events from decorations provider vscode.git 5840
2024-02-05 13:49:56.985 [warning] [Decorations] CAPPING events from decorations provider vscode.git 5840
2024-02-05 13:50:02.196 [warning] [Decorations] CAPPING events from decorations provider vscode.git 5840
2024-02-05 13:50:07.396 [warning] [Decorations] CAPPING events from decorations provider vscode.git 5841
2024-02-05 13:50:12.597 [warning] [Decorations] CAPPING events from decorations provider vscode.git 5841
2024-02-05 13:50:17.774 [warning] [Decorations] CAPPING events from decorations provider vscode.git 5842
2024-02-05 13:50:22.958 [warning] [Decorations] CAPPING events from decorations provider vscode.git 5843
2024-02-05 13:50:28.225 [warning] [Decorations] CAPPING events from decorations provider vscode.git 5843
2024-02-05 13:50:33.352 [warning] [Decorations] CAPPING events from decorations provider vscode.git 5843
2024-02-05 13:50:38.590 [warning] [Decorations] CAPPING events from decorations provider vscode.git 5843
2024-02-05 13:50:43.762 [warning] [Decorations] CAPPING events from decorations provider vscode.git 5843
2024-02-05 13:50:48.945 [warning] [Decorations] CAPPING events from decorations provider vscode.git 5843
2024-02-05 13:50:54.130 [warning] [Decorations] CAPPING events from decorations provider vscode.git 5843
2024-02-05 13:50:59.327 [warning] [Decorations] CAPPING events from decorations provider vscode.git 5843
2024-02-05 13:51:04.493 [warning] [Decorations] CAPPING events from decorations provider vscode.git 5843
2024-02-05 13:51:09.670 [warning] [Decorations] CAPPING events from decorations provider vscode.git 5843
2024-02-05 13:51:14.900 [warning] [Decorations] CAPPING events from decorations provider vscode.git 5843
2024-02-05 13:51:20.093 [warning] [Decorations] CAPPING events from decorations provider vscode.git 5844
2024-02-05 13:51:25.324 [warning] [Decorations] CAPPING events from decorations provider vscode.git 5844
2024-02-05 13:51:30.498 [warning] [Decorations] CAPPING events from decorations provider vscode.git 5844
2024-02-05 13:51:35.662 [warning] [Decorations] CAPPING events from decorations provider vscode.git 5844
2024-02-05 13:51:40.958 [warning] [Decorations] CAPPING events from decorations provider vscode.git 5844
2024-02-05 13:52:00.810 [warning] [Decorations] CAPPING events from decorations provider vscode.git 5845
2024-02-05 13:52:06.011 [warning] [Decorations] CAPPING events from decorations provider vscode.git 5845
2024-02-05 13:52:11.182 [warning] [Decorations] CAPPING events from decorations provider vscode.git 5845
2024-02-05 13:52:16.317 [warning] [Decorations] CAPPING events from decorations provider vscode.git 5845
2024-02-05 13:52:23.961 [warning] [Decorations] CAPPING events from decorations provider vscode.git 5845
2024-02-05 13:52:29.122 [warning] [Decorations] CAPPING events from decorations provider vscode.git 5846
2024-02-05 13:52:34.290 [warning] [Decorations] CAPPING events from decorations provider vscode.git 5846
2024-02-05 13:52:39.430 [warning] [Decorations] CAPPING events from decorations provider vscode.git 5846
2024-02-05 13:52:44.615 [warning] [Decorations] CAPPING events from decorations provider vscode.git 5846
2024-02-05 13:52:49.766 [warning] [Decorations] CAPPING events from decorations provider vscode.git 5846
2024-02-05 13:52:54.907 [warning] [Decorations] CAPPING events from decorations provider vscode.git 5846
2024-02-05 13:53:00.040 [warning] [Decorations] CAPPING events from decorations provider vscode.git 5846
2024-02-05 13:53:05.219 [warning] [Decorations] CAPPING events from decorations provider vscode.git 5847
2024-02-05 13:53:10.365 [warning] [Decorations] CAPPING events from decorations provider vscode.git 5847
2024-02-05 13:53:15.600 [warning] [Decorations] CAPPING events from decorations provider vscode.git 5847
2024-02-05 13:53:20.769 [warning] [Decorations] CAPPING events from decorations provider vscode.git 5847
2024-02-05 13:53:25.927 [warning] [Decorations] CAPPING events from decorations provider vscode.git 5847
2024-02-05 13:53:31.119 [warning] [Decorations] CAPPING events from decorations provider vscode.git 5847
2024-02-05 13:53:36.337 [warning] [Decorations] CAPPING events from decorations provider vscode.git 5847
2024-02-05 13:53:41.555 [warning] [Decorations] CAPPING events from decorations provider vscode.git 5847
2024-02-05 13:53:46.732 [warning] [Decorations] CAPPING events from decorations provider vscode.git 5847
2024-02-05 13:53:51.922 [warning] [Decorations] CAPPING events from decorations provider vscode.git 5847
2024-02-05 13:53:57.155 [warning] [Decorations] CAPPING events from decorations provider vscode.git 5848
2024-02-05 13:54:02.405 [warning] [Decorations] CAPPING events from decorations provider vscode.git 5848
2024-02-05 13:54:45.161 [warning] [Decorations] CAPPING events from decorations provider vscode.git 5848
2024-02-05 13:54:50.416 [warning] [Decorations] CAPPING events from decorations provider vscode.git 5849
2024-02-05 13:54:57.456 [warning] [Decorations] CAPPING events from decorations provider vscode.git 5849
2024-02-05 13:55:02.620 [warning] [Decorations] CAPPING events from decorations provider vscode.git 5850
2024-02-05 13:55:07.795 [warning] [Decorations] CAPPING events from decorations provider vscode.git 5850
2024-02-05 13:55:13.049 [warning] [Decorations] CAPPING events from decorations provider vscode.git 5850
2024-02-05 13:55:18.235 [warning] [Decorations] CAPPING events from decorations provider vscode.git 5850
2024-02-05 13:55:23.455 [warning] [Decorations] CAPPING events from decorations provider vscode.git 5853
2024-02-05 13:55:28.606 [warning] [Decorations] CAPPING events from decorations provider vscode.git 5853
2024-02-05 13:55:33.847 [warning] [Decorations] CAPPING events from decorations provider vscode.git 5852
2024-02-05 13:55:39.087 [warning] [Decorations] CAPPING events from decorations provider vscode.git 5852
2024-02-05 13:55:44.239 [warning] [Decorations] CAPPING events from decorations provider vscode.git 5852
2024-02-05 13:55:54.039 [warning] [Decorations] CAPPING events from decorations provider vscode.git 5852
2024-02-05 13:55:59.241 [warning] [Decorations] CAPPING events from decorations provider vscode.git 5853
2024-02-05 13:56:04.449 [warning] [Decorations] CAPPING events from decorations provider vscode.git 5853
2024-02-05 13:56:09.627 [warning] [Decorations] CAPPING events from decorations provider vscode.git 5853
2024-02-05 13:56:14.882 [warning] [Decorations] CAPPING events from decorations provider vscode.git 5854
2024-02-05 13:56:20.101 [warning] [Decorations] CAPPING events from decorations provider vscode.git 5854
2024-02-05 13:56:25.336 [warning] [Decorations] CAPPING events from decorations provider vscode.git 5854
2024-02-05 13:56:30.550 [warning] [Decorations] CAPPING events from decorations provider vscode.git 5854
2024-02-05 13:56:35.716 [warning] [Decorations] CAPPING events from decorations provider vscode.git 5854
2024-02-05 13:56:40.881 [warning] [Decorations] CAPPING events from decorations provider vscode.git 5855
2024-02-05 13:56:46.052 [warning] [Decorations] CAPPING events from decorations provider vscode.git 5858
2024-02-05 13:56:51.230 [warning] [Decorations] CAPPING events from decorations provider vscode.git 5858
2024-02-05 13:56:56.439 [warning] [Decorations] CAPPING events from decorations provider vscode.git 5858
2024-02-05 13:57:01.617 [warning] [Decorations] CAPPING events from decorations provider vscode.git 5858
2024-02-05 13:57:06.801 [warning] [Decorations] CAPPING events from decorations provider vscode.git 5858
2024-02-05 13:57:11.998 [warning] [Decorations] CAPPING events from decorations provider vscode.git 5859
2024-02-05 13:57:17.258 [warning] [Decorations] CAPPING events from decorations provider vscode.git 5859
2024-02-05 13:59:12.892 [warning] [Decorations] CAPPING events from decorations provider vscode.git 5863
2024-02-05 13:59:18.080 [warning] [Decorations] CAPPING events from decorations provider vscode.git 5861
2024-02-05 13:59:23.518 [warning] [Decorations] CAPPING events from decorations provider vscode.git 5861
2024-02-05 13:59:28.759 [warning] [Decorations] CAPPING events from decorations provider vscode.git 5861
2024-02-05 13:59:33.917 [warning] [Decorations] CAPPING events from decorations provider vscode.git 5861
2024-02-05 13:59:39.107 [warning] [Decorations] CAPPING events from decorations provider vscode.git 5861
2024-02-05 13:59:44.285 [warning] [Decorations] CAPPING events from decorations provider vscode.git 5861
2024-02-05 13:59:49.448 [warning] [Decorations] CAPPING events from decorations provider vscode.git 5861
2024-02-05 13:59:54.590 [warning] [Decorations] CAPPING events from decorations provider vscode.git 5861
2024-02-05 13:59:59.763 [warning] [Decorations] CAPPING events from decorations provider vscode.git 5861
2024-02-05 14:00:04.917 [warning] [Decorations] CAPPING events from decorations provider vscode.git 5861
2024-02-05 14:00:10.065 [warning] [Decorations] CAPPING events from decorations provider vscode.git 5861
2024-02-05 14:00:15.322 [warning] [Decorations] CAPPING events from decorations provider vscode.git 5862
2024-02-05 14:00:25.163 [warning] [Decorations] CAPPING events from decorations provider vscode.git 5862
2024-02-05 14:00:30.354 [warning] [Decorations] CAPPING events from decorations provider vscode.git 5863
2024-02-05 14:00:37.215 [warning] [Decorations] CAPPING events from decorations provider vscode.git 5863
2024-02-05 14:00:43.896 [warning] [Decorations] CAPPING events from decorations provider vscode.git 5863
2024-02-05 14:00:58.053 [warning] [Decorations] CAPPING events from decorations provider vscode.git 5863
2024-02-05 14:01:03.299 [warning] [Decorations] CAPPING events from decorations provider vscode.git 5864
2024-02-05 14:01:08.460 [warning] [Decorations] CAPPING events from decorations provider vscode.git 5864
2024-02-05 14:01:13.696 [warning] [Decorations] CAPPING events from decorations provider vscode.git 5864
2024-02-05 14:01:18.864 [warning] [Decorations] CAPPING events from decorations provider vscode.git 5864
2024-02-05 14:01:24.024 [warning] [Decorations] CAPPING events from decorations provider vscode.git 5864
2024-02-05 14:01:29.185 [warning] [Decorations] CAPPING events from decorations provider vscode.git 5864
2024-02-05 14:01:34.359 [warning] [Decorations] CAPPING events from decorations provider vscode.git 5864
2024-02-05 14:01:39.533 [warning] [Decorations] CAPPING events from decorations provider vscode.git 5864
2024-02-05 14:01:44.745 [warning] [Decorations] CAPPING events from decorations provider vscode.git 5864
2024-02-05 14:01:50.004 [warning] [Decorations] CAPPING events from decorations provider vscode.git 5865
2024-02-05 14:01:55.292 [warning] [Decorations] CAPPING events from decorations provider vscode.git 5865
2024-02-05 14:02:00.476 [warning] [Decorations] CAPPING events from decorations provider vscode.git 5865
2024-02-05 14:02:05.695 [warning] [Decorations] CAPPING events from decorations provider vscode.git 5865
2024-02-05 14:02:10.987 [warning] [Decorations] CAPPING events from decorations provider vscode.git 5865
2024-02-05 14:02:20.424 [warning] [Decorations] CAPPING events from decorations provider vscode.git 5865
2024-02-05 14:02:25.668 [warning] [Decorations] CAPPING events from decorations provider vscode.git 5865
2024-02-05 14:02:34.422 [warning] [Decorations] CAPPING events from decorations provider vscode.git 5865
2024-02-05 14:02:39.586 [warning] [Decorations] CAPPING events from decorations provider vscode.git 5865
2024-02-05 14:02:44.773 [warning] [Decorations] CAPPING events from decorations provider vscode.git 5865
2024-02-05 14:02:55.776 [warning] [Decorations] CAPPING events from decorations provider vscode.git 5866
2024-02-05 14:03:01.641 [warning] [Decorations] CAPPING events from decorations provider vscode.git 5866
2024-02-05 14:03:11.836 [warning] [Decorations] CAPPING events from decorations provider vscode.git 5866
2024-02-05 14:03:17.015 [warning] [Decorations] CAPPING events from decorations provider vscode.git 5866
2024-02-05 14:03:24.647 [warning] [Decorations] CAPPING events from decorations provider vscode.git 5866
2024-02-05 14:03:29.816 [warning] [Decorations] CAPPING events from decorations provider vscode.git 5866
2024-02-05 14:03:34.974 [warning] [Decorations] CAPPING events from decorations provider vscode.git 5866
2024-02-05 14:03:40.130 [warning] [Decorations] CAPPING events from decorations provider vscode.git 5866
2024-02-05 14:03:45.380 [warning] [Decorations] CAPPING events from decorations provider vscode.git 5866
2024-02-05 14:03:55.915 [warning] [Decorations] CAPPING events from decorations provider vscode.git 5866
2024-02-05 14:04:03.858 [warning] [Decorations] CAPPING events from decorations provider vscode.git 5866
2024-02-05 14:04:09.081 [warning] [Decorations] CAPPING events from decorations provider vscode.git 5866
2024-02-05 14:04:21.131 [warning] [Decorations] CAPPING events from decorations provider vscode.git 5866
2024-02-05 14:04:26.303 [warning] [Decorations] CAPPING events from decorations provider vscode.git 5866
2024-02-05 14:04:31.444 [warning] [Decorations] CAPPING events from decorations provider vscode.git 5866
2024-02-05 14:04:36.714 [warning] [Decorations] CAPPING events from decorations provider vscode.git 5867
2024-02-05 14:05:40.721 [warning] [Decorations] CAPPING events from decorations provider vscode.git 5867
2024-02-05 14:05:45.968 [warning] [Decorations] CAPPING events from decorations provider vscode.git 5868
2024-02-05 14:05:51.229 [warning] [Decorations] CAPPING events from decorations provider vscode.git 5868
2024-02-05 14:05:56.483 [warning] [Decorations] CAPPING events from decorations provider vscode.git 5868
2024-02-05 14:06:01.716 [warning] [Decorations] CAPPING events from decorations provider vscode.git 5869
2024-02-05 14:06:06.964 [warning] [Decorations] CAPPING events from decorations provider vscode.git 5869
2024-02-05 14:06:12.162 [warning] [Decorations] CAPPING events from decorations provider vscode.git 5870
2024-02-05 14:06:17.328 [warning] [Decorations] CAPPING events from decorations provider vscode.git 5870
2024-02-05 14:06:23.284 [warning] [Decorations] CAPPING events from decorations provider vscode.git 5870
2024-02-05 14:06:28.511 [warning] [Decorations] CAPPING events from decorations provider vscode.git 5870
2024-02-05 14:06:33.722 [warning] [Decorations] CAPPING events from decorations provider vscode.git 5871
2024-02-05 14:06:38.950 [warning] [Decorations] CAPPING events from decorations provider vscode.git 5872
2024-02-05 14:06:49.627 [warning] [Decorations] CAPPING events from decorations provider vscode.git 5872
2024-02-05 14:06:54.837 [warning] [Decorations] CAPPING events from decorations provider vscode.git 5873
2024-02-05 14:07:00.093 [warning] [Decorations] CAPPING events from decorations provider vscode.git 5873
2024-02-05 14:07:05.326 [warning] [Decorations] CAPPING events from decorations provider vscode.git 5873
2024-02-05 14:07:10.480 [warning] [Decorations] CAPPING events from decorations provider vscode.git 5873
2024-02-05 14:07:15.673 [warning] [Decorations] CAPPING events from decorations provider vscode.git 5873
2024-02-05 14:07:20.852 [warning] [Decorations] CAPPING events from decorations provider vscode.git 5873
2024-02-05 14:07:26.024 [warning] [Decorations] CAPPING events from decorations provider vscode.git 5873
2024-02-05 14:07:31.191 [warning] [Decorations] CAPPING events from decorations provider vscode.git 5873
2024-02-05 14:07:36.368 [warning] [Decorations] CAPPING events from decorations provider vscode.git 5873
2024-02-05 14:07:41.535 [warning] [Decorations] CAPPING events from decorations provider vscode.git 5873
2024-02-05 14:07:46.776 [warning] [Decorations] CAPPING events from decorations provider vscode.git 5873
2024-02-05 14:07:52.003 [warning] [Decorations] CAPPING events from decorations provider vscode.git 5873
2024-02-05 14:07:57.187 [warning] [Decorations] CAPPING events from decorations provider vscode.git 5873
2024-02-05 14:08:02.368 [warning] [Decorations] CAPPING events from decorations provider vscode.git 5873
2024-02-05 14:08:07.529 [warning] [Decorations] CAPPING events from decorations provider vscode.git 5873
2024-02-05 14:08:12.775 [warning] [Decorations] CAPPING events from decorations provider vscode.git 5873
2024-02-05 14:08:17.954 [warning] [Decorations] CAPPING events from decorations provider vscode.git 5874
2024-02-05 14:08:23.160 [warning] [Decorations] CAPPING events from decorations provider vscode.git 5874
2024-02-05 14:08:29.486 [warning] [Decorations] CAPPING events from decorations provider vscode.git 5874
2024-02-05 14:08:34.673 [warning] [Decorations] CAPPING events from decorations provider vscode.git 5874
2024-02-05 14:08:41.485 [warning] [Decorations] CAPPING events from decorations provider vscode.git 5874
2024-02-05 14:08:46.740 [warning] [Decorations] CAPPING events from decorations provider vscode.git 5875
2024-02-05 14:08:51.934 [warning] [Decorations] CAPPING events from decorations provider vscode.git 5875
2024-02-05 14:08:57.100 [warning] [Decorations] CAPPING events from decorations provider vscode.git 5875
2024-02-05 14:09:02.351 [warning] [Decorations] CAPPING events from decorations provider vscode.git 5875
2024-02-05 14:09:07.567 [warning] [Decorations] CAPPING events from decorations provider vscode.git 5875
2024-02-05 14:09:12.798 [warning] [Decorations] CAPPING events from decorations provider vscode.git 5876
2024-02-05 14:09:17.940 [warning] [Decorations] CAPPING events from decorations provider vscode.git 5878
2024-02-05 14:09:23.105 [warning] [Decorations] CAPPING events from decorations provider vscode.git 5878
2024-02-05 14:09:43.165 [warning] [Decorations] CAPPING events from decorations provider vscode.git 5879
2024-02-05 14:09:48.305 [warning] [Decorations] CAPPING events from decorations provider vscode.git 5880
2024-02-05 14:09:56.105 [warning] [Decorations] CAPPING events from decorations provider vscode.git 5880
2024-02-05 14:10:01.323 [warning] [Decorations] CAPPING events from decorations provider vscode.git 5881
2024-02-05 14:10:06.491 [warning] [Decorations] CAPPING events from decorations provider vscode.git 5881
2024-02-05 14:10:11.714 [warning] [Decorations] CAPPING events from decorations provider vscode.git 5881
2024-02-05 14:10:16.918 [warning] [Decorations] CAPPING events from decorations provider vscode.git 5881
2024-02-05 14:10:22.175 [warning] [Decorations] CAPPING events from decorations provider vscode.git 5881
2024-02-05 14:10:27.428 [warning] [Decorations] CAPPING events from decorations provider vscode.git 5881
2024-02-05 14:10:32.704 [warning] [Decorations] CAPPING events from decorations provider vscode.git 5881
2024-02-05 14:10:37.888 [warning] [Decorations] CAPPING events from decorations provider vscode.git 5882
2024-02-05 14:10:43.104 [warning] [Decorations] CAPPING events from decorations provider vscode.git 5882
2024-02-05 14:10:48.339 [warning] [Decorations] CAPPING events from decorations provider vscode.git 5882
2024-02-05 14:10:53.573 [warning] [Decorations] CAPPING events from decorations provider vscode.git 5882
2024-02-05 14:10:58.757 [warning] [Decorations] CAPPING events from decorations provider vscode.git 5882
2024-02-05 14:11:03.960 [warning] [Decorations] CAPPING events from decorations provider vscode.git 5882
2024-02-05 14:11:09.189 [warning] [Decorations] CAPPING events from decorations provider vscode.git 5882
2024-02-05 14:11:14.342 [warning] [Decorations] CAPPING events from decorations provider vscode.git 5882
2024-02-05 14:11:19.514 [warning] [Decorations] CAPPING events from decorations provider vscode.git 5882
2024-02-05 14:11:24.695 [warning] [Decorations] CAPPING events from decorations provider vscode.git 5882
2024-02-05 14:11:29.869 [warning] [Decorations] CAPPING events from decorations provider vscode.git 5883
2024-02-05 14:11:35.009 [warning] [Decorations] CAPPING events from decorations provider vscode.git 5883
2024-02-05 14:11:40.165 [warning] [Decorations] CAPPING events from decorations provider vscode.git 5883
2024-02-05 14:11:45.317 [warning] [Decorations] CAPPING events from decorations provider vscode.git 5884
2024-02-05 14:11:50.579 [warning] [Decorations] CAPPING events from decorations provider vscode.git 5884
2024-02-05 14:11:56.320 [warning] [Decorations] CAPPING events from decorations provider vscode.git 5884
2024-02-05 14:12:01.536 [warning] [Decorations] CAPPING events from decorations provider vscode.git 5884
2024-02-05 14:12:06.780 [warning] [Decorations] CAPPING events from decorations provider vscode.git 5884
2024-02-05 14:12:11.934 [warning] [Decorations] CAPPING events from decorations provider vscode.git 5884
2024-02-05 14:12:17.095 [warning] [Decorations] CAPPING events from decorations provider vscode.git 5884
2024-02-05 14:12:22.288 [warning] [Decorations] CAPPING events from decorations provider vscode.git 5885
2024-02-05 14:12:27.587 [warning] [Decorations] CAPPING events from decorations provider vscode.git 5885
2024-02-05 14:12:32.755 [warning] [Decorations] CAPPING events from decorations provider vscode.git 5885
2024-02-05 14:12:37.933 [warning] [Decorations] CAPPING events from decorations provider vscode.git 5885
2024-02-05 14:12:43.207 [warning] [Decorations] CAPPING events from decorations provider vscode.git 5885
2024-02-05 14:12:48.373 [warning] [Decorations] CAPPING events from decorations provider vscode.git 5885
2024-02-05 14:12:53.629 [warning] [Decorations] CAPPING events from decorations provider vscode.git 5885
2024-02-05 14:12:58.875 [warning] [Decorations] CAPPING events from decorations provider vscode.git 5885
2024-02-05 14:13:04.068 [warning] [Decorations] CAPPING events from decorations provider vscode.git 5885
2024-02-05 14:13:09.292 [warning] [Decorations] CAPPING events from decorations provider vscode.git 5885
2024-02-05 14:13:14.483 [warning] [Decorations] CAPPING events from decorations provider vscode.git 5886
2024-02-05 14:13:19.732 [warning] [Decorations] CAPPING events from decorations provider vscode.git 5886
2024-02-05 14:13:24.990 [warning] [Decorations] CAPPING events from decorations provider vscode.git 5886
2024-02-05 14:13:30.166 [warning] [Decorations] CAPPING events from decorations provider vscode.git 5886
2024-02-05 14:13:35.398 [warning] [Decorations] CAPPING events from decorations provider vscode.git 5886
2024-02-05 14:13:40.657 [warning] [Decorations] CAPPING events from decorations provider vscode.git 5886
2024-02-05 14:13:45.943 [warning] [Decorations] CAPPING events from decorations provider vscode.git 5886
