2024-02-19 10:23:54.863 [info] Added views:workbench.panel.markers.view in workbench.panel.markers
2024-02-19 10:23:54.863 [info] Added views:workbench.panel.output in workbench.panel.output
2024-02-19 10:23:54.863 [info] Added views:terminal in terminal
2024-02-19 10:23:54.863 [info] Added views:outline in workbench.view.explorer
2024-02-19 10:23:54.863 [info] Added views:workbench.scm in workbench.view.scm
2024-02-19 10:23:54.863 [info] Added views:workbench.view.search in workbench.view.search
2024-02-19 10:23:54.863 [info] Added views:timeline in workbench.view.explorer
2024-02-19 10:23:54.863 [info] Added views:workbench.explorer.fileView in workbench.view.explorer
2024-02-19 10:23:55.165 [info] Added views:workbench.debug.welcome in workbench.view.debug
2024-02-19 10:23:56.396 [info] Added views:workbench.panel.repl.view in workbench.panel.repl
2024-02-19 10:23:57.538 [info] Added views:~remote.forwardedPorts in ~remote.forwardedPortsContainer
2024-02-19 10:33:16.077 [info] Added views:workbench.panel.markers.view in workbench.panel.markers
2024-02-19 10:33:16.077 [info] Added views:workbench.panel.output in workbench.panel.output
2024-02-19 10:33:16.077 [info] Added views:terminal in terminal
2024-02-19 10:33:16.077 [info] Added views:outline in workbench.view.explorer
2024-02-19 10:33:16.077 [info] Added views:workbench.scm in workbench.view.scm
2024-02-19 10:33:16.077 [info] Added views:workbench.view.search in workbench.view.search
2024-02-19 10:33:16.077 [info] Added views:timeline in workbench.view.explorer
2024-02-19 10:33:16.077 [info] Added views:workbench.explorer.fileView in workbench.view.explorer
2024-02-19 10:33:16.881 [info] Added views:workbench.debug.variablesView,workbench.debug.watchExpressionsView,workbench.debug.callStackView,workbench.debug.breakPointsView in workbench.view.debug
2024-02-19 10:33:16.931 [info] Added views:workbench.panel.repl.view in workbench.panel.repl
2024-02-19 10:33:16.935 [info] Removed views:workbench.debug.breakPointsView,workbench.debug.callStackView,workbench.debug.watchExpressionsView,workbench.debug.variablesView from workbench.view.debug
2024-02-19 10:33:16.936 [info] Added views:workbench.debug.welcome in workbench.view.debug
2024-02-19 10:33:17.493 [info] Added views:~remote.forwardedPorts in ~remote.forwardedPortsContainer
2024-02-19 10:36:33.500 [info] Added views:workbench.panel.markers.view in workbench.panel.markers
2024-02-19 10:36:33.500 [info] Added views:workbench.panel.output in workbench.panel.output
2024-02-19 10:36:33.500 [info] Added views:terminal in terminal
2024-02-19 10:36:33.500 [info] Added views:outline in workbench.view.explorer
2024-02-19 10:36:33.500 [info] Added views:workbench.scm in workbench.view.scm
2024-02-19 10:36:33.500 [info] Added views:workbench.view.search in workbench.view.search
2024-02-19 10:36:33.500 [info] Added views:timeline in workbench.view.explorer
2024-02-19 10:36:33.500 [info] Added views:workbench.explorer.fileView in workbench.view.explorer
2024-02-19 10:36:33.676 [info] Added views:workbench.debug.welcome in workbench.view.debug
2024-02-19 10:36:34.514 [info] Added views:workbench.panel.repl.view in workbench.panel.repl
2024-02-19 10:36:35.269 [info] Added views:~remote.forwardedPorts in ~remote.forwardedPortsContainer
2024-02-19 10:57:13.636 [info] Added views:workbench.panel.markers.view in workbench.panel.markers
2024-02-19 10:57:13.636 [info] Added views:workbench.panel.output in workbench.panel.output
2024-02-19 10:57:13.636 [info] Added views:terminal in terminal
2024-02-19 10:57:13.636 [info] Added views:outline in workbench.view.explorer
2024-02-19 10:57:13.636 [info] Added views:workbench.scm in workbench.view.scm
2024-02-19 10:57:13.636 [info] Added views:workbench.view.search in workbench.view.search
2024-02-19 10:57:13.636 [info] Added views:timeline in workbench.view.explorer
2024-02-19 10:57:13.636 [info] Added views:workbench.explorer.fileView in workbench.view.explorer
2024-02-19 10:57:14.228 [info] Added views:workbench.debug.variablesView,workbench.debug.watchExpressionsView,workbench.debug.callStackView,workbench.debug.breakPointsView in workbench.view.debug
2024-02-19 10:57:14.317 [info] Added views:workbench.panel.repl.view in workbench.panel.repl
2024-02-19 10:57:14.320 [info] Removed views:workbench.debug.breakPointsView,workbench.debug.callStackView,workbench.debug.watchExpressionsView,workbench.debug.variablesView from workbench.view.debug
2024-02-19 10:57:14.322 [info] Added views:workbench.debug.welcome in workbench.view.debug
2024-02-19 10:57:14.632 [info] Added views:~remote.forwardedPorts in ~remote.forwardedPortsContainer
