2024-03-21 10:35:08.638 [info] Reading sessions from keychain...
2024-03-21 10:35:08.638 [info] Getting sessions for all scopes...
2024-03-21 10:35:08.693 [info] Got stored sessions!
2024-03-21 10:35:08.693 [info] Got 1 verified sessions.
2024-03-21 10:35:08.693 [info] Got 1 sessions for ...
2024-03-21 10:35:08.693 [info] Getting sessions for read:user,repo,user:email,workflow...
2024-03-21 10:35:08.693 [info] Got 1 sessions for read:user,repo,user:email,workflow...
2024-03-21 10:35:08.748 [info] Getting sessions for all scopes...
2024-03-21 10:35:08.748 [info] Got 1 sessions for ...
2024-03-21 10:35:10.224 [info] Getting sessions for read:user,repo,user:email,workflow...
2024-03-21 10:35:10.224 [info] Got 1 sessions for read:user,repo,user:email,workflow...
2024-03-21 10:35:10.454 [info] Getting sessions for read:user,repo,user:email,workflow...
2024-03-21 10:35:10.454 [info] Got 1 sessions for read:user,repo,user:email,workflow...
2024-03-21 10:35:10.838 [info] Getting sessions for read:user,repo,user:email,workflow...
2024-03-21 10:35:10.838 [info] Got 1 sessions for read:user,repo,user:email,workflow...
2024-03-21 10:35:11.407 [info] Getting sessions for read:user,repo,user:email,workflow...
2024-03-21 10:35:11.408 [info] Got 1 sessions for read:user,repo,user:email,workflow...
2024-03-21 10:35:22.338 [info] Reading sessions from keychain...
2024-03-21 10:35:22.338 [info] Getting sessions for all scopes...
2024-03-21 10:35:22.338 [info] Got stored sessions!
2024-03-21 10:35:22.338 [info] Got 1 verified sessions.
2024-03-21 10:35:22.338 [info] Got 1 sessions for ...
2024-03-21 10:35:22.338 [info] Getting sessions for all scopes...
2024-03-21 10:35:22.338 [info] Got 1 sessions for ...
2024-03-21 10:35:23.903 [info] Getting sessions for read:user,repo,user:email,workflow...
2024-03-21 10:35:23.903 [info] Got 1 sessions for read:user,repo,user:email,workflow...
2024-03-21 10:35:24.137 [info] Getting sessions for read:user,repo,user:email,workflow...
2024-03-21 10:35:24.137 [info] Got 1 sessions for read:user,repo,user:email,workflow...
2024-03-21 10:35:24.288 [info] Getting sessions for read:user,repo,user:email,workflow...
2024-03-21 10:35:24.293 [info] Got 1 sessions for read:user,repo,user:email,workflow...
2024-03-21 10:35:24.685 [info] Getting sessions for read:user,repo,user:email,workflow...
2024-03-21 10:35:24.686 [info] Got 1 sessions for read:user,repo,user:email,workflow...
2024-03-21 10:35:24.758 [info] Getting sessions for read:user,repo,user:email,workflow...
2024-03-21 10:35:24.758 [info] Got 1 sessions for read:user,repo,user:email,workflow...
2024-03-21 10:35:25.079 [info] Getting sessions for read:user,repo,user:email,workflow...
2024-03-21 10:35:25.079 [info] Got 1 sessions for read:user,repo,user:email,workflow...
2024-03-21 10:35:26.159 [info] Getting sessions for read:user,repo,user:email,workflow...
2024-03-21 10:35:26.160 [info] Got 1 sessions for read:user,repo,user:email,workflow...
2024-03-21 10:35:26.256 [info] Getting sessions for read:user,repo,user:email,workflow...
2024-03-21 10:35:26.256 [info] Got 1 sessions for read:user,repo,user:email,workflow...
2024-03-21 10:35:26.573 [info] Getting sessions for read:user,repo,user:email,workflow...
2024-03-21 10:35:26.573 [info] Got 1 sessions for read:user,repo,user:email,workflow...
2024-03-21 10:36:11.962 [info] Reading sessions from keychain...
2024-03-21 10:36:11.962 [info] Getting sessions for all scopes...
2024-03-21 10:36:11.962 [info] Getting sessions for read:user,repo,user:email,workflow...
2024-03-21 10:36:11.962 [info] Getting sessions for all scopes...
2024-03-21 10:36:11.962 [info] Got stored sessions!
2024-03-21 10:36:11.962 [info] Got 1 verified sessions.
2024-03-21 10:36:11.962 [info] Got 1 sessions for ...
2024-03-21 10:36:11.962 [info] Got 1 sessions for read:user,repo,user:email,workflow...
2024-03-21 10:36:11.962 [info] Got 1 sessions for ...
2024-03-21 10:36:12.535 [info] Getting sessions for read:user,repo,user:email,workflow...
2024-03-21 10:36:12.535 [info] Got 1 sessions for read:user,repo,user:email,workflow...
2024-03-21 10:36:12.919 [info] Getting sessions for read:user,repo,user:email,workflow...
2024-03-21 10:36:12.919 [info] Got 1 sessions for read:user,repo,user:email,workflow...
2024-03-21 10:36:12.945 [info] Getting sessions for read:user,repo,user:email,workflow...
2024-03-21 10:36:12.945 [info] Got 1 sessions for read:user,repo,user:email,workflow...
2024-03-21 10:36:13.279 [info] Getting sessions for read:user,repo,user:email,workflow...
2024-03-21 10:36:13.279 [info] Got 1 sessions for read:user,repo,user:email,workflow...
2024-03-21 10:36:41.916 [info] Reading sessions from keychain...
2024-03-21 10:36:41.916 [info] Getting sessions for all scopes...
2024-03-21 10:36:41.916 [info] Got stored sessions!
2024-03-21 10:36:41.916 [info] Got 1 verified sessions.
2024-03-21 10:36:41.916 [info] Got 1 sessions for ...
2024-03-21 10:36:41.916 [info] Getting sessions for all scopes...
2024-03-21 10:36:41.916 [info] Got 1 sessions for ...
2024-03-21 10:36:41.931 [info] Getting sessions for read:user,repo,user:email,workflow...
2024-03-21 10:36:41.931 [info] Got 1 sessions for read:user,repo,user:email,workflow...
2024-03-21 10:36:41.931 [info] Getting sessions for read:user,repo,user:email,workflow...
2024-03-21 10:36:41.931 [info] Got 1 sessions for read:user,repo,user:email,workflow...
2024-03-21 10:36:42.009 [info] Getting sessions for read:user,repo,user:email,workflow...
2024-03-21 10:36:42.009 [info] Got 1 sessions for read:user,repo,user:email,workflow...
2024-03-21 10:36:42.482 [info] Getting sessions for read:user,repo,user:email,workflow...
2024-03-21 10:36:42.482 [info] Got 1 sessions for read:user,repo,user:email,workflow...
2024-03-21 10:36:42.737 [info] Getting sessions for read:user,repo,user:email,workflow...
2024-03-21 10:36:42.737 [info] Got 1 sessions for read:user,repo,user:email,workflow...
2024-03-21 10:49:19.482 [info] Getting sessions for read:user,repo,user:email,workflow...
2024-03-21 10:49:19.483 [info] Got 1 sessions for read:user,repo,user:email,workflow...
