2024-02-29 14:22:28.134 [info] Reading sessions from keychain...
2024-02-29 14:22:28.134 [info] Getting sessions for all scopes...
2024-02-29 14:22:28.134 [info] Got stored sessions!
2024-02-29 14:22:28.134 [info] Got 1 verified sessions.
2024-02-29 14:22:28.134 [info] Got 1 sessions for ...
2024-02-29 14:22:28.134 [info] Getting sessions for read:user,repo,user:email,workflow...
2024-02-29 14:22:28.134 [info] Got 1 sessions for read:user,repo,user:email,workflow...
2024-02-29 14:22:28.134 [info] Getting sessions for read:user,repo,user:email,workflow...
2024-02-29 14:22:28.134 [info] Got 1 sessions for read:user,repo,user:email,workflow...
2024-02-29 14:22:28.572 [info] Getting sessions for all scopes...
2024-02-29 14:22:28.572 [info] Got 1 sessions for ...
2024-02-29 14:22:29.006 [info] Getting sessions for read:user,repo,user:email,workflow...
2024-02-29 14:22:29.006 [info] Got 1 sessions for read:user,repo,user:email,workflow...
2024-03-03 14:14:00.361 [info] Reading sessions from keychain...
2024-03-03 14:14:00.361 [info] Getting sessions for all scopes...
2024-03-03 14:14:00.361 [info] Got stored sessions!
2024-03-03 14:14:00.361 [info] Got 1 verified sessions.
2024-03-03 14:14:00.361 [info] Got 1 sessions for ...
2024-03-03 14:14:00.361 [info] Getting sessions for all scopes...
2024-03-03 14:14:00.361 [info] Got 1 sessions for ...
2024-03-03 14:14:00.361 [info] Getting sessions for read:user,repo,user:email,workflow...
2024-03-03 14:14:00.361 [info] Got 1 sessions for read:user,repo,user:email,workflow...
2024-03-03 14:14:00.978 [info] Getting sessions for read:user,repo,user:email,workflow...
2024-03-03 14:14:00.978 [info] Got 1 sessions for read:user,repo,user:email,workflow...
2024-03-03 14:14:01.693 [info] Getting sessions for read:user,repo,user:email,workflow...
2024-03-03 14:14:01.693 [info] Got 1 sessions for read:user,repo,user:email,workflow...
2024-03-03 14:47:18.932 [info] Getting sessions for read:user,repo,user:email,workflow...
2024-03-03 14:47:18.932 [info] Got 1 sessions for read:user,repo,user:email,workflow...
