2024-03-07 11:00:30.752 [info] Log level: Info
2024-03-07 11:00:30.752 [info] Validating found git in: "git"
2024-03-07 11:00:30.752 [info] Using git "2.39.2" from "git"
2024-03-07 11:00:30.752 [info] > git rev-parse --show-toplevel [3ms]
2024-03-07 11:00:30.754 [info] > git rev-parse --git-dir --git-common-dir [5ms]
2024-03-07 11:00:30.763 [info] Open repository: /home/simgabrob/Final Project
2024-03-07 11:00:30.777 [info] > git config --get commit.template [2ms]
2024-03-07 11:00:30.788 [info] > git for-each-ref --format=%(refname)%00%(upstream:short)%00%(objectname)%00%(upstream:track)%00%(upstream:remotename)%00%(upstream:remoteref) refs/heads/main refs/remotes/main [4ms]
2024-03-07 11:00:30.799 [info] > git status -z -uall [4ms]
2024-03-07 11:00:30.815 [info] > git config --get commit.template [3ms]
2024-03-07 11:00:30.824 [info] > git for-each-ref --format=%(refname)%00%(upstream:short)%00%(objectname)%00%(upstream:track)%00%(upstream:remotename)%00%(upstream:remoteref) refs/heads/main refs/remotes/main [4ms]
2024-03-07 11:00:31.409 [info] > git status -z -uall [569ms]
2024-03-07 11:00:31.765 [info] > git merge-base refs/heads/main refs/remotes/origin/main [9ms]
2024-03-07 11:00:31.827 [info] > git rev-list --count --left-right refs/heads/main...refs/remotes/origin/main [53ms]
2024-03-07 11:00:32.592 [info] > git check-ignore -v -z --stdin [63ms]
2024-03-07 11:00:40.031 [info] > git add -A -- . [14ms]
2024-03-07 11:00:40.050 [info] > git -c user.useConfigOnly=true commit --quiet --allow-empty-message --file - [5ms]
2024-03-07 11:00:40.061 [info] > git config --get commit.template [3ms]
2024-03-07 11:00:40.085 [info] > git config --get commit.template [11ms]
2024-03-07 11:00:40.087 [info] > git for-each-ref --format=%(refname)%00%(upstream:short)%00%(objectname)%00%(upstream:track)%00%(upstream:remotename)%00%(upstream:remoteref) refs/heads/main refs/remotes/main [2ms]
2024-03-07 11:00:40.106 [info] > git status -z -uall [3ms]
2024-03-07 11:00:40.171 [info] > git merge-base refs/heads/main refs/remotes/origin/main [2ms]
2024-03-07 11:00:40.203 [info] > git rev-list --count --left-right refs/heads/main...refs/remotes/origin/main [16ms]
2024-03-07 11:00:40.205 [info] > git config --get commit.template [2ms]
2024-03-07 11:00:40.220 [info] > git for-each-ref --format=%(refname)%00%(upstream:short)%00%(objectname)%00%(upstream:track)%00%(upstream:remotename)%00%(upstream:remoteref) refs/heads/main refs/remotes/main [3ms]
2024-03-07 11:00:40.235 [info] > git status -z -uall [4ms]
2024-03-07 11:00:42.262 [info] > git log --oneline --cherry main...main@{upstream} -- [6ms]
2024-03-07 11:00:43.111 [info] > git pull --tags origin main [805ms]
2024-03-07 11:00:43.111 [info] From https://github.com/simongrobbins/Final-Project
 * branch            main       -> FETCH_HEAD
2024-03-07 11:00:45.228 [info] > git push origin main:main [2102ms]
2024-03-07 11:00:45.228 [info] To https://github.com/simongrobbins/Final-Project.git
   f852b91..c5b3e57  main -> main
2024-03-07 11:00:45.280 [info] > git config --get commit.template [30ms]
2024-03-07 11:00:45.283 [info] > git for-each-ref --format=%(refname)%00%(upstream:short)%00%(objectname)%00%(upstream:track)%00%(upstream:remotename)%00%(upstream:remoteref) refs/heads/main refs/remotes/main [5ms]
2024-03-07 11:00:45.317 [info] > git status -z -uall [5ms]
2024-03-07 11:00:45.360 [info] > git merge-base refs/heads/main refs/remotes/origin/main [7ms]
2024-03-07 11:00:45.382 [info] > git rev-list --count --left-right refs/heads/main...refs/remotes/origin/main [4ms]
2024-03-07 11:01:01.812 [info] > git show --textconv :index.html [14ms]
2024-03-07 11:01:01.817 [info] > git ls-files --stage -- /home/simgabrob/Final Project/index.html [6ms]
2024-03-07 11:01:01.833 [info] > git cat-file -s c4c4d83b3cbf1a64c5e3237709fe8b585cb766fa [5ms]
2024-03-07 11:01:04.017 [info] > git show --textconv :script.js [320ms]
2024-03-07 11:01:04.017 [info] > git ls-files --stage -- /home/simgabrob/Final Project/script.js [306ms]
2024-03-07 11:01:04.062 [info] > git cat-file -s 74398af2d8e8d64fe1f74974d7119790061a72d6 [6ms]
2024-03-07 11:01:04.612 [info] > git show --textconv :style.css [24ms]
2024-03-07 11:01:04.616 [info] > git ls-files --stage -- /home/simgabrob/Final Project/style.css [5ms]
2024-03-07 11:01:04.641 [info] > git cat-file -s d47815457794ccf16edc9ff8c6becf359d836558 [8ms]
2024-03-07 11:01:07.871 [info] > git show --textconv :index.html [16ms]
2024-03-07 11:01:07.875 [info] > git ls-files --stage -- /home/simgabrob/Final Project/index.html [6ms]
2024-03-07 11:01:07.906 [info] > git cat-file -s c4c4d83b3cbf1a64c5e3237709fe8b585cb766fa [3ms]
2024-03-07 11:01:09.510 [info] > git show --textconv :script.js [19ms]
2024-03-07 11:01:09.522 [info] > git ls-files --stage -- /home/simgabrob/Final Project/script.js [13ms]
2024-03-07 11:01:09.551 [info] > git cat-file -s 74398af2d8e8d64fe1f74974d7119790061a72d6 [12ms]
2024-03-07 11:46:50.665 [info] > git show --textconv :index.html [14ms]
2024-03-07 11:46:50.667 [info] > git ls-files --stage -- /home/simgabrob/Final Project/index.html [3ms]
2024-03-07 11:46:50.679 [info] > git cat-file -s c4c4d83b3cbf1a64c5e3237709fe8b585cb766fa [2ms]
2024-03-07 11:46:56.033 [info] > git for-each-ref --format=%(refname)%00%(upstream:short)%00%(objectname)%00%(upstream:track)%00%(upstream:remotename)%00%(upstream:remoteref) refs/heads/main refs/remotes/main [3ms]
2024-03-07 11:46:56.034 [info] > git config --get commit.template [19ms]
2024-03-07 11:46:56.049 [info] > git status -z -uall [4ms]
2024-03-07 11:47:01.083 [info] > git config --get commit.template [12ms]
2024-03-07 11:47:01.085 [info] > git for-each-ref --format=%(refname)%00%(upstream:short)%00%(objectname)%00%(upstream:track)%00%(upstream:remotename)%00%(upstream:remoteref) refs/heads/main refs/remotes/main [3ms]
2024-03-07 11:47:01.098 [info] > git status -z -uall [3ms]
2024-03-07 11:47:03.179 [info] > git show --textconv :script.js [13ms]
2024-03-07 11:47:03.182 [info] > git ls-files --stage -- /home/simgabrob/Final Project/script.js [3ms]
2024-03-07 11:47:03.199 [info] > git cat-file -s 74398af2d8e8d64fe1f74974d7119790061a72d6 [7ms]
2024-03-07 11:47:08.189 [info] > git config --get commit.template [23ms]
2024-03-07 11:47:08.194 [info] > git for-each-ref --format=%(refname)%00%(upstream:short)%00%(objectname)%00%(upstream:track)%00%(upstream:remotename)%00%(upstream:remoteref) refs/heads/main refs/remotes/main [5ms]
2024-03-07 11:47:08.209 [info] > git status -z -uall [2ms]
2024-03-07 11:48:10.284 [info] > git show --textconv :index.html [34ms]
2024-03-07 11:48:10.284 [info] > git ls-files --stage -- /home/simgabrob/Final Project/index.html [5ms]
2024-03-07 11:48:10.316 [info] > git cat-file -s c4c4d83b3cbf1a64c5e3237709fe8b585cb766fa [3ms]
2024-03-07 11:48:16.262 [info] > git show --textconv :script.js [15ms]
2024-03-07 11:48:16.263 [info] > git ls-files --stage -- /home/simgabrob/Final Project/script.js [2ms]
2024-03-07 11:48:16.278 [info] > git cat-file -s 74398af2d8e8d64fe1f74974d7119790061a72d6 [3ms]
2024-03-07 11:48:16.759 [info] > git config --get commit.template [20ms]
2024-03-07 11:48:16.761 [info] > git for-each-ref --format=%(refname)%00%(upstream:short)%00%(objectname)%00%(upstream:track)%00%(upstream:remotename)%00%(upstream:remoteref) refs/heads/main refs/remotes/main [3ms]
2024-03-07 11:48:16.793 [info] > git status -z -uall [1ms]
2024-03-07 13:14:52.737 [info] > git config --get commit.template [2ms]
2024-03-07 13:14:52.753 [info] > git for-each-ref --format=%(refname)%00%(upstream:short)%00%(objectname)%00%(upstream:track)%00%(upstream:remotename)%00%(upstream:remoteref) refs/heads/main refs/remotes/main [3ms]
2024-03-07 13:14:52.764 [info] > git status -z -uall [2ms]
2024-03-07 13:14:55.809 [info] > git show --textconv :index.html [40ms]
2024-03-07 13:14:55.811 [info] > git ls-files --stage -- /home/simgabrob/Final Project/index.html [9ms]
2024-03-07 13:14:55.837 [info] > git cat-file -s c4c4d83b3cbf1a64c5e3237709fe8b585cb766fa [8ms]
2024-03-07 13:15:01.722 [info] > git config --get commit.template [27ms]
2024-03-07 13:15:01.724 [info] > git for-each-ref --format=%(refname)%00%(upstream:short)%00%(objectname)%00%(upstream:track)%00%(upstream:remotename)%00%(upstream:remoteref) refs/heads/main refs/remotes/main [4ms]
2024-03-07 13:15:01.742 [info] > git status -z -uall [5ms]
2024-03-07 13:15:10.304 [info] > git config --get commit.template [53ms]
2024-03-07 13:15:10.309 [info] > git for-each-ref --format=%(refname)%00%(upstream:short)%00%(objectname)%00%(upstream:track)%00%(upstream:remotename)%00%(upstream:remoteref) refs/heads/main refs/remotes/main [7ms]
2024-03-07 13:15:10.342 [info] > git status -z -uall [3ms]
2024-03-07 13:15:15.397 [info] > git config --get commit.template [15ms]
2024-03-07 13:15:15.398 [info] > git for-each-ref --format=%(refname)%00%(upstream:short)%00%(objectname)%00%(upstream:track)%00%(upstream:remotename)%00%(upstream:remoteref) refs/heads/main refs/remotes/main [1ms]
2024-03-07 13:15:15.409 [info] > git status -z -uall [2ms]
2024-03-07 13:15:23.552 [info] > git config --get commit.template [35ms]
2024-03-07 13:15:23.556 [info] > git for-each-ref --format=%(refname)%00%(upstream:short)%00%(objectname)%00%(upstream:track)%00%(upstream:remotename)%00%(upstream:remoteref) refs/heads/main refs/remotes/main [9ms]
2024-03-07 13:15:23.601 [info] > git status -z -uall [8ms]
2024-03-07 13:15:31.726 [info] > git config --get commit.template [14ms]
2024-03-07 13:15:31.728 [info] > git for-each-ref --format=%(refname)%00%(upstream:short)%00%(objectname)%00%(upstream:track)%00%(upstream:remotename)%00%(upstream:remoteref) refs/heads/main refs/remotes/main [3ms]
2024-03-07 13:15:31.744 [info] > git status -z -uall [3ms]
2024-03-07 13:15:50.184 [info] > git show --textconv :script.js [14ms]
2024-03-07 13:15:50.186 [info] > git ls-files --stage -- /home/simgabrob/Final Project/script.js [3ms]
2024-03-07 13:15:50.206 [info] > git cat-file -s 74398af2d8e8d64fe1f74974d7119790061a72d6 [4ms]
2024-03-07 13:16:10.349 [info] > git config --get commit.template [14ms]
2024-03-07 13:16:10.350 [info] > git for-each-ref --format=%(refname)%00%(upstream:short)%00%(objectname)%00%(upstream:track)%00%(upstream:remotename)%00%(upstream:remoteref) refs/heads/main refs/remotes/main [3ms]
2024-03-07 13:16:10.372 [info] > git status -z -uall [3ms]
2024-03-07 13:17:39.950 [info] > git config --get commit.template [1ms]
2024-03-07 13:17:39.963 [info] > git for-each-ref --format=%(refname)%00%(upstream:short)%00%(objectname)%00%(upstream:track)%00%(upstream:remotename)%00%(upstream:remoteref) refs/heads/main refs/remotes/main [2ms]
2024-03-07 13:17:39.976 [info] > git status -z -uall [2ms]
2024-03-07 13:17:49.400 [info] > git show --textconv :index.html [34ms]
2024-03-07 13:17:49.403 [info] > git ls-files --stage -- /home/simgabrob/Final Project/index.html [6ms]
2024-03-07 13:17:49.427 [info] > git cat-file -s c4c4d83b3cbf1a64c5e3237709fe8b585cb766fa [6ms]
2024-03-07 13:18:01.495 [info] > git config --get commit.template [34ms]
2024-03-07 13:18:01.501 [info] > git for-each-ref --format=%(refname)%00%(upstream:short)%00%(objectname)%00%(upstream:track)%00%(upstream:remotename)%00%(upstream:remoteref) refs/heads/main refs/remotes/main [9ms]
2024-03-07 13:18:01.545 [info] > git status -z -uall [9ms]
2024-03-07 13:18:08.205 [info] > git config --get commit.template [14ms]
2024-03-07 13:18:08.206 [info] > git for-each-ref --format=%(refname)%00%(upstream:short)%00%(objectname)%00%(upstream:track)%00%(upstream:remotename)%00%(upstream:remoteref) refs/heads/main refs/remotes/main [1ms]
2024-03-07 13:18:08.220 [info] > git status -z -uall [2ms]
2024-03-07 13:18:16.491 [info] > git show --textconv :script.js [17ms]
2024-03-07 13:18:16.495 [info] > git ls-files --stage -- /home/simgabrob/Final Project/script.js [5ms]
2024-03-07 13:18:16.519 [info] > git cat-file -s 74398af2d8e8d64fe1f74974d7119790061a72d6 [4ms]
2024-03-07 13:18:25.058 [info] > git config --get commit.template [12ms]
2024-03-07 13:18:25.059 [info] > git for-each-ref --format=%(refname)%00%(upstream:short)%00%(objectname)%00%(upstream:track)%00%(upstream:remotename)%00%(upstream:remoteref) refs/heads/main refs/remotes/main [2ms]
2024-03-07 13:18:25.072 [info] > git status -z -uall [1ms]
2024-03-07 13:18:27.634 [info] > git show --textconv :index.html [27ms]
2024-03-07 13:18:27.634 [info] > git ls-files --stage -- /home/simgabrob/Final Project/index.html [3ms]
2024-03-07 13:18:27.655 [info] > git cat-file -s c4c4d83b3cbf1a64c5e3237709fe8b585cb766fa [2ms]
2024-03-07 13:18:30.169 [info] > git config --get commit.template [47ms]
2024-03-07 13:18:30.178 [info] > git for-each-ref --format=%(refname)%00%(upstream:short)%00%(objectname)%00%(upstream:track)%00%(upstream:remotename)%00%(upstream:remoteref) refs/heads/main refs/remotes/main [11ms]
2024-03-07 13:18:30.215 [info] > git status -z -uall [5ms]
2024-03-07 13:18:33.348 [info] > git show --textconv :script.js [15ms]
2024-03-07 13:18:33.349 [info] > git ls-files --stage -- /home/simgabrob/Final Project/script.js [3ms]
2024-03-07 13:18:33.366 [info] > git cat-file -s 74398af2d8e8d64fe1f74974d7119790061a72d6 [5ms]
2024-03-07 13:18:35.241 [info] > git config --get commit.template [2ms]
2024-03-07 13:18:35.252 [info] > git for-each-ref --format=%(refname)%00%(upstream:short)%00%(objectname)%00%(upstream:track)%00%(upstream:remotename)%00%(upstream:remoteref) refs/heads/main refs/remotes/main [2ms]
2024-03-07 13:18:35.265 [info] > git status -z -uall [2ms]
2024-03-07 13:18:50.985 [info] > git config --get commit.template [39ms]
2024-03-07 13:18:50.987 [info] > git for-each-ref --format=%(refname)%00%(upstream:short)%00%(objectname)%00%(upstream:track)%00%(upstream:remotename)%00%(upstream:remoteref) refs/heads/main refs/remotes/main [4ms]
2024-03-07 13:18:51.003 [info] > git status -z -uall [3ms]
2024-03-07 13:19:30.114 [info] > git config --get commit.template [17ms]
2024-03-07 13:19:30.116 [info] > git for-each-ref --format=%(refname)%00%(upstream:short)%00%(objectname)%00%(upstream:track)%00%(upstream:remotename)%00%(upstream:remoteref) refs/heads/main refs/remotes/main [3ms]
2024-03-07 13:19:30.133 [info] > git status -z -uall [2ms]
2024-03-07 13:19:35.943 [info] > git config --get commit.template [40ms]
2024-03-07 13:19:35.944 [info] > git for-each-ref --format=%(refname)%00%(upstream:short)%00%(objectname)%00%(upstream:track)%00%(upstream:remotename)%00%(upstream:remoteref) refs/heads/main refs/remotes/main [6ms]
2024-03-07 13:19:35.961 [info] > git status -z -uall [3ms]
2024-03-07 13:20:44.988 [info] > git for-each-ref --format=%(refname)%00%(upstream:short)%00%(objectname)%00%(upstream:track)%00%(upstream:remotename)%00%(upstream:remoteref) refs/heads/main refs/remotes/main [5ms]
2024-03-07 13:20:44.991 [info] > git config --get commit.template [42ms]
2024-03-07 13:20:45.023 [info] > git status -z -uall [3ms]
2024-03-07 13:22:39.044 [info] > git config --get commit.template [12ms]
2024-03-07 13:22:39.045 [info] > git for-each-ref --format=%(refname)%00%(upstream:short)%00%(objectname)%00%(upstream:track)%00%(upstream:remotename)%00%(upstream:remoteref) refs/heads/main refs/remotes/main [2ms]
2024-03-07 13:22:39.057 [info] > git status -z -uall [3ms]
2024-03-07 13:31:18.871 [info] > git show --textconv :index.html [12ms]
2024-03-07 13:31:18.873 [info] > git ls-files --stage -- /home/simgabrob/Final Project/index.html [2ms]
2024-03-07 13:31:18.885 [info] > git cat-file -s c4c4d83b3cbf1a64c5e3237709fe8b585cb766fa [1ms]
2024-03-07 13:31:24.784 [info] > git config --get commit.template [11ms]
2024-03-07 13:31:24.785 [info] > git for-each-ref --format=%(refname)%00%(upstream:short)%00%(objectname)%00%(upstream:track)%00%(upstream:remotename)%00%(upstream:remoteref) refs/heads/main refs/remotes/main [2ms]
2024-03-07 13:31:24.798 [info] > git status -z -uall [2ms]
2024-03-07 13:31:29.882 [info] > git config --get commit.template [17ms]
2024-03-07 13:31:29.927 [info] > git for-each-ref --format=%(refname)%00%(upstream:short)%00%(objectname)%00%(upstream:track)%00%(upstream:remotename)%00%(upstream:remoteref) refs/heads/main refs/remotes/main [7ms]
2024-03-07 13:31:29.951 [info] > git status -z -uall [4ms]
2024-03-07 13:31:35.000 [info] > git config --get commit.template [14ms]
2024-03-07 13:31:35.002 [info] > git for-each-ref --format=%(refname)%00%(upstream:short)%00%(objectname)%00%(upstream:track)%00%(upstream:remotename)%00%(upstream:remoteref) refs/heads/main refs/remotes/main [3ms]
2024-03-07 13:31:35.013 [info] > git status -z -uall [2ms]
2024-03-07 13:31:52.630 [info] > git config --get commit.template [31ms]
2024-03-07 13:31:52.635 [info] > git for-each-ref --format=%(refname)%00%(upstream:short)%00%(objectname)%00%(upstream:track)%00%(upstream:remotename)%00%(upstream:remoteref) refs/heads/main refs/remotes/main [8ms]
2024-03-07 13:31:52.669 [info] > git status -z -uall [5ms]
2024-03-07 13:31:57.729 [info] > git config --get commit.template [19ms]
2024-03-07 13:31:57.730 [info] > git for-each-ref --format=%(refname)%00%(upstream:short)%00%(objectname)%00%(upstream:track)%00%(upstream:remotename)%00%(upstream:remoteref) refs/heads/main refs/remotes/main [3ms]
2024-03-07 13:31:57.744 [info] > git status -z -uall [2ms]
2024-03-07 13:32:03.626 [info] > git config --get commit.template [29ms]
2024-03-07 13:32:03.628 [info] > git for-each-ref --format=%(refname)%00%(upstream:short)%00%(objectname)%00%(upstream:track)%00%(upstream:remotename)%00%(upstream:remoteref) refs/heads/main refs/remotes/main [3ms]
2024-03-07 13:32:03.643 [info] > git status -z -uall [2ms]
2024-03-07 13:32:26.796 [info] > git show --textconv :script.js [14ms]
2024-03-07 13:32:26.798 [info] > git ls-files --stage -- /home/simgabrob/Final Project/script.js [2ms]
2024-03-07 13:32:26.814 [info] > git cat-file -s 74398af2d8e8d64fe1f74974d7119790061a72d6 [6ms]
2024-03-07 13:33:16.077 [info] > git show --textconv :index.html [23ms]
2024-03-07 13:33:16.079 [info] > git ls-files --stage -- /home/simgabrob/Final Project/index.html [4ms]
2024-03-07 13:33:16.096 [info] > git cat-file -s c4c4d83b3cbf1a64c5e3237709fe8b585cb766fa [4ms]
2024-03-07 13:33:21.825 [info] > git config --get commit.template [40ms]
2024-03-07 13:33:21.830 [info] > git for-each-ref --format=%(refname)%00%(upstream:short)%00%(objectname)%00%(upstream:track)%00%(upstream:remotename)%00%(upstream:remoteref) refs/heads/main refs/remotes/main [15ms]
2024-03-07 13:33:21.896 [info] > git status -z -uall [12ms]
2024-03-07 13:33:26.959 [info] > git config --get commit.template [22ms]
2024-03-07 13:33:26.962 [info] > git for-each-ref --format=%(refname)%00%(upstream:short)%00%(objectname)%00%(upstream:track)%00%(upstream:remotename)%00%(upstream:remoteref) refs/heads/main refs/remotes/main [5ms]
2024-03-07 13:33:26.987 [info] > git status -z -uall [5ms]
2024-03-07 13:33:32.036 [info] > git config --get commit.template [13ms]
2024-03-07 13:33:32.037 [info] > git for-each-ref --format=%(refname)%00%(upstream:short)%00%(objectname)%00%(upstream:track)%00%(upstream:remotename)%00%(upstream:remoteref) refs/heads/main refs/remotes/main [2ms]
2024-03-07 13:33:32.050 [info] > git status -z -uall [2ms]
2024-03-07 13:33:37.083 [info] > git config --get commit.template [12ms]
2024-03-07 13:33:37.085 [info] > git for-each-ref --format=%(refname)%00%(upstream:short)%00%(objectname)%00%(upstream:track)%00%(upstream:remotename)%00%(upstream:remoteref) refs/heads/main refs/remotes/main [2ms]
2024-03-07 13:33:37.098 [info] > git status -z -uall [3ms]
2024-03-07 13:33:42.227 [info] > git for-each-ref --format=%(refname)%00%(upstream:short)%00%(objectname)%00%(upstream:track)%00%(upstream:remotename)%00%(upstream:remoteref) refs/heads/main refs/remotes/main [22ms]
2024-03-07 13:33:42.229 [info] > git config --get commit.template [80ms]
2024-03-07 13:33:42.259 [info] > git status -z -uall [2ms]
2024-03-07 13:33:44.476 [info] > git show --textconv :script.js [13ms]
2024-03-07 13:33:44.481 [info] > git ls-files --stage -- /home/simgabrob/Final Project/script.js [7ms]
2024-03-07 13:33:44.493 [info] > git cat-file -s 74398af2d8e8d64fe1f74974d7119790061a72d6 [3ms]
2024-03-07 13:33:47.323 [info] > git config --get commit.template [22ms]
2024-03-07 13:33:47.325 [info] > git for-each-ref --format=%(refname)%00%(upstream:short)%00%(objectname)%00%(upstream:track)%00%(upstream:remotename)%00%(upstream:remoteref) refs/heads/main refs/remotes/main [3ms]
2024-03-07 13:33:47.337 [info] > git status -z -uall [3ms]
2024-03-07 13:34:04.299 [info] > git config --get commit.template [39ms]
2024-03-07 13:34:04.302 [info] > git for-each-ref --format=%(refname)%00%(upstream:short)%00%(objectname)%00%(upstream:track)%00%(upstream:remotename)%00%(upstream:remoteref) refs/heads/main refs/remotes/main [5ms]
2024-03-07 13:34:04.329 [info] > git status -z -uall [4ms]
2024-03-07 13:36:39.249 [info] > git config --get commit.template [12ms]
2024-03-07 13:36:39.250 [info] > git for-each-ref --format=%(refname)%00%(upstream:short)%00%(objectname)%00%(upstream:track)%00%(upstream:remotename)%00%(upstream:remoteref) refs/heads/main refs/remotes/main [3ms]
2024-03-07 13:36:39.263 [info] > git status -z -uall [2ms]
2024-03-07 13:36:58.061 [info] > git config --get commit.template [43ms]
2024-03-07 13:36:58.068 [info] > git for-each-ref --format=%(refname)%00%(upstream:short)%00%(objectname)%00%(upstream:track)%00%(upstream:remotename)%00%(upstream:remoteref) refs/heads/main refs/remotes/main [10ms]
2024-03-07 13:36:58.105 [info] > git status -z -uall [4ms]
2024-03-07 13:37:03.304 [info] > git config --get commit.template [26ms]
2024-03-07 13:37:03.306 [info] > git for-each-ref --format=%(refname)%00%(upstream:short)%00%(objectname)%00%(upstream:track)%00%(upstream:remotename)%00%(upstream:remoteref) refs/heads/main refs/remotes/main [5ms]
2024-03-07 13:37:03.346 [info] > git status -z -uall [11ms]
2024-03-07 13:38:02.306 [info] > git config --get commit.template [62ms]
2024-03-07 13:38:02.312 [info] > git for-each-ref --format=%(refname)%00%(upstream:short)%00%(objectname)%00%(upstream:track)%00%(upstream:remotename)%00%(upstream:remoteref) refs/heads/main refs/remotes/main [10ms]
2024-03-07 13:38:02.331 [info] > git status -z -uall [2ms]
2024-03-07 13:39:21.355 [info] > git for-each-ref --format=%(refname)%00%(upstream:short)%00%(objectname)%00%(upstream:track)%00%(upstream:remotename)%00%(upstream:remoteref) refs/heads/main refs/remotes/main [1ms]
2024-03-07 13:39:21.355 [info] > git config --get commit.template [36ms]
2024-03-07 13:39:21.372 [info] > git status -z -uall [3ms]
2024-03-07 13:39:21.516 [info] > git show --textconv :index.html [30ms]
2024-03-07 13:39:21.525 [info] > git ls-files --stage -- /home/simgabrob/Final Project/index.html [11ms]
2024-03-07 13:39:21.551 [info] > git cat-file -s c4c4d83b3cbf1a64c5e3237709fe8b585cb766fa [1ms]
2024-03-07 13:39:27.183 [info] > git config --get commit.template [16ms]
2024-03-07 13:39:27.188 [info] > git for-each-ref --format=%(refname)%00%(upstream:short)%00%(objectname)%00%(upstream:track)%00%(upstream:remotename)%00%(upstream:remoteref) refs/heads/main refs/remotes/main [7ms]
2024-03-07 13:39:27.208 [info] > git status -z -uall [3ms]
2024-03-07 13:39:36.709 [info] > git config --get commit.template [3ms]
2024-03-07 13:39:36.730 [info] > git for-each-ref --format=%(refname)%00%(upstream:short)%00%(objectname)%00%(upstream:track)%00%(upstream:remotename)%00%(upstream:remoteref) refs/heads/main refs/remotes/main [1ms]
2024-03-07 13:39:36.758 [info] > git status -z -uall [6ms]
2024-03-07 13:39:36.865 [info] > git show --textconv :script.js [3ms]
2024-03-07 13:39:36.890 [info] > git ls-files --stage -- /home/simgabrob/Final Project/script.js [5ms]
2024-03-07 13:39:36.912 [info] > git cat-file -s 74398af2d8e8d64fe1f74974d7119790061a72d6 [5ms]
2024-03-07 13:39:43.379 [info] > git config --get commit.template [38ms]
2024-03-07 13:39:43.382 [info] > git for-each-ref --format=%(refname)%00%(upstream:short)%00%(objectname)%00%(upstream:track)%00%(upstream:remotename)%00%(upstream:remoteref) refs/heads/main refs/remotes/main [7ms]
2024-03-07 13:39:43.404 [info] > git status -z -uall [3ms]
2024-03-07 13:39:49.298 [info] > git config --get commit.template [26ms]
2024-03-07 13:39:49.302 [info] > git for-each-ref --format=%(refname)%00%(upstream:short)%00%(objectname)%00%(upstream:track)%00%(upstream:remotename)%00%(upstream:remoteref) refs/heads/main refs/remotes/main [4ms]
2024-03-07 13:39:49.324 [info] > git status -z -uall [3ms]
