2024-01-24 13:19:03.825 [info] Log level: Info
2024-01-24 13:19:03.825 [info] Validating found git in: "git"
2024-01-24 13:19:03.825 [info] Using git "2.39.2" from "git"
2024-01-24 13:19:03.825 [info] > git rev-parse --show-toplevel [6ms]
2024-01-24 13:19:03.825 [info] fatal: not a git repository (or any of the parent directories): .git
2024-01-24 13:19:03.825 [info] > git rev-parse --show-toplevel [24ms]
2024-01-24 13:19:03.825 [info] fatal: not a git repository (or any of the parent directories): .git
2024-01-24 13:19:03.828 [info] > git rev-parse --show-toplevel [3ms]
2024-01-24 13:19:03.828 [info] fatal: not a git repository (or any of the parent directories): .git
2024-01-24 13:19:04.536 [info] > git rev-parse --show-toplevel [15ms]
2024-01-24 13:19:04.536 [info] fatal: not a git repository (or any of the parent directories): .git
2024-01-24 13:19:04.553 [info] > git rev-parse --show-toplevel [3ms]
2024-01-24 13:19:04.553 [info] fatal: not a git repository (or any of the parent directories): .git
2024-01-24 13:19:05.329 [info] > git rev-parse --show-toplevel [6ms]
2024-01-24 13:19:05.329 [info] fatal: not a git repository (or any of the parent directories): .git
2024-01-24 13:19:05.341 [info] > git rev-parse --show-toplevel [4ms]
2024-01-24 13:19:05.341 [info] fatal: not a git repository (or any of the parent directories): .git
2024-01-24 13:19:05.646 [info] > git rev-parse --show-toplevel [2ms]
2024-01-24 13:19:05.646 [info] fatal: not a git repository (or any of the parent directories): .git
2024-01-24 13:19:05.655 [info] > git rev-parse --show-toplevel [2ms]
2024-01-24 13:19:05.655 [info] fatal: not a git repository (or any of the parent directories): .git
2024-01-24 13:19:20.533 [info] > git rev-parse --show-toplevel [2ms]
2024-01-24 13:19:20.533 [info] fatal: not a git repository (or any of the parent directories): .git
2024-01-24 13:19:43.432 [info] > git rev-parse --show-toplevel [7ms]
2024-01-24 13:19:43.432 [info] fatal: not a git repository (or any of the parent directories): .git
2024-01-24 13:20:11.774 [info] > git rev-parse --show-toplevel [4ms]
2024-01-24 13:20:11.774 [info] fatal: not a git repository (or any of the parent directories): .git
2024-01-24 13:20:15.024 [info] > git rev-parse --show-toplevel [2ms]
2024-01-24 13:20:15.024 [info] fatal: not a git repository (or any of the parent directories): .git
2024-01-24 13:20:23.545 [info] > git rev-parse --show-toplevel [2ms]
2024-01-24 13:20:23.545 [info] fatal: not a git repository (or any of the parent directories): .git
2024-01-24 13:21:12.928 [info] > git rev-parse --show-toplevel [3ms]
2024-01-24 13:21:12.928 [info] fatal: not a git repository (or any of the parent directories): .git
2024-01-24 13:21:37.558 [info] > git rev-parse --show-toplevel [2ms]
2024-01-24 13:21:37.558 [info] fatal: not a git repository (or any of the parent directories): .git
2024-01-24 13:21:39.413 [info] > git rev-parse --show-toplevel [7ms]
2024-01-24 13:21:39.413 [info] fatal: not a git repository (or any of the parent directories): .git
2024-01-24 13:21:42.022 [info] > git rev-parse --show-toplevel [2ms]
2024-01-24 13:21:42.023 [info] fatal: not a git repository (or any of the parent directories): .git
2024-01-24 13:21:48.908 [info] > git rev-parse --show-toplevel [1ms]
2024-01-24 13:21:48.908 [info] fatal: not a git repository (or any of the parent directories): .git
2024-01-24 13:22:46.020 [info] Log level: Info
2024-01-24 13:22:46.020 [info] Validating found git in: "git"
2024-01-24 13:22:46.020 [info] Using git "2.39.2" from "git"
2024-01-24 13:22:46.020 [info] > git rev-parse --show-toplevel [6ms]
2024-01-24 13:22:46.020 [info] fatal: not a git repository (or any of the parent directories): .git
2024-01-24 13:22:46.038 [info] > git rev-parse --show-toplevel [12ms]
2024-01-24 13:22:46.038 [info] fatal: not a git repository (or any of the parent directories): .git
2024-01-24 13:23:44.607 [info] > git rev-parse --show-toplevel [2ms]
2024-01-24 13:23:44.607 [info] fatal: not a git repository (or any of the parent directories): .git
2024-01-24 13:23:46.051 [info] > git rev-parse --show-toplevel [3ms]
2024-01-24 13:23:46.052 [info] fatal: not a git repository (or any of the parent directories): .git
2024-01-24 13:37:28.467 [info] > git rev-parse --show-toplevel [2ms]
2024-01-24 13:37:28.467 [info] fatal: not a git repository (or any of the parent directories): .git
2024-01-24 13:38:05.832 [info] > git rev-parse --show-toplevel [2ms]
2024-01-24 13:38:05.832 [info] fatal: not a git repository (or any of the parent directories): .git
2024-01-24 13:38:31.259 [info] > git rev-parse --show-toplevel [3ms]
2024-01-24 13:38:31.259 [info] fatal: not a git repository (or any of the parent directories): .git
2024-01-24 13:42:45.852 [info] > git rev-parse --show-toplevel [3ms]
2024-01-24 13:42:45.852 [info] fatal: not a git repository (or any of the parent directories): .git
2024-01-24 13:42:59.749 [info] > git rev-parse --show-toplevel [5ms]
2024-01-24 13:42:59.749 [info] fatal: not a git repository (or any of the parent directories): .git
2024-01-24 13:43:05.455 [info] > git rev-parse --show-toplevel [3ms]
2024-01-24 13:43:05.455 [info] fatal: not a git repository (or any of the parent directories): .git
2024-01-24 13:43:50.883 [info] > git rev-parse --show-toplevel [3ms]
2024-01-24 13:43:50.883 [info] fatal: not a git repository (or any of the parent directories): .git
2024-01-24 13:44:09.568 [info] > git rev-parse --show-toplevel [3ms]
2024-01-24 13:44:09.568 [info] fatal: not a git repository (or any of the parent directories): .git
2024-01-24 13:44:13.181 [info] > git rev-parse --show-toplevel [2ms]
2024-01-24 13:44:13.181 [info] fatal: not a git repository (or any of the parent directories): .git
2024-01-24 13:44:28.992 [info] > git rev-parse --show-toplevel [1ms]
2024-01-24 13:44:28.992 [info] fatal: not a git repository (or any of the parent directories): .git
2024-01-24 13:44:31.926 [info] > git rev-parse --show-toplevel [3ms]
2024-01-24 13:44:31.926 [info] fatal: not a git repository (or any of the parent directories): .git
2024-01-24 13:44:48.821 [info] > git rev-parse --show-toplevel [2ms]
2024-01-24 13:44:48.821 [info] fatal: not a git repository (or any of the parent directories): .git
2024-01-24 13:45:00.625 [info] > git rev-parse --show-toplevel [4ms]
2024-01-24 13:45:00.625 [info] fatal: not a git repository (or any of the parent directories): .git
2024-01-24 17:32:36.504 [info] > git rev-parse --show-toplevel [2ms]
2024-01-24 17:32:36.504 [info] fatal: not a git repository (or any of the parent directories): .git
2024-01-24 17:32:37.560 [info] > git rev-parse --show-toplevel [6ms]
2024-01-24 17:32:37.560 [info] fatal: not a git repository (or any of the parent directories): .git
2024-01-24 17:32:38.685 [info] > git rev-parse --show-toplevel [3ms]
2024-01-24 17:32:38.685 [info] fatal: not a git repository (or any of the parent directories): .git
2024-01-24 17:32:40.508 [info] > git rev-parse --show-toplevel [5ms]
2024-01-24 17:32:40.508 [info] fatal: not a git repository (or any of the parent directories): .git
2024-01-24 17:32:55.270 [info] > git rev-parse --show-toplevel [2ms]
2024-01-24 17:32:55.271 [info] fatal: not a git repository (or any of the parent directories): .git
2024-01-24 17:33:04.183 [info] > git rev-parse --show-toplevel [6ms]
2024-01-24 17:33:04.183 [info] fatal: not a git repository (or any of the parent directories): .git
2024-01-24 17:35:09.775 [info] > git rev-parse --show-toplevel [3ms]
2024-01-24 17:35:09.775 [info] fatal: not a git repository (or any of the parent directories): .git
2024-01-24 17:42:21.933 [info] > git rev-parse --show-toplevel [7ms]
2024-01-24 17:42:21.933 [info] fatal: not a git repository (or any of the parent directories): .git
2024-01-24 19:09:30.691 [info] > git rev-parse --show-toplevel [14ms]
2024-01-24 19:09:30.691 [info] fatal: not a git repository (or any of the parent directories): .git
2024-01-24 19:11:51.883 [info] > git rev-parse --show-toplevel [17ms]
2024-01-24 19:11:51.883 [info] fatal: not a git repository (or any of the parent directories): .git
2024-01-24 19:12:35.357 [info] > git rev-parse --show-toplevel [14ms]
2024-01-24 19:12:35.357 [info] fatal: not a git repository (or any of the parent directories): .git
2024-01-24 19:12:45.575 [info] > git rev-parse --show-toplevel [2ms]
2024-01-24 19:12:45.576 [info] fatal: not a git repository (or any of the parent directories): .git
2024-01-24 19:13:07.482 [info] > git rev-parse --show-toplevel [9ms]
2024-01-24 19:13:07.482 [info] fatal: not a git repository (or any of the parent directories): .git
2024-01-24 19:13:09.200 [info] > git rev-parse --show-toplevel [6ms]
2024-01-24 19:13:09.200 [info] fatal: not a git repository (or any of the parent directories): .git
2024-01-24 19:15:00.854 [info] > git rev-parse --show-toplevel [2ms]
2024-01-24 19:15:00.854 [info] fatal: not a git repository (or any of the parent directories): .git
2024-01-24 19:15:13.169 [info] > git rev-parse --show-toplevel [7ms]
2024-01-24 19:15:13.169 [info] fatal: not a git repository (or any of the parent directories): .git
