2024-02-26 12:38:56.234 [info] Starting TS Server undefined
2024-02-26 12:38:56.234 [info] Using tsserver from: /usr/share/code/resources/app/extensions/node_modules/typescript/lib/tsserver.js undefined
2024-02-26 12:38:56.234 [info] <syntax> Forking...
2024-02-26 12:38:56.234 [info] <syntax> Starting...
2024-02-26 12:38:56.234 [info] <semantic> Forking...
2024-02-26 12:38:56.234 [info] <semantic> Starting...
2024-02-26 12:39:14.084 [error] TSServer exited. Code: null. Signal: SIGTERM
2024-02-26 12:39:14.085 [info] Starting TS Server undefined
2024-02-26 12:39:14.085 [info] Not starting server: disposed undefined
2024-02-26 12:39:34.949 [info] Starting TS Server undefined
2024-02-26 12:39:34.949 [info] Using tsserver from: /usr/share/code/resources/app/extensions/node_modules/typescript/lib/tsserver.js undefined
2024-02-26 12:39:34.949 [info] <syntax> Forking...
2024-02-26 12:39:34.950 [info] <syntax> Starting...
2024-02-26 12:39:34.950 [info] <semantic> Forking...
2024-02-26 12:39:34.950 [info] <semantic> Starting...
2024-02-26 12:42:19.980 [error] TSServer exited. Code: null. Signal: SIGTERM
2024-02-26 12:42:19.980 [info] Starting TS Server undefined
2024-02-26 12:42:19.980 [info] Not starting server: disposed undefined
2024-02-26 12:42:22.096 [info] Starting TS Server undefined
2024-02-26 12:42:22.096 [info] Using tsserver from: /usr/share/code/resources/app/extensions/node_modules/typescript/lib/tsserver.js undefined
2024-02-26 12:42:22.096 [info] <syntax> Forking...
2024-02-26 12:42:22.096 [info] <syntax> Starting...
2024-02-26 12:42:22.096 [info] <semantic> Forking...
2024-02-26 12:42:22.096 [info] <semantic> Starting...
2024-02-29 13:42:58.485 [error] TSServer exited. Code: null. Signal: SIGTERM
2024-02-29 13:42:58.485 [info] Starting TS Server undefined
2024-02-29 13:42:58.485 [info] Not starting server: disposed undefined
