2024-02-21 22:51:29.598 [info] Log level: Info
2024-02-21 22:51:29.598 [info] Validating found git in: "git"
2024-02-21 22:51:29.598 [info] Using git "2.39.2" from "git"
2024-02-21 22:51:33.075 [info] Log level: Info
2024-02-21 22:51:33.075 [info] Validating found git in: "git"
2024-02-21 22:51:33.075 [info] Using git "2.39.2" from "git"
2024-02-21 22:51:33.075 [info] > git rev-parse --show-toplevel [11ms]
2024-02-21 22:51:33.075 [info] fatal: not a git repository (or any of the parent directories): .git
2024-02-21 22:51:33.076 [info] > git rev-parse --show-toplevel [21ms]
2024-02-21 22:51:33.076 [info] fatal: not a git repository (or any of the parent directories): .git
2024-02-21 22:51:33.108 [info] > git rev-parse --show-toplevel [15ms]
2024-02-21 22:51:33.108 [info] fatal: not a git repository (or any parent up to mount point /)
Stopping at filesystem boundary (GIT_DISCOVERY_ACROSS_FILESYSTEM not set).
2024-02-21 22:51:33.116 [info] > git rev-parse --show-toplevel [2ms]
2024-02-21 22:51:33.116 [info] fatal: not a git repository (or any of the parent directories): .git
2024-02-21 22:51:33.124 [info] > git rev-parse --show-toplevel [2ms]
2024-02-21 22:51:33.124 [info] fatal: not a git repository (or any of the parent directories): .git
2024-02-21 22:51:33.130 [info] > git rev-parse --show-toplevel [1ms]
2024-02-21 22:51:33.130 [info] fatal: not a git repository (or any of the parent directories): .git
2024-02-21 22:51:33.136 [info] > git rev-parse --show-toplevel [1ms]
2024-02-21 22:51:33.136 [info] fatal: not a git repository (or any of the parent directories): .git
2024-02-21 22:51:33.143 [info] > git rev-parse --show-toplevel [1ms]
2024-02-21 22:51:33.143 [info] fatal: not a git repository (or any of the parent directories): .git
2024-02-21 22:51:33.150 [info] > git rev-parse --show-toplevel [2ms]
2024-02-21 22:51:33.151 [info] fatal: not a git repository (or any parent up to mount point /)
Stopping at filesystem boundary (GIT_DISCOVERY_ACROSS_FILESYSTEM not set).
2024-02-21 22:51:33.163 [info] > git rev-parse --show-toplevel [1ms]
2024-02-21 22:51:33.163 [info] fatal: not a git repository (or any parent up to mount point /)
Stopping at filesystem boundary (GIT_DISCOVERY_ACROSS_FILESYSTEM not set).
2024-02-21 22:51:33.170 [info] > git rev-parse --show-toplevel [1ms]
2024-02-21 22:51:33.170 [info] fatal: not a git repository (or any of the parent directories): .git
2024-02-21 22:51:33.177 [info] > git rev-parse --show-toplevel [1ms]
2024-02-21 22:51:33.177 [info] fatal: not a git repository (or any parent up to mount point /)
Stopping at filesystem boundary (GIT_DISCOVERY_ACROSS_FILESYSTEM not set).
2024-02-21 22:51:33.186 [info] > git rev-parse --show-toplevel [4ms]
2024-02-21 22:51:33.186 [info] fatal: not a git repository (or any of the parent directories): .git
2024-02-21 22:51:33.194 [info] > git rev-parse --show-toplevel [2ms]
2024-02-21 22:51:33.194 [info] fatal: not a git repository (or any of the parent directories): .git
2024-02-21 22:51:33.201 [info] > git rev-parse --show-toplevel [1ms]
2024-02-21 22:51:33.201 [info] fatal: not a git repository (or any of the parent directories): .git
2024-02-21 22:51:34.180 [info] > git rev-parse --show-toplevel [1ms]
2024-02-21 22:51:34.180 [info] fatal: not a git repository (or any of the parent directories): .git
2024-02-21 22:51:34.270 [info] > git rev-parse --show-toplevel [2ms]
2024-02-21 22:51:34.271 [info] fatal: not a git repository (or any of the parent directories): .git
2024-02-21 22:51:34.582 [info] > git rev-parse --show-toplevel [36ms]
2024-02-21 22:51:34.582 [info] fatal: not a git repository (or any of the parent directories): .git
2024-02-21 22:51:50.140 [info] Log level: Info
2024-02-21 22:51:50.140 [info] Validating found git in: "git"
2024-02-21 22:51:50.140 [info] Using git "2.39.2" from "git"
