2024-02-11 15:33:54.989 [info] Log level: Info
2024-02-11 15:33:54.989 [info] Validating found git in: "git"
2024-02-11 15:33:54.989 [info] Using git "2.39.2" from "git"
2024-02-11 15:33:54.989 [info] > git rev-parse --show-toplevel [95ms]
2024-02-11 15:33:54.989 [info] > git rev-parse --git-dir --git-common-dir [29ms]
2024-02-11 15:33:54.989 [info] Open repository: /home/simgabrob/Bootcamp
2024-02-11 15:33:55.045 [info] > git config --get commit.template [35ms]
2024-02-11 15:33:55.048 [info] > git rev-parse --show-toplevel [12ms]
2024-02-11 15:33:55.079 [info] > git for-each-ref --format=%(refname)%00%(upstream:short)%00%(objectname)%00%(upstream:track)%00%(upstream:remotename)%00%(upstream:remoteref) refs/heads/main refs/remotes/main [13ms]
2024-02-11 15:33:55.096 [info] > git rev-parse --show-toplevel [20ms]
2024-02-11 15:33:55.105 [info] > git status -z -uall [13ms]
2024-02-11 15:33:55.137 [info] > git rev-parse --show-toplevel [33ms]
2024-02-11 15:33:55.163 [info] > git config --get commit.template [26ms]
2024-02-11 15:33:55.164 [info] > git rev-parse --show-toplevel [3ms]
2024-02-11 15:33:55.186 [info] > git for-each-ref --format=%(refname)%00%(upstream:short)%00%(objectname)%00%(upstream:track)%00%(upstream:remotename)%00%(upstream:remoteref) refs/heads/main refs/remotes/main [10ms]
2024-02-11 15:33:55.204 [info] > git status -z -uall [11ms]
2024-02-11 15:33:55.215 [info] > git rev-parse --show-toplevel [29ms]
2024-02-11 15:33:55.225 [info] > git rev-parse --show-toplevel [3ms]
2024-02-11 15:33:55.249 [info] > git rev-parse --show-toplevel [9ms]
2024-02-11 15:33:55.264 [info] > git rev-parse --show-toplevel [9ms]
2024-02-11 15:33:55.757 [info] > git check-ignore -v -z --stdin [1ms]
2024-02-11 15:33:55.827 [info] > git show --textconv :Week 3/Day 1- DOM/Day 1- DOM/DC.html [11ms]
2024-02-11 15:33:55.837 [info] > git ls-files --stage -- /home/simgabrob/Bootcamp/Week 3/Day 1- DOM/Day 1- DOM/DC.html [11ms]
2024-02-11 15:33:55.855 [info] > git cat-file -s 090b41fe1a638901dcdada48c4aa88e1a42799f6 [2ms]
2024-02-11 15:33:56.718 [info] > git merge-base refs/heads/main refs/remotes/origin/main [9ms]
2024-02-11 15:33:56.734 [info] > git rev-list --count --left-right refs/heads/main...refs/remotes/origin/main [6ms]
2024-02-11 15:34:01.732 [info] > git -c user.useConfigOnly=true commit --quiet --allow-empty-message --file - [28ms]
2024-02-11 15:34:01.744 [info] > git config --get commit.template [3ms]
2024-02-11 15:34:01.764 [info] > git config --get commit.template [11ms]
2024-02-11 15:34:01.765 [info] > git for-each-ref --format=%(refname)%00%(upstream:short)%00%(objectname)%00%(upstream:track)%00%(upstream:remotename)%00%(upstream:remoteref) refs/heads/main refs/remotes/main [3ms]
2024-02-11 15:34:01.778 [info] > git status -z -uall [3ms]
2024-02-11 15:34:01.848 [info] > git config --get commit.template [21ms]
2024-02-11 15:34:01.850 [info] > git merge-base refs/heads/main refs/remotes/origin/main [4ms]
2024-02-11 15:34:01.869 [info] > git rev-list --count --left-right refs/heads/main...refs/remotes/origin/main [8ms]
2024-02-11 15:34:01.882 [info] > git for-each-ref --format=%(refname)%00%(upstream:short)%00%(objectname)%00%(upstream:track)%00%(upstream:remotename)%00%(upstream:remoteref) refs/heads/main refs/remotes/main [14ms]
2024-02-11 15:34:01.893 [info] > git status -z -uall [3ms]
2024-02-11 15:34:02.948 [info] > git ls-files --stage -- /home/simgabrob/Bootcamp/Week 3/Day 1- DOM/Day 1- DOM/DC.html [7ms]
2024-02-11 15:34:02.973 [info] > git cat-file -s 090b41fe1a638901dcdada48c4aa88e1a42799f6 [4ms]
2024-02-11 15:34:02.989 [info] > git show --textconv :Week 3/Day 1- DOM/Day 1- DOM/DC.html [2ms]
2024-02-11 15:34:04.750 [info] > git log --oneline --cherry main...main@{upstream} -- [13ms]
2024-02-11 15:34:05.497 [info] > git pull --tags origin main [737ms]
2024-02-11 15:34:05.497 [info] From https://github.com/simongrobbins/DIbootcamp
 * branch            main       -> FETCH_HEAD
2024-02-11 15:34:06.760 [info] > git ls-files --stage -- /home/simgabrob/Bootcamp/Week 3/Day 1- DOM/Day 1- DOM/DC.html [7ms]
2024-02-11 15:34:06.792 [info] > git cat-file -s 090b41fe1a638901dcdada48c4aa88e1a42799f6 [9ms]
2024-02-11 15:34:06.829 [info] > git show --textconv :Week 3/Day 1- DOM/Day 1- DOM/DC.html [5ms]
2024-02-11 15:34:07.293 [info] > git push origin main:main [1772ms]
2024-02-11 15:34:07.293 [info] To https://github.com/simongrobbins/DIbootcamp.git
   a8f211c..7e637fd  main -> main
2024-02-11 15:34:07.348 [info] > git config --get commit.template [29ms]
2024-02-11 15:34:07.352 [info] > git for-each-ref --format=%(refname)%00%(upstream:short)%00%(objectname)%00%(upstream:track)%00%(upstream:remotename)%00%(upstream:remoteref) refs/heads/main refs/remotes/main [10ms]
2024-02-11 15:34:07.390 [info] > git status -z -uall [10ms]
2024-02-11 15:34:07.444 [info] > git merge-base refs/heads/main refs/remotes/origin/main [3ms]
2024-02-11 15:34:07.453 [info] > git rev-list --count --left-right refs/heads/main...refs/remotes/origin/main [2ms]
2024-02-11 15:34:59.956 [info] > git ls-files --stage -- /home/simgabrob/Bootcamp/Week 3/Day 1- DOM/Day 1- DOM/DC.html [1ms]
2024-02-11 15:34:59.963 [info] > git cat-file -s 090b41fe1a638901dcdada48c4aa88e1a42799f6 [2ms]
2024-02-11 15:34:59.971 [info] > git show --textconv :Week 3/Day 1- DOM/Day 1- DOM/DC.html [2ms]
2024-02-11 15:36:01.282 [info] > git config --get commit.template [14ms]
2024-02-11 15:36:01.283 [info] > git for-each-ref --format=%(refname)%00%(upstream:short)%00%(objectname)%00%(upstream:track)%00%(upstream:remotename)%00%(upstream:remoteref) refs/heads/main refs/remotes/main [3ms]
2024-02-11 15:36:01.294 [info] > git status -z -uall [3ms]
2024-02-11 15:36:03.636 [info] > git check-ignore -v -z --stdin [11ms]
2024-02-11 15:36:04.922 [info] > git check-ignore -v -z --stdin [13ms]
2024-02-11 15:36:06.354 [info] > git config --get commit.template [22ms]
2024-02-11 15:36:06.356 [info] > git for-each-ref --format=%(refname)%00%(upstream:short)%00%(objectname)%00%(upstream:track)%00%(upstream:remotename)%00%(upstream:remoteref) refs/heads/main refs/remotes/main [6ms]
2024-02-11 15:36:06.369 [info] > git status -z -uall [3ms]
2024-02-11 15:36:07.063 [info] > git show --textconv :Week 3/Day 1- DOM/XP.html [28ms]
2024-02-11 15:36:07.068 [info] > git ls-files --stage -- /home/simgabrob/Bootcamp/Week 3/Day 1- DOM/XP.html [6ms]
2024-02-11 15:36:07.868 [info] > git show --textconv :Week 3/Day 1- DOM/XP.js [11ms]
2024-02-11 15:36:07.871 [info] > git ls-files --stage -- /home/simgabrob/Bootcamp/Week 3/Day 1- DOM/XP.js [5ms]
2024-02-11 15:37:09.760 [info] > git show --textconv :Week 3/Day 1- DOM/XP.html [14ms]
2024-02-11 15:37:09.760 [info] > git ls-files --stage -- /home/simgabrob/Bootcamp/Week 3/Day 1- DOM/XP.html [1ms]
2024-02-11 15:37:19.462 [info] > git show --textconv :Week 3/Day 1- DOM/XP1.html [18ms]
2024-02-11 15:37:19.464 [info] > git ls-files --stage -- /home/simgabrob/Bootcamp/Week 3/Day 1- DOM/XP1.html [4ms]
2024-02-11 15:37:19.717 [info] > git check-ignore -v -z --stdin [4ms]
2024-02-11 15:37:20.281 [info] > git config --get commit.template [12ms]
2024-02-11 15:37:20.284 [info] > git for-each-ref --format=%(refname)%00%(upstream:short)%00%(objectname)%00%(upstream:track)%00%(upstream:remotename)%00%(upstream:remoteref) refs/heads/main refs/remotes/main [4ms]
2024-02-11 15:37:20.296 [info] > git status -z -uall [3ms]
2024-02-11 15:37:27.005 [info] > git show --textconv :Week 3/Day 1- DOM/XP1.js [23ms]
2024-02-11 15:37:27.021 [info] > git ls-files --stage -- /home/simgabrob/Bootcamp/Week 3/Day 1- DOM/XP1.js [17ms]
2024-02-11 15:37:27.260 [info] > git check-ignore -v -z --stdin [7ms]
2024-02-11 15:37:27.789 [info] > git config --get commit.template [11ms]
2024-02-11 15:37:27.794 [info] > git for-each-ref --format=%(refname)%00%(upstream:short)%00%(objectname)%00%(upstream:track)%00%(upstream:remotename)%00%(upstream:remoteref) refs/heads/main refs/remotes/main [7ms]
2024-02-11 15:37:27.805 [info] > git status -z -uall [2ms]
2024-02-11 15:37:28.601 [info] > git show --textconv :Week 3/Day 1- DOM/XP1.html [11ms]
2024-02-11 15:37:28.603 [info] > git ls-files --stage -- /home/simgabrob/Bootcamp/Week 3/Day 1- DOM/XP1.html [3ms]
2024-02-11 15:37:33.516 [info] > git config --get commit.template [10ms]
2024-02-11 15:37:33.554 [info] > git for-each-ref --format=%(refname)%00%(upstream:short)%00%(objectname)%00%(upstream:track)%00%(upstream:remotename)%00%(upstream:remoteref) refs/heads/main refs/remotes/main [13ms]
2024-02-11 15:37:33.592 [info] > git status -z -uall [10ms]
2024-02-11 15:37:38.653 [info] > git config --get commit.template [24ms]
2024-02-11 15:37:38.654 [info] > git for-each-ref --format=%(refname)%00%(upstream:short)%00%(objectname)%00%(upstream:track)%00%(upstream:remotename)%00%(upstream:remoteref) refs/heads/main refs/remotes/main [4ms]
2024-02-11 15:37:38.677 [info] > git status -z -uall [9ms]
2024-02-11 15:37:43.727 [info] > git for-each-ref --format=%(refname)%00%(upstream:short)%00%(objectname)%00%(upstream:track)%00%(upstream:remotename)%00%(upstream:remoteref) refs/heads/main refs/remotes/main [1ms]
2024-02-11 15:37:43.728 [info] > git config --get commit.template [19ms]
2024-02-11 15:37:43.737 [info] > git status -z -uall [3ms]
2024-02-11 15:37:44.947 [info] > git show --textconv :Week 3/Day 1- DOM/XP2.html [39ms]
2024-02-11 15:37:44.957 [info] > git ls-files --stage -- /home/simgabrob/Bootcamp/Week 3/Day 1- DOM/XP2.html [11ms]
2024-02-11 15:37:45.183 [info] > git check-ignore -v -z --stdin [5ms]
2024-02-11 15:37:48.769 [info] > git config --get commit.template [12ms]
2024-02-11 15:37:48.778 [info] > git for-each-ref --format=%(refname)%00%(upstream:short)%00%(objectname)%00%(upstream:track)%00%(upstream:remotename)%00%(upstream:remoteref) refs/heads/main refs/remotes/main [12ms]
2024-02-11 15:37:48.794 [info] > git status -z -uall [3ms]
2024-02-11 15:37:54.083 [info] > git check-ignore -v -z --stdin [3ms]
2024-02-11 15:37:54.591 [info] > git config --get commit.template [8ms]
2024-02-11 15:37:54.592 [info] > git for-each-ref --format=%(refname)%00%(upstream:short)%00%(objectname)%00%(upstream:track)%00%(upstream:remotename)%00%(upstream:remoteref) refs/heads/main refs/remotes/main [1ms]
2024-02-11 15:37:54.601 [info] > git status -z -uall [2ms]
2024-02-11 15:38:00.269 [info] > git config --get commit.template [6ms]
2024-02-11 15:38:00.270 [info] > git for-each-ref --format=%(refname)%00%(upstream:short)%00%(objectname)%00%(upstream:track)%00%(upstream:remotename)%00%(upstream:remoteref) refs/heads/main refs/remotes/main [1ms]
2024-02-11 15:38:00.277 [info] > git status -z -uall [2ms]
2024-02-11 15:38:04.428 [info] > git show --textconv :Week 3/Day 1- DOM/XP1.html [40ms]
2024-02-11 15:38:04.445 [info] > git ls-files --stage -- /home/simgabrob/Bootcamp/Week 3/Day 1- DOM/XP1.html [18ms]
2024-02-11 15:38:05.315 [info] > git config --get commit.template [8ms]
2024-02-11 15:38:05.350 [info] > git for-each-ref --format=%(refname)%00%(upstream:short)%00%(objectname)%00%(upstream:track)%00%(upstream:remotename)%00%(upstream:remoteref) refs/heads/main refs/remotes/main [6ms]
2024-02-11 15:38:05.384 [info] > git status -z -uall [10ms]
2024-02-11 15:38:10.432 [info] > git config --get commit.template [18ms]
2024-02-11 15:38:10.436 [info] > git for-each-ref --format=%(refname)%00%(upstream:short)%00%(objectname)%00%(upstream:track)%00%(upstream:remotename)%00%(upstream:remoteref) refs/heads/main refs/remotes/main [7ms]
2024-02-11 15:38:10.452 [info] > git status -z -uall [4ms]
2024-02-11 15:38:18.403 [info] > git config --get commit.template [19ms]
2024-02-11 15:38:18.406 [info] > git for-each-ref --format=%(refname)%00%(upstream:short)%00%(objectname)%00%(upstream:track)%00%(upstream:remotename)%00%(upstream:remoteref) refs/heads/main refs/remotes/main [6ms]
2024-02-11 15:38:18.426 [info] > git status -z -uall [4ms]
2024-02-11 15:38:27.080 [info] > git config --get commit.template [11ms]
2024-02-11 15:38:27.082 [info] > git for-each-ref --format=%(refname)%00%(upstream:short)%00%(objectname)%00%(upstream:track)%00%(upstream:remotename)%00%(upstream:remoteref) refs/heads/main refs/remotes/main [3ms]
2024-02-11 15:38:27.093 [info] > git status -z -uall [4ms]
2024-02-11 15:38:32.123 [info] > git config --get commit.template [13ms]
2024-02-11 15:38:32.125 [info] > git for-each-ref --format=%(refname)%00%(upstream:short)%00%(objectname)%00%(upstream:track)%00%(upstream:remotename)%00%(upstream:remoteref) refs/heads/main refs/remotes/main [4ms]
2024-02-11 15:38:32.140 [info] > git status -z -uall [3ms]
2024-02-11 15:38:37.168 [info] > git config --get commit.template [9ms]
2024-02-11 15:38:37.169 [info] > git for-each-ref --format=%(refname)%00%(upstream:short)%00%(objectname)%00%(upstream:track)%00%(upstream:remotename)%00%(upstream:remoteref) refs/heads/main refs/remotes/main [1ms]
2024-02-11 15:38:37.177 [info] > git status -z -uall [2ms]
2024-02-11 15:38:42.245 [info] > git config --get commit.template [37ms]
2024-02-11 15:38:42.252 [info] > git for-each-ref --format=%(refname)%00%(upstream:short)%00%(objectname)%00%(upstream:track)%00%(upstream:remotename)%00%(upstream:remoteref) refs/heads/main refs/remotes/main [17ms]
2024-02-11 15:38:42.292 [info] > git status -z -uall [5ms]
2024-02-11 15:38:47.375 [info] > git config --get commit.template [41ms]
2024-02-11 15:38:47.381 [info] > git for-each-ref --format=%(refname)%00%(upstream:short)%00%(objectname)%00%(upstream:track)%00%(upstream:remotename)%00%(upstream:remoteref) refs/heads/main refs/remotes/main [8ms]
2024-02-11 15:38:47.398 [info] > git status -z -uall [7ms]
2024-02-11 15:38:52.440 [info] > git config --get commit.template [11ms]
2024-02-11 15:38:52.455 [info] > git for-each-ref --format=%(refname)%00%(upstream:short)%00%(objectname)%00%(upstream:track)%00%(upstream:remotename)%00%(upstream:remoteref) refs/heads/main refs/remotes/main [5ms]
2024-02-11 15:38:52.464 [info] > git status -z -uall [2ms]
2024-02-11 15:38:57.480 [info] > git config --get commit.template [6ms]
2024-02-11 15:38:57.481 [info] > git for-each-ref --format=%(refname)%00%(upstream:short)%00%(objectname)%00%(upstream:track)%00%(upstream:remotename)%00%(upstream:remoteref) refs/heads/main refs/remotes/main [2ms]
2024-02-11 15:38:57.490 [info] > git status -z -uall [2ms]
2024-02-11 15:39:02.533 [info] > git config --get commit.template [14ms]
2024-02-11 15:39:02.534 [info] > git for-each-ref --format=%(refname)%00%(upstream:short)%00%(objectname)%00%(upstream:track)%00%(upstream:remotename)%00%(upstream:remoteref) refs/heads/main refs/remotes/main [2ms]
2024-02-11 15:39:02.544 [info] > git status -z -uall [3ms]
2024-02-11 15:39:08.353 [info] > git config --get commit.template [1ms]
2024-02-11 15:39:08.367 [info] > git for-each-ref --format=%(refname)%00%(upstream:short)%00%(objectname)%00%(upstream:track)%00%(upstream:remotename)%00%(upstream:remoteref) refs/heads/main refs/remotes/main [4ms]
2024-02-11 15:39:08.377 [info] > git status -z -uall [3ms]
2024-02-11 15:39:22.458 [info] > git show --textconv :Week 3/Day 1- DOM/XP1.js [37ms]
2024-02-11 15:39:22.461 [info] > git ls-files --stage -- /home/simgabrob/Bootcamp/Week 3/Day 1- DOM/XP1.js [6ms]
2024-02-11 16:16:02.100 [info] > git show --textconv :Week 3/Day 1- DOM/DC.js [17ms]
2024-02-11 16:16:02.102 [info] > git ls-files --stage -- /home/simgabrob/Bootcamp/Week 3/Day 1- DOM/DC.js [4ms]
2024-02-11 16:55:05.304 [info] > git show --textconv :Week 3/Day 1- DOM/XP1.js [12ms]
2024-02-11 16:55:05.305 [info] > git ls-files --stage -- /home/simgabrob/Bootcamp/Week 3/Day 1- DOM/XP1.js [2ms]
2024-02-11 16:55:09.084 [info] > git config --get commit.template [6ms]
2024-02-11 16:55:09.106 [info] > git for-each-ref --format=%(refname)%00%(upstream:short)%00%(objectname)%00%(upstream:track)%00%(upstream:remotename)%00%(upstream:remoteref) refs/heads/main refs/remotes/main [2ms]
2024-02-11 16:55:09.121 [info] > git status -z -uall [3ms]
2024-02-11 17:07:51.842 [info] > git config --get commit.template [2ms]
2024-02-11 17:07:51.852 [info] > git for-each-ref --format=%(refname)%00%(upstream:short)%00%(objectname)%00%(upstream:track)%00%(upstream:remotename)%00%(upstream:remoteref) refs/heads/main refs/remotes/main [2ms]
2024-02-11 17:07:51.863 [info] > git status -z -uall [3ms]
2024-02-11 17:10:28.507 [info] > git config --get commit.template [32ms]
2024-02-11 17:10:28.517 [info] > git for-each-ref --format=%(refname)%00%(upstream:short)%00%(objectname)%00%(upstream:track)%00%(upstream:remotename)%00%(upstream:remoteref) refs/heads/main refs/remotes/main [12ms]
2024-02-11 17:10:28.549 [info] > git status -z -uall [5ms]
2024-02-11 17:10:33.593 [info] > git config --get commit.template [15ms]
2024-02-11 17:10:33.594 [info] > git for-each-ref --format=%(refname)%00%(upstream:short)%00%(objectname)%00%(upstream:track)%00%(upstream:remotename)%00%(upstream:remoteref) refs/heads/main refs/remotes/main [3ms]
2024-02-11 17:10:33.606 [info] > git status -z -uall [3ms]
2024-02-11 17:10:38.624 [info] > git config --get commit.template [3ms]
2024-02-11 17:10:38.638 [info] > git for-each-ref --format=%(refname)%00%(upstream:short)%00%(objectname)%00%(upstream:track)%00%(upstream:remotename)%00%(upstream:remoteref) refs/heads/main refs/remotes/main [1ms]
2024-02-11 17:10:38.652 [info] > git status -z -uall [4ms]
2024-02-11 17:10:43.671 [info] > git config --get commit.template [7ms]
2024-02-11 17:10:43.672 [info] > git for-each-ref --format=%(refname)%00%(upstream:short)%00%(objectname)%00%(upstream:track)%00%(upstream:remotename)%00%(upstream:remoteref) refs/heads/main refs/remotes/main [1ms]
2024-02-11 17:10:43.680 [info] > git status -z -uall [2ms]
2024-02-11 17:12:34.153 [info] > git show --textconv :Week 3/Day 1- DOM/XP1.html [17ms]
2024-02-11 17:12:34.155 [info] > git ls-files --stage -- /home/simgabrob/Bootcamp/Week 3/Day 1- DOM/XP1.html [3ms]
2024-02-11 17:15:13.342 [info] > git show --textconv :Week 3/Day 1- DOM/XP1.js [9ms]
2024-02-11 17:15:13.343 [info] > git ls-files --stage -- /home/simgabrob/Bootcamp/Week 3/Day 1- DOM/XP1.js [2ms]
2024-02-11 17:17:20.799 [info] > git show --textconv :Week 3/Day 1- DOM/XP1.html [10ms]
2024-02-11 17:17:20.800 [info] > git ls-files --stage -- /home/simgabrob/Bootcamp/Week 3/Day 1- DOM/XP1.html [2ms]
2024-02-11 17:17:30.090 [info] > git show --textconv :Week 3/Day 1- DOM/XP1.js [27ms]
2024-02-11 17:17:30.090 [info] > git ls-files --stage -- /home/simgabrob/Bootcamp/Week 3/Day 1- DOM/XP1.js [3ms]
2024-02-11 17:17:40.206 [info] > git config --get commit.template [8ms]
2024-02-11 17:17:40.207 [info] > git for-each-ref --format=%(refname)%00%(upstream:short)%00%(objectname)%00%(upstream:track)%00%(upstream:remotename)%00%(upstream:remoteref) refs/heads/main refs/remotes/main [1ms]
2024-02-11 17:17:40.215 [info] > git status -z -uall [2ms]
2024-02-11 17:17:45.264 [info] > git config --get commit.template [6ms]
2024-02-11 17:17:45.302 [info] > git for-each-ref --format=%(refname)%00%(upstream:short)%00%(objectname)%00%(upstream:track)%00%(upstream:remotename)%00%(upstream:remoteref) refs/heads/main refs/remotes/main [8ms]
2024-02-11 17:17:45.340 [info] > git status -z -uall [8ms]
2024-02-11 17:17:50.401 [info] > git config --get commit.template [18ms]
2024-02-11 17:17:50.405 [info] > git for-each-ref --format=%(refname)%00%(upstream:short)%00%(objectname)%00%(upstream:track)%00%(upstream:remotename)%00%(upstream:remoteref) refs/heads/main refs/remotes/main [7ms]
2024-02-11 17:17:50.554 [info] > git status -z -uall [6ms]
