2024-01-29 16:47:31.782 [info] Reading sessions from keychain...
2024-01-29 16:47:31.782 [info] Getting sessions for all scopes...
2024-01-29 16:47:31.839 [info] Getting sessions for read:user,repo,user:email,workflow...
2024-01-29 16:47:31.882 [info] Getting sessions for all scopes...
2024-01-29 16:47:31.963 [info] Got 0 sessions for ...
2024-01-29 16:47:31.963 [info] Got 0 sessions for read:user,repo,user:email,workflow...
2024-01-29 16:47:31.963 [info] Got 0 sessions for ...
2024-01-29 16:47:33.466 [info] Getting sessions for all scopes...
2024-01-29 16:47:33.466 [info] Got 0 sessions for ...
2024-02-01 10:14:21.686 [info] Reading sessions from keychain...
2024-02-01 10:14:21.686 [info] Getting sessions for all scopes...
2024-02-01 10:14:21.686 [info] Got 0 sessions for ...
2024-02-01 10:14:21.686 [info] Getting sessions for all scopes...
2024-02-01 10:14:21.686 [info] Got 0 sessions for ...
2024-02-01 10:14:22.443 [info] Getting sessions for read:user,repo,user:email,workflow...
2024-02-01 10:14:22.443 [info] Got 0 sessions for read:user,repo,user:email,workflow...
2024-02-01 10:50:46.769 [info] Reading sessions from keychain...
2024-02-01 10:50:46.769 [info] Getting sessions for all scopes...
2024-02-01 10:50:46.769 [info] Got 0 sessions for ...
2024-02-01 10:50:46.769 [info] Getting sessions for all scopes...
2024-02-01 10:50:46.769 [info] Got 0 sessions for ...
