2024-01-24 20:00:22.832 [info] update#setState idle
2024-01-24 20:00:52.830 [info] update#setState checking for updates
2024-01-24 20:00:53.156 [info] update#setState idle
2024-01-24 21:00:52.838 [info] update#setState checking for updates
2024-01-24 21:00:57.270 [info] update#setState idle
2024-01-24 22:00:52.582 [info] update#setState checking for updates
2024-01-24 22:00:54.224 [info] update#setState idle
2024-01-25 21:12:10.905 [info] update#setState checking for updates
2024-01-25 21:12:21.363 [info] update#setState idle
2024-01-25 22:12:12.516 [info] update#setState checking for updates
2024-01-25 22:12:15.133 [info] update#setState idle
2024-01-25 23:12:12.626 [info] update#setState checking for updates
2024-01-25 23:12:13.797 [info] update#setState idle
2024-01-26 23:55:07.416 [info] update#setState checking for updates
2024-01-26 23:55:14.009 [info] update#setState idle
2024-01-27 00:55:08.402 [info] update#setState checking for updates
2024-01-27 00:55:09.585 [info] update#setState idle
2024-01-27 22:55:41.396 [info] update#setState checking for updates
2024-01-27 22:55:47.668 [info] update#setState idle
2024-01-27 23:55:41.832 [info] update#setState checking for updates
2024-01-27 23:55:43.132 [info] update#setState idle
2024-01-28 06:50:35.370 [info] update#setState checking for updates
2024-01-28 06:50:41.636 [info] update#setState idle
2024-01-29 14:20:18.433 [info] update#setState checking for updates
2024-01-29 14:20:43.929 [error] Error: net::ERR_NAME_NOT_RESOLVED
    at SimpleURLLoaderWrapper.<anonymous> (node:electron/js2c/browser_init:2:49876)
    at SimpleURLLoaderWrapper.emit (node:events:513:28)
2024-01-29 14:20:43.975 [info] update#setState idle
2024-01-29 15:20:18.435 [info] update#setState checking for updates
2024-01-29 15:20:18.582 [info] update#setState idle
2024-01-29 15:28:02.007 [info] Extension host with pid 3808 exited with code: 0, signal: unknown.
