2024-03-07 13:42:17.608 [info] Log level: Info
2024-03-07 13:42:17.608 [info] Validating found git in: "git"
2024-03-07 13:42:17.608 [info] Using git "2.39.2" from "git"
2024-03-07 13:42:17.608 [info] > git rev-parse --show-toplevel [36ms]
2024-03-07 13:42:17.608 [info] > git rev-parse --git-dir --git-common-dir [5ms]
2024-03-07 13:42:17.608 [info] Open repository: /home/simgabrob/Final Project
2024-03-07 13:42:17.608 [info] > git config --get commit.template [20ms]
2024-03-07 13:42:17.608 [info] > git for-each-ref --format=%(refname)%00%(upstream:short)%00%(objectname)%00%(upstream:track)%00%(upstream:remotename)%00%(upstream:remoteref) refs/heads/main refs/remotes/main [8ms]
2024-03-07 13:42:17.608 [info] > git status -z -uall [4ms]
2024-03-07 13:42:17.608 [info] > git config --get commit.template [7ms]
2024-03-07 13:42:17.608 [info] > git for-each-ref --format=%(refname)%00%(upstream:short)%00%(objectname)%00%(upstream:track)%00%(upstream:remotename)%00%(upstream:remoteref) refs/heads/main refs/remotes/main [15ms]
2024-03-07 13:42:17.671 [info] > git status -z -uall [8ms]
2024-03-07 13:42:20.123 [info] > git check-ignore -v -z --stdin [214ms]
2024-03-07 13:42:24.116 [info] > git show --textconv :index.html [34ms]
2024-03-07 13:42:24.156 [info] > git ls-files --stage -- /home/simgabrob/Final Project/index.html [60ms]
2024-03-07 13:42:24.475 [info] > git cat-file -s c4c4d83b3cbf1a64c5e3237709fe8b585cb766fa [285ms]
2024-03-07 13:42:46.600 [info] > git show --textconv :script.js [5ms]
2024-03-07 13:42:46.643 [info] > git ls-files --stage -- /home/simgabrob/Final Project/script.js [12ms]
2024-03-07 13:42:46.685 [info] > git cat-file -s 74398af2d8e8d64fe1f74974d7119790061a72d6 [16ms]
2024-03-07 13:43:07.122 [info] > git config --get commit.template [40ms]
2024-03-07 13:43:07.126 [info] > git for-each-ref --format=%(refname)%00%(upstream:short)%00%(objectname)%00%(upstream:track)%00%(upstream:remotename)%00%(upstream:remoteref) refs/heads/main refs/remotes/main [5ms]
2024-03-07 13:43:07.151 [info] > git status -z -uall [3ms]
2024-03-07 13:43:51.971 [info] > git config --get commit.template [5ms]
2024-03-07 13:43:51.987 [info] > git for-each-ref --format=%(refname)%00%(upstream:short)%00%(objectname)%00%(upstream:track)%00%(upstream:remotename)%00%(upstream:remoteref) refs/heads/main refs/remotes/main [3ms]
2024-03-07 13:43:52.001 [info] > git status -z -uall [2ms]
2024-03-07 13:43:56.958 [info] > git show --textconv :index.html [19ms]
2024-03-07 13:43:56.959 [info] > git ls-files --stage -- /home/simgabrob/Final Project/index.html [2ms]
2024-03-07 13:43:56.973 [info] > git cat-file -s c4c4d83b3cbf1a64c5e3237709fe8b585cb766fa [1ms]
2024-03-07 13:43:57.027 [info] > git config --get commit.template [5ms]
2024-03-07 13:43:57.036 [info] > git for-each-ref --format=%(refname)%00%(upstream:short)%00%(objectname)%00%(upstream:track)%00%(upstream:remotename)%00%(upstream:remoteref) refs/heads/main refs/remotes/main [2ms]
2024-03-07 13:43:57.050 [info] > git status -z -uall [2ms]
2024-03-07 13:44:17.373 [info] > git config --get commit.template [12ms]
2024-03-07 13:44:17.374 [info] > git for-each-ref --format=%(refname)%00%(upstream:short)%00%(objectname)%00%(upstream:track)%00%(upstream:remotename)%00%(upstream:remoteref) refs/heads/main refs/remotes/main [2ms]
2024-03-07 13:44:17.384 [info] > git status -z -uall [2ms]
2024-03-07 13:44:24.765 [info] > git config --get commit.template [29ms]
2024-03-07 13:44:24.768 [info] > git for-each-ref --format=%(refname)%00%(upstream:short)%00%(objectname)%00%(upstream:track)%00%(upstream:remotename)%00%(upstream:remoteref) refs/heads/main refs/remotes/main [7ms]
2024-03-07 13:44:24.819 [info] > git status -z -uall [10ms]
2024-03-07 13:44:29.877 [info] > git config --get commit.template [14ms]
2024-03-07 13:44:29.880 [info] > git for-each-ref --format=%(refname)%00%(upstream:short)%00%(objectname)%00%(upstream:track)%00%(upstream:remotename)%00%(upstream:remoteref) refs/heads/main refs/remotes/main [4ms]
2024-03-07 13:44:29.901 [info] > git status -z -uall [2ms]
2024-03-07 13:44:34.959 [info] > git config --get commit.template [26ms]
2024-03-07 13:44:34.965 [info] > git for-each-ref --format=%(refname)%00%(upstream:short)%00%(objectname)%00%(upstream:track)%00%(upstream:remotename)%00%(upstream:remoteref) refs/heads/main refs/remotes/main [8ms]
2024-03-07 13:44:35.004 [info] > git status -z -uall [7ms]
2024-03-07 13:44:37.766 [info] > git show --textconv :script.js [14ms]
2024-03-07 13:44:37.768 [info] > git ls-files --stage -- /home/simgabrob/Final Project/script.js [4ms]
2024-03-07 13:44:37.791 [info] > git cat-file -s 74398af2d8e8d64fe1f74974d7119790061a72d6 [11ms]
2024-03-07 13:44:41.112 [info] > git show --textconv :index.html [2ms]
2024-03-07 13:44:41.140 [info] > git ls-files --stage -- /home/simgabrob/Final Project/index.html [1ms]
2024-03-07 13:44:41.168 [info] > git cat-file -s c4c4d83b3cbf1a64c5e3237709fe8b585cb766fa [5ms]
2024-03-07 13:45:03.797 [info] > git show --textconv :script.js [21ms]
2024-03-07 13:45:03.818 [info] > git ls-files --stage -- /home/simgabrob/Final Project/script.js [23ms]
2024-03-07 13:45:03.848 [info] > git cat-file -s 74398af2d8e8d64fe1f74974d7119790061a72d6 [4ms]
2024-03-07 13:45:06.718 [info] > git show --textconv :index.html [46ms]
2024-03-07 13:45:06.727 [info] > git ls-files --stage -- /home/simgabrob/Final Project/index.html [12ms]
2024-03-07 13:45:06.752 [info] > git cat-file -s c4c4d83b3cbf1a64c5e3237709fe8b585cb766fa [2ms]
2024-03-07 13:45:42.024 [info] > git config --get commit.template [2ms]
2024-03-07 13:45:42.041 [info] > git for-each-ref --format=%(refname)%00%(upstream:short)%00%(objectname)%00%(upstream:track)%00%(upstream:remotename)%00%(upstream:remoteref) refs/heads/main refs/remotes/main [6ms]
2024-03-07 13:45:42.061 [info] > git status -z -uall [4ms]
2024-03-07 13:45:42.183 [info] > git show --textconv :script.js [14ms]
2024-03-07 13:45:42.186 [info] > git ls-files --stage -- /home/simgabrob/Final Project/script.js [4ms]
2024-03-07 13:45:42.197 [info] > git cat-file -s 74398af2d8e8d64fe1f74974d7119790061a72d6 [2ms]
2024-03-07 13:45:47.106 [info] > git config --get commit.template [21ms]
2024-03-07 13:45:47.108 [info] > git for-each-ref --format=%(refname)%00%(upstream:short)%00%(objectname)%00%(upstream:track)%00%(upstream:remotename)%00%(upstream:remoteref) refs/heads/main refs/remotes/main [4ms]
2024-03-07 13:45:47.130 [info] > git status -z -uall [3ms]
2024-03-07 13:45:52.511 [info] > git config --get commit.template [40ms]
2024-03-07 13:45:52.517 [info] > git for-each-ref --format=%(refname)%00%(upstream:short)%00%(objectname)%00%(upstream:track)%00%(upstream:remotename)%00%(upstream:remoteref) refs/heads/main refs/remotes/main [9ms]
2024-03-07 13:45:52.537 [info] > git status -z -uall [3ms]
2024-03-07 13:46:09.800 [info] > git config --get commit.template [16ms]
2024-03-07 13:46:09.802 [info] > git for-each-ref --format=%(refname)%00%(upstream:short)%00%(objectname)%00%(upstream:track)%00%(upstream:remotename)%00%(upstream:remoteref) refs/heads/main refs/remotes/main [3ms]
2024-03-07 13:46:09.816 [info] > git status -z -uall [2ms]
2024-03-07 13:46:17.294 [info] > git config --get commit.template [36ms]
2024-03-07 13:46:17.299 [info] > git for-each-ref --format=%(refname)%00%(upstream:short)%00%(objectname)%00%(upstream:track)%00%(upstream:remotename)%00%(upstream:remoteref) refs/heads/main refs/remotes/main [6ms]
2024-03-07 13:46:17.323 [info] > git status -z -uall [3ms]
2024-03-07 13:46:44.292 [info] > git config --get commit.template [16ms]
2024-03-07 13:46:44.293 [info] > git for-each-ref --format=%(refname)%00%(upstream:short)%00%(objectname)%00%(upstream:track)%00%(upstream:remotename)%00%(upstream:remoteref) refs/heads/main refs/remotes/main [3ms]
2024-03-07 13:46:44.312 [info] > git status -z -uall [3ms]
2024-03-07 13:49:17.788 [info] > git config --get commit.template [15ms]
2024-03-07 13:49:17.789 [info] > git for-each-ref --format=%(refname)%00%(upstream:short)%00%(objectname)%00%(upstream:track)%00%(upstream:remotename)%00%(upstream:remoteref) refs/heads/main refs/remotes/main [2ms]
2024-03-07 13:49:17.800 [info] > git status -z -uall [2ms]
2024-03-10 10:26:27.337 [info] > git config --get commit.template [13ms]
2024-03-10 10:26:27.338 [info] > git for-each-ref --format=%(refname)%00%(upstream:short)%00%(objectname)%00%(upstream:track)%00%(upstream:remotename)%00%(upstream:remoteref) refs/heads/main refs/remotes/main [3ms]
2024-03-10 10:26:27.350 [info] > git status -z -uall [2ms]
2024-03-10 14:16:03.386 [info] > git config --get commit.template [15ms]
2024-03-10 14:16:03.386 [info] > git for-each-ref --format=%(refname)%00%(upstream:short)%00%(objectname)%00%(upstream:track)%00%(upstream:remotename)%00%(upstream:remoteref) refs/heads/main refs/remotes/main [2ms]
2024-03-10 14:16:03.403 [info] > git status -z -uall [3ms]
2024-03-10 14:17:02.694 [info] > git show --textconv :index.html [48ms]
2024-03-10 14:17:02.694 [info] > git ls-files --stage -- /home/simgabrob/Final Project/index.html [14ms]
2024-03-10 14:17:02.720 [info] > git cat-file -s c4c4d83b3cbf1a64c5e3237709fe8b585cb766fa [4ms]
2024-03-10 14:54:19.603 [info] > git show --textconv :script.js [16ms]
2024-03-10 14:54:19.604 [info] > git ls-files --stage -- /home/simgabrob/Final Project/script.js [2ms]
2024-03-10 14:54:19.617 [info] > git cat-file -s 74398af2d8e8d64fe1f74974d7119790061a72d6 [4ms]
2024-03-10 14:54:20.335 [info] > git config --get commit.template [6ms]
2024-03-10 14:54:20.352 [info] > git for-each-ref --format=%(refname)%00%(upstream:short)%00%(objectname)%00%(upstream:track)%00%(upstream:remotename)%00%(upstream:remoteref) refs/heads/main refs/remotes/main [3ms]
2024-03-10 14:54:20.371 [info] > git status -z -uall [2ms]
2024-03-10 14:54:28.861 [info] > git config --get commit.template [13ms]
2024-03-10 14:54:28.863 [info] > git for-each-ref --format=%(refname)%00%(upstream:short)%00%(objectname)%00%(upstream:track)%00%(upstream:remotename)%00%(upstream:remoteref) refs/heads/main refs/remotes/main [3ms]
2024-03-10 14:54:28.876 [info] > git status -z -uall [3ms]
2024-03-10 14:54:40.615 [info] > git merge-base refs/heads/main refs/remotes/origin/main [1ms]
2024-03-10 14:54:40.630 [info] > git rev-list --count --left-right refs/heads/main...refs/remotes/origin/main [2ms]
2024-03-10 14:54:44.283 [info] > git add -A -- . [5ms]
2024-03-10 14:54:44.341 [info] > git -c user.useConfigOnly=true commit --quiet --allow-empty-message --file - [45ms]
2024-03-10 14:54:44.355 [info] > git config --get commit.template [4ms]
2024-03-10 14:54:44.368 [info] > git config --get commit.template [2ms]
2024-03-10 14:54:44.386 [info] > git for-each-ref --format=%(refname)%00%(upstream:short)%00%(objectname)%00%(upstream:track)%00%(upstream:remotename)%00%(upstream:remoteref) refs/heads/main refs/remotes/main [5ms]
2024-03-10 14:54:44.398 [info] > git status -z -uall [1ms]
2024-03-10 14:54:44.450 [info] > git merge-base refs/heads/main refs/remotes/origin/main [18ms]
2024-03-10 14:54:44.460 [info] > git config --get commit.template [10ms]
2024-03-10 14:54:44.470 [info] > git rev-list --count --left-right refs/heads/main...refs/remotes/origin/main [11ms]
2024-03-10 14:54:44.473 [info] > git for-each-ref --format=%(refname)%00%(upstream:short)%00%(objectname)%00%(upstream:track)%00%(upstream:remotename)%00%(upstream:remoteref) refs/heads/main refs/remotes/main [3ms]
2024-03-10 14:54:44.488 [info] > git status -z -uall [3ms]
2024-03-10 14:54:45.506 [info] > git log --oneline --cherry main...main@{upstream} -- [6ms]
2024-03-10 14:54:45.562 [info] > git ls-files --stage -- /home/simgabrob/Final Project/script.js [4ms]
2024-03-10 14:54:45.573 [info] > git cat-file -s 7621501636092608b03ceb94678645fc81829bd6 [1ms]
2024-03-10 14:54:45.586 [info] > git show --textconv :script.js [1ms]
2024-03-10 14:54:46.801 [info] > git ls-files --stage -- /home/simgabrob/Final Project/script.js [5ms]
2024-03-10 14:54:46.822 [info] > git cat-file -s 7621501636092608b03ceb94678645fc81829bd6 [2ms]
2024-03-10 14:54:46.841 [info] > git show --textconv :script.js [3ms]
2024-03-10 14:54:55.589 [info] > git pull --tags origin main [10062ms]
2024-03-10 14:54:55.590 [info] fatal: unable to access 'https://github.com/simongrobbins/Final-Project.git/': Could not resolve host: github.com
2024-03-10 14:54:55.681 [info] > git config --get commit.template [48ms]
2024-03-10 14:54:55.687 [info] > git for-each-ref --format=%(refname)%00%(upstream:short)%00%(objectname)%00%(upstream:track)%00%(upstream:remotename)%00%(upstream:remoteref) refs/heads/main refs/remotes/main [9ms]
2024-03-10 14:54:55.717 [info] > git status -z -uall [2ms]
2024-03-10 14:55:19.048 [info] > git log --oneline --cherry main...main@{upstream} -- [8ms]
2024-03-10 14:55:19.729 [info] > git pull --tags origin main [651ms]
2024-03-10 14:55:19.729 [info] From https://github.com/simongrobbins/Final-Project
 * branch            main       -> FETCH_HEAD
2024-03-10 14:55:20.977 [info] > git ls-files --stage -- /home/simgabrob/Final Project/script.js [1ms]
2024-03-10 14:55:20.989 [info] > git cat-file -s 7621501636092608b03ceb94678645fc81829bd6 [2ms]
2024-03-10 14:55:21.012 [info] > git show --textconv :script.js [13ms]
2024-03-10 14:55:21.499 [info] > git push origin main:main [1746ms]
2024-03-10 14:55:21.499 [info] To https://github.com/simongrobbins/Final-Project.git
   c5b3e57..204e511  main -> main
2024-03-10 14:55:21.526 [info] > git config --get commit.template [11ms]
2024-03-10 14:55:21.527 [info] > git for-each-ref --format=%(refname)%00%(upstream:short)%00%(objectname)%00%(upstream:track)%00%(upstream:remotename)%00%(upstream:remoteref) refs/heads/main refs/remotes/main [2ms]
2024-03-10 14:55:21.540 [info] > git status -z -uall [1ms]
2024-03-10 14:55:21.560 [info] > git merge-base refs/heads/main refs/remotes/origin/main [3ms]
2024-03-10 14:55:21.572 [info] > git rev-list --count --left-right refs/heads/main...refs/remotes/origin/main [2ms]
2024-03-10 14:55:22.655 [info] > git config --get commit.template [33ms]
2024-03-10 14:55:22.659 [info] > git for-each-ref --format=%(refname)%00%(upstream:short)%00%(objectname)%00%(upstream:track)%00%(upstream:remotename)%00%(upstream:remoteref) refs/heads/main refs/remotes/main [5ms]
2024-03-10 14:55:22.688 [info] > git status -z -uall [8ms]
2024-03-10 14:55:22.730 [info] > git ls-files --stage -- /home/simgabrob/Final Project/script.js [5ms]
2024-03-10 14:55:22.753 [info] > git cat-file -s 7621501636092608b03ceb94678645fc81829bd6 [5ms]
2024-03-10 14:55:22.775 [info] > git show --textconv :script.js [3ms]
2024-03-10 15:02:22.694 [info] > git config --get commit.template [11ms]
2024-03-10 15:02:22.695 [info] > git for-each-ref --format=%(refname)%00%(upstream:short)%00%(objectname)%00%(upstream:track)%00%(upstream:remotename)%00%(upstream:remoteref) refs/heads/main refs/remotes/main [2ms]
2024-03-10 15:02:22.706 [info] > git status -z -uall [2ms]
2024-03-10 15:02:28.252 [info] > git config --get commit.template [16ms]
2024-03-10 15:02:28.253 [info] > git for-each-ref --format=%(refname)%00%(upstream:short)%00%(objectname)%00%(upstream:track)%00%(upstream:remotename)%00%(upstream:remoteref) refs/heads/main refs/remotes/main [2ms]
2024-03-10 15:02:28.274 [info] > git status -z -uall [3ms]
2024-03-10 15:02:29.154 [info] > git show --textconv :index.html [55ms]
2024-03-10 15:02:29.162 [info] > git ls-files --stage -- /home/simgabrob/Final Project/index.html [10ms]
2024-03-10 15:02:29.177 [info] > git cat-file -s 7779c750d7809949830c06285286f10768e0bbad [2ms]
2024-03-10 15:02:33.317 [info] > git config --get commit.template [12ms]
2024-03-10 15:02:33.318 [info] > git for-each-ref --format=%(refname)%00%(upstream:short)%00%(objectname)%00%(upstream:track)%00%(upstream:remotename)%00%(upstream:remoteref) refs/heads/main refs/remotes/main [2ms]
2024-03-10 15:02:33.329 [info] > git status -z -uall [1ms]
