2024-01-24 13:12:13.500 [info] Log level: Info
2024-01-24 13:12:13.500 [info] Validating found git in: "git"
2024-01-24 13:12:13.500 [info] Using git "2.39.2" from "git"
2024-01-24 13:12:13.522 [info] > git rev-parse --show-toplevel [41ms]
2024-01-24 13:12:13.522 [info] fatal: not a git repository (or any of the parent directories): .git
2024-01-24 13:12:13.699 [info] > git rev-parse --show-toplevel [143ms]
2024-01-24 13:12:13.699 [info] fatal: not a git repository (or any of the parent directories): .git
2024-01-24 13:12:13.796 [info] > git rev-parse --show-toplevel [7ms]
2024-01-24 13:12:13.796 [info] fatal: not a git repository (or any of the parent directories): .git
2024-01-24 13:12:13.934 [info] > git rev-parse --show-toplevel [6ms]
2024-01-24 13:12:13.934 [info] fatal: not a git repository (or any of the parent directories): .git
2024-01-24 13:12:13.946 [info] > git rev-parse --show-toplevel [4ms]
2024-01-24 13:12:13.946 [info] fatal: not a git repository (or any of the parent directories): .git
2024-01-24 13:12:14.010 [info] > git rev-parse --show-toplevel [2ms]
2024-01-24 13:12:14.010 [info] fatal: not a git repository (or any of the parent directories): .git
2024-01-24 13:12:14.022 [info] > git rev-parse --show-toplevel [2ms]
2024-01-24 13:12:14.022 [info] fatal: not a git repository (or any of the parent directories): .git
2024-01-24 13:12:14.235 [info] > git rev-parse --show-toplevel [1ms]
2024-01-24 13:12:14.235 [info] fatal: not a git repository (or any of the parent directories): .git
2024-01-24 13:12:14.246 [info] > git rev-parse --show-toplevel [3ms]
2024-01-24 13:12:14.246 [info] fatal: not a git repository (or any of the parent directories): .git
2024-01-24 13:12:14.524 [info] > git rev-parse --show-toplevel [2ms]
2024-01-24 13:12:14.524 [info] fatal: not a git repository (or any of the parent directories): .git
2024-01-24 13:12:14.531 [info] > git rev-parse --show-toplevel [2ms]
2024-01-24 13:12:14.531 [info] fatal: not a git repository (or any of the parent directories): .git
2024-01-24 13:12:36.223 [info] > git rev-parse --show-toplevel [1ms]
2024-01-24 13:12:36.223 [info] fatal: not a git repository (or any of the parent directories): .git
2024-01-24 13:12:36.229 [info] > git rev-parse --show-toplevel [1ms]
2024-01-24 13:12:36.229 [info] fatal: not a git repository (or any of the parent directories): .git
2024-01-24 13:12:38.672 [info] > git rev-parse --show-toplevel [5ms]
2024-01-24 13:12:38.673 [info] fatal: not a git repository (or any of the parent directories): .git
2024-01-24 13:12:40.586 [info] > git rev-parse --show-toplevel [2ms]
2024-01-24 13:12:40.586 [info] fatal: not a git repository (or any of the parent directories): .git
2024-01-24 13:12:41.685 [info] > git rev-parse --show-toplevel [2ms]
2024-01-24 13:12:41.685 [info] fatal: not a git repository (or any of the parent directories): .git
2024-01-24 13:12:59.896 [info] > git rev-parse --show-toplevel [3ms]
2024-01-24 13:12:59.896 [info] fatal: not a git repository (or any of the parent directories): .git
2024-01-24 13:13:00.742 [info] > git rev-parse --show-toplevel [4ms]
2024-01-24 13:13:00.742 [info] fatal: not a git repository (or any of the parent directories): .git
2024-01-24 13:13:33.493 [info] > git rev-parse --show-toplevel [3ms]
2024-01-24 13:13:33.493 [info] fatal: not a git repository (or any of the parent directories): .git
2024-01-24 13:13:58.402 [info] > git rev-parse --show-toplevel [1ms]
2024-01-24 13:13:58.402 [info] fatal: not a git repository (or any of the parent directories): .git
2024-01-24 13:15:27.560 [info] > git rev-parse --show-toplevel [2ms]
2024-01-24 13:15:27.560 [info] fatal: not a git repository (or any of the parent directories): .git
2024-01-24 13:15:49.175 [info] > git rev-parse --show-toplevel [5ms]
2024-01-24 13:15:49.175 [info] fatal: not a git repository (or any of the parent directories): .git
2024-01-24 13:16:03.159 [info] > git rev-parse --show-toplevel [2ms]
2024-01-24 13:16:03.159 [info] fatal: not a git repository (or any of the parent directories): .git
2024-01-24 13:16:04.039 [info] > git rev-parse --show-toplevel [3ms]
2024-01-24 13:16:04.039 [info] fatal: not a git repository (or any of the parent directories): .git
2024-01-24 13:16:08.076 [info] > git rev-parse --show-toplevel [5ms]
2024-01-24 13:16:08.076 [info] fatal: not a git repository (or any of the parent directories): .git
2024-01-24 13:16:10.247 [info] > git rev-parse --show-toplevel [4ms]
2024-01-24 13:16:10.247 [info] fatal: not a git repository (or any of the parent directories): .git
2024-01-24 13:16:18.087 [info] > git rev-parse --show-toplevel [15ms]
2024-01-24 13:16:18.087 [info] fatal: not a git repository (or any of the parent directories): .git
