2024-02-21 22:51:30.048 [info] Reading sessions from keychain...
2024-02-21 22:51:30.048 [info] Getting sessions for all scopes...
2024-02-21 22:51:30.048 [info] Got stored sessions!
2024-02-21 22:51:30.048 [info] Got 1 verified sessions.
2024-02-21 22:51:30.048 [info] Got 1 sessions for ...
2024-02-21 22:51:30.048 [info] Getting sessions for all scopes...
2024-02-21 22:51:30.048 [info] Got 1 sessions for ...
2024-02-21 22:51:30.048 [info] Getting sessions for read:user,repo,user:email,workflow...
2024-02-21 22:51:30.049 [info] Got 1 sessions for read:user,repo,user:email,workflow...
2024-02-21 22:51:33.085 [info] Reading sessions from keychain...
2024-02-21 22:51:33.085 [info] Getting sessions for all scopes...
2024-02-21 22:51:33.085 [info] Got stored sessions!
2024-02-21 22:51:33.085 [info] Got 1 verified sessions.
2024-02-21 22:51:33.085 [info] Got 1 sessions for ...
2024-02-21 22:51:33.085 [info] Getting sessions for read:user,repo,user:email,workflow...
2024-02-21 22:51:33.085 [info] Got 1 sessions for read:user,repo,user:email,workflow...
2024-02-21 22:51:34.311 [info] Getting sessions for all scopes...
2024-02-21 22:51:34.311 [info] Got 1 sessions for ...
2024-02-21 22:51:34.319 [info] Getting sessions for all scopes...
2024-02-21 22:51:34.319 [info] Got 1 sessions for ...
2024-02-21 22:51:50.681 [info] Reading sessions from keychain...
2024-02-21 22:51:50.681 [info] Getting sessions for all scopes...
2024-02-21 22:51:50.681 [info] Got stored sessions!
2024-02-21 22:51:50.681 [info] Got 1 verified sessions.
2024-02-21 22:51:50.681 [info] Got 1 sessions for ...
2024-02-21 22:51:50.681 [info] Getting sessions for all scopes...
2024-02-21 22:51:50.681 [info] Got 1 sessions for ...
2024-02-21 22:51:50.681 [info] Getting sessions for read:user,repo,user:email,workflow...
2024-02-21 22:51:50.681 [info] Got 1 sessions for read:user,repo,user:email,workflow...
