2024-02-01 11:07:04.837 [info] Extension host with pid 561 started
2024-02-01 11:07:04.837 [info] Skipping acquiring lock for /home/simgabrob/.config/Code/User/workspaceStorage/6dacfa13b20953289d9dd43d4f5f88c4.
2024-02-01 11:07:05.233 [info] ExtensionService#_doActivateExtension vscode.emmet, startup: false, activationEvent: 'onLanguage'
2024-02-01 11:07:05.277 [info] ExtensionService#_doActivateExtension vscode.html-language-features, startup: false, activationEvent: 'onLanguage:html'
2024-02-01 11:07:06.536 [info] ExtensionService#_doActivateExtension vscode.git-base, startup: true, activationEvent: '*', root cause: vscode.git
2024-02-01 11:07:06.723 [info] ExtensionService#_doActivateExtension vscode.git, startup: true, activationEvent: '*'
2024-02-01 11:07:06.951 [info] ExtensionService#_doActivateExtension vscode.github, startup: true, activationEvent: '*'
2024-02-01 11:07:07.279 [info] Eager extensions activated
2024-02-01 11:07:07.500 [info] ExtensionService#_doActivateExtension vscode.debug-auto-launch, startup: false, activationEvent: 'onStartupFinished'
2024-02-01 11:07:07.513 [info] ExtensionService#_doActivateExtension vscode.merge-conflict, startup: false, activationEvent: 'onStartupFinished'
2024-02-01 11:07:07.540 [info] ExtensionService#_doActivateExtension ritwickdey.LiveServer, startup: false, activationEvent: 'onStartupFinished'
2024-02-01 11:07:07.855 [info] ExtensionService#_doActivateExtension yandeu.five-server, startup: false, activationEvent: 'onStartupFinished'
2024-02-01 11:11:03.658 [info] ExtensionService#_doActivateExtension vscode.css-language-features, startup: false, activationEvent: 'onLanguage:css'
2024-02-01 11:21:12.634 [error] [vscode.emmet] provider FAILED
2024-02-01 11:21:12.635 [error] TypeError: Cannot read properties of undefined (reading 'find')
	at t.$S.b (/usr/share/code/resources/app/extensions/emmet/dist/node/emmetNodeMain.js:1:129895)
	at t.$S.provideCompletionItems (/usr/share/code/resources/app/extensions/emmet/dist/node/emmetNodeMain.js:1:128540)
	at ve.provideCompletionItems (/usr/share/code/resources/app/out/vs/workbench/api/node/extensionHostProcess.js:143:53068)
	at /usr/share/code/resources/app/out/vs/workbench/api/node/extensionHostProcess.js:143:74658
	at be.s (/usr/share/code/resources/app/out/vs/workbench/api/node/extensionHostProcess.js:143:66141)
	at be.$provideCompletionItems (/usr/share/code/resources/app/out/vs/workbench/api/node/extensionHostProcess.js:143:74644)
	at l.S (/usr/share/code/resources/app/out/vs/workbench/api/node/extensionHostProcess.js:150:10829)
	at l.Q (/usr/share/code/resources/app/out/vs/workbench/api/node/extensionHostProcess.js:150:10595)
	at l.M (/usr/share/code/resources/app/out/vs/workbench/api/node/extensionHostProcess.js:150:9647)
	at l.L (/usr/share/code/resources/app/out/vs/workbench/api/node/extensionHostProcess.js:150:8764)
	at f.value (/usr/share/code/resources/app/out/vs/workbench/api/node/extensionHostProcess.js:150:7567)
	at n.y (/usr/share/code/resources/app/out/vs/workbench/api/node/extensionHostProcess.js:80:1902)
	at n.fire (/usr/share/code/resources/app/out/vs/workbench/api/node/extensionHostProcess.js:80:2119)
	at o.fire (/usr/share/code/resources/app/out/vs/workbench/api/node/extensionHostProcess.js:103:14039)
	at f.value (/usr/share/code/resources/app/out/vs/workbench/api/node/extensionHostProcess.js:171:7903)
	at n.y (/usr/share/code/resources/app/out/vs/workbench/api/node/extensionHostProcess.js:80:1902)
	at n.fire (/usr/share/code/resources/app/out/vs/workbench/api/node/extensionHostProcess.js:80:2119)
	at o.fire (/usr/share/code/resources/app/out/vs/workbench/api/node/extensionHostProcess.js:103:14039)
	at MessagePortMain.<anonymous> (/usr/share/code/resources/app/out/vs/workbench/api/node/extensionHostProcess.js:171:6183)
	at MessagePortMain.emit (node:events:513:28)
	at MessagePortMain._internalPort.emit (node:electron/js2c/utility_init:2:367)
