2024-03-07 13:42:21.192 [info] Reading sessions from keychain...
2024-03-07 13:42:21.192 [info] Getting sessions for all scopes...
2024-03-07 13:42:21.192 [info] Getting sessions for read:user,repo,user:email,workflow...
2024-03-07 13:42:21.443 [info] Got stored sessions!
2024-03-07 13:42:21.443 [info] Got 1 verified sessions.
2024-03-07 13:42:21.444 [info] Got 1 sessions for ...
2024-03-07 13:42:21.444 [info] Got 1 sessions for read:user,repo,user:email,workflow...
2024-03-07 13:42:22.645 [info] Getting sessions for all scopes...
2024-03-07 13:42:22.645 [info] Got 1 sessions for ...
2024-03-07 13:42:23.657 [info] Getting sessions for read:user,repo,user:email,workflow...
2024-03-07 13:42:23.657 [info] Got 1 sessions for read:user,repo,user:email,workflow...
2024-03-07 13:42:23.833 [info] Getting sessions for all scopes...
2024-03-07 13:42:23.833 [info] Got 1 sessions for ...
2024-03-07 13:42:24.143 [info] Getting sessions for read:user,repo,user:email,workflow...
2024-03-07 13:42:24.143 [info] Got 1 sessions for read:user,repo,user:email,workflow...
2024-03-07 13:42:25.017 [info] Getting sessions for read:user,repo,user:email,workflow...
2024-03-07 13:42:25.017 [info] Got 1 sessions for read:user,repo,user:email,workflow...
2024-03-07 13:42:25.534 [info] Getting sessions for read:user,repo,user:email,workflow...
2024-03-07 13:42:25.534 [info] Got 1 sessions for read:user,repo,user:email,workflow...
2024-03-10 14:55:20.563 [info] Getting sessions for read:user,repo,user:email,workflow...
2024-03-10 14:55:20.563 [info] Got 1 sessions for read:user,repo,user:email,workflow...
