2024-02-26 10:33:03.370 [info] Reading sessions from keychain...
2024-02-26 10:33:03.370 [info] Getting sessions for all scopes...
2024-02-26 10:33:03.370 [info] Getting sessions for read:user,repo,user:email,workflow...
2024-02-26 10:33:03.466 [info] Got stored sessions!
2024-02-26 10:33:03.466 [info] Got 1 verified sessions.
2024-02-26 10:33:03.466 [info] Got 1 sessions for ...
2024-02-26 10:33:03.466 [info] Got 1 sessions for read:user,repo,user:email,workflow...
2024-02-26 10:33:04.283 [info] Getting sessions for read:user,repo,user:email,workflow...
2024-02-26 10:33:04.283 [info] Got 1 sessions for read:user,repo,user:email,workflow...
2024-02-26 10:33:04.348 [info] Getting sessions for all scopes...
2024-02-26 10:33:04.348 [info] Got 1 sessions for ...
2024-02-26 10:33:04.396 [info] Getting sessions for read:user,repo,user:email,workflow...
2024-02-26 10:33:04.396 [info] Got 1 sessions for read:user,repo,user:email,workflow...
2024-02-26 10:33:05.334 [info] Getting sessions for all scopes...
2024-02-26 10:33:05.334 [info] Got 1 sessions for ...
2024-02-26 12:39:20.801 [info] Reading sessions from keychain...
2024-02-26 12:39:20.801 [info] Getting sessions for all scopes...
2024-02-26 12:39:20.801 [info] Got stored sessions!
2024-02-26 12:39:20.801 [info] Got 1 verified sessions.
2024-02-26 12:39:20.801 [info] Got 1 sessions for ...
2024-02-26 12:39:20.801 [info] Getting sessions for all scopes...
2024-02-26 12:39:20.801 [info] Got 1 sessions for ...
2024-02-26 12:39:20.833 [info] Getting sessions for read:user,repo,user:email,workflow...
2024-02-26 12:39:20.833 [info] Got 1 sessions for read:user,repo,user:email,workflow...
2024-02-26 12:39:21.405 [info] Getting sessions for read:user,repo,user:email,workflow...
2024-02-26 12:39:21.405 [info] Got 1 sessions for read:user,repo,user:email,workflow...
2024-02-26 12:39:21.541 [info] Getting sessions for read:user,repo,user:email,workflow...
2024-02-26 12:39:21.541 [info] Got 1 sessions for read:user,repo,user:email,workflow...
2024-02-26 12:39:21.846 [info] Getting sessions for read:user,repo,user:email,workflow...
2024-02-26 12:39:21.847 [info] Got 1 sessions for read:user,repo,user:email,workflow...
2024-02-26 12:42:25.067 [info] Reading sessions from keychain...
2024-02-26 12:42:25.108 [info] Getting sessions for all scopes...
2024-02-26 12:42:25.194 [info] Getting sessions for read:user,repo,user:email,workflow...
2024-02-26 12:42:25.313 [info] Got stored sessions!
2024-02-26 12:42:25.313 [info] Got 1 verified sessions.
2024-02-26 12:42:25.313 [info] Got 1 sessions for ...
2024-02-26 12:42:25.313 [info] Got 1 sessions for read:user,repo,user:email,workflow...
2024-02-26 12:42:25.500 [info] Getting sessions for read:user,repo,user:email,workflow...
2024-02-26 12:42:25.500 [info] Got 1 sessions for read:user,repo,user:email,workflow...
2024-02-26 12:42:25.581 [info] Getting sessions for all scopes...
2024-02-26 12:42:25.581 [info] Got 1 sessions for ...
2024-02-26 12:42:26.107 [info] Getting sessions for read:user,repo,user:email,workflow...
2024-02-26 12:42:26.107 [info] Got 1 sessions for read:user,repo,user:email,workflow...
2024-02-26 12:48:12.415 [info] Getting sessions for read:user,repo,user:email,workflow...
2024-02-26 12:48:12.415 [info] Got 1 sessions for read:user,repo,user:email,workflow...
2024-02-26 12:50:42.631 [info] Getting sessions for read:user,repo,user:email,workflow...
2024-02-26 12:50:42.631 [info] Got 1 sessions for read:user,repo,user:email,workflow...
2024-02-29 10:42:07.510 [info] Getting sessions for read:user,repo,user:email,workflow...
2024-02-29 10:42:07.510 [info] Got 1 sessions for read:user,repo,user:email,workflow...
2024-02-29 11:01:24.949 [info] Getting sessions for read:user,repo,user:email,workflow...
2024-02-29 11:01:24.949 [info] Got 1 sessions for read:user,repo,user:email,workflow...
2024-02-29 12:57:05.780 [info] Getting sessions for read:user,repo,user:email,workflow...
2024-02-29 12:57:05.780 [info] Got 1 sessions for read:user,repo,user:email,workflow...
2024-02-29 13:39:19.606 [info] Getting sessions for read:user,repo,user:email,workflow...
2024-02-29 13:39:19.606 [info] Got 1 sessions for read:user,repo,user:email,workflow...
2024-02-29 13:42:15.524 [info] Getting sessions for read:user,repo,user:email,workflow...
2024-02-29 13:42:15.524 [info] Got 1 sessions for read:user,repo,user:email,workflow...
