2024-02-19 10:23:57.575 [info] Reading sessions from keychain...
2024-02-19 10:23:57.575 [info] Getting sessions for all scopes...
2024-02-19 10:23:57.575 [info] Got stored sessions!
2024-02-19 10:23:57.575 [info] Got 1 verified sessions.
2024-02-19 10:23:57.575 [info] Got 1 sessions for ...
2024-02-19 10:23:57.575 [info] Getting sessions for read:user,repo,user:email,workflow...
2024-02-19 10:23:57.575 [info] Got 1 sessions for read:user,repo,user:email,workflow...
2024-02-19 10:23:57.589 [info] Getting sessions for all scopes...
2024-02-19 10:23:57.589 [info] Got 1 sessions for ...
2024-02-19 10:23:58.031 [info] Getting sessions for read:user,repo,user:email,workflow...
2024-02-19 10:23:58.031 [info] Got 1 sessions for read:user,repo,user:email,workflow...
2024-02-19 10:24:08.083 [info] Getting sessions for read:user,repo,user:email,workflow...
2024-02-19 10:24:08.083 [info] Got 1 sessions for read:user,repo,user:email,workflow...
2024-02-19 10:25:28.785 [info] Getting sessions for read:user,repo,user:email,workflow...
2024-02-19 10:25:28.786 [info] Got 1 sessions for read:user,repo,user:email,workflow...
2024-02-19 10:32:25.997 [info] Getting sessions for read:user,repo,user:email,workflow...
2024-02-19 10:32:25.997 [info] Got 1 sessions for read:user,repo,user:email,workflow...
2024-02-19 10:36:35.998 [info] Reading sessions from keychain...
2024-02-19 10:36:35.998 [info] Getting sessions for all scopes...
2024-02-19 10:36:35.998 [info] Got stored sessions!
2024-02-19 10:36:35.998 [info] Got 1 verified sessions.
2024-02-19 10:36:35.998 [info] Got 1 sessions for ...
2024-02-19 10:36:36.001 [info] Getting sessions for read:user,repo,user:email,workflow...
2024-02-19 10:36:36.001 [info] Got 1 sessions for read:user,repo,user:email,workflow...
2024-02-19 10:36:36.074 [info] Getting sessions for all scopes...
2024-02-19 10:36:36.074 [info] Got 1 sessions for ...
2024-02-19 10:36:36.536 [info] Getting sessions for read:user,repo,user:email,workflow...
2024-02-19 10:36:36.536 [info] Got 1 sessions for read:user,repo,user:email,workflow...
